11:21:48 | INFO  | ======================================================================
11:21:48 | INFO  | ETL PIPELINE START
11:21:48 | INFO  | ======================================================================
11:21:48 | INFO  | 
📋 PIPELINE PLAN:
11:21:48 | INFO  |    HTML Files: 16 new / 16 total
11:21:48 | INFO  |    Master needs propagation: False
11:21:48 | INFO  | 
======================================================================
11:21:48 | INFO  | STAGE 1: HTML PARSING
11:21:48 | INFO  | ======================================================================
11:21:48 | INFO  | 
Processing: JUNE 22, 2026.html
11:21:48 | INFO  |   ✅ Saved: RR_06-22-2026.csv (37 rows)
11:21:48 | INFO  | 
Processing: JUNE 23, 2026.html
11:21:48 | INFO  |   ✅ Saved: RR_06-23-2026.csv (37 rows)
11:21:48 | INFO  | 
Processing: JUNE 26, 2026.html
11:21:49 | INFO  |   ✅ Saved: RR_06-26-2026.csv (38 rows)
11:21:49 | INFO  | 
Processing: JUNE 5, 2026.html
11:21:49 | INFO  |   ✅ Saved: RR_06-05-2026.csv (37 rows)
11:21:49 | INFO  | 
Processing: JUNE 8, 2026.html
11:21:49 | INFO  |   ✅ Saved: RR_06-08-2026.csv (37 rows)
11:21:49 | INFO  | 
Processing: JUNE 15, 2026.html
11:21:49 | INFO  |   ✅ Saved: RR_06-15-2026.csv (36 rows)
11:21:49 | INFO  | 
Processing: JUNE 4, 2026.html
11:21:49 | INFO  |   ✅ Saved: RR_06-04-2026.csv (37 rows)
11:21:49 | INFO  | 
Processing: JUNE 12, 2026.html
11:21:49 | INFO  |   ✅ Saved: RR_06-12-2026.csv (36 rows)
11:21:49 | INFO  | 
Processing: JUNE 11, 2026.html
11:21:49 | INFO  |   ✅ Saved: RR_06-11-2026.csv (36 rows)
11:21:49 | INFO  | 
Processing: JUNE 9, 2026.html
11:21:49 | INFO  |   ✅ Saved: RR_06-09-2026.csv (36 rows)
11:21:49 | INFO  | 
Processing: JUNE 16, 2026.html
11:21:49 | INFO  |   ✅ Saved: RR_06-16-2026.csv (36 rows)
11:21:49 | INFO  | 
Processing: JUNE 10, 2026.html
11:21:50 | INFO  |   ✅ Saved: RR_06-10-2026.csv (36 rows)
11:21:50 | INFO  | 
Processing: JUNE 17, 2026.html
11:21:50 | INFO  |   ✅ Saved: RR_06-17-2026.csv (36 rows)
11:21:50 | INFO  | 
Processing: JUNE 25, 2026.html
11:21:50 | INFO  |   ✅ Saved: RR_06-25-2026.csv (38 rows)
11:21:50 | INFO  | 
Processing: JUNE 18, 2026.html
11:21:50 | INFO  |   ✅ Saved: RR_06-18-2026.csv (37 rows)
11:21:50 | INFO  | 
Processing: JUNE 24, 2026.html
11:21:50 | INFO  |   ✅ Saved: RR_06-24-2026.csv (37 rows)
11:21:50 | INFO  | 
✅ HTML parsing complete: 16 success, 0 errors
11:21:50 | INFO  | 
======================================================================
11:21:50 | INFO  | STAGE 2: MASTER AGGREGATION
11:21:50 | INFO  | ======================================================================
11:21:50 | INFO  | ✅ Backed up master to: risk_ranges_master_backup_20260626_112150.csv
11:21:50 | INFO  | Loaded existing master: 73,529 rows
11:21:50 | INFO  |   Loaded: RR_06-22-2026.csv (37 rows)
11:21:50 | INFO  |   Loaded: RR_06-23-2026.csv (37 rows)
11:21:50 | INFO  |   Loaded: RR_06-26-2026.csv (38 rows)
11:21:50 | INFO  |   Loaded: RR_06-05-2026.csv (37 rows)
11:21:50 | INFO  |   Loaded: RR_06-08-2026.csv (37 rows)
11:21:50 | INFO  |   Loaded: RR_06-15-2026.csv (36 rows)
11:21:50 | INFO  |   Loaded: RR_06-04-2026.csv (37 rows)
11:21:50 | INFO  |   Loaded: RR_06-12-2026.csv (36 rows)
11:21:50 | INFO  |   Loaded: RR_06-11-2026.csv (36 rows)
11:21:50 | INFO  |   Loaded: RR_06-09-2026.csv (36 rows)
11:21:50 | INFO  |   Loaded: RR_06-16-2026.csv (36 rows)
11:21:50 | INFO  |   Loaded: RR_06-10-2026.csv (36 rows)
11:21:50 | INFO  |   Loaded: RR_06-17-2026.csv (36 rows)
11:21:50 | INFO  |   Loaded: RR_06-25-2026.csv (38 rows)
11:21:50 | INFO  |   Loaded: RR_06-18-2026.csv (37 rows)
11:21:50 | INFO  |   Loaded: RR_06-24-2026.csv (37 rows)
11:21:50 | INFO  | Combined new data: 587 rows
11:21:50 | INFO  | Removed 587 duplicate entries
11:21:50 | INFO  | ✅ Saved master CSV: 73,529 total rows
11:21:50 | INFO  |    Date range: 2017-01-03 to 2026-06-26
11:21:50 | INFO  | 
======================================================================
11:21:50 | INFO  | STAGE 3: TICKER SUBSETTING
11:21:50 | INFO  | ======================================================================
11:21:50 | INFO  | Loaded master: 73,529 rows
11:21:50 | INFO  | Creating subsets for 9 tickers
11:21:50 | INFO  |   ✅ UST10Y: 2355 rows | 2017-01-03 to 2026-06-26
11:21:50 | INFO  |   ✅ SPX: 2355 rows | 2017-01-03 to 2026-06-26
11:21:51 | INFO  |   ✅ COMPQ: 2355 rows | 2017-01-03 to 2026-06-26
11:21:51 | INFO  |   ✅ RUT: 2354 rows | 2017-01-03 to 2026-06-26
11:21:51 | INFO  |   ✅ VIX: 2355 rows | 2017-01-03 to 2026-06-26
11:21:51 | INFO  |   ✅ USD: 2355 rows | 2017-01-03 to 2026-06-26
11:21:51 | INFO  |   ✅ GOLD: 2353 rows | 2017-01-03 to 2026-06-26
11:21:51 | INFO  |   ✅ AAPL: 2353 rows | 2017-01-03 to 2026-06-26
11:21:51 | INFO  |   ✅ BITCOIN: 724 rows | 2023-08-01 to 2026-06-26
11:21:51 | INFO  | ✅ Ticker subsetting complete
11:21:51 | INFO  | 
======================================================================
11:21:51 | INFO  | STAGE 4: ENRICHMENT
11:21:51 | INFO  | ======================================================================
11:21:51 | INFO  | Enriching 9 tickers
11:21:51 | INFO  | 
──────────────────────────────────────────────────────────────────────
11:21:51 | INFO  | Enriching: SPX
11:21:51 | INFO  | ──────────────────────────────────────────────────────────────────────
11:21:51 | INFO  |   Loaded 2355 rows from SPX.csv
11:21:51 | INFO  |   Yahoo ticker: ^GSPC
11:21:51 | INFO  |   OHLC prefix: GSPC
11:21:51 | INFO  |   Vol prefix: VIX
11:21:51 | INFO  |   Downloading ^GSPC OHLC...
11:21:51 | INFO  |     Downloaded 2383 days (2017-01-03 to 2026-06-26)
11:21:51 | INFO  |   Downloading ^VIX volatility...
11:21:52 | INFO  |     Downloaded 2384 days (2017-01-03 to 2026-06-26)
11:21:52 | WARNING |   ⚠️  28 trading days missing from original CSV
11:21:52 | INFO  |   ✓ Enrichment complete: 2383 rows
11:21:52 | INFO  |   ✅ Saved: SPX_enriched.csv (2383 rows)
11:21:52 | WARNING |   ⚠️  28 rows need manual update
11:21:52 | INFO  | 
──────────────────────────────────────────────────────────────────────
11:21:52 | INFO  | Enriching: GOLD
11:21:52 | INFO  | ──────────────────────────────────────────────────────────────────────
11:21:52 | INFO  |   Loaded 2353 rows from GOLD.csv
11:21:52 | INFO  |   Yahoo ticker: GC=F
11:21:52 | INFO  |   OHLC prefix: GC
11:21:52 | INFO  |   Vol prefix: GVZ
11:21:52 | INFO  |   Downloading GC=F OHLC...
11:21:52 | INFO  |     Downloaded 2384 days (2017-01-03 to 2026-06-26)
11:21:52 | INFO  |   Downloading ^GVZ volatility...
11:21:52 | INFO  |     Downloaded 2383 days (2017-01-03 to 2026-06-26)
11:21:52 | WARNING |   ⚠️  32 trading days missing from original CSV
11:21:52 | INFO  |   ✓ Enrichment complete: 2384 rows
11:21:52 | INFO  |   ✅ Saved: GOLD_enriched.csv (2384 rows)
11:21:52 | WARNING |   ⚠️  32 rows need manual update
11:21:52 | INFO  | 
──────────────────────────────────────────────────────────────────────
11:21:52 | INFO  | Enriching: UST10Y
11:21:52 | INFO  | ──────────────────────────────────────────────────────────────────────
11:21:52 | INFO  |   Loaded 2355 rows from UST10Y.csv
11:21:52 | INFO  |   Yahoo ticker: ^TNX
11:21:52 | INFO  |   OHLC prefix: TNX
11:21:52 | INFO  |   Vol prefix: VIX
11:21:52 | INFO  |   Downloading ^TNX OHLC...
11:21:53 | INFO  |     Downloaded 2379 days (2017-01-03 to 2026-06-26)
11:21:53 | INFO  |   Downloading ^VIX volatility...
11:21:53 | INFO  |     Downloaded 2384 days (2017-01-03 to 2026-06-26)
11:21:53 | WARNING |   ⚠️  28 trading days missing from original CSV
11:21:53 | INFO  |   ✓ Enrichment complete: 2379 rows
11:21:53 | INFO  |   ✅ Saved: UST10Y_enriched.csv (2379 rows)
11:21:53 | WARNING |   ⚠️  28 rows need manual update
11:21:53 | INFO  | 
──────────────────────────────────────────────────────────────────────
11:21:53 | INFO  | Enriching: COMPQ
11:21:53 | INFO  | ──────────────────────────────────────────────────────────────────────
11:21:53 | INFO  |   Loaded 2355 rows from COMPQ.csv
11:21:53 | INFO  |   Yahoo ticker: ^IXIC
11:21:53 | INFO  |   OHLC prefix: IXIC
11:21:53 | INFO  |   Vol prefix: VIX
11:21:53 | INFO  |   Downloading ^IXIC OHLC...
11:21:53 | INFO  |     Downloaded 2383 days (2017-01-03 to 2026-06-26)
11:21:53 | INFO  |   Downloading ^VIX volatility...
11:21:53 | INFO  |     Downloaded 2384 days (2017-01-03 to 2026-06-26)
11:21:53 | WARNING |   ⚠️  28 trading days missing from original CSV
11:21:53 | INFO  |   ✓ Enrichment complete: 2383 rows
11:21:53 | INFO  |   ✅ Saved: COMPQ_enriched.csv (2383 rows)
11:21:53 | WARNING |   ⚠️  28 rows need manual update
11:21:53 | INFO  | 
──────────────────────────────────────────────────────────────────────
11:21:53 | INFO  | Enriching: RUT
11:21:53 | INFO  | ──────────────────────────────────────────────────────────────────────
11:21:53 | INFO  |   Loaded 2354 rows from RUT.csv
11:21:53 | INFO  |   Yahoo ticker: ^RUT
11:21:53 | INFO  |   OHLC prefix: RUT
11:21:53 | INFO  |   Vol prefix: VIX
11:21:53 | INFO  |   Downloading ^RUT OHLC...
11:21:53 | INFO  |     Downloaded 2383 days (2017-01-03 to 2026-06-26)
11:21:53 | INFO  |   Downloading ^VIX volatility...
11:21:54 | INFO  |     Downloaded 2384 days (2017-01-03 to 2026-06-26)
11:21:54 | WARNING |   ⚠️  29 trading days missing from original CSV
11:21:54 | INFO  |   ✓ Enrichment complete: 2383 rows
11:21:54 | INFO  |   ✅ Saved: RUT_enriched.csv (2383 rows)
11:21:54 | WARNING |   ⚠️  29 rows need manual update
11:21:54 | INFO  | 
──────────────────────────────────────────────────────────────────────
11:21:54 | INFO  | Enriching: VIX
11:21:54 | INFO  | ──────────────────────────────────────────────────────────────────────
11:21:54 | INFO  |   Loaded 2355 rows from VIX.csv
11:21:54 | INFO  |   Yahoo ticker: ^VIX
11:21:54 | INFO  |   OHLC prefix: VIX
11:21:54 | INFO  |   Vol prefix: VIXI
11:21:54 | INFO  |   Downloading ^VIX OHLC...
11:21:54 | INFO  |     Downloaded 2384 days (2017-01-03 to 2026-06-26)
11:21:54 | INFO  |   Downloading ^VIX volatility...
11:21:54 | INFO  |     Downloaded 2384 days (2017-01-03 to 2026-06-26)
11:21:54 | WARNING |   ⚠️  29 trading days missing from original CSV
11:21:54 | INFO  |   ✓ Enrichment complete: 2384 rows
11:21:54 | INFO  |   ✅ Saved: VIX_enriched.csv (2384 rows)
11:21:54 | WARNING |   ⚠️  29 rows need manual update
11:21:54 | INFO  | 
──────────────────────────────────────────────────────────────────────
11:21:54 | INFO  | Enriching: USD
11:21:54 | INFO  | ──────────────────────────────────────────────────────────────────────
11:21:54 | INFO  |   Loaded 2355 rows from USD.csv
11:21:54 | INFO  |   Yahoo ticker: DX-Y.NYB
11:21:54 | INFO  |   OHLC prefix: DX
11:21:54 | INFO  |   Vol prefix: VIX
11:21:54 | INFO  |   Downloading DX-Y.NYB OHLC...
11:21:54 | INFO  |     Downloaded 2385 days (2017-01-03 to 2026-06-26)
11:21:54 | INFO  |   Downloading ^VIX volatility...
11:21:55 | INFO  |     Downloaded 2384 days (2017-01-03 to 2026-06-26)
11:21:55 | WARNING |   ⚠️  30 trading days missing from original CSV
11:21:55 | INFO  |   ✓ Enrichment complete: 2385 rows
11:21:55 | INFO  |   ✅ Saved: USD_enriched.csv (2385 rows)
11:21:55 | WARNING |   ⚠️  30 rows need manual update
11:21:55 | INFO  | 
──────────────────────────────────────────────────────────────────────
11:21:55 | INFO  | Enriching: AAPL
11:21:55 | INFO  | ──────────────────────────────────────────────────────────────────────
11:21:55 | INFO  |   Loaded 2353 rows from AAPL.csv
11:21:55 | INFO  |   Yahoo ticker: AAPL
11:21:55 | INFO  |   OHLC prefix: AAPL
11:21:55 | INFO  |   Vol prefix: VIX
11:21:55 | INFO  |   Downloading AAPL OHLC...
11:21:55 | INFO  |     Downloaded 2383 days (2017-01-03 to 2026-06-26)
11:21:55 | INFO  |   Downloading ^VIX volatility...
11:21:55 | INFO  |     Downloaded 2384 days (2017-01-03 to 2026-06-26)
11:21:55 | WARNING |   ⚠️  30 trading days missing from original CSV
11:21:55 | INFO  |   ✓ Enrichment complete: 2383 rows
11:21:55 | INFO  |   ✅ Saved: AAPL_enriched.csv (2383 rows)
11:21:55 | WARNING |   ⚠️  30 rows need manual update
11:21:55 | INFO  | 
──────────────────────────────────────────────────────────────────────
11:21:55 | INFO  | Enriching: BITCOIN
11:21:55 | INFO  | ──────────────────────────────────────────────────────────────────────
11:21:55 | INFO  |   Loaded 724 rows from BITCOIN.csv
11:21:55 | INFO  |   ⚠️  Row count changed (3463 → 724) - re-enriching
11:21:55 | INFO  |   Yahoo ticker: BTC-USD
11:21:55 | INFO  |   OHLC prefix: BTC
11:21:55 | INFO  |   Vol prefix: VIX
11:21:55 | INFO  |   Downloading BTC-USD OHLC...
11:21:56 | INFO  |     Downloaded 3463 days (2017-01-02 to 2026-06-26)
11:21:56 | INFO  |   Downloading ^VIX volatility...
11:21:56 | INFO  |     Downloaded 2384 days (2017-01-03 to 2026-06-26)
11:21:56 | WARNING |   ⚠️  2739 trading days missing from original CSV
11:21:56 | INFO  |   ✓ Enrichment complete: 3463 rows
11:21:56 | INFO  |   ✅ Saved: BITCOIN_enriched.csv (3463 rows)
11:21:56 | WARNING |   ⚠️  2739 rows need manual update
11:21:56 | INFO  | 
======================================================================
11:21:56 | INFO  | ✅ Enrichment complete:
11:21:56 | INFO  |    Success: 9
11:21:56 | INFO  |    Skipped (up-to-date): 0
11:21:56 | INFO  |    Errors:  0
11:21:56 | INFO  | ======================================================================
11:21:56 | INFO  | 
======================================================================
11:21:56 | INFO  | ✅ PIPELINE COMPLETE
11:21:56 | INFO  | ======================================================================
