11:58:29 | INFO  | ======================================================================
11:58:29 | INFO  | ETL PIPELINE START
11:58:29 | INFO  | ======================================================================
11:58:29 | INFO  | 
📋 PIPELINE PLAN:
11:58:29 | INFO  |    HTML Files: 11 new / 11 total
11:58:29 | INFO  |    Master needs propagation: False
11:58:29 | INFO  | 
======================================================================
11:58:29 | INFO  | STAGE 1: HTML PARSING
11:58:29 | INFO  | ======================================================================
11:58:29 | INFO  | 
Processing: JUNE 5, 2026.html
11:58:29 | INFO  |   ✅ Saved: RR_06-05-2026.csv (37 rows)
11:58:29 | INFO  | 
Processing: JUNE 8, 2026.html
11:58:29 | INFO  |   ✅ Saved: RR_06-08-2026.csv (37 rows)
11:58:29 | INFO  | 
Processing: JUNE 15, 2026.html
11:58:29 | INFO  |   ✅ Saved: RR_06-15-2026.csv (36 rows)
11:58:29 | INFO  | 
Processing: JUNE 4, 2026.html
11:58:29 | INFO  |   ✅ Saved: RR_06-04-2026.csv (37 rows)
11:58:29 | INFO  | 
Processing: JUNE 12, 2026.html
11:58:30 | INFO  |   ✅ Saved: RR_06-12-2026.csv (36 rows)
11:58:30 | INFO  | 
Processing: JUNE 11, 2026.html
11:58:30 | INFO  |   ✅ Saved: RR_06-11-2026.csv (36 rows)
11:58:30 | INFO  | 
Processing: JUNE 9, 2026.html
11:58:30 | INFO  |   ✅ Saved: RR_06-09-2026.csv (36 rows)
11:58:30 | INFO  | 
Processing: JUNE 16, 2026.html
11:58:30 | INFO  |   ✅ Saved: RR_06-16-2026.csv (36 rows)
11:58:30 | INFO  | 
Processing: JUNE 10, 2026.html
11:58:30 | INFO  |   ✅ Saved: RR_06-10-2026.csv (36 rows)
11:58:30 | INFO  | 
Processing: JUNE 17, 2026.html
11:58:30 | INFO  |   ✅ Saved: RR_06-17-2026.csv (36 rows)
11:58:30 | INFO  | 
Processing: JUNE 18, 2026.html
11:58:30 | INFO  |   ✅ Saved: RR_06-18-2026.csv (37 rows)
11:58:30 | INFO  | 
✅ HTML parsing complete: 11 success, 0 errors
11:58:30 | INFO  | 
======================================================================
11:58:30 | INFO  | STAGE 2: MASTER AGGREGATION
11:58:30 | INFO  | ======================================================================
11:58:30 | INFO  | ✅ Backed up master to: risk_ranges_master_backup_20260619_115830.csv
11:58:30 | INFO  | Loaded existing master: 73,342 rows
11:58:30 | INFO  |   Loaded: RR_06-05-2026.csv (37 rows)
11:58:30 | INFO  |   Loaded: RR_06-08-2026.csv (37 rows)
11:58:30 | INFO  |   Loaded: RR_06-15-2026.csv (36 rows)
11:58:30 | INFO  |   Loaded: RR_06-04-2026.csv (37 rows)
11:58:30 | INFO  |   Loaded: RR_06-12-2026.csv (36 rows)
11:58:30 | INFO  |   Loaded: RR_06-11-2026.csv (36 rows)
11:58:30 | INFO  |   Loaded: RR_06-09-2026.csv (36 rows)
11:58:30 | INFO  |   Loaded: RR_06-16-2026.csv (36 rows)
11:58:30 | INFO  |   Loaded: RR_06-10-2026.csv (36 rows)
11:58:30 | INFO  |   Loaded: RR_06-17-2026.csv (36 rows)
11:58:30 | INFO  |   Loaded: RR_06-18-2026.csv (37 rows)
11:58:30 | INFO  | Combined new data: 400 rows
11:58:30 | INFO  | Removed 400 duplicate entries
11:58:30 | INFO  | ✅ Saved master CSV: 73,342 total rows
11:58:31 | INFO  |    Date range: 2017-01-03 to 2026-06-18
11:58:31 | INFO  | 
======================================================================
11:58:31 | INFO  | STAGE 3: TICKER SUBSETTING
11:58:31 | INFO  | ======================================================================
11:58:31 | INFO  | Loaded master: 73,342 rows
11:58:31 | INFO  | Creating subsets for 9 tickers
11:58:31 | INFO  |   ✅ UST10Y: 2350 rows | 2017-01-03 to 2026-06-18
11:58:31 | INFO  |   ✅ SPX: 2350 rows | 2017-01-03 to 2026-06-18
11:58:31 | INFO  |   ✅ COMPQ: 2350 rows | 2017-01-03 to 2026-06-18
11:58:31 | INFO  |   ✅ RUT: 2349 rows | 2017-01-03 to 2026-06-18
11:58:31 | INFO  |   ✅ VIX: 2350 rows | 2017-01-03 to 2026-06-18
11:58:31 | INFO  |   ✅ USD: 2350 rows | 2017-01-03 to 2026-06-18
11:58:31 | INFO  |   ✅ GOLD: 2348 rows | 2017-01-03 to 2026-06-18
11:58:31 | INFO  |   ✅ AAPL: 2348 rows | 2017-01-03 to 2026-06-18
11:58:31 | INFO  |   ✅ BITCOIN: 719 rows | 2023-08-01 to 2026-06-18
11:58:31 | INFO  | ✅ Ticker subsetting complete
11:58:31 | INFO  | 
======================================================================
11:58:31 | INFO  | STAGE 4: ENRICHMENT
11:58:31 | INFO  | ======================================================================
11:58:31 | INFO  | Enriching 9 tickers
11:58:31 | INFO  | 
──────────────────────────────────────────────────────────────────────
11:58:31 | INFO  | Enriching: SPX
11:58:31 | INFO  | ──────────────────────────────────────────────────────────────────────
11:58:31 | INFO  |   Loaded 2350 rows from SPX.csv
11:58:31 | INFO  |   Yahoo ticker: ^GSPC
11:58:31 | INFO  |   OHLC prefix: GSPC
11:58:31 | INFO  |   Vol prefix: VIX
11:58:31 | INFO  |   Downloading ^GSPC OHLC...
11:58:31 | INFO  |     Downloaded 2378 days (2017-01-03 to 2026-06-18)
11:58:31 | INFO  |   Downloading ^VIX volatility...
11:58:31 | INFO  |     Downloaded 2380 days (2017-01-03 to 2026-06-19)
11:58:31 | WARNING |   ⚠️  28 trading days missing from original CSV
11:58:31 | INFO  |   ✓ Enrichment complete: 2378 rows
11:58:31 | INFO  |   ✅ Saved: SPX_enriched.csv (2378 rows)
11:58:31 | WARNING |   ⚠️  28 rows need manual update
11:58:31 | INFO  | 
──────────────────────────────────────────────────────────────────────
11:58:31 | INFO  | Enriching: GOLD
11:58:31 | INFO  | ──────────────────────────────────────────────────────────────────────
11:58:31 | INFO  |   Loaded 2348 rows from GOLD.csv
11:58:31 | INFO  |   Yahoo ticker: GC=F
11:58:31 | INFO  |   OHLC prefix: GC
11:58:31 | INFO  |   Vol prefix: GVZ
11:58:31 | INFO  |   Downloading GC=F OHLC...
11:58:32 | INFO  |     Downloaded 2380 days (2017-01-03 to 2026-06-19)
11:58:32 | INFO  |   Downloading ^GVZ volatility...
11:58:32 | INFO  |     Downloaded 2378 days (2017-01-03 to 2026-06-18)
11:58:32 | WARNING |   ⚠️  33 trading days missing from original CSV
11:58:32 | INFO  |   ✓ Enrichment complete: 2380 rows
11:58:32 | INFO  |   ✅ Saved: GOLD_enriched.csv (2380 rows)
11:58:32 | WARNING |   ⚠️  33 rows need manual update
11:58:32 | INFO  | 
──────────────────────────────────────────────────────────────────────
11:58:32 | INFO  | Enriching: UST10Y
11:58:32 | INFO  | ──────────────────────────────────────────────────────────────────────
11:58:32 | INFO  |   Loaded 2350 rows from UST10Y.csv
11:58:32 | INFO  |   Yahoo ticker: ^TNX
11:58:32 | INFO  |   OHLC prefix: TNX
11:58:32 | INFO  |   Vol prefix: VIX
11:58:32 | INFO  |   Downloading ^TNX OHLC...
11:58:32 | INFO  |     Downloaded 2374 days (2017-01-03 to 2026-06-12)
11:58:32 | INFO  |   Downloading ^VIX volatility...
11:58:32 | INFO  |     Downloaded 2380 days (2017-01-03 to 2026-06-19)
11:58:32 | WARNING |   ⚠️  28 trading days missing from original CSV
11:58:32 | INFO  |   ✓ Enrichment complete: 2374 rows
11:58:32 | INFO  |   ✅ Saved: UST10Y_enriched.csv (2374 rows)
11:58:32 | WARNING |   ⚠️  28 rows need manual update
11:58:32 | INFO  | 
──────────────────────────────────────────────────────────────────────
11:58:32 | INFO  | Enriching: COMPQ
11:58:32 | INFO  | ──────────────────────────────────────────────────────────────────────
11:58:32 | INFO  |   Loaded 2350 rows from COMPQ.csv
11:58:32 | INFO  |   Yahoo ticker: ^IXIC
11:58:32 | INFO  |   OHLC prefix: IXIC
11:58:32 | INFO  |   Vol prefix: VIX
11:58:32 | INFO  |   Downloading ^IXIC OHLC...
11:58:32 | INFO  |     Downloaded 2378 days (2017-01-03 to 2026-06-18)
11:58:32 | INFO  |   Downloading ^VIX volatility...
11:58:32 | INFO  |     Downloaded 2380 days (2017-01-03 to 2026-06-19)
11:58:32 | WARNING |   ⚠️  28 trading days missing from original CSV
11:58:32 | INFO  |   ✓ Enrichment complete: 2378 rows
11:58:32 | INFO  |   ✅ Saved: COMPQ_enriched.csv (2378 rows)
11:58:32 | WARNING |   ⚠️  28 rows need manual update
11:58:32 | INFO  | 
──────────────────────────────────────────────────────────────────────
11:58:32 | INFO  | Enriching: RUT
11:58:32 | INFO  | ──────────────────────────────────────────────────────────────────────
11:58:32 | INFO  |   Loaded 2349 rows from RUT.csv
11:58:32 | INFO  |   Yahoo ticker: ^RUT
11:58:32 | INFO  |   OHLC prefix: RUT
11:58:32 | INFO  |   Vol prefix: VIX
11:58:32 | INFO  |   Downloading ^RUT OHLC...
11:58:33 | INFO  |     Downloaded 2378 days (2017-01-03 to 2026-06-18)
11:58:33 | INFO  |   Downloading ^VIX volatility...
11:58:33 | INFO  |     Downloaded 2380 days (2017-01-03 to 2026-06-19)
11:58:33 | WARNING |   ⚠️  29 trading days missing from original CSV
11:58:33 | INFO  |   ✓ Enrichment complete: 2378 rows
11:58:33 | INFO  |   ✅ Saved: RUT_enriched.csv (2378 rows)
11:58:33 | WARNING |   ⚠️  29 rows need manual update
11:58:33 | INFO  | 
──────────────────────────────────────────────────────────────────────
11:58:33 | INFO  | Enriching: VIX
11:58:33 | INFO  | ──────────────────────────────────────────────────────────────────────
11:58:33 | INFO  |   Loaded 2350 rows from VIX.csv
11:58:33 | INFO  |   Yahoo ticker: ^VIX
11:58:33 | INFO  |   OHLC prefix: VIX
11:58:33 | INFO  |   Vol prefix: VIXI
11:58:33 | INFO  |   Downloading ^VIX OHLC...
11:58:33 | INFO  |     Downloaded 2380 days (2017-01-03 to 2026-06-19)
11:58:33 | INFO  |   Downloading ^VIX volatility...
11:58:33 | INFO  |     Downloaded 2380 days (2017-01-03 to 2026-06-19)
11:58:33 | WARNING |   ⚠️  30 trading days missing from original CSV
11:58:33 | INFO  |   ✓ Enrichment complete: 2380 rows
11:58:33 | INFO  |   ✅ Saved: VIX_enriched.csv (2380 rows)
11:58:33 | WARNING |   ⚠️  30 rows need manual update
11:58:33 | INFO  | 
──────────────────────────────────────────────────────────────────────
11:58:33 | INFO  | Enriching: USD
11:58:33 | INFO  | ──────────────────────────────────────────────────────────────────────
11:58:33 | INFO  |   Loaded 2350 rows from USD.csv
11:58:33 | INFO  |   Yahoo ticker: DX-Y.NYB
11:58:33 | INFO  |   OHLC prefix: DX
11:58:33 | INFO  |   Vol prefix: VIX
11:58:33 | INFO  |   Downloading DX-Y.NYB OHLC...
11:58:33 | INFO  |     Downloaded 2381 days (2017-01-03 to 2026-06-19)
11:58:33 | INFO  |   Downloading ^VIX volatility...
11:58:33 | INFO  |     Downloaded 2380 days (2017-01-03 to 2026-06-19)
11:58:33 | WARNING |   ⚠️  31 trading days missing from original CSV
11:58:33 | INFO  |   ✓ Enrichment complete: 2381 rows
11:58:33 | INFO  |   ✅ Saved: USD_enriched.csv (2381 rows)
11:58:33 | WARNING |   ⚠️  31 rows need manual update
11:58:33 | INFO  | 
──────────────────────────────────────────────────────────────────────
11:58:33 | INFO  | Enriching: AAPL
11:58:33 | INFO  | ──────────────────────────────────────────────────────────────────────
11:58:33 | INFO  |   Loaded 2348 rows from AAPL.csv
11:58:33 | INFO  |   Yahoo ticker: AAPL
11:58:33 | INFO  |   OHLC prefix: AAPL
11:58:33 | INFO  |   Vol prefix: VIX
11:58:33 | INFO  |   Downloading AAPL OHLC...
11:58:34 | INFO  |     Downloaded 2378 days (2017-01-03 to 2026-06-18)
11:58:34 | INFO  |   Downloading ^VIX volatility...
11:58:34 | INFO  |     Downloaded 2380 days (2017-01-03 to 2026-06-19)
11:58:34 | WARNING |   ⚠️  30 trading days missing from original CSV
11:58:34 | INFO  |   ✓ Enrichment complete: 2378 rows
11:58:34 | INFO  |   ✅ Saved: AAPL_enriched.csv (2378 rows)
11:58:34 | WARNING |   ⚠️  30 rows need manual update
11:58:34 | INFO  | 
──────────────────────────────────────────────────────────────────────
11:58:34 | INFO  | Enriching: BITCOIN
11:58:34 | INFO  | ──────────────────────────────────────────────────────────────────────
11:58:34 | INFO  |   Loaded 719 rows from BITCOIN.csv
11:58:34 | INFO  |   ⚠️  Row count changed (3454 → 719) - re-enriching
11:58:34 | INFO  |   Yahoo ticker: BTC-USD
11:58:34 | INFO  |   OHLC prefix: BTC
11:58:34 | INFO  |   Vol prefix: VIX
11:58:34 | INFO  |   Downloading BTC-USD OHLC...
11:58:34 | INFO  |     Downloaded 3455 days (2017-01-02 to 2026-06-19)
11:58:34 | INFO  |   Downloading ^VIX volatility...
11:58:34 | INFO  |     Downloaded 2380 days (2017-01-03 to 2026-06-19)
11:58:34 | WARNING |   ⚠️  2737 trading days missing from original CSV
11:58:34 | INFO  |   ✓ Enrichment complete: 3455 rows
11:58:34 | INFO  |   ✅ Saved: BITCOIN_enriched.csv (3455 rows)
11:58:34 | WARNING |   ⚠️  2737 rows need manual update
11:58:34 | INFO  | 
======================================================================
11:58:34 | INFO  | ✅ Enrichment complete:
11:58:34 | INFO  |    Success: 9
11:58:34 | INFO  |    Skipped (up-to-date): 0
11:58:34 | INFO  |    Errors:  0
11:58:34 | INFO  | ======================================================================
11:58:34 | INFO  | 
======================================================================
11:58:34 | INFO  | ✅ PIPELINE COMPLETE
11:58:34 | INFO  | ======================================================================
