11:14:31 | INFO  | ======================================================================
11:14:31 | INFO  | ETL PIPELINE START
11:14:31 | INFO  | ======================================================================
11:14:31 | INFO  | 
📋 PIPELINE PLAN:
11:14:31 | INFO  |    HTML Files: 23 new / 23 total
11:14:31 | INFO  |    Master needs propagation: False
11:14:31 | INFO  | 
======================================================================
11:14:31 | INFO  | STAGE 1: HTML PARSING
11:14:31 | INFO  | ======================================================================
11:14:31 | INFO  | 
Processing: JUNE 22, 2026.html
11:14:31 | INFO  |   ✅ Saved: RR_06-22-2026.csv (37 rows)
11:14:31 | INFO  | 
Processing: JUNE 23, 2026.html
11:14:31 | INFO  |   ✅ Saved: RR_06-23-2026.csv (37 rows)
11:14:31 | INFO  | 
Processing: JULY 8, 2026.html
11:14:31 | INFO  |   ✅ Saved: RR_07-08-2026.csv (37 rows)
11:14:31 | INFO  | 
Processing: JUNE 26, 2026.html
11:14:31 | INFO  |   ✅ Saved: RR_06-26-2026.csv (38 rows)
11:14:31 | INFO  | 
Processing: JUNE 5, 2026.html
11:14:31 | INFO  |   ✅ Saved: RR_06-05-2026.csv (37 rows)
11:14:31 | INFO  | 
Processing: JUNE 30, 2026.html
11:14:32 | INFO  |   ✅ Saved: RR_06-30-2026.csv (38 rows)
11:14:32 | INFO  | 
Processing: JUNE 8, 2026.html
11:14:32 | INFO  |   ✅ Saved: RR_06-08-2026.csv (37 rows)
11:14:32 | INFO  | 
Processing: JUNE 15, 2026.html
11:14:32 | INFO  |   ✅ Saved: RR_06-15-2026.csv (36 rows)
11:14:32 | INFO  | 
Processing: JUNE 4, 2026.html
11:14:32 | INFO  |   ✅ Saved: RR_06-04-2026.csv (37 rows)
11:14:32 | INFO  | 
Processing: JUNE 12, 2026.html
11:14:32 | INFO  |   ✅ Saved: RR_06-12-2026.csv (36 rows)
11:14:32 | INFO  | 
Processing: JUNE 11, 2026.html
11:14:32 | INFO  |   ✅ Saved: RR_06-11-2026.csv (36 rows)
11:14:32 | INFO  | 
Processing: JUNE 29, 2026.html
11:14:32 | INFO  |   ✅ Saved: RR_06-29-2026.csv (38 rows)
11:14:32 | INFO  | 
Processing: JULY 2, 2026.html
11:14:32 | INFO  |   ✅ Saved: RR_07-02-2026.csv (38 rows)
11:14:32 | INFO  | 
Processing: JUNE 9, 2026.html
11:14:32 | INFO  |   ✅ Saved: RR_06-09-2026.csv (36 rows)
11:14:32 | INFO  | 
Processing: JUNE 16, 2026.html
11:14:32 | INFO  |   ✅ Saved: RR_06-16-2026.csv (36 rows)
11:14:32 | INFO  | 
Processing: JUNE 10, 2026.html
11:14:33 | INFO  |   ✅ Saved: RR_06-10-2026.csv (36 rows)
11:14:33 | INFO  | 
Processing: JUNE 17, 2026.html
11:14:33 | INFO  |   ✅ Saved: RR_06-17-2026.csv (36 rows)
11:14:33 | INFO  | 
Processing: JULY 6, 2026.html
11:14:33 | INFO  |   ✅ Saved: RR_07-06-2026.csv (37 rows)
11:14:33 | INFO  | 
Processing: JULY 1, 2026.html
11:14:33 | INFO  |   ✅ Saved: RR_07-01-2026.csv (38 rows)
11:14:33 | INFO  | 
Processing: JULY 7, 2026.html
11:14:33 | INFO  |   ✅ Saved: RR_07-07-2026.csv (37 rows)
11:14:33 | INFO  | 
Processing: JUNE 25, 2026.html
11:14:33 | INFO  |   ✅ Saved: RR_06-25-2026.csv (38 rows)
11:14:33 | INFO  | 
Processing: JUNE 18, 2026.html
11:14:33 | INFO  |   ✅ Saved: RR_06-18-2026.csv (37 rows)
11:14:33 | INFO  | 
Processing: JUNE 24, 2026.html
11:14:33 | INFO  |   ✅ Saved: RR_06-24-2026.csv (37 rows)
11:14:33 | INFO  | 
✅ HTML parsing complete: 23 success, 0 errors
11:14:33 | INFO  | 
======================================================================
11:14:33 | INFO  | STAGE 2: MASTER AGGREGATION
11:14:33 | INFO  | ======================================================================
11:14:33 | INFO  | ✅ Backed up master to: risk_ranges_master_backup_20260708_111433.csv
11:14:33 | INFO  | Loaded existing master: 73,792 rows
11:14:33 | INFO  |   Loaded: RR_06-22-2026.csv (37 rows)
11:14:33 | INFO  |   Loaded: RR_06-23-2026.csv (37 rows)
11:14:33 | INFO  |   Loaded: RR_07-08-2026.csv (37 rows)
11:14:33 | INFO  |   Loaded: RR_06-26-2026.csv (38 rows)
11:14:33 | INFO  |   Loaded: RR_06-05-2026.csv (37 rows)
11:14:33 | INFO  |   Loaded: RR_06-30-2026.csv (38 rows)
11:14:33 | INFO  |   Loaded: RR_06-08-2026.csv (37 rows)
11:14:33 | INFO  |   Loaded: RR_06-15-2026.csv (36 rows)
11:14:33 | INFO  |   Loaded: RR_06-04-2026.csv (37 rows)
11:14:33 | INFO  |   Loaded: RR_06-12-2026.csv (36 rows)
11:14:33 | INFO  |   Loaded: RR_06-11-2026.csv (36 rows)
11:14:33 | INFO  |   Loaded: RR_06-29-2026.csv (38 rows)
11:14:33 | INFO  |   Loaded: RR_07-02-2026.csv (38 rows)
11:14:33 | INFO  |   Loaded: RR_06-09-2026.csv (36 rows)
11:14:33 | INFO  |   Loaded: RR_06-16-2026.csv (36 rows)
11:14:33 | INFO  |   Loaded: RR_06-10-2026.csv (36 rows)
11:14:33 | INFO  |   Loaded: RR_06-17-2026.csv (36 rows)
11:14:33 | INFO  |   Loaded: RR_07-06-2026.csv (37 rows)
11:14:33 | INFO  |   Loaded: RR_07-01-2026.csv (38 rows)
11:14:33 | INFO  |   Loaded: RR_07-07-2026.csv (37 rows)
11:14:33 | INFO  |   Loaded: RR_06-25-2026.csv (38 rows)
11:14:33 | INFO  |   Loaded: RR_06-18-2026.csv (37 rows)
11:14:33 | INFO  |   Loaded: RR_06-24-2026.csv (37 rows)
11:14:33 | INFO  | Combined new data: 850 rows
11:14:33 | INFO  | Removed 850 duplicate entries
11:14:33 | INFO  | ✅ Saved master CSV: 73,792 total rows
11:14:34 | INFO  |    Date range: 2017-01-03 to 2026-07-08
11:14:34 | INFO  | 
======================================================================
11:14:34 | INFO  | STAGE 3: TICKER SUBSETTING
11:14:34 | INFO  | ======================================================================
11:14:34 | INFO  | Loaded master: 73,792 rows
11:14:34 | INFO  | Creating subsets for 9 tickers
11:14:34 | INFO  |   ✅ UST10Y: 2362 rows | 2017-01-03 to 2026-07-08
11:14:34 | INFO  |   ✅ SPX: 2362 rows | 2017-01-03 to 2026-07-08
11:14:34 | INFO  |   ✅ COMPQ: 2362 rows | 2017-01-03 to 2026-07-08
11:14:34 | INFO  |   ✅ RUT: 2361 rows | 2017-01-03 to 2026-07-08
11:14:34 | INFO  |   ✅ VIX: 2362 rows | 2017-01-03 to 2026-07-08
11:14:34 | INFO  |   ✅ USD: 2362 rows | 2017-01-03 to 2026-07-08
11:14:34 | INFO  |   ✅ GOLD: 2360 rows | 2017-01-03 to 2026-07-08
11:14:34 | INFO  |   ✅ AAPL: 2360 rows | 2017-01-03 to 2026-07-08
11:14:34 | INFO  |   ✅ BITCOIN: 731 rows | 2023-08-01 to 2026-07-08
11:14:34 | INFO  | ✅ Ticker subsetting complete
11:14:34 | INFO  | 
======================================================================
11:14:34 | INFO  | STAGE 4: ENRICHMENT
11:14:34 | INFO  | ======================================================================
11:14:34 | INFO  | Enriching 9 tickers
11:14:34 | INFO  | 
──────────────────────────────────────────────────────────────────────
11:14:34 | INFO  | Enriching: SPX
11:14:34 | INFO  | ──────────────────────────────────────────────────────────────────────
11:14:34 | INFO  |   Loaded 2362 rows from SPX.csv
11:14:34 | INFO  |   Yahoo ticker: ^GSPC
11:14:34 | INFO  |   OHLC prefix: GSPC
11:14:34 | INFO  |   Vol prefix: VIX
11:14:34 | INFO  |   Downloading ^GSPC OHLC...
11:14:34 | INFO  |     Downloaded 2390 days (2017-01-03 to 2026-07-08)
11:14:34 | INFO  |   Downloading ^VIX volatility...
11:14:35 | INFO  |     Downloaded 2391 days (2017-01-03 to 2026-07-08)
11:14:35 | WARNING |   ⚠️  28 trading days missing from original CSV
11:14:35 | INFO  |   ✓ Enrichment complete: 2390 rows
11:14:35 | INFO  |   ✅ Saved: SPX_enriched.csv (2390 rows)
11:14:35 | WARNING |   ⚠️  28 rows need manual update
11:14:35 | INFO  | 
──────────────────────────────────────────────────────────────────────
11:14:35 | INFO  | Enriching: GOLD
11:14:35 | INFO  | ──────────────────────────────────────────────────────────────────────
11:14:35 | INFO  |   Loaded 2360 rows from GOLD.csv
11:14:35 | INFO  |   Yahoo ticker: GC=F
11:14:35 | INFO  |   OHLC prefix: GC
11:14:35 | INFO  |   Vol prefix: GVZ
11:14:35 | INFO  |   Downloading GC=F OHLC...
11:14:35 | INFO  |     Downloaded 2391 days (2017-01-03 to 2026-07-08)
11:14:35 | INFO  |   Downloading ^GVZ volatility...
11:14:35 | INFO  |     Downloaded 2390 days (2017-01-03 to 2026-07-08)
11:14:35 | WARNING |   ⚠️  32 trading days missing from original CSV
11:14:35 | INFO  |   ✓ Enrichment complete: 2391 rows
11:14:35 | INFO  |   ✅ Saved: GOLD_enriched.csv (2391 rows)
11:14:35 | WARNING |   ⚠️  32 rows need manual update
11:14:35 | INFO  | 
──────────────────────────────────────────────────────────────────────
11:14:35 | INFO  | Enriching: UST10Y
11:14:35 | INFO  | ──────────────────────────────────────────────────────────────────────
11:14:35 | INFO  |   Loaded 2362 rows from UST10Y.csv
11:14:35 | INFO  |   Yahoo ticker: ^TNX
11:14:35 | INFO  |   OHLC prefix: TNX
11:14:35 | INFO  |   Vol prefix: VIX
11:14:35 | INFO  |   Downloading ^TNX OHLC...
11:14:36 | INFO  |     Downloaded 2389 days (2017-01-03 to 2026-07-08)
11:14:36 | INFO  |   Downloading ^VIX volatility...
11:14:36 | INFO  |     Downloaded 2391 days (2017-01-03 to 2026-07-08)
11:14:36 | WARNING |   ⚠️  28 trading days missing from original CSV
11:14:36 | INFO  |   ✓ Enrichment complete: 2389 rows
11:14:36 | INFO  |   ✅ Saved: UST10Y_enriched.csv (2389 rows)
11:14:36 | WARNING |   ⚠️  28 rows need manual update
11:14:36 | INFO  | 
──────────────────────────────────────────────────────────────────────
11:14:36 | INFO  | Enriching: COMPQ
11:14:36 | INFO  | ──────────────────────────────────────────────────────────────────────
11:14:36 | INFO  |   Loaded 2362 rows from COMPQ.csv
11:14:36 | INFO  |   Yahoo ticker: ^IXIC
11:14:36 | INFO  |   OHLC prefix: IXIC
11:14:36 | INFO  |   Vol prefix: VIX
11:14:36 | INFO  |   Downloading ^IXIC OHLC...
11:14:36 | INFO  |     Downloaded 2390 days (2017-01-03 to 2026-07-08)
11:14:36 | INFO  |   Downloading ^VIX volatility...
11:14:36 | INFO  |     Downloaded 2391 days (2017-01-03 to 2026-07-08)
11:14:36 | WARNING |   ⚠️  28 trading days missing from original CSV
11:14:36 | INFO  |   ✓ Enrichment complete: 2390 rows
11:14:36 | INFO  |   ✅ Saved: COMPQ_enriched.csv (2390 rows)
11:14:36 | WARNING |   ⚠️  28 rows need manual update
11:14:36 | INFO  | 
──────────────────────────────────────────────────────────────────────
11:14:36 | INFO  | Enriching: RUT
11:14:36 | INFO  | ──────────────────────────────────────────────────────────────────────
11:14:36 | INFO  |   Loaded 2361 rows from RUT.csv
11:14:36 | INFO  |   Yahoo ticker: ^RUT
11:14:36 | INFO  |   OHLC prefix: RUT
11:14:36 | INFO  |   Vol prefix: VIX
11:14:36 | INFO  |   Downloading ^RUT OHLC...
11:14:37 | INFO  |     Downloaded 2390 days (2017-01-03 to 2026-07-08)
11:14:37 | INFO  |   Downloading ^VIX volatility...
11:14:37 | INFO  |     Downloaded 2391 days (2017-01-03 to 2026-07-08)
11:14:37 | WARNING |   ⚠️  29 trading days missing from original CSV
11:14:37 | INFO  |   ✓ Enrichment complete: 2390 rows
11:14:37 | INFO  |   ✅ Saved: RUT_enriched.csv (2390 rows)
11:14:37 | WARNING |   ⚠️  29 rows need manual update
11:14:37 | INFO  | 
──────────────────────────────────────────────────────────────────────
11:14:37 | INFO  | Enriching: VIX
11:14:37 | INFO  | ──────────────────────────────────────────────────────────────────────
11:14:37 | INFO  |   Loaded 2362 rows from VIX.csv
11:14:37 | INFO  |   Yahoo ticker: ^VIX
11:14:37 | INFO  |   OHLC prefix: VIX
11:14:37 | INFO  |   Vol prefix: VIXI
11:14:37 | INFO  |   Downloading ^VIX OHLC...
11:14:37 | INFO  |     Downloaded 2391 days (2017-01-03 to 2026-07-08)
11:14:37 | INFO  |   Downloading ^VIX volatility...
11:14:37 | INFO  |     Downloaded 2391 days (2017-01-03 to 2026-07-08)
11:14:37 | WARNING |   ⚠️  29 trading days missing from original CSV
11:14:37 | INFO  |   ✓ Enrichment complete: 2391 rows
11:14:37 | INFO  |   ✅ Saved: VIX_enriched.csv (2391 rows)
11:14:37 | WARNING |   ⚠️  29 rows need manual update
11:14:37 | INFO  | 
──────────────────────────────────────────────────────────────────────
11:14:37 | INFO  | Enriching: USD
11:14:37 | INFO  | ──────────────────────────────────────────────────────────────────────
11:14:37 | INFO  |   Loaded 2362 rows from USD.csv
11:14:37 | INFO  |   Yahoo ticker: DX-Y.NYB
11:14:37 | INFO  |   OHLC prefix: DX
11:14:37 | INFO  |   Vol prefix: VIX
11:14:37 | INFO  |   Downloading DX-Y.NYB OHLC...
11:14:38 | INFO  |     Downloaded 2392 days (2017-01-03 to 2026-07-08)
11:14:38 | INFO  |   Downloading ^VIX volatility...
11:14:38 | INFO  |     Downloaded 2391 days (2017-01-03 to 2026-07-08)
11:14:38 | WARNING |   ⚠️  30 trading days missing from original CSV
11:14:38 | INFO  |   ✓ Enrichment complete: 2392 rows
11:14:38 | INFO  |   ✅ Saved: USD_enriched.csv (2392 rows)
11:14:38 | WARNING |   ⚠️  30 rows need manual update
11:14:38 | INFO  | 
──────────────────────────────────────────────────────────────────────
11:14:38 | INFO  | Enriching: AAPL
11:14:38 | INFO  | ──────────────────────────────────────────────────────────────────────
11:14:38 | INFO  |   Loaded 2360 rows from AAPL.csv
11:14:38 | INFO  |   Yahoo ticker: AAPL
11:14:38 | INFO  |   OHLC prefix: AAPL
11:14:38 | INFO  |   Vol prefix: VIX
11:14:38 | INFO  |   Downloading AAPL OHLC...
11:14:38 | INFO  |     Downloaded 2390 days (2017-01-03 to 2026-07-08)
11:14:38 | INFO  |   Downloading ^VIX volatility...
11:14:38 | INFO  |     Downloaded 2391 days (2017-01-03 to 2026-07-08)
11:14:38 | WARNING |   ⚠️  30 trading days missing from original CSV
11:14:38 | INFO  |   ✓ Enrichment complete: 2390 rows
11:14:38 | INFO  |   ✅ Saved: AAPL_enriched.csv (2390 rows)
11:14:38 | WARNING |   ⚠️  30 rows need manual update
11:14:38 | INFO  | 
──────────────────────────────────────────────────────────────────────
11:14:38 | INFO  | Enriching: BITCOIN
11:14:38 | INFO  | ──────────────────────────────────────────────────────────────────────
11:14:38 | INFO  |   Loaded 731 rows from BITCOIN.csv
11:14:38 | INFO  |   ⚠️  Row count changed (3475 → 731) - re-enriching
11:14:38 | INFO  |   Yahoo ticker: BTC-USD
11:14:38 | INFO  |   OHLC prefix: BTC
11:14:38 | INFO  |   Vol prefix: VIX
11:14:38 | INFO  |   Downloading BTC-USD OHLC...
11:14:39 | INFO  |     Downloaded 3475 days (2017-01-02 to 2026-07-08)
11:14:39 | INFO  |   Downloading ^VIX volatility...
11:14:39 | INFO  |     Downloaded 2391 days (2017-01-03 to 2026-07-08)
11:14:39 | WARNING |   ⚠️  2744 trading days missing from original CSV
11:14:39 | INFO  |   ✓ Enrichment complete: 3475 rows
11:14:39 | INFO  |   ✅ Saved: BITCOIN_enriched.csv (3475 rows)
11:14:39 | WARNING |   ⚠️  2744 rows need manual update
11:14:39 | INFO  | 
======================================================================
11:14:39 | INFO  | ✅ Enrichment complete:
11:14:39 | INFO  |    Success: 9
11:14:39 | INFO  |    Skipped (up-to-date): 0
11:14:39 | INFO  |    Errors:  0
11:14:39 | INFO  | ======================================================================
11:14:39 | INFO  | 
======================================================================
11:14:39 | INFO  | ✅ PIPELINE COMPLETE
11:14:39 | INFO  | ======================================================================
