10:28:12 | INFO  | ======================================================================
10:28:12 | INFO  | ETL PIPELINE START
10:28:12 | INFO  | ======================================================================
10:28:12 | INFO  | 
📋 PIPELINE PLAN:
10:28:12 | INFO  |    HTML Files: 16 new / 16 total
10:28:12 | INFO  |    Master needs propagation: False
10:28:12 | INFO  | 
======================================================================
10:28:12 | INFO  | STAGE 1: HTML PARSING
10:28:12 | INFO  | ======================================================================
10:28:12 | INFO  | 
Processing: JUNE 22, 2026.html
10:28:12 | INFO  |   ✅ Saved: RR_06-22-2026.csv (37 rows)
10:28:12 | INFO  | 
Processing: JUNE 23, 2026.html
10:28:12 | INFO  |   ✅ Saved: RR_06-23-2026.csv (37 rows)
10:28:12 | INFO  | 
Processing: JUNE 26, 2026.html
10:28:12 | INFO  |   ✅ Saved: RR_06-26-2026.csv (38 rows)
10:28:12 | INFO  | 
Processing: JUNE 5, 2026.html
10:28:12 | INFO  |   ✅ Saved: RR_06-05-2026.csv (37 rows)
10:28:12 | INFO  | 
Processing: JUNE 8, 2026.html
10:28:12 | INFO  |   ✅ Saved: RR_06-08-2026.csv (37 rows)
10:28:12 | INFO  | 
Processing: JUNE 15, 2026.html
10:28:13 | INFO  |   ✅ Saved: RR_06-15-2026.csv (36 rows)
10:28:13 | INFO  | 
Processing: JUNE 4, 2026.html
10:28:13 | INFO  |   ✅ Saved: RR_06-04-2026.csv (37 rows)
10:28:13 | INFO  | 
Processing: JUNE 12, 2026.html
10:28:13 | INFO  |   ✅ Saved: RR_06-12-2026.csv (36 rows)
10:28:13 | INFO  | 
Processing: JUNE 11, 2026.html
10:28:13 | INFO  |   ✅ Saved: RR_06-11-2026.csv (36 rows)
10:28:13 | INFO  | 
Processing: JUNE 9, 2026.html
10:28:13 | INFO  |   ✅ Saved: RR_06-09-2026.csv (36 rows)
10:28:13 | INFO  | 
Processing: JUNE 16, 2026.html
10:28:13 | INFO  |   ✅ Saved: RR_06-16-2026.csv (36 rows)
10:28:13 | INFO  | 
Processing: JUNE 10, 2026.html
10:28:13 | INFO  |   ✅ Saved: RR_06-10-2026.csv (36 rows)
10:28:13 | INFO  | 
Processing: JUNE 17, 2026.html
10:28:13 | INFO  |   ✅ Saved: RR_06-17-2026.csv (36 rows)
10:28:13 | INFO  | 
Processing: JUNE 25, 2026.html
10:28:13 | INFO  |   ✅ Saved: RR_06-25-2026.csv (38 rows)
10:28:13 | INFO  | 
Processing: JUNE 18, 2026.html
10:28:13 | INFO  |   ✅ Saved: RR_06-18-2026.csv (37 rows)
10:28:13 | INFO  | 
Processing: JUNE 24, 2026.html
10:28:14 | INFO  |   ✅ Saved: RR_06-24-2026.csv (37 rows)
10:28:14 | INFO  | 
✅ HTML parsing complete: 16 success, 0 errors
10:28:14 | INFO  | 
======================================================================
10:28:14 | INFO  | STAGE 2: MASTER AGGREGATION
10:28:14 | INFO  | ======================================================================
10:28:14 | INFO  | ✅ Backed up master to: risk_ranges_master_backup_20260626_102814.csv
10:28:14 | INFO  | Loaded existing master: 73,491 rows
10:28:14 | INFO  |   Loaded: RR_06-22-2026.csv (37 rows)
10:28:14 | INFO  |   Loaded: RR_06-23-2026.csv (37 rows)
10:28:14 | INFO  |   Loaded: RR_06-26-2026.csv (38 rows)
10:28:14 | INFO  |   Loaded: RR_06-05-2026.csv (37 rows)
10:28:14 | INFO  |   Loaded: RR_06-08-2026.csv (37 rows)
10:28:14 | INFO  |   Loaded: RR_06-15-2026.csv (36 rows)
10:28:14 | INFO  |   Loaded: RR_06-04-2026.csv (37 rows)
10:28:14 | INFO  |   Loaded: RR_06-12-2026.csv (36 rows)
10:28:14 | INFO  |   Loaded: RR_06-11-2026.csv (36 rows)
10:28:14 | INFO  |   Loaded: RR_06-09-2026.csv (36 rows)
10:28:14 | INFO  |   Loaded: RR_06-16-2026.csv (36 rows)
10:28:14 | INFO  |   Loaded: RR_06-10-2026.csv (36 rows)
10:28:14 | INFO  |   Loaded: RR_06-17-2026.csv (36 rows)
10:28:14 | INFO  |   Loaded: RR_06-25-2026.csv (38 rows)
10:28:14 | INFO  |   Loaded: RR_06-18-2026.csv (37 rows)
10:28:14 | INFO  |   Loaded: RR_06-24-2026.csv (37 rows)
10:28:14 | INFO  | Combined new data: 587 rows
10:28:14 | INFO  | Removed 549 duplicate entries
10:28:14 | INFO  | ✅ Saved master CSV: 73,529 total rows
10:28:14 | INFO  |    Date range: 2017-01-03 to 2026-06-26
10:28:14 | INFO  | 
======================================================================
10:28:14 | INFO  | STAGE 3: TICKER SUBSETTING
10:28:14 | INFO  | ======================================================================
10:28:14 | INFO  | Loaded master: 73,529 rows
10:28:14 | INFO  | Creating subsets for 9 tickers
10:28:14 | INFO  |   ✅ UST10Y: 2355 rows | 2017-01-03 to 2026-06-26
10:28:14 | INFO  |   ✅ SPX: 2355 rows | 2017-01-03 to 2026-06-26
10:28:14 | INFO  |   ✅ COMPQ: 2355 rows | 2017-01-03 to 2026-06-26
10:28:14 | INFO  |   ✅ RUT: 2354 rows | 2017-01-03 to 2026-06-26
10:28:14 | INFO  |   ✅ VIX: 2355 rows | 2017-01-03 to 2026-06-26
10:28:14 | INFO  |   ✅ USD: 2355 rows | 2017-01-03 to 2026-06-26
10:28:14 | INFO  |   ✅ GOLD: 2353 rows | 2017-01-03 to 2026-06-26
10:28:14 | INFO  |   ✅ AAPL: 2353 rows | 2017-01-03 to 2026-06-26
10:28:14 | INFO  |   ✅ BITCOIN: 724 rows | 2023-08-01 to 2026-06-26
10:28:14 | INFO  | ✅ Ticker subsetting complete
10:28:14 | INFO  | 
======================================================================
10:28:14 | INFO  | STAGE 4: ENRICHMENT
10:28:14 | INFO  | ======================================================================
10:28:14 | INFO  | Enriching 9 tickers
10:28:14 | INFO  | 
──────────────────────────────────────────────────────────────────────
10:28:14 | INFO  | Enriching: SPX
10:28:14 | INFO  | ──────────────────────────────────────────────────────────────────────
10:28:14 | INFO  |   Loaded 2355 rows from SPX.csv
10:28:14 | INFO  |   Yahoo ticker: ^GSPC
10:28:14 | INFO  |   OHLC prefix: GSPC
10:28:14 | INFO  |   Vol prefix: VIX
10:28:14 | INFO  |   Downloading ^GSPC OHLC...
10:28:14 | INFO  |     Downloaded 2383 days (2017-01-03 to 2026-06-26)
10:28:14 | INFO  |   Downloading ^VIX volatility...
10:28:15 | INFO  |     Downloaded 2384 days (2017-01-03 to 2026-06-26)
10:28:15 | WARNING |   ⚠️  28 trading days missing from original CSV
10:28:15 | INFO  |   ✓ Enrichment complete: 2383 rows
10:28:15 | INFO  |   ✅ Saved: SPX_enriched.csv (2383 rows)
10:28:15 | WARNING |   ⚠️  28 rows need manual update
10:28:15 | INFO  | 
──────────────────────────────────────────────────────────────────────
10:28:15 | INFO  | Enriching: GOLD
10:28:15 | INFO  | ──────────────────────────────────────────────────────────────────────
10:28:15 | INFO  |   Loaded 2353 rows from GOLD.csv
10:28:15 | INFO  |   Yahoo ticker: GC=F
10:28:15 | INFO  |   OHLC prefix: GC
10:28:15 | INFO  |   Vol prefix: GVZ
10:28:15 | INFO  |   Downloading GC=F OHLC...
10:28:15 | INFO  |     Downloaded 2384 days (2017-01-03 to 2026-06-26)
10:28:15 | INFO  |   Downloading ^GVZ volatility...
10:28:15 | INFO  |     Downloaded 2383 days (2017-01-03 to 2026-06-26)
10:28:15 | WARNING |   ⚠️  32 trading days missing from original CSV
10:28:15 | INFO  |   ✓ Enrichment complete: 2384 rows
10:28:15 | INFO  |   ✅ Saved: GOLD_enriched.csv (2384 rows)
10:28:15 | WARNING |   ⚠️  32 rows need manual update
10:28:15 | INFO  | 
──────────────────────────────────────────────────────────────────────
10:28:15 | INFO  | Enriching: UST10Y
10:28:15 | INFO  | ──────────────────────────────────────────────────────────────────────
10:28:15 | INFO  |   Loaded 2355 rows from UST10Y.csv
10:28:15 | INFO  |   Yahoo ticker: ^TNX
10:28:15 | INFO  |   OHLC prefix: TNX
10:28:15 | INFO  |   Vol prefix: VIX
10:28:15 | INFO  |   Downloading ^TNX OHLC...
10:28:15 | INFO  |     Downloaded 2379 days (2017-01-03 to 2026-06-26)
10:28:15 | INFO  |   Downloading ^VIX volatility...
10:28:15 | INFO  |     Downloaded 2384 days (2017-01-03 to 2026-06-26)
10:28:15 | WARNING |   ⚠️  28 trading days missing from original CSV
10:28:15 | INFO  |   ✓ Enrichment complete: 2379 rows
10:28:15 | INFO  |   ✅ Saved: UST10Y_enriched.csv (2379 rows)
10:28:15 | WARNING |   ⚠️  28 rows need manual update
10:28:15 | INFO  | 
──────────────────────────────────────────────────────────────────────
10:28:15 | INFO  | Enriching: COMPQ
10:28:15 | INFO  | ──────────────────────────────────────────────────────────────────────
10:28:15 | INFO  |   Loaded 2355 rows from COMPQ.csv
10:28:15 | INFO  |   Yahoo ticker: ^IXIC
10:28:15 | INFO  |   OHLC prefix: IXIC
10:28:15 | INFO  |   Vol prefix: VIX
10:28:15 | INFO  |   Downloading ^IXIC OHLC...
10:28:16 | INFO  |     Downloaded 2383 days (2017-01-03 to 2026-06-26)
10:28:16 | INFO  |   Downloading ^VIX volatility...
10:28:16 | INFO  |     Downloaded 2384 days (2017-01-03 to 2026-06-26)
10:28:16 | WARNING |   ⚠️  28 trading days missing from original CSV
10:28:16 | INFO  |   ✓ Enrichment complete: 2383 rows
10:28:16 | INFO  |   ✅ Saved: COMPQ_enriched.csv (2383 rows)
10:28:16 | WARNING |   ⚠️  28 rows need manual update
10:28:16 | INFO  | 
──────────────────────────────────────────────────────────────────────
10:28:16 | INFO  | Enriching: RUT
10:28:16 | INFO  | ──────────────────────────────────────────────────────────────────────
10:28:16 | INFO  |   Loaded 2354 rows from RUT.csv
10:28:16 | INFO  |   Yahoo ticker: ^RUT
10:28:16 | INFO  |   OHLC prefix: RUT
10:28:16 | INFO  |   Vol prefix: VIX
10:28:16 | INFO  |   Downloading ^RUT OHLC...
10:28:16 | INFO  |     Downloaded 2383 days (2017-01-03 to 2026-06-26)
10:28:16 | INFO  |   Downloading ^VIX volatility...
10:28:16 | INFO  |     Downloaded 2384 days (2017-01-03 to 2026-06-26)
10:28:16 | WARNING |   ⚠️  29 trading days missing from original CSV
10:28:16 | INFO  |   ✓ Enrichment complete: 2383 rows
10:28:16 | INFO  |   ✅ Saved: RUT_enriched.csv (2383 rows)
10:28:16 | WARNING |   ⚠️  29 rows need manual update
10:28:16 | INFO  | 
──────────────────────────────────────────────────────────────────────
10:28:16 | INFO  | Enriching: VIX
10:28:16 | INFO  | ──────────────────────────────────────────────────────────────────────
10:28:16 | INFO  |   Loaded 2355 rows from VIX.csv
10:28:16 | INFO  |   Yahoo ticker: ^VIX
10:28:16 | INFO  |   OHLC prefix: VIX
10:28:16 | INFO  |   Vol prefix: VIXI
10:28:16 | INFO  |   Downloading ^VIX OHLC...
10:28:16 | INFO  |     Downloaded 2384 days (2017-01-03 to 2026-06-26)
10:28:16 | INFO  |   Downloading ^VIX volatility...
10:28:16 | INFO  |     Downloaded 2384 days (2017-01-03 to 2026-06-26)
10:28:16 | WARNING |   ⚠️  29 trading days missing from original CSV
10:28:16 | INFO  |   ✓ Enrichment complete: 2384 rows
10:28:16 | INFO  |   ✅ Saved: VIX_enriched.csv (2384 rows)
10:28:16 | WARNING |   ⚠️  29 rows need manual update
10:28:16 | INFO  | 
──────────────────────────────────────────────────────────────────────
10:28:16 | INFO  | Enriching: USD
10:28:16 | INFO  | ──────────────────────────────────────────────────────────────────────
10:28:16 | INFO  |   Loaded 2355 rows from USD.csv
10:28:16 | INFO  |   Yahoo ticker: DX-Y.NYB
10:28:16 | INFO  |   OHLC prefix: DX
10:28:16 | INFO  |   Vol prefix: VIX
10:28:16 | INFO  |   Downloading DX-Y.NYB OHLC...
10:28:16 | INFO  |     Downloaded 2385 days (2017-01-03 to 2026-06-26)
10:28:16 | INFO  |   Downloading ^VIX volatility...
10:28:16 | INFO  |     Downloaded 2384 days (2017-01-03 to 2026-06-26)
10:28:16 | WARNING |   ⚠️  30 trading days missing from original CSV
10:28:16 | INFO  |   ✓ Enrichment complete: 2385 rows
10:28:16 | INFO  |   ✅ Saved: USD_enriched.csv (2385 rows)
10:28:16 | WARNING |   ⚠️  30 rows need manual update
10:28:16 | INFO  | 
──────────────────────────────────────────────────────────────────────
10:28:16 | INFO  | Enriching: AAPL
10:28:16 | INFO  | ──────────────────────────────────────────────────────────────────────
10:28:16 | INFO  |   Loaded 2353 rows from AAPL.csv
10:28:16 | INFO  |   Yahoo ticker: AAPL
10:28:16 | INFO  |   OHLC prefix: AAPL
10:28:16 | INFO  |   Vol prefix: VIX
10:28:17 | INFO  |   Downloading AAPL OHLC...
10:28:17 | INFO  |     Downloaded 2383 days (2017-01-03 to 2026-06-26)
10:28:17 | INFO  |   Downloading ^VIX volatility...
10:28:17 | INFO  |     Downloaded 2384 days (2017-01-03 to 2026-06-26)
10:28:17 | WARNING |   ⚠️  30 trading days missing from original CSV
10:28:17 | INFO  |   ✓ Enrichment complete: 2383 rows
10:28:17 | INFO  |   ✅ Saved: AAPL_enriched.csv (2383 rows)
10:28:17 | WARNING |   ⚠️  30 rows need manual update
10:28:17 | INFO  | 
──────────────────────────────────────────────────────────────────────
10:28:17 | INFO  | Enriching: BITCOIN
10:28:17 | INFO  | ──────────────────────────────────────────────────────────────────────
10:28:17 | INFO  |   Loaded 724 rows from BITCOIN.csv
10:28:17 | INFO  |   ⚠️  Row count changed (3462 → 724) - re-enriching
10:28:17 | INFO  |   Yahoo ticker: BTC-USD
10:28:17 | INFO  |   OHLC prefix: BTC
10:28:17 | INFO  |   Vol prefix: VIX
10:28:17 | INFO  |   Downloading BTC-USD OHLC...
10:28:17 | INFO  |     Downloaded 3463 days (2017-01-02 to 2026-06-26)
10:28:17 | INFO  |   Downloading ^VIX volatility...
10:28:17 | INFO  |     Downloaded 2384 days (2017-01-03 to 2026-06-26)
10:28:17 | WARNING |   ⚠️  2739 trading days missing from original CSV
10:28:17 | INFO  |   ✓ Enrichment complete: 3463 rows
10:28:17 | INFO  |   ✅ Saved: BITCOIN_enriched.csv (3463 rows)
10:28:17 | WARNING |   ⚠️  2739 rows need manual update
10:28:17 | INFO  | 
======================================================================
10:28:17 | INFO  | ✅ Enrichment complete:
10:28:17 | INFO  |    Success: 9
10:28:17 | INFO  |    Skipped (up-to-date): 0
10:28:17 | INFO  |    Errors:  0
10:28:17 | INFO  | ======================================================================
10:28:17 | INFO  | 
======================================================================
10:28:17 | INFO  | ✅ PIPELINE COMPLETE
10:28:17 | INFO  | ======================================================================
