11:42:03 | INFO  | ======================================================================
11:42:03 | INFO  | ETL PIPELINE START
11:42:03 | INFO  | ======================================================================
11:42:03 | INFO  | 
📋 PIPELINE PLAN:
11:42:03 | INFO  |    HTML Files: 15 new / 15 total
11:42:03 | INFO  |    Master needs propagation: False
11:42:03 | INFO  | 
======================================================================
11:42:03 | INFO  | STAGE 1: HTML PARSING
11:42:03 | INFO  | ======================================================================
11:42:03 | INFO  | 
Processing: JUNE 22, 2026.html
11:42:03 | INFO  |   ✅ Saved: RR_06-22-2026.csv (37 rows)
11:42:03 | INFO  | 
Processing: JUNE 23, 2026.html
11:42:03 | INFO  |   ✅ Saved: RR_06-23-2026.csv (37 rows)
11:42:03 | INFO  | 
Processing: JUNE 5, 2026.html
11:42:03 | INFO  |   ✅ Saved: RR_06-05-2026.csv (37 rows)
11:42:03 | INFO  | 
Processing: JUNE 8, 2026.html
11:42:03 | INFO  |   ✅ Saved: RR_06-08-2026.csv (37 rows)
11:42:03 | INFO  | 
Processing: JUNE 15, 2026.html
11:42:03 | INFO  |   ✅ Saved: RR_06-15-2026.csv (36 rows)
11:42:03 | INFO  | 
Processing: JUNE 4, 2026.html
11:42:04 | INFO  |   ✅ Saved: RR_06-04-2026.csv (37 rows)
11:42:04 | INFO  | 
Processing: JUNE 12, 2026.html
11:42:04 | INFO  |   ✅ Saved: RR_06-12-2026.csv (36 rows)
11:42:04 | INFO  | 
Processing: JUNE 11, 2026.html
11:42:04 | INFO  |   ✅ Saved: RR_06-11-2026.csv (36 rows)
11:42:04 | INFO  | 
Processing: JUNE 9, 2026.html
11:42:04 | INFO  |   ✅ Saved: RR_06-09-2026.csv (36 rows)
11:42:04 | INFO  | 
Processing: JUNE 16, 2026.html
11:42:04 | INFO  |   ✅ Saved: RR_06-16-2026.csv (36 rows)
11:42:04 | INFO  | 
Processing: JUNE 10, 2026.html
11:42:04 | INFO  |   ✅ Saved: RR_06-10-2026.csv (36 rows)
11:42:04 | INFO  | 
Processing: JUNE 17, 2026.html
11:42:04 | INFO  |   ✅ Saved: RR_06-17-2026.csv (36 rows)
11:42:04 | INFO  | 
Processing: JUNE 25, 2026.html
11:42:04 | INFO  |   ✅ Saved: RR_06-25-2026.csv (38 rows)
11:42:04 | INFO  | 
Processing: JUNE 18, 2026.html
11:42:04 | INFO  |   ✅ Saved: RR_06-18-2026.csv (37 rows)
11:42:04 | INFO  | 
Processing: JUNE 24, 2026.html
11:42:04 | INFO  |   ✅ Saved: RR_06-24-2026.csv (37 rows)
11:42:04 | INFO  | 
✅ HTML parsing complete: 15 success, 0 errors
11:42:04 | INFO  | 
======================================================================
11:42:04 | INFO  | STAGE 2: MASTER AGGREGATION
11:42:04 | INFO  | ======================================================================
11:42:04 | INFO  | ✅ Backed up master to: risk_ranges_master_backup_20260625_114204.csv
11:42:05 | INFO  | Loaded existing master: 73,491 rows
11:42:05 | INFO  |   Loaded: RR_06-22-2026.csv (37 rows)
11:42:05 | INFO  |   Loaded: RR_06-23-2026.csv (37 rows)
11:42:05 | INFO  |   Loaded: RR_06-05-2026.csv (37 rows)
11:42:05 | INFO  |   Loaded: RR_06-08-2026.csv (37 rows)
11:42:05 | INFO  |   Loaded: RR_06-15-2026.csv (36 rows)
11:42:05 | INFO  |   Loaded: RR_06-04-2026.csv (37 rows)
11:42:05 | INFO  |   Loaded: RR_06-12-2026.csv (36 rows)
11:42:05 | INFO  |   Loaded: RR_06-11-2026.csv (36 rows)
11:42:05 | INFO  |   Loaded: RR_06-09-2026.csv (36 rows)
11:42:05 | INFO  |   Loaded: RR_06-16-2026.csv (36 rows)
11:42:05 | INFO  |   Loaded: RR_06-10-2026.csv (36 rows)
11:42:05 | INFO  |   Loaded: RR_06-17-2026.csv (36 rows)
11:42:05 | INFO  |   Loaded: RR_06-25-2026.csv (38 rows)
11:42:05 | INFO  |   Loaded: RR_06-18-2026.csv (37 rows)
11:42:05 | INFO  |   Loaded: RR_06-24-2026.csv (37 rows)
11:42:05 | INFO  | Combined new data: 549 rows
11:42:05 | INFO  | Removed 549 duplicate entries
11:42:05 | INFO  | ✅ Saved master CSV: 73,491 total rows
11:42:05 | INFO  |    Date range: 2017-01-03 to 2026-06-25
11:42:05 | INFO  | 
======================================================================
11:42:05 | INFO  | STAGE 3: TICKER SUBSETTING
11:42:05 | INFO  | ======================================================================
11:42:05 | INFO  | Loaded master: 73,491 rows
11:42:05 | INFO  | Creating subsets for 9 tickers
11:42:05 | INFO  |   ✅ UST10Y: 2354 rows | 2017-01-03 to 2026-06-25
11:42:05 | INFO  |   ✅ SPX: 2354 rows | 2017-01-03 to 2026-06-25
11:42:05 | INFO  |   ✅ COMPQ: 2354 rows | 2017-01-03 to 2026-06-25
11:42:05 | INFO  |   ✅ RUT: 2353 rows | 2017-01-03 to 2026-06-25
11:42:05 | INFO  |   ✅ VIX: 2354 rows | 2017-01-03 to 2026-06-25
11:42:05 | INFO  |   ✅ USD: 2354 rows | 2017-01-03 to 2026-06-25
11:42:05 | INFO  |   ✅ GOLD: 2352 rows | 2017-01-03 to 2026-06-25
11:42:05 | INFO  |   ✅ AAPL: 2352 rows | 2017-01-03 to 2026-06-25
11:42:05 | INFO  |   ✅ BITCOIN: 723 rows | 2023-08-01 to 2026-06-25
11:42:05 | INFO  | ✅ Ticker subsetting complete
11:42:05 | INFO  | 
======================================================================
11:42:05 | INFO  | STAGE 4: ENRICHMENT
11:42:05 | INFO  | ======================================================================
11:42:05 | INFO  | Enriching 9 tickers
11:42:05 | INFO  | 
──────────────────────────────────────────────────────────────────────
11:42:05 | INFO  | Enriching: SPX
11:42:05 | INFO  | ──────────────────────────────────────────────────────────────────────
11:42:05 | INFO  |   Loaded 2354 rows from SPX.csv
11:42:05 | INFO  |   Yahoo ticker: ^GSPC
11:42:05 | INFO  |   OHLC prefix: GSPC
11:42:05 | INFO  |   Vol prefix: VIX
11:42:05 | INFO  |   Downloading ^GSPC OHLC...
11:42:05 | INFO  |     Downloaded 2382 days (2017-01-03 to 2026-06-25)
11:42:05 | INFO  |   Downloading ^VIX volatility...
11:42:06 | INFO  |     Downloaded 2383 days (2017-01-03 to 2026-06-25)
11:42:06 | WARNING |   ⚠️  28 trading days missing from original CSV
11:42:06 | INFO  |   ✓ Enrichment complete: 2382 rows
11:42:06 | INFO  |   ✅ Saved: SPX_enriched.csv (2382 rows)
11:42:06 | WARNING |   ⚠️  28 rows need manual update
11:42:06 | INFO  | 
──────────────────────────────────────────────────────────────────────
11:42:06 | INFO  | Enriching: GOLD
11:42:06 | INFO  | ──────────────────────────────────────────────────────────────────────
11:42:06 | INFO  |   Loaded 2352 rows from GOLD.csv
11:42:06 | INFO  |   Yahoo ticker: GC=F
11:42:06 | INFO  |   OHLC prefix: GC
11:42:06 | INFO  |   Vol prefix: GVZ
11:42:06 | INFO  |   Downloading GC=F OHLC...
11:42:06 | INFO  |     Downloaded 2383 days (2017-01-03 to 2026-06-25)
11:42:06 | INFO  |   Downloading ^GVZ volatility...
11:42:06 | INFO  |     Downloaded 2382 days (2017-01-03 to 2026-06-25)
11:42:06 | WARNING |   ⚠️  32 trading days missing from original CSV
11:42:06 | INFO  |   ✓ Enrichment complete: 2383 rows
11:42:06 | INFO  |   ✅ Saved: GOLD_enriched.csv (2383 rows)
11:42:06 | WARNING |   ⚠️  32 rows need manual update
11:42:06 | INFO  | 
──────────────────────────────────────────────────────────────────────
11:42:06 | INFO  | Enriching: UST10Y
11:42:06 | INFO  | ──────────────────────────────────────────────────────────────────────
11:42:06 | INFO  |   Loaded 2354 rows from UST10Y.csv
11:42:06 | INFO  |   Yahoo ticker: ^TNX
11:42:06 | INFO  |   OHLC prefix: TNX
11:42:06 | INFO  |   Vol prefix: VIX
11:42:06 | INFO  |   Downloading ^TNX OHLC...
11:42:06 | INFO  |     Downloaded 2379 days (2017-01-03 to 2026-06-25)
11:42:06 | INFO  |   Downloading ^VIX volatility...
11:42:06 | INFO  |     Downloaded 2383 days (2017-01-03 to 2026-06-25)
11:42:06 | WARNING |   ⚠️  28 trading days missing from original CSV
11:42:06 | INFO  |   ✓ Enrichment complete: 2379 rows
11:42:06 | INFO  |   ✅ Saved: UST10Y_enriched.csv (2379 rows)
11:42:06 | WARNING |   ⚠️  28 rows need manual update
11:42:06 | INFO  | 
──────────────────────────────────────────────────────────────────────
11:42:06 | INFO  | Enriching: COMPQ
11:42:06 | INFO  | ──────────────────────────────────────────────────────────────────────
11:42:06 | INFO  |   Loaded 2354 rows from COMPQ.csv
11:42:06 | INFO  |   Yahoo ticker: ^IXIC
11:42:06 | INFO  |   OHLC prefix: IXIC
11:42:06 | INFO  |   Vol prefix: VIX
11:42:06 | INFO  |   Downloading ^IXIC OHLC...
11:42:07 | INFO  |     Downloaded 2382 days (2017-01-03 to 2026-06-25)
11:42:07 | INFO  |   Downloading ^VIX volatility...
11:42:07 | INFO  |     Downloaded 2383 days (2017-01-03 to 2026-06-25)
11:42:07 | WARNING |   ⚠️  28 trading days missing from original CSV
11:42:07 | INFO  |   ✓ Enrichment complete: 2382 rows
11:42:07 | INFO  |   ✅ Saved: COMPQ_enriched.csv (2382 rows)
11:42:07 | WARNING |   ⚠️  28 rows need manual update
11:42:07 | INFO  | 
──────────────────────────────────────────────────────────────────────
11:42:07 | INFO  | Enriching: RUT
11:42:07 | INFO  | ──────────────────────────────────────────────────────────────────────
11:42:07 | INFO  |   Loaded 2353 rows from RUT.csv
11:42:07 | INFO  |   Yahoo ticker: ^RUT
11:42:07 | INFO  |   OHLC prefix: RUT
11:42:07 | INFO  |   Vol prefix: VIX
11:42:07 | INFO  |   Downloading ^RUT OHLC...
11:42:07 | INFO  |     Downloaded 2382 days (2017-01-03 to 2026-06-25)
11:42:07 | INFO  |   Downloading ^VIX volatility...
11:42:07 | INFO  |     Downloaded 2383 days (2017-01-03 to 2026-06-25)
11:42:07 | WARNING |   ⚠️  29 trading days missing from original CSV
11:42:07 | INFO  |   ✓ Enrichment complete: 2382 rows
11:42:07 | INFO  |   ✅ Saved: RUT_enriched.csv (2382 rows)
11:42:07 | WARNING |   ⚠️  29 rows need manual update
11:42:07 | INFO  | 
──────────────────────────────────────────────────────────────────────
11:42:07 | INFO  | Enriching: VIX
11:42:07 | INFO  | ──────────────────────────────────────────────────────────────────────
11:42:07 | INFO  |   Loaded 2354 rows from VIX.csv
11:42:07 | INFO  |   Yahoo ticker: ^VIX
11:42:07 | INFO  |   OHLC prefix: VIX
11:42:07 | INFO  |   Vol prefix: VIXI
11:42:07 | INFO  |   Downloading ^VIX OHLC...
11:42:07 | INFO  |     Downloaded 2383 days (2017-01-03 to 2026-06-25)
11:42:07 | INFO  |   Downloading ^VIX volatility...
11:42:07 | INFO  |     Downloaded 2383 days (2017-01-03 to 2026-06-25)
11:42:07 | WARNING |   ⚠️  29 trading days missing from original CSV
11:42:07 | INFO  |   ✓ Enrichment complete: 2383 rows
11:42:07 | INFO  |   ✅ Saved: VIX_enriched.csv (2383 rows)
11:42:07 | WARNING |   ⚠️  29 rows need manual update
11:42:07 | INFO  | 
──────────────────────────────────────────────────────────────────────
11:42:07 | INFO  | Enriching: USD
11:42:07 | INFO  | ──────────────────────────────────────────────────────────────────────
11:42:07 | INFO  |   Loaded 2354 rows from USD.csv
11:42:07 | INFO  |   Yahoo ticker: DX-Y.NYB
11:42:07 | INFO  |   OHLC prefix: DX
11:42:07 | INFO  |   Vol prefix: VIX
11:42:07 | INFO  |   Downloading DX-Y.NYB OHLC...
11:42:08 | INFO  |     Downloaded 2384 days (2017-01-03 to 2026-06-25)
11:42:08 | INFO  |   Downloading ^VIX volatility...
11:42:08 | INFO  |     Downloaded 2383 days (2017-01-03 to 2026-06-25)
11:42:08 | WARNING |   ⚠️  30 trading days missing from original CSV
11:42:08 | INFO  |   ✓ Enrichment complete: 2384 rows
11:42:08 | INFO  |   ✅ Saved: USD_enriched.csv (2384 rows)
11:42:08 | WARNING |   ⚠️  30 rows need manual update
11:42:08 | INFO  | 
──────────────────────────────────────────────────────────────────────
11:42:08 | INFO  | Enriching: AAPL
11:42:08 | INFO  | ──────────────────────────────────────────────────────────────────────
11:42:08 | INFO  |   Loaded 2352 rows from AAPL.csv
11:42:08 | INFO  |   Yahoo ticker: AAPL
11:42:08 | INFO  |   OHLC prefix: AAPL
11:42:08 | INFO  |   Vol prefix: VIX
11:42:08 | INFO  |   Downloading AAPL OHLC...
11:42:08 | INFO  |     Downloaded 2382 days (2017-01-03 to 2026-06-25)
11:42:08 | INFO  |   Downloading ^VIX volatility...
11:42:08 | INFO  |     Downloaded 2383 days (2017-01-03 to 2026-06-25)
11:42:08 | WARNING |   ⚠️  30 trading days missing from original CSV
11:42:08 | INFO  |   ✓ Enrichment complete: 2382 rows
11:42:08 | INFO  |   ✅ Saved: AAPL_enriched.csv (2382 rows)
11:42:08 | WARNING |   ⚠️  30 rows need manual update
11:42:08 | INFO  | 
──────────────────────────────────────────────────────────────────────
11:42:08 | INFO  | Enriching: BITCOIN
11:42:08 | INFO  | ──────────────────────────────────────────────────────────────────────
11:42:08 | INFO  |   Loaded 723 rows from BITCOIN.csv
11:42:08 | INFO  |   ⚠️  Row count changed (3462 → 723) - re-enriching
11:42:08 | INFO  |   Yahoo ticker: BTC-USD
11:42:08 | INFO  |   OHLC prefix: BTC
11:42:08 | INFO  |   Vol prefix: VIX
11:42:08 | INFO  |   Downloading BTC-USD OHLC...
11:42:08 | INFO  |     Downloaded 3462 days (2017-01-02 to 2026-06-25)
11:42:08 | INFO  |   Downloading ^VIX volatility...
11:42:09 | INFO  |     Downloaded 2383 days (2017-01-03 to 2026-06-25)
11:42:09 | WARNING |   ⚠️  2739 trading days missing from original CSV
11:42:09 | INFO  |   ✓ Enrichment complete: 3462 rows
11:42:09 | INFO  |   ✅ Saved: BITCOIN_enriched.csv (3462 rows)
11:42:09 | WARNING |   ⚠️  2739 rows need manual update
11:42:09 | INFO  | 
======================================================================
11:42:09 | INFO  | ✅ Enrichment complete:
11:42:09 | INFO  |    Success: 9
11:42:09 | INFO  |    Skipped (up-to-date): 0
11:42:09 | INFO  |    Errors:  0
11:42:09 | INFO  | ======================================================================
11:42:09 | INFO  | 
======================================================================
11:42:09 | INFO  | ✅ PIPELINE COMPLETE
11:42:09 | INFO  | ======================================================================
