11:37:53 | INFO  | ======================================================================
11:37:53 | INFO  | ETL PIPELINE START
11:37:53 | INFO  | ======================================================================
11:37:53 | INFO  | 
📋 PIPELINE PLAN:
11:37:53 | INFO  |    HTML Files: 19 new / 19 total
11:37:53 | INFO  |    Master needs propagation: False
11:37:53 | INFO  | 
======================================================================
11:37:53 | INFO  | STAGE 1: HTML PARSING
11:37:53 | INFO  | ======================================================================
11:37:53 | INFO  | 
Processing: JUNE 22, 2026.html
11:37:53 | INFO  |   ✅ Saved: RR_06-22-2026.csv (37 rows)
11:37:53 | INFO  | 
Processing: JUNE 23, 2026.html
11:37:53 | INFO  |   ✅ Saved: RR_06-23-2026.csv (37 rows)
11:37:53 | INFO  | 
Processing: JUNE 26, 2026.html
11:37:53 | INFO  |   ✅ Saved: RR_06-26-2026.csv (38 rows)
11:37:53 | INFO  | 
Processing: JUNE 5, 2026.html
11:37:53 | INFO  |   ✅ Saved: RR_06-05-2026.csv (37 rows)
11:37:53 | INFO  | 
Processing: JUNE 30, 2026.html
11:37:54 | INFO  |   ✅ Saved: RR_06-30-2026.csv (38 rows)
11:37:54 | INFO  | 
Processing: JUNE 8, 2026.html
11:37:54 | INFO  |   ✅ Saved: RR_06-08-2026.csv (37 rows)
11:37:54 | INFO  | 
Processing: JUNE 15, 2026.html
11:37:54 | INFO  |   ✅ Saved: RR_06-15-2026.csv (36 rows)
11:37:54 | INFO  | 
Processing: JUNE 4, 2026.html
11:37:54 | INFO  |   ✅ Saved: RR_06-04-2026.csv (37 rows)
11:37:54 | INFO  | 
Processing: JUNE 12, 2026.html
11:37:54 | INFO  |   ✅ Saved: RR_06-12-2026.csv (36 rows)
11:37:54 | INFO  | 
Processing: JUNE 11, 2026.html
11:37:54 | INFO  |   ✅ Saved: RR_06-11-2026.csv (36 rows)
11:37:54 | INFO  | 
Processing: JUNE 29, 2026.html
11:37:54 | INFO  |   ✅ Saved: RR_06-29-2026.csv (38 rows)
11:37:54 | INFO  | 
Processing: JUNE 9, 2026.html
11:37:54 | INFO  |   ✅ Saved: RR_06-09-2026.csv (36 rows)
11:37:54 | INFO  | 
Processing: JUNE 16, 2026.html
11:37:54 | INFO  |   ✅ Saved: RR_06-16-2026.csv (36 rows)
11:37:54 | INFO  | 
Processing: JUNE 10, 2026.html
11:37:55 | INFO  |   ✅ Saved: RR_06-10-2026.csv (36 rows)
11:37:55 | INFO  | 
Processing: JUNE 17, 2026.html
11:37:55 | INFO  |   ✅ Saved: RR_06-17-2026.csv (36 rows)
11:37:55 | INFO  | 
Processing: JULY 1, 2026.html
11:37:55 | INFO  |   ✅ Saved: RR_07-01-2026.csv (38 rows)
11:37:55 | INFO  | 
Processing: JUNE 25, 2026.html
11:37:55 | INFO  |   ✅ Saved: RR_06-25-2026.csv (38 rows)
11:37:55 | INFO  | 
Processing: JUNE 18, 2026.html
11:37:55 | INFO  |   ✅ Saved: RR_06-18-2026.csv (37 rows)
11:37:55 | INFO  | 
Processing: JUNE 24, 2026.html
11:37:55 | INFO  |   ✅ Saved: RR_06-24-2026.csv (37 rows)
11:37:55 | INFO  | 
✅ HTML parsing complete: 19 success, 0 errors
11:37:55 | INFO  | 
======================================================================
11:37:55 | INFO  | STAGE 2: MASTER AGGREGATION
11:37:55 | INFO  | ======================================================================
11:37:55 | INFO  | ✅ Backed up master to: risk_ranges_master_backup_20260701_113755.csv
11:37:55 | INFO  | Loaded existing master: 73,643 rows
11:37:55 | INFO  |   Loaded: RR_06-22-2026.csv (37 rows)
11:37:55 | INFO  |   Loaded: RR_06-23-2026.csv (37 rows)
11:37:55 | INFO  |   Loaded: RR_06-26-2026.csv (38 rows)
11:37:55 | INFO  |   Loaded: RR_06-05-2026.csv (37 rows)
11:37:55 | INFO  |   Loaded: RR_06-30-2026.csv (38 rows)
11:37:55 | INFO  |   Loaded: RR_06-08-2026.csv (37 rows)
11:37:55 | INFO  |   Loaded: RR_06-15-2026.csv (36 rows)
11:37:55 | INFO  |   Loaded: RR_06-04-2026.csv (37 rows)
11:37:55 | INFO  |   Loaded: RR_06-12-2026.csv (36 rows)
11:37:55 | INFO  |   Loaded: RR_06-11-2026.csv (36 rows)
11:37:55 | INFO  |   Loaded: RR_06-29-2026.csv (38 rows)
11:37:55 | INFO  |   Loaded: RR_06-09-2026.csv (36 rows)
11:37:55 | INFO  |   Loaded: RR_06-16-2026.csv (36 rows)
11:37:55 | INFO  |   Loaded: RR_06-10-2026.csv (36 rows)
11:37:55 | INFO  |   Loaded: RR_06-17-2026.csv (36 rows)
11:37:55 | INFO  |   Loaded: RR_07-01-2026.csv (38 rows)
11:37:55 | INFO  |   Loaded: RR_06-25-2026.csv (38 rows)
11:37:55 | INFO  |   Loaded: RR_06-18-2026.csv (37 rows)
11:37:55 | INFO  |   Loaded: RR_06-24-2026.csv (37 rows)
11:37:55 | INFO  | Combined new data: 701 rows
11:37:55 | INFO  | Removed 701 duplicate entries
11:37:55 | INFO  | ✅ Saved master CSV: 73,643 total rows
11:37:55 | INFO  |    Date range: 2017-01-03 to 2026-07-01
11:37:55 | INFO  | 
======================================================================
11:37:55 | INFO  | STAGE 3: TICKER SUBSETTING
11:37:55 | INFO  | ======================================================================
11:37:55 | INFO  | Loaded master: 73,643 rows
11:37:55 | INFO  | Creating subsets for 9 tickers
11:37:55 | INFO  |   ✅ UST10Y: 2358 rows | 2017-01-03 to 2026-07-01
11:37:55 | INFO  |   ✅ SPX: 2358 rows | 2017-01-03 to 2026-07-01
11:37:55 | INFO  |   ✅ COMPQ: 2358 rows | 2017-01-03 to 2026-07-01
11:37:55 | INFO  |   ✅ RUT: 2357 rows | 2017-01-03 to 2026-07-01
11:37:55 | INFO  |   ✅ VIX: 2358 rows | 2017-01-03 to 2026-07-01
11:37:55 | INFO  |   ✅ USD: 2358 rows | 2017-01-03 to 2026-07-01
11:37:56 | INFO  |   ✅ GOLD: 2356 rows | 2017-01-03 to 2026-07-01
11:37:56 | INFO  |   ✅ AAPL: 2356 rows | 2017-01-03 to 2026-07-01
11:37:56 | INFO  |   ✅ BITCOIN: 727 rows | 2023-08-01 to 2026-07-01
11:37:56 | INFO  | ✅ Ticker subsetting complete
11:37:56 | INFO  | 
======================================================================
11:37:56 | INFO  | STAGE 4: ENRICHMENT
11:37:56 | INFO  | ======================================================================
11:37:56 | INFO  | Enriching 9 tickers
11:37:56 | INFO  | 
──────────────────────────────────────────────────────────────────────
11:37:56 | INFO  | Enriching: SPX
11:37:56 | INFO  | ──────────────────────────────────────────────────────────────────────
11:37:56 | INFO  |   Loaded 2358 rows from SPX.csv
11:37:56 | INFO  |   Yahoo ticker: ^GSPC
11:37:56 | INFO  |   OHLC prefix: GSPC
11:37:56 | INFO  |   Vol prefix: VIX
11:37:56 | INFO  |   Downloading ^GSPC OHLC...
11:37:56 | INFO  |     Downloaded 2386 days (2017-01-03 to 2026-07-01)
11:37:56 | INFO  |   Downloading ^VIX volatility...
11:37:56 | INFO  |     Downloaded 2387 days (2017-01-03 to 2026-07-01)
11:37:56 | WARNING |   ⚠️  28 trading days missing from original CSV
11:37:56 | INFO  |   ✓ Enrichment complete: 2386 rows
11:37:56 | INFO  |   ✅ Saved: SPX_enriched.csv (2386 rows)
11:37:56 | WARNING |   ⚠️  28 rows need manual update
11:37:56 | INFO  | 
──────────────────────────────────────────────────────────────────────
11:37:56 | INFO  | Enriching: GOLD
11:37:56 | INFO  | ──────────────────────────────────────────────────────────────────────
11:37:56 | INFO  |   Loaded 2356 rows from GOLD.csv
11:37:56 | INFO  |   Yahoo ticker: GC=F
11:37:56 | INFO  |   OHLC prefix: GC
11:37:56 | INFO  |   Vol prefix: GVZ
11:37:56 | INFO  |   Downloading GC=F OHLC...
11:37:56 | INFO  |     Downloaded 2387 days (2017-01-03 to 2026-07-01)
11:37:56 | INFO  |   Downloading ^GVZ volatility...
11:37:57 | INFO  |     Downloaded 2386 days (2017-01-03 to 2026-07-01)
11:37:57 | WARNING |   ⚠️  32 trading days missing from original CSV
11:37:57 | INFO  |   ✓ Enrichment complete: 2387 rows
11:37:57 | INFO  |   ✅ Saved: GOLD_enriched.csv (2387 rows)
11:37:57 | WARNING |   ⚠️  32 rows need manual update
11:37:57 | INFO  | 
──────────────────────────────────────────────────────────────────────
11:37:57 | INFO  | Enriching: UST10Y
11:37:57 | INFO  | ──────────────────────────────────────────────────────────────────────
11:37:57 | INFO  |   Loaded 2358 rows from UST10Y.csv
11:37:57 | INFO  |   Yahoo ticker: ^TNX
11:37:57 | INFO  |   OHLC prefix: TNX
11:37:57 | INFO  |   Vol prefix: VIX
11:37:57 | INFO  |   Downloading ^TNX OHLC...
11:37:57 | INFO  |     Downloaded 2384 days (2017-01-03 to 2026-07-01)
11:37:57 | INFO  |   Downloading ^VIX volatility...
11:37:57 | INFO  |     Downloaded 2387 days (2017-01-03 to 2026-07-01)
11:37:57 | WARNING |   ⚠️  28 trading days missing from original CSV
11:37:57 | INFO  |   ✓ Enrichment complete: 2384 rows
11:37:57 | INFO  |   ✅ Saved: UST10Y_enriched.csv (2384 rows)
11:37:57 | WARNING |   ⚠️  28 rows need manual update
11:37:57 | INFO  | 
──────────────────────────────────────────────────────────────────────
11:37:57 | INFO  | Enriching: COMPQ
11:37:57 | INFO  | ──────────────────────────────────────────────────────────────────────
11:37:57 | INFO  |   Loaded 2358 rows from COMPQ.csv
11:37:57 | INFO  |   Yahoo ticker: ^IXIC
11:37:57 | INFO  |   OHLC prefix: IXIC
11:37:57 | INFO  |   Vol prefix: VIX
11:37:57 | INFO  |   Downloading ^IXIC OHLC...
11:37:58 | INFO  |     Downloaded 2386 days (2017-01-03 to 2026-07-01)
11:37:58 | INFO  |   Downloading ^VIX volatility...
11:37:58 | INFO  |     Downloaded 2387 days (2017-01-03 to 2026-07-01)
11:37:58 | WARNING |   ⚠️  28 trading days missing from original CSV
11:37:58 | INFO  |   ✓ Enrichment complete: 2386 rows
11:37:58 | INFO  |   ✅ Saved: COMPQ_enriched.csv (2386 rows)
11:37:58 | WARNING |   ⚠️  28 rows need manual update
11:37:58 | INFO  | 
──────────────────────────────────────────────────────────────────────
11:37:58 | INFO  | Enriching: RUT
11:37:58 | INFO  | ──────────────────────────────────────────────────────────────────────
11:37:58 | INFO  |   Loaded 2357 rows from RUT.csv
11:37:58 | INFO  |   Yahoo ticker: ^RUT
11:37:58 | INFO  |   OHLC prefix: RUT
11:37:58 | INFO  |   Vol prefix: VIX
11:37:58 | INFO  |   Downloading ^RUT OHLC...
11:37:58 | INFO  |     Downloaded 2386 days (2017-01-03 to 2026-07-01)
11:37:58 | INFO  |   Downloading ^VIX volatility...
11:37:58 | INFO  |     Downloaded 2387 days (2017-01-03 to 2026-07-01)
11:37:58 | WARNING |   ⚠️  29 trading days missing from original CSV
11:37:58 | INFO  |   ✓ Enrichment complete: 2386 rows
11:37:58 | INFO  |   ✅ Saved: RUT_enriched.csv (2386 rows)
11:37:58 | WARNING |   ⚠️  29 rows need manual update
11:37:58 | INFO  | 
──────────────────────────────────────────────────────────────────────
11:37:58 | INFO  | Enriching: VIX
11:37:58 | INFO  | ──────────────────────────────────────────────────────────────────────
11:37:58 | INFO  |   Loaded 2358 rows from VIX.csv
11:37:58 | INFO  |   Yahoo ticker: ^VIX
11:37:58 | INFO  |   OHLC prefix: VIX
11:37:58 | INFO  |   Vol prefix: VIXI
11:37:58 | INFO  |   Downloading ^VIX OHLC...
11:37:58 | INFO  |     Downloaded 2387 days (2017-01-03 to 2026-07-01)
11:37:58 | INFO  |   Downloading ^VIX volatility...
11:37:59 | INFO  |     Downloaded 2387 days (2017-01-03 to 2026-07-01)
11:37:59 | WARNING |   ⚠️  29 trading days missing from original CSV
11:37:59 | INFO  |   ✓ Enrichment complete: 2387 rows
11:37:59 | INFO  |   ✅ Saved: VIX_enriched.csv (2387 rows)
11:37:59 | WARNING |   ⚠️  29 rows need manual update
11:37:59 | INFO  | 
──────────────────────────────────────────────────────────────────────
11:37:59 | INFO  | Enriching: USD
11:37:59 | INFO  | ──────────────────────────────────────────────────────────────────────
11:37:59 | INFO  |   Loaded 2358 rows from USD.csv
11:37:59 | INFO  |   Yahoo ticker: DX-Y.NYB
11:37:59 | INFO  |   OHLC prefix: DX
11:37:59 | INFO  |   Vol prefix: VIX
11:37:59 | INFO  |   Downloading DX-Y.NYB OHLC...
11:37:59 | INFO  |     Downloaded 2388 days (2017-01-03 to 2026-07-01)
11:37:59 | INFO  |   Downloading ^VIX volatility...
11:37:59 | INFO  |     Downloaded 2387 days (2017-01-03 to 2026-07-01)
11:37:59 | WARNING |   ⚠️  30 trading days missing from original CSV
11:37:59 | INFO  |   ✓ Enrichment complete: 2388 rows
11:37:59 | INFO  |   ✅ Saved: USD_enriched.csv (2388 rows)
11:37:59 | WARNING |   ⚠️  30 rows need manual update
11:37:59 | INFO  | 
──────────────────────────────────────────────────────────────────────
11:37:59 | INFO  | Enriching: AAPL
11:37:59 | INFO  | ──────────────────────────────────────────────────────────────────────
11:37:59 | INFO  |   Loaded 2356 rows from AAPL.csv
11:37:59 | INFO  |   Yahoo ticker: AAPL
11:37:59 | INFO  |   OHLC prefix: AAPL
11:37:59 | INFO  |   Vol prefix: VIX
11:37:59 | INFO  |   Downloading AAPL OHLC...
11:37:59 | INFO  |     Downloaded 2386 days (2017-01-03 to 2026-07-01)
11:37:59 | INFO  |   Downloading ^VIX volatility...
11:37:59 | INFO  |     Downloaded 2387 days (2017-01-03 to 2026-07-01)
11:37:59 | WARNING |   ⚠️  30 trading days missing from original CSV
11:37:59 | INFO  |   ✓ Enrichment complete: 2386 rows
11:37:59 | INFO  |   ✅ Saved: AAPL_enriched.csv (2386 rows)
11:37:59 | WARNING |   ⚠️  30 rows need manual update
11:37:59 | INFO  | 
──────────────────────────────────────────────────────────────────────
11:37:59 | INFO  | Enriching: BITCOIN
11:37:59 | INFO  | ──────────────────────────────────────────────────────────────────────
11:37:59 | INFO  |   Loaded 727 rows from BITCOIN.csv
11:37:59 | INFO  |   ⚠️  Row count changed (3468 → 727) - re-enriching
11:37:59 | INFO  |   Yahoo ticker: BTC-USD
11:37:59 | INFO  |   OHLC prefix: BTC
11:37:59 | INFO  |   Vol prefix: VIX
11:37:59 | INFO  |   Downloading BTC-USD OHLC...
11:38:00 | INFO  |     Downloaded 3468 days (2017-01-02 to 2026-07-01)
11:38:00 | INFO  |   Downloading ^VIX volatility...
11:38:00 | INFO  |     Downloaded 2387 days (2017-01-03 to 2026-07-01)
11:38:00 | WARNING |   ⚠️  2741 trading days missing from original CSV
11:38:00 | INFO  |   ✓ Enrichment complete: 3468 rows
11:38:00 | INFO  |   ✅ Saved: BITCOIN_enriched.csv (3468 rows)
11:38:00 | WARNING |   ⚠️  2741 rows need manual update
11:38:00 | INFO  | 
======================================================================
11:38:00 | INFO  | ✅ Enrichment complete:
11:38:00 | INFO  |    Success: 9
11:38:00 | INFO  |    Skipped (up-to-date): 0
11:38:00 | INFO  |    Errors:  0
11:38:00 | INFO  | ======================================================================
11:38:00 | INFO  | 
======================================================================
11:38:00 | INFO  | ✅ PIPELINE COMPLETE
11:38:00 | INFO  | ======================================================================
