11:28:42 | INFO  | ======================================================================
11:28:42 | INFO  | ETL PIPELINE START
11:28:42 | INFO  | ======================================================================
11:28:42 | INFO  | 
📋 PIPELINE PLAN:
11:28:42 | INFO  |    HTML Files: 25 new / 25 total
11:28:42 | INFO  |    Master needs propagation: False
11:28:42 | INFO  | 
======================================================================
11:28:42 | INFO  | STAGE 1: HTML PARSING
11:28:42 | INFO  | ======================================================================
11:28:42 | INFO  | 
Processing: JUNE 22, 2026.html
11:28:42 | INFO  |   ✅ Saved: RR_06-22-2026.csv (37 rows)
11:28:42 | INFO  | 
Processing: JUNE 23, 2026.html
11:28:42 | INFO  |   ✅ Saved: RR_06-23-2026.csv (37 rows)
11:28:42 | INFO  | 
Processing: JULY 8, 2026.html
11:28:42 | INFO  |   ✅ Saved: RR_07-08-2026.csv (37 rows)
11:28:42 | INFO  | 
Processing: JUNE 26, 2026.html
11:28:42 | INFO  |   ✅ Saved: RR_06-26-2026.csv (38 rows)
11:28:42 | INFO  | 
Processing: JUNE 5, 2026.html
11:28:43 | INFO  |   ✅ Saved: RR_06-05-2026.csv (37 rows)
11:28:43 | INFO  | 
Processing: JUNE 30, 2026.html
11:28:43 | INFO  |   ✅ Saved: RR_06-30-2026.csv (38 rows)
11:28:43 | INFO  | 
Processing: JUNE 8, 2026.html
11:28:43 | INFO  |   ✅ Saved: RR_06-08-2026.csv (37 rows)
11:28:43 | INFO  | 
Processing: JULY 10, 2026.html
11:28:43 | INFO  |   ✅ Saved: RR_07-10-2026.csv (37 rows)
11:28:43 | INFO  | 
Processing: JUNE 15, 2026.html
11:28:43 | INFO  |   ✅ Saved: RR_06-15-2026.csv (36 rows)
11:28:43 | INFO  | 
Processing: JULY 9, 2026.html
11:28:43 | INFO  |   ✅ Saved: RR_07-09-2026.csv (37 rows)
11:28:43 | INFO  | 
Processing: JUNE 4, 2026.html
11:28:43 | INFO  |   ✅ Saved: RR_06-04-2026.csv (37 rows)
11:28:43 | INFO  | 
Processing: JUNE 12, 2026.html
11:28:43 | INFO  |   ✅ Saved: RR_06-12-2026.csv (36 rows)
11:28:43 | INFO  | 
Processing: JUNE 11, 2026.html
11:28:43 | INFO  |   ✅ Saved: RR_06-11-2026.csv (36 rows)
11:28:43 | INFO  | 
Processing: JUNE 29, 2026.html
11:28:43 | INFO  |   ✅ Saved: RR_06-29-2026.csv (38 rows)
11:28:43 | INFO  | 
Processing: JULY 2, 2026.html
11:28:43 | INFO  |   ✅ Saved: RR_07-02-2026.csv (38 rows)
11:28:43 | INFO  | 
Processing: JUNE 9, 2026.html
11:28:43 | INFO  |   ✅ Saved: RR_06-09-2026.csv (36 rows)
11:28:43 | INFO  | 
Processing: JUNE 16, 2026.html
11:28:43 | INFO  |   ✅ Saved: RR_06-16-2026.csv (36 rows)
11:28:43 | INFO  | 
Processing: JUNE 10, 2026.html
11:28:43 | INFO  |   ✅ Saved: RR_06-10-2026.csv (36 rows)
11:28:43 | INFO  | 
Processing: JUNE 17, 2026.html
11:28:43 | INFO  |   ✅ Saved: RR_06-17-2026.csv (36 rows)
11:28:43 | INFO  | 
Processing: JULY 6, 2026.html
11:28:43 | INFO  |   ✅ Saved: RR_07-06-2026.csv (37 rows)
11:28:43 | INFO  | 
Processing: JULY 1, 2026.html
11:28:44 | INFO  |   ✅ Saved: RR_07-01-2026.csv (38 rows)
11:28:44 | INFO  | 
Processing: JULY 7, 2026.html
11:28:44 | INFO  |   ✅ Saved: RR_07-07-2026.csv (37 rows)
11:28:44 | INFO  | 
Processing: JUNE 25, 2026.html
11:28:44 | INFO  |   ✅ Saved: RR_06-25-2026.csv (38 rows)
11:28:44 | INFO  | 
Processing: JUNE 18, 2026.html
11:28:44 | INFO  |   ✅ Saved: RR_06-18-2026.csv (37 rows)
11:28:44 | INFO  | 
Processing: JUNE 24, 2026.html
11:28:44 | INFO  |   ✅ Saved: RR_06-24-2026.csv (37 rows)
11:28:44 | INFO  | 
✅ HTML parsing complete: 25 success, 0 errors
11:28:44 | INFO  | 
======================================================================
11:28:44 | INFO  | STAGE 2: MASTER AGGREGATION
11:28:44 | INFO  | ======================================================================
11:28:44 | INFO  | ✅ Backed up master to: risk_ranges_master_backup_20260710_112844.csv
11:28:44 | INFO  | Loaded existing master: 73,866 rows
11:28:44 | INFO  |   Loaded: RR_06-22-2026.csv (37 rows)
11:28:44 | INFO  |   Loaded: RR_06-23-2026.csv (37 rows)
11:28:44 | INFO  |   Loaded: RR_07-08-2026.csv (37 rows)
11:28:44 | INFO  |   Loaded: RR_06-26-2026.csv (38 rows)
11:28:44 | INFO  |   Loaded: RR_06-05-2026.csv (37 rows)
11:28:44 | INFO  |   Loaded: RR_06-30-2026.csv (38 rows)
11:28:44 | INFO  |   Loaded: RR_06-08-2026.csv (37 rows)
11:28:44 | INFO  |   Loaded: RR_07-10-2026.csv (37 rows)
11:28:44 | INFO  |   Loaded: RR_06-15-2026.csv (36 rows)
11:28:44 | INFO  |   Loaded: RR_07-09-2026.csv (37 rows)
11:28:44 | INFO  |   Loaded: RR_06-04-2026.csv (37 rows)
11:28:44 | INFO  |   Loaded: RR_06-12-2026.csv (36 rows)
11:28:44 | INFO  |   Loaded: RR_06-11-2026.csv (36 rows)
11:28:44 | INFO  |   Loaded: RR_06-29-2026.csv (38 rows)
11:28:44 | INFO  |   Loaded: RR_07-02-2026.csv (38 rows)
11:28:44 | INFO  |   Loaded: RR_06-09-2026.csv (36 rows)
11:28:44 | INFO  |   Loaded: RR_06-16-2026.csv (36 rows)
11:28:44 | INFO  |   Loaded: RR_06-10-2026.csv (36 rows)
11:28:44 | INFO  |   Loaded: RR_06-17-2026.csv (36 rows)
11:28:44 | INFO  |   Loaded: RR_07-06-2026.csv (37 rows)
11:28:44 | INFO  |   Loaded: RR_07-01-2026.csv (38 rows)
11:28:44 | INFO  |   Loaded: RR_07-07-2026.csv (37 rows)
11:28:44 | INFO  |   Loaded: RR_06-25-2026.csv (38 rows)
11:28:44 | INFO  |   Loaded: RR_06-18-2026.csv (37 rows)
11:28:44 | INFO  |   Loaded: RR_06-24-2026.csv (37 rows)
11:28:44 | INFO  | Combined new data: 924 rows
11:28:44 | INFO  | Removed 924 duplicate entries
11:28:44 | INFO  | ✅ Saved master CSV: 73,866 total rows
11:28:44 | INFO  |    Date range: 2017-01-03 to 2026-07-10
11:28:44 | INFO  | 
======================================================================
11:28:44 | INFO  | STAGE 3: TICKER SUBSETTING
11:28:44 | INFO  | ======================================================================
11:28:44 | INFO  | Loaded master: 73,866 rows
11:28:44 | INFO  | Creating subsets for 9 tickers
11:28:44 | INFO  |   ✅ UST10Y: 2364 rows | 2017-01-03 to 2026-07-10
11:28:44 | INFO  |   ✅ SPX: 2364 rows | 2017-01-03 to 2026-07-10
11:28:44 | INFO  |   ✅ COMPQ: 2364 rows | 2017-01-03 to 2026-07-10
11:28:44 | INFO  |   ✅ RUT: 2363 rows | 2017-01-03 to 2026-07-10
11:28:44 | INFO  |   ✅ VIX: 2364 rows | 2017-01-03 to 2026-07-10
11:28:44 | INFO  |   ✅ USD: 2364 rows | 2017-01-03 to 2026-07-10
11:28:44 | INFO  |   ✅ GOLD: 2362 rows | 2017-01-03 to 2026-07-10
11:28:44 | INFO  |   ✅ AAPL: 2362 rows | 2017-01-03 to 2026-07-10
11:28:44 | INFO  |   ✅ BITCOIN: 733 rows | 2023-08-01 to 2026-07-10
11:28:44 | INFO  | ✅ Ticker subsetting complete
11:28:44 | INFO  | 
======================================================================
11:28:44 | INFO  | STAGE 4: ENRICHMENT
11:28:44 | INFO  | ======================================================================
11:28:44 | INFO  | Enriching 9 tickers
11:28:44 | INFO  | 
──────────────────────────────────────────────────────────────────────
11:28:44 | INFO  | Enriching: SPX
11:28:44 | INFO  | ──────────────────────────────────────────────────────────────────────
11:28:44 | INFO  |   Loaded 2364 rows from SPX.csv
11:28:44 | INFO  |   Yahoo ticker: ^GSPC
11:28:44 | INFO  |   OHLC prefix: GSPC
11:28:44 | INFO  |   Vol prefix: VIX
11:28:44 | INFO  |   Downloading ^GSPC OHLC...
11:28:45 | INFO  |     Downloaded 2392 days (2017-01-03 to 2026-07-10)
11:28:45 | INFO  |   Downloading ^VIX volatility...
11:28:45 | INFO  |     Downloaded 2393 days (2017-01-03 to 2026-07-10)
11:28:45 | WARNING |   ⚠️  28 trading days missing from original CSV
11:28:45 | INFO  |   ✓ Enrichment complete: 2392 rows
11:28:45 | INFO  |   ✅ Saved: SPX_enriched.csv (2392 rows)
11:28:45 | WARNING |   ⚠️  28 rows need manual update
11:28:45 | INFO  | 
──────────────────────────────────────────────────────────────────────
11:28:45 | INFO  | Enriching: GOLD
11:28:45 | INFO  | ──────────────────────────────────────────────────────────────────────
11:28:45 | INFO  |   Loaded 2362 rows from GOLD.csv
11:28:45 | INFO  |   Yahoo ticker: GC=F
11:28:45 | INFO  |   OHLC prefix: GC
11:28:45 | INFO  |   Vol prefix: GVZ
11:28:45 | INFO  |   Downloading GC=F OHLC...
11:28:45 | INFO  |     Downloaded 2393 days (2017-01-03 to 2026-07-10)
11:28:45 | INFO  |   Downloading ^GVZ volatility...
11:28:46 | INFO  |     Downloaded 2392 days (2017-01-03 to 2026-07-10)
11:28:46 | WARNING |   ⚠️  32 trading days missing from original CSV
11:28:46 | INFO  |   ✓ Enrichment complete: 2393 rows
11:28:46 | INFO  |   ✅ Saved: GOLD_enriched.csv (2393 rows)
11:28:46 | WARNING |   ⚠️  32 rows need manual update
11:28:46 | INFO  | 
──────────────────────────────────────────────────────────────────────
11:28:46 | INFO  | Enriching: UST10Y
11:28:46 | INFO  | ──────────────────────────────────────────────────────────────────────
11:28:46 | INFO  |   Loaded 2364 rows from UST10Y.csv
11:28:46 | INFO  |   Yahoo ticker: ^TNX
11:28:46 | INFO  |   OHLC prefix: TNX
11:28:46 | INFO  |   Vol prefix: VIX
11:28:46 | INFO  |   Downloading ^TNX OHLC...
11:28:46 | INFO  |     Downloaded 2391 days (2017-01-03 to 2026-07-10)
11:28:46 | INFO  |   Downloading ^VIX volatility...
11:28:46 | INFO  |     Downloaded 2393 days (2017-01-03 to 2026-07-10)
11:28:46 | WARNING |   ⚠️  28 trading days missing from original CSV
11:28:46 | INFO  |   ✓ Enrichment complete: 2391 rows
11:28:46 | INFO  |   ✅ Saved: UST10Y_enriched.csv (2391 rows)
11:28:46 | WARNING |   ⚠️  28 rows need manual update
11:28:46 | INFO  | 
──────────────────────────────────────────────────────────────────────
11:28:46 | INFO  | Enriching: COMPQ
11:28:46 | INFO  | ──────────────────────────────────────────────────────────────────────
11:28:46 | INFO  |   Loaded 2364 rows from COMPQ.csv
11:28:46 | INFO  |   Yahoo ticker: ^IXIC
11:28:46 | INFO  |   OHLC prefix: IXIC
11:28:46 | INFO  |   Vol prefix: VIX
11:28:46 | INFO  |   Downloading ^IXIC OHLC...
11:28:46 | INFO  |     Downloaded 2392 days (2017-01-03 to 2026-07-10)
11:28:46 | INFO  |   Downloading ^VIX volatility...
11:28:47 | INFO  |     Downloaded 2393 days (2017-01-03 to 2026-07-10)
11:28:47 | WARNING |   ⚠️  28 trading days missing from original CSV
11:28:47 | INFO  |   ✓ Enrichment complete: 2392 rows
11:28:47 | INFO  |   ✅ Saved: COMPQ_enriched.csv (2392 rows)
11:28:47 | WARNING |   ⚠️  28 rows need manual update
11:28:47 | INFO  | 
──────────────────────────────────────────────────────────────────────
11:28:47 | INFO  | Enriching: RUT
11:28:47 | INFO  | ──────────────────────────────────────────────────────────────────────
11:28:47 | INFO  |   Loaded 2363 rows from RUT.csv
11:28:47 | INFO  |   Yahoo ticker: ^RUT
11:28:47 | INFO  |   OHLC prefix: RUT
11:28:47 | INFO  |   Vol prefix: VIX
11:28:47 | INFO  |   Downloading ^RUT OHLC...
11:28:47 | INFO  |     Downloaded 2392 days (2017-01-03 to 2026-07-10)
11:28:47 | INFO  |   Downloading ^VIX volatility...
11:28:47 | INFO  |     Downloaded 2393 days (2017-01-03 to 2026-07-10)
11:28:47 | WARNING |   ⚠️  29 trading days missing from original CSV
11:28:47 | INFO  |   ✓ Enrichment complete: 2392 rows
11:28:47 | INFO  |   ✅ Saved: RUT_enriched.csv (2392 rows)
11:28:47 | WARNING |   ⚠️  29 rows need manual update
11:28:47 | INFO  | 
──────────────────────────────────────────────────────────────────────
11:28:47 | INFO  | Enriching: VIX
11:28:47 | INFO  | ──────────────────────────────────────────────────────────────────────
11:28:47 | INFO  |   Loaded 2364 rows from VIX.csv
11:28:47 | INFO  |   Yahoo ticker: ^VIX
11:28:47 | INFO  |   OHLC prefix: VIX
11:28:47 | INFO  |   Vol prefix: VIXI
11:28:47 | INFO  |   Downloading ^VIX OHLC...
11:28:47 | INFO  |     Downloaded 2393 days (2017-01-03 to 2026-07-10)
11:28:47 | INFO  |   Downloading ^VIX volatility...
11:28:47 | INFO  |     Downloaded 2393 days (2017-01-03 to 2026-07-10)
11:28:47 | WARNING |   ⚠️  29 trading days missing from original CSV
11:28:47 | INFO  |   ✓ Enrichment complete: 2393 rows
11:28:47 | INFO  |   ✅ Saved: VIX_enriched.csv (2393 rows)
11:28:47 | WARNING |   ⚠️  29 rows need manual update
11:28:47 | INFO  | 
──────────────────────────────────────────────────────────────────────
11:28:47 | INFO  | Enriching: USD
11:28:47 | INFO  | ──────────────────────────────────────────────────────────────────────
11:28:47 | INFO  |   Loaded 2364 rows from USD.csv
11:28:47 | INFO  |   Yahoo ticker: DX-Y.NYB
11:28:47 | INFO  |   OHLC prefix: DX
11:28:47 | INFO  |   Vol prefix: VIX
11:28:47 | INFO  |   Downloading DX-Y.NYB OHLC...
11:28:48 | INFO  |     Downloaded 2394 days (2017-01-03 to 2026-07-10)
11:28:48 | INFO  |   Downloading ^VIX volatility...
11:28:48 | INFO  |     Downloaded 2393 days (2017-01-03 to 2026-07-10)
11:28:48 | WARNING |   ⚠️  30 trading days missing from original CSV
11:28:48 | INFO  |   ✓ Enrichment complete: 2394 rows
11:28:48 | INFO  |   ✅ Saved: USD_enriched.csv (2394 rows)
11:28:48 | WARNING |   ⚠️  30 rows need manual update
11:28:48 | INFO  | 
──────────────────────────────────────────────────────────────────────
11:28:48 | INFO  | Enriching: AAPL
11:28:48 | INFO  | ──────────────────────────────────────────────────────────────────────
11:28:48 | INFO  |   Loaded 2362 rows from AAPL.csv
11:28:48 | INFO  |   Yahoo ticker: AAPL
11:28:48 | INFO  |   OHLC prefix: AAPL
11:28:48 | INFO  |   Vol prefix: VIX
11:28:48 | INFO  |   Downloading AAPL OHLC...
11:28:48 | INFO  |     Downloaded 2392 days (2017-01-03 to 2026-07-10)
11:28:48 | INFO  |   Downloading ^VIX volatility...
11:28:49 | INFO  |     Downloaded 2393 days (2017-01-03 to 2026-07-10)
11:28:49 | WARNING |   ⚠️  30 trading days missing from original CSV
11:28:49 | INFO  |   ✓ Enrichment complete: 2392 rows
11:28:49 | INFO  |   ✅ Saved: AAPL_enriched.csv (2392 rows)
11:28:49 | WARNING |   ⚠️  30 rows need manual update
11:28:49 | INFO  | 
──────────────────────────────────────────────────────────────────────
11:28:49 | INFO  | Enriching: BITCOIN
11:28:49 | INFO  | ──────────────────────────────────────────────────────────────────────
11:28:49 | INFO  |   Loaded 733 rows from BITCOIN.csv
11:28:49 | INFO  |   ⚠️  Row count changed (3477 → 733) - re-enriching
11:28:49 | INFO  |   Yahoo ticker: BTC-USD
11:28:49 | INFO  |   OHLC prefix: BTC
11:28:49 | INFO  |   Vol prefix: VIX
11:28:49 | INFO  |   Downloading BTC-USD OHLC...
11:28:49 | INFO  |     Downloaded 3477 days (2017-01-02 to 2026-07-10)
11:28:49 | INFO  |   Downloading ^VIX volatility...
11:28:49 | INFO  |     Downloaded 2393 days (2017-01-03 to 2026-07-10)
11:28:49 | WARNING |   ⚠️  2744 trading days missing from original CSV
11:28:49 | INFO  |   ✓ Enrichment complete: 3477 rows
11:28:49 | INFO  |   ✅ Saved: BITCOIN_enriched.csv (3477 rows)
11:28:49 | WARNING |   ⚠️  2744 rows need manual update
11:28:49 | INFO  | 
======================================================================
11:28:49 | INFO  | ✅ Enrichment complete:
11:28:49 | INFO  |    Success: 9
11:28:49 | INFO  |    Skipped (up-to-date): 0
11:28:49 | INFO  |    Errors:  0
11:28:49 | INFO  | ======================================================================
11:28:49 | INFO  | 
======================================================================
11:28:49 | INFO  | ✅ PIPELINE COMPLETE
11:28:49 | INFO  | ======================================================================
