09:08:07 | INFO  | ======================================================================
09:08:07 | INFO  | ETL PIPELINE START
09:08:07 | INFO  | ======================================================================
09:08:07 | INFO  | 
📋 PIPELINE PLAN:
09:08:07 | INFO  |    HTML Files: 30 new / 30 total
09:08:07 | INFO  |    Master needs propagation: False
09:08:07 | INFO  | 
======================================================================
09:08:07 | INFO  | STAGE 1: HTML PARSING
09:08:07 | INFO  | ======================================================================
09:08:07 | INFO  | 
Processing: JULY 14, 2026.html
09:08:07 | INFO  |   ✅ Saved: RR_07-14-2026.csv (37 rows)
09:08:07 | INFO  | 
Processing: JUNE 30, 2026.html
09:08:07 | INFO  |   ✅ Saved: RR_06-30-2026.csv (38 rows)
09:08:07 | INFO  | 
Processing: JULY 13, 2026.html
09:08:07 | INFO  |   ✅ Saved: RR_07-13-2026.csv (37 rows)
09:08:07 | INFO  | 
Processing: JUNE 16, 2026.html
09:08:07 | INFO  |   ✅ Saved: RR_06-16-2026.csv (36 rows)
09:08:07 | INFO  | 
Processing: JUNE 8, 2026.html
09:08:07 | INFO  |   ✅ Saved: RR_06-08-2026.csv (37 rows)
09:08:07 | INFO  | 
Processing: JULY 17, 2026.html
09:08:07 | INFO  |   ✅ Saved: RR_07-17-2026.csv (38 rows)
09:08:07 | INFO  | 
Processing: JULY 9, 2026.html
09:08:07 | INFO  |   ✅ Saved: RR_07-09-2026.csv (37 rows)
09:08:07 | INFO  | 
Processing: JULY 15, 2026.html
09:08:07 | INFO  |   ✅ Saved: RR_07-15-2026.csv (37 rows)
09:08:07 | INFO  | 
Processing: JULY 10, 2026.html
09:08:07 | INFO  |   ✅ Saved: RR_07-10-2026.csv (37 rows)
09:08:07 | INFO  | 
Processing: JUNE 11, 2026.html
09:08:08 | INFO  |   ✅ Saved: RR_06-11-2026.csv (36 rows)
09:08:08 | INFO  | 
Processing: JULY 16, 2026.html
09:08:08 | INFO  |   ✅ Saved: RR_07-16-2026.csv (37 rows)
09:08:08 | INFO  | 
Processing: JUNE 24, 2026.html
09:08:08 | INFO  |   ✅ Saved: RR_06-24-2026.csv (37 rows)
09:08:08 | INFO  | 
Processing: JULY 1, 2026.html
09:08:08 | INFO  |   ✅ Saved: RR_07-01-2026.csv (38 rows)
09:08:08 | INFO  | 
Processing: JUNE 23, 2026.html
09:08:08 | INFO  |   ✅ Saved: RR_06-23-2026.csv (37 rows)
09:08:08 | INFO  | 
Processing: JULY 2, 2026.html
09:08:08 | INFO  |   ✅ Saved: RR_07-02-2026.csv (38 rows)
09:08:08 | INFO  | 
Processing: JUNE 5, 2026.html
09:08:08 | INFO  |   ✅ Saved: RR_06-05-2026.csv (37 rows)
09:08:08 | INFO  | 
Processing: JUNE 12, 2026.html
09:08:08 | INFO  |   ✅ Saved: RR_06-12-2026.csv (36 rows)
09:08:08 | INFO  | 
Processing: JUNE 15, 2026.html
09:08:08 | INFO  |   ✅ Saved: RR_06-15-2026.csv (36 rows)
09:08:08 | INFO  | 
Processing: JULY 6, 2026.html
09:08:08 | INFO  |   ✅ Saved: RR_07-06-2026.csv (37 rows)
09:08:08 | INFO  | 
Processing: JUNE 10, 2026.html
09:08:08 | INFO  |   ✅ Saved: RR_06-10-2026.csv (36 rows)
09:08:08 | INFO  | 
Processing: JUNE 4, 2026.html
09:08:08 | INFO  |   ✅ Saved: RR_06-04-2026.csv (37 rows)
09:08:08 | INFO  | 
Processing: JUNE 22, 2026.html
09:08:09 | INFO  |   ✅ Saved: RR_06-22-2026.csv (37 rows)
09:08:09 | INFO  | 
Processing: JULY 8, 2026.html
09:08:09 | INFO  |   ✅ Saved: RR_07-08-2026.csv (37 rows)
09:08:09 | INFO  | 
Processing: JUNE 26, 2026.html
09:08:09 | INFO  |   ✅ Saved: RR_06-26-2026.csv (38 rows)
09:08:09 | INFO  | 
Processing: JUNE 25, 2026.html
09:08:09 | INFO  |   ✅ Saved: RR_06-25-2026.csv (38 rows)
09:08:09 | INFO  | 
Processing: JUNE 17, 2026.html
09:08:09 | INFO  |   ✅ Saved: RR_06-17-2026.csv (36 rows)
09:08:09 | INFO  | 
Processing: JUNE 18, 2026.html
09:08:09 | INFO  |   ✅ Saved: RR_06-18-2026.csv (37 rows)
09:08:09 | INFO  | 
Processing: JULY 7, 2026.html
09:08:09 | INFO  |   ✅ Saved: RR_07-07-2026.csv (37 rows)
09:08:09 | INFO  | 
Processing: JUNE 9, 2026.html
09:08:09 | INFO  |   ✅ Saved: RR_06-09-2026.csv (36 rows)
09:08:09 | INFO  | 
Processing: JUNE 29, 2026.html
09:08:09 | INFO  |   ✅ Saved: RR_06-29-2026.csv (38 rows)
09:08:09 | INFO  | 
✅ HTML parsing complete: 30 success, 0 errors
09:08:09 | INFO  | 
======================================================================
09:08:09 | INFO  | STAGE 2: MASTER AGGREGATION
09:08:09 | INFO  | ======================================================================
09:08:09 | INFO  | ✅ Backed up master to: risk_ranges_master_backup_20260717_090809.csv
09:08:09 | INFO  | Loaded existing master: 74,014 rows
09:08:09 | INFO  |   Loaded: RR_07-14-2026.csv (37 rows)
09:08:09 | INFO  |   Loaded: RR_06-30-2026.csv (38 rows)
09:08:09 | INFO  |   Loaded: RR_07-13-2026.csv (37 rows)
09:08:09 | INFO  |   Loaded: RR_06-16-2026.csv (36 rows)
09:08:09 | INFO  |   Loaded: RR_06-08-2026.csv (37 rows)
09:08:09 | INFO  |   Loaded: RR_07-17-2026.csv (38 rows)
09:08:09 | INFO  |   Loaded: RR_07-09-2026.csv (37 rows)
09:08:09 | INFO  |   Loaded: RR_07-15-2026.csv (37 rows)
09:08:09 | INFO  |   Loaded: RR_07-10-2026.csv (37 rows)
09:08:09 | INFO  |   Loaded: RR_06-11-2026.csv (36 rows)
09:08:09 | INFO  |   Loaded: RR_07-16-2026.csv (37 rows)
09:08:09 | INFO  |   Loaded: RR_06-24-2026.csv (37 rows)
09:08:09 | INFO  |   Loaded: RR_07-01-2026.csv (38 rows)
09:08:09 | INFO  |   Loaded: RR_06-23-2026.csv (37 rows)
09:08:09 | INFO  |   Loaded: RR_07-02-2026.csv (38 rows)
09:08:09 | INFO  |   Loaded: RR_06-05-2026.csv (37 rows)
09:08:09 | INFO  |   Loaded: RR_06-12-2026.csv (36 rows)
09:08:09 | INFO  |   Loaded: RR_06-15-2026.csv (36 rows)
09:08:09 | INFO  |   Loaded: RR_07-06-2026.csv (37 rows)
09:08:09 | INFO  |   Loaded: RR_06-10-2026.csv (36 rows)
09:08:09 | INFO  |   Loaded: RR_06-04-2026.csv (37 rows)
09:08:09 | INFO  |   Loaded: RR_06-22-2026.csv (37 rows)
09:08:09 | INFO  |   Loaded: RR_07-08-2026.csv (37 rows)
09:08:09 | INFO  |   Loaded: RR_06-26-2026.csv (38 rows)
09:08:09 | INFO  |   Loaded: RR_06-25-2026.csv (38 rows)
09:08:09 | INFO  |   Loaded: RR_06-17-2026.csv (36 rows)
09:08:09 | INFO  |   Loaded: RR_06-18-2026.csv (37 rows)
09:08:09 | INFO  |   Loaded: RR_07-07-2026.csv (37 rows)
09:08:09 | INFO  |   Loaded: RR_06-09-2026.csv (36 rows)
09:08:09 | INFO  |   Loaded: RR_06-29-2026.csv (38 rows)
09:08:09 | INFO  | Combined new data: 1110 rows
09:08:09 | INFO  | Removed 1072 duplicate entries
09:08:10 | INFO  | ✅ Saved master CSV: 74,052 total rows
09:08:10 | INFO  |    Date range: 2017-01-03 to 2026-07-17
09:08:10 | INFO  | 
======================================================================
09:08:10 | INFO  | STAGE 3: TICKER SUBSETTING
09:08:10 | INFO  | ======================================================================
09:08:10 | INFO  | Loaded master: 74,052 rows
09:08:10 | INFO  | Creating subsets for 9 tickers
09:08:10 | INFO  |   ✅ UST10Y: 2369 rows | 2017-01-03 to 2026-07-17
09:08:10 | INFO  |   ✅ SPX: 2369 rows | 2017-01-03 to 2026-07-17
09:08:10 | INFO  |   ✅ COMPQ: 2369 rows | 2017-01-03 to 2026-07-17
09:08:10 | INFO  |   ✅ RUT: 2368 rows | 2017-01-03 to 2026-07-17
09:08:10 | INFO  |   ✅ VIX: 2369 rows | 2017-01-03 to 2026-07-17
09:08:10 | INFO  |   ✅ USD: 2369 rows | 2017-01-03 to 2026-07-17
09:08:10 | INFO  |   ✅ GOLD: 2367 rows | 2017-01-03 to 2026-07-17
09:08:10 | INFO  |   ✅ AAPL: 2367 rows | 2017-01-03 to 2026-07-17
09:08:10 | INFO  |   ✅ BITCOIN: 738 rows | 2023-08-01 to 2026-07-17
09:08:10 | INFO  | ✅ Ticker subsetting complete
09:08:10 | INFO  | 
======================================================================
09:08:10 | INFO  | STAGE 4: ENRICHMENT
09:08:10 | INFO  | ======================================================================
09:08:10 | INFO  | Enriching 9 tickers
09:08:10 | INFO  | 
──────────────────────────────────────────────────────────────────────
09:08:10 | INFO  | Enriching: SPX
09:08:10 | INFO  | ──────────────────────────────────────────────────────────────────────
09:08:10 | INFO  |   Loaded 2369 rows from SPX.csv
09:08:10 | INFO  |   Yahoo ticker: ^GSPC
09:08:10 | INFO  |   OHLC prefix: GSPC
09:08:10 | INFO  |   Vol prefix: VIX
09:08:10 | INFO  |   Downloading ^GSPC OHLC...
09:08:10 | INFO  |     Downloaded 2396 days (2017-01-03 to 2026-07-16)
09:08:10 | INFO  |   Downloading ^VIX volatility...
09:08:10 | INFO  |     Downloaded 2398 days (2017-01-03 to 2026-07-17)
09:08:10 | WARNING |   ⚠️  28 trading days missing from original CSV
09:08:10 | INFO  |   ✓ Enrichment complete: 2396 rows
09:08:10 | INFO  |   ✅ Saved: SPX_enriched.csv (2396 rows)
09:08:10 | WARNING |   ⚠️  28 rows need manual update
09:08:10 | INFO  | 
──────────────────────────────────────────────────────────────────────
09:08:10 | INFO  | Enriching: GOLD
09:08:10 | INFO  | ──────────────────────────────────────────────────────────────────────
09:08:10 | INFO  |   Loaded 2367 rows from GOLD.csv
09:08:10 | INFO  |   Yahoo ticker: GC=F
09:08:10 | INFO  |   OHLC prefix: GC
09:08:10 | INFO  |   Vol prefix: GVZ
09:08:10 | INFO  |   Downloading GC=F OHLC...
09:08:11 | INFO  |     Downloaded 2398 days (2017-01-03 to 2026-07-17)
09:08:11 | INFO  |   Downloading ^GVZ volatility...
09:08:11 | INFO  |     Downloaded 2396 days (2017-01-03 to 2026-07-16)
09:08:11 | WARNING |   ⚠️  32 trading days missing from original CSV
09:08:11 | INFO  |   ✓ Enrichment complete: 2398 rows
09:08:11 | INFO  |   ✅ Saved: GOLD_enriched.csv (2398 rows)
09:08:11 | WARNING |   ⚠️  32 rows need manual update
09:08:11 | INFO  | 
──────────────────────────────────────────────────────────────────────
09:08:11 | INFO  | Enriching: UST10Y
09:08:11 | INFO  | ──────────────────────────────────────────────────────────────────────
09:08:11 | INFO  |   Loaded 2369 rows from UST10Y.csv
09:08:11 | INFO  |   Yahoo ticker: ^TNX
09:08:11 | INFO  |   OHLC prefix: TNX
09:08:11 | INFO  |   Vol prefix: VIX
09:08:11 | INFO  |   Downloading ^TNX OHLC...
09:08:11 | INFO  |     Downloaded 2397 days (2017-01-03 to 2026-07-17)
09:08:11 | INFO  |   Downloading ^VIX volatility...
09:08:11 | INFO  |     Downloaded 2398 days (2017-01-03 to 2026-07-17)
09:08:11 | WARNING |   ⚠️  28 trading days missing from original CSV
09:08:11 | INFO  |   ✓ Enrichment complete: 2397 rows
09:08:11 | INFO  |   ✅ Saved: UST10Y_enriched.csv (2397 rows)
09:08:11 | WARNING |   ⚠️  28 rows need manual update
09:08:11 | INFO  | 
──────────────────────────────────────────────────────────────────────
09:08:11 | INFO  | Enriching: COMPQ
09:08:11 | INFO  | ──────────────────────────────────────────────────────────────────────
09:08:11 | INFO  |   Loaded 2369 rows from COMPQ.csv
09:08:11 | INFO  |   Yahoo ticker: ^IXIC
09:08:11 | INFO  |   OHLC prefix: IXIC
09:08:11 | INFO  |   Vol prefix: VIX
09:08:11 | INFO  |   Downloading ^IXIC OHLC...
09:08:11 | INFO  |     Downloaded 2396 days (2017-01-03 to 2026-07-16)
09:08:11 | INFO  |   Downloading ^VIX volatility...
09:08:12 | INFO  |     Downloaded 2398 days (2017-01-03 to 2026-07-17)
09:08:12 | WARNING |   ⚠️  28 trading days missing from original CSV
09:08:12 | INFO  |   ✓ Enrichment complete: 2396 rows
09:08:12 | INFO  |   ✅ Saved: COMPQ_enriched.csv (2396 rows)
09:08:12 | WARNING |   ⚠️  28 rows need manual update
09:08:12 | INFO  | 
──────────────────────────────────────────────────────────────────────
09:08:12 | INFO  | Enriching: RUT
09:08:12 | INFO  | ──────────────────────────────────────────────────────────────────────
09:08:12 | INFO  |   Loaded 2368 rows from RUT.csv
09:08:12 | INFO  |   Yahoo ticker: ^RUT
09:08:12 | INFO  |   OHLC prefix: RUT
09:08:12 | INFO  |   Vol prefix: VIX
09:08:12 | INFO  |   Downloading ^RUT OHLC...
09:08:12 | INFO  |     Downloaded 2396 days (2017-01-03 to 2026-07-16)
09:08:12 | INFO  |   Downloading ^VIX volatility...
09:08:12 | INFO  |     Downloaded 2398 days (2017-01-03 to 2026-07-17)
09:08:12 | WARNING |   ⚠️  29 trading days missing from original CSV
09:08:12 | INFO  |   ✓ Enrichment complete: 2396 rows
09:08:12 | INFO  |   ✅ Saved: RUT_enriched.csv (2396 rows)
09:08:12 | WARNING |   ⚠️  29 rows need manual update
09:08:12 | INFO  | 
──────────────────────────────────────────────────────────────────────
09:08:12 | INFO  | Enriching: VIX
09:08:12 | INFO  | ──────────────────────────────────────────────────────────────────────
09:08:12 | INFO  |   Loaded 2369 rows from VIX.csv
09:08:12 | INFO  |   Yahoo ticker: ^VIX
09:08:12 | INFO  |   OHLC prefix: VIX
09:08:12 | INFO  |   Vol prefix: VIXI
09:08:12 | INFO  |   Downloading ^VIX OHLC...
09:08:12 | INFO  |     Downloaded 2398 days (2017-01-03 to 2026-07-17)
09:08:12 | INFO  |   Downloading ^VIX volatility...
09:08:12 | INFO  |     Downloaded 2398 days (2017-01-03 to 2026-07-17)
09:08:12 | WARNING |   ⚠️  29 trading days missing from original CSV
09:08:12 | INFO  |   ✓ Enrichment complete: 2398 rows
09:08:12 | INFO  |   ✅ Saved: VIX_enriched.csv (2398 rows)
09:08:12 | WARNING |   ⚠️  29 rows need manual update
09:08:12 | INFO  | 
──────────────────────────────────────────────────────────────────────
09:08:12 | INFO  | Enriching: USD
09:08:12 | INFO  | ──────────────────────────────────────────────────────────────────────
09:08:12 | INFO  |   Loaded 2369 rows from USD.csv
09:08:12 | INFO  |   Yahoo ticker: DX-Y.NYB
09:08:12 | INFO  |   OHLC prefix: DX
09:08:12 | INFO  |   Vol prefix: VIX
09:08:12 | INFO  |   Downloading DX-Y.NYB OHLC...
09:08:13 | INFO  |     Downloaded 2399 days (2017-01-03 to 2026-07-17)
09:08:13 | INFO  |   Downloading ^VIX volatility...
09:08:13 | INFO  |     Downloaded 2398 days (2017-01-03 to 2026-07-17)
09:08:13 | WARNING |   ⚠️  30 trading days missing from original CSV
09:08:13 | INFO  |   ✓ Enrichment complete: 2399 rows
09:08:13 | INFO  |   ✅ Saved: USD_enriched.csv (2399 rows)
09:08:13 | WARNING |   ⚠️  30 rows need manual update
09:08:13 | INFO  | 
──────────────────────────────────────────────────────────────────────
09:08:13 | INFO  | Enriching: AAPL
09:08:13 | INFO  | ──────────────────────────────────────────────────────────────────────
09:08:13 | INFO  |   Loaded 2367 rows from AAPL.csv
09:08:13 | INFO  |   Yahoo ticker: AAPL
09:08:13 | INFO  |   OHLC prefix: AAPL
09:08:13 | INFO  |   Vol prefix: VIX
09:08:13 | INFO  |   Downloading AAPL OHLC...
09:08:13 | INFO  |     Downloaded 2396 days (2017-01-03 to 2026-07-16)
09:08:13 | INFO  |   Downloading ^VIX volatility...
09:08:13 | INFO  |     Downloaded 2398 days (2017-01-03 to 2026-07-17)
09:08:13 | WARNING |   ⚠️  30 trading days missing from original CSV
09:08:13 | INFO  |   ✓ Enrichment complete: 2396 rows
09:08:13 | INFO  |   ✅ Saved: AAPL_enriched.csv (2396 rows)
09:08:13 | WARNING |   ⚠️  30 rows need manual update
09:08:13 | INFO  | 
──────────────────────────────────────────────────────────────────────
09:08:13 | INFO  | Enriching: BITCOIN
09:08:13 | INFO  | ──────────────────────────────────────────────────────────────────────
09:08:13 | INFO  |   Loaded 738 rows from BITCOIN.csv
09:08:13 | INFO  |   ⚠️  Row count changed (3483 → 738) - re-enriching
09:08:13 | INFO  |   Yahoo ticker: BTC-USD
09:08:13 | INFO  |   OHLC prefix: BTC
09:08:13 | INFO  |   Vol prefix: VIX
09:08:13 | INFO  |   Downloading BTC-USD OHLC...
09:08:14 | INFO  |     Downloaded 3484 days (2017-01-02 to 2026-07-17)
09:08:14 | INFO  |   Downloading ^VIX volatility...
09:08:14 | INFO  |     Downloaded 2398 days (2017-01-03 to 2026-07-17)
09:08:14 | WARNING |   ⚠️  2746 trading days missing from original CSV
09:08:14 | INFO  |   ✓ Enrichment complete: 3484 rows
09:08:14 | INFO  |   ✅ Saved: BITCOIN_enriched.csv (3484 rows)
09:08:14 | WARNING |   ⚠️  2746 rows need manual update
09:08:14 | INFO  | 
======================================================================
09:08:14 | INFO  | ✅ Enrichment complete:
09:08:14 | INFO  |    Success: 9
09:08:14 | INFO  |    Skipped (up-to-date): 0
09:08:14 | INFO  |    Errors:  0
09:08:14 | INFO  | ======================================================================
09:08:14 | INFO  | 
======================================================================
09:08:14 | INFO  | ✅ PIPELINE COMPLETE
09:08:14 | INFO  | ======================================================================
