11:10:28 | INFO  | ======================================================================
11:10:28 | INFO  | ETL PIPELINE START
11:10:28 | INFO  | ======================================================================
11:10:28 | INFO  | 
📋 PIPELINE PLAN:
11:10:28 | INFO  |    HTML Files: 20 new / 20 total
11:10:28 | INFO  |    Master needs propagation: False
11:10:28 | INFO  | 
======================================================================
11:10:28 | INFO  | STAGE 1: HTML PARSING
11:10:28 | INFO  | ======================================================================
11:10:28 | INFO  | 
Processing: JUNE 22, 2026.html
11:10:28 | INFO  |   ✅ Saved: RR_06-22-2026.csv (37 rows)
11:10:28 | INFO  | 
Processing: JUNE 23, 2026.html
11:10:28 | INFO  |   ✅ Saved: RR_06-23-2026.csv (37 rows)
11:10:28 | INFO  | 
Processing: JUNE 26, 2026.html
11:10:28 | INFO  |   ✅ Saved: RR_06-26-2026.csv (38 rows)
11:10:28 | INFO  | 
Processing: JUNE 5, 2026.html
11:10:28 | INFO  |   ✅ Saved: RR_06-05-2026.csv (37 rows)
11:10:28 | INFO  | 
Processing: JUNE 30, 2026.html
11:10:29 | INFO  |   ✅ Saved: RR_06-30-2026.csv (38 rows)
11:10:29 | INFO  | 
Processing: JUNE 8, 2026.html
11:10:29 | INFO  |   ✅ Saved: RR_06-08-2026.csv (37 rows)
11:10:29 | INFO  | 
Processing: JUNE 15, 2026.html
11:10:29 | INFO  |   ✅ Saved: RR_06-15-2026.csv (36 rows)
11:10:29 | INFO  | 
Processing: JUNE 4, 2026.html
11:10:29 | INFO  |   ✅ Saved: RR_06-04-2026.csv (37 rows)
11:10:29 | INFO  | 
Processing: JUNE 12, 2026.html
11:10:29 | INFO  |   ✅ Saved: RR_06-12-2026.csv (36 rows)
11:10:29 | INFO  | 
Processing: JUNE 11, 2026.html
11:10:29 | INFO  |   ✅ Saved: RR_06-11-2026.csv (36 rows)
11:10:29 | INFO  | 
Processing: JUNE 29, 2026.html
11:10:29 | INFO  |   ✅ Saved: RR_06-29-2026.csv (38 rows)
11:10:29 | INFO  | 
Processing: JULY 2, 2026.html
11:10:29 | INFO  |   ✅ Saved: RR_07-02-2026.csv (38 rows)
11:10:29 | INFO  | 
Processing: JUNE 9, 2026.html
11:10:29 | INFO  |   ✅ Saved: RR_06-09-2026.csv (36 rows)
11:10:29 | INFO  | 
Processing: JUNE 16, 2026.html
11:10:29 | INFO  |   ✅ Saved: RR_06-16-2026.csv (36 rows)
11:10:29 | INFO  | 
Processing: JUNE 10, 2026.html
11:10:30 | INFO  |   ✅ Saved: RR_06-10-2026.csv (36 rows)
11:10:30 | INFO  | 
Processing: JUNE 17, 2026.html
11:10:30 | INFO  |   ✅ Saved: RR_06-17-2026.csv (36 rows)
11:10:30 | INFO  | 
Processing: JULY 1, 2026.html
11:10:30 | INFO  |   ✅ Saved: RR_07-01-2026.csv (38 rows)
11:10:30 | INFO  | 
Processing: JUNE 25, 2026.html
11:10:30 | INFO  |   ✅ Saved: RR_06-25-2026.csv (38 rows)
11:10:30 | INFO  | 
Processing: JUNE 18, 2026.html
11:10:30 | INFO  |   ✅ Saved: RR_06-18-2026.csv (37 rows)
11:10:30 | INFO  | 
Processing: JUNE 24, 2026.html
11:10:30 | INFO  |   ✅ Saved: RR_06-24-2026.csv (37 rows)
11:10:30 | INFO  | 
✅ HTML parsing complete: 20 success, 0 errors
11:10:30 | INFO  | 
======================================================================
11:10:30 | INFO  | STAGE 2: MASTER AGGREGATION
11:10:30 | INFO  | ======================================================================
11:10:30 | INFO  | ✅ Backed up master to: risk_ranges_master_backup_20260702_111030.csv
11:10:30 | INFO  | Loaded existing master: 73,681 rows
11:10:30 | INFO  |   Loaded: RR_06-22-2026.csv (37 rows)
11:10:30 | INFO  |   Loaded: RR_06-23-2026.csv (37 rows)
11:10:30 | INFO  |   Loaded: RR_06-26-2026.csv (38 rows)
11:10:30 | INFO  |   Loaded: RR_06-05-2026.csv (37 rows)
11:10:30 | INFO  |   Loaded: RR_06-30-2026.csv (38 rows)
11:10:30 | INFO  |   Loaded: RR_06-08-2026.csv (37 rows)
11:10:30 | INFO  |   Loaded: RR_06-15-2026.csv (36 rows)
11:10:30 | INFO  |   Loaded: RR_06-04-2026.csv (37 rows)
11:10:30 | INFO  |   Loaded: RR_06-12-2026.csv (36 rows)
11:10:30 | INFO  |   Loaded: RR_06-11-2026.csv (36 rows)
11:10:30 | INFO  |   Loaded: RR_06-29-2026.csv (38 rows)
11:10:30 | INFO  |   Loaded: RR_07-02-2026.csv (38 rows)
11:10:30 | INFO  |   Loaded: RR_06-09-2026.csv (36 rows)
11:10:30 | INFO  |   Loaded: RR_06-16-2026.csv (36 rows)
11:10:30 | INFO  |   Loaded: RR_06-10-2026.csv (36 rows)
11:10:30 | INFO  |   Loaded: RR_06-17-2026.csv (36 rows)
11:10:30 | INFO  |   Loaded: RR_07-01-2026.csv (38 rows)
11:10:30 | INFO  |   Loaded: RR_06-25-2026.csv (38 rows)
11:10:30 | INFO  |   Loaded: RR_06-18-2026.csv (37 rows)
11:10:30 | INFO  |   Loaded: RR_06-24-2026.csv (37 rows)
11:10:30 | INFO  | Combined new data: 739 rows
11:10:30 | INFO  | Removed 739 duplicate entries
11:10:30 | INFO  | ✅ Saved master CSV: 73,681 total rows
11:10:30 | INFO  |    Date range: 2017-01-03 to 2026-07-02
11:10:30 | INFO  | 
======================================================================
11:10:30 | INFO  | STAGE 3: TICKER SUBSETTING
11:10:30 | INFO  | ======================================================================
11:10:30 | INFO  | Loaded master: 73,681 rows
11:10:30 | INFO  | Creating subsets for 9 tickers
11:10:30 | INFO  |   ✅ UST10Y: 2359 rows | 2017-01-03 to 2026-07-02
11:10:31 | INFO  |   ✅ SPX: 2359 rows | 2017-01-03 to 2026-07-02
11:10:31 | INFO  |   ✅ COMPQ: 2359 rows | 2017-01-03 to 2026-07-02
11:10:31 | INFO  |   ✅ RUT: 2358 rows | 2017-01-03 to 2026-07-02
11:10:31 | INFO  |   ✅ VIX: 2359 rows | 2017-01-03 to 2026-07-02
11:10:31 | INFO  |   ✅ USD: 2359 rows | 2017-01-03 to 2026-07-02
11:10:31 | INFO  |   ✅ GOLD: 2357 rows | 2017-01-03 to 2026-07-02
11:10:31 | INFO  |   ✅ AAPL: 2357 rows | 2017-01-03 to 2026-07-02
11:10:31 | INFO  |   ✅ BITCOIN: 728 rows | 2023-08-01 to 2026-07-02
11:10:31 | INFO  | ✅ Ticker subsetting complete
11:10:31 | INFO  | 
======================================================================
11:10:31 | INFO  | STAGE 4: ENRICHMENT
11:10:31 | INFO  | ======================================================================
11:10:31 | INFO  | Enriching 9 tickers
11:10:31 | INFO  | 
──────────────────────────────────────────────────────────────────────
11:10:31 | INFO  | Enriching: SPX
11:10:31 | INFO  | ──────────────────────────────────────────────────────────────────────
11:10:31 | INFO  |   Loaded 2359 rows from SPX.csv
11:10:31 | INFO  |   Yahoo ticker: ^GSPC
11:10:31 | INFO  |   OHLC prefix: GSPC
11:10:31 | INFO  |   Vol prefix: VIX
11:10:31 | INFO  |   Downloading ^GSPC OHLC...
11:10:31 | INFO  |     Downloaded 2387 days (2017-01-03 to 2026-07-02)
11:10:31 | INFO  |   Downloading ^VIX volatility...
11:10:31 | INFO  |     Downloaded 2388 days (2017-01-03 to 2026-07-02)
11:10:31 | WARNING |   ⚠️  28 trading days missing from original CSV
11:10:31 | INFO  |   ✓ Enrichment complete: 2387 rows
11:10:31 | INFO  |   ✅ Saved: SPX_enriched.csv (2387 rows)
11:10:31 | WARNING |   ⚠️  28 rows need manual update
11:10:31 | INFO  | 
──────────────────────────────────────────────────────────────────────
11:10:31 | INFO  | Enriching: GOLD
11:10:31 | INFO  | ──────────────────────────────────────────────────────────────────────
11:10:31 | INFO  |   Loaded 2357 rows from GOLD.csv
11:10:31 | INFO  |   Yahoo ticker: GC=F
11:10:31 | INFO  |   OHLC prefix: GC
11:10:31 | INFO  |   Vol prefix: GVZ
11:10:31 | INFO  |   Downloading GC=F OHLC...
11:10:31 | INFO  |     Downloaded 2388 days (2017-01-03 to 2026-07-02)
11:10:31 | INFO  |   Downloading ^GVZ volatility...
11:10:32 | INFO  |     Downloaded 2387 days (2017-01-03 to 2026-07-02)
11:10:32 | WARNING |   ⚠️  32 trading days missing from original CSV
11:10:32 | INFO  |   ✓ Enrichment complete: 2388 rows
11:10:32 | INFO  |   ✅ Saved: GOLD_enriched.csv (2388 rows)
11:10:32 | WARNING |   ⚠️  32 rows need manual update
11:10:32 | INFO  | 
──────────────────────────────────────────────────────────────────────
11:10:32 | INFO  | Enriching: UST10Y
11:10:32 | INFO  | ──────────────────────────────────────────────────────────────────────
11:10:32 | INFO  |   Loaded 2359 rows from UST10Y.csv
11:10:32 | INFO  |   Yahoo ticker: ^TNX
11:10:32 | INFO  |   OHLC prefix: TNX
11:10:32 | INFO  |   Vol prefix: VIX
11:10:32 | INFO  |   Downloading ^TNX OHLC...
11:10:32 | INFO  |     Downloaded 2384 days (2017-01-03 to 2026-07-02)
11:10:32 | INFO  |   Downloading ^VIX volatility...
11:10:32 | INFO  |     Downloaded 2388 days (2017-01-03 to 2026-07-02)
11:10:32 | WARNING |   ⚠️  28 trading days missing from original CSV
11:10:32 | INFO  |   ✓ Enrichment complete: 2384 rows
11:10:32 | INFO  |   ✅ Saved: UST10Y_enriched.csv (2384 rows)
11:10:32 | WARNING |   ⚠️  28 rows need manual update
11:10:32 | INFO  | 
──────────────────────────────────────────────────────────────────────
11:10:32 | INFO  | Enriching: COMPQ
11:10:32 | INFO  | ──────────────────────────────────────────────────────────────────────
11:10:32 | INFO  |   Loaded 2359 rows from COMPQ.csv
11:10:32 | INFO  |   Yahoo ticker: ^IXIC
11:10:32 | INFO  |   OHLC prefix: IXIC
11:10:32 | INFO  |   Vol prefix: VIX
11:10:32 | INFO  |   Downloading ^IXIC OHLC...
11:10:32 | INFO  |     Downloaded 2387 days (2017-01-03 to 2026-07-02)
11:10:32 | INFO  |   Downloading ^VIX volatility...
11:10:32 | INFO  |     Downloaded 2388 days (2017-01-03 to 2026-07-02)
11:10:32 | WARNING |   ⚠️  28 trading days missing from original CSV
11:10:32 | INFO  |   ✓ Enrichment complete: 2387 rows
11:10:32 | INFO  |   ✅ Saved: COMPQ_enriched.csv (2387 rows)
11:10:32 | WARNING |   ⚠️  28 rows need manual update
11:10:32 | INFO  | 
──────────────────────────────────────────────────────────────────────
11:10:32 | INFO  | Enriching: RUT
11:10:32 | INFO  | ──────────────────────────────────────────────────────────────────────
11:10:32 | INFO  |   Loaded 2358 rows from RUT.csv
11:10:32 | INFO  |   Yahoo ticker: ^RUT
11:10:32 | INFO  |   OHLC prefix: RUT
11:10:32 | INFO  |   Vol prefix: VIX
11:10:32 | INFO  |   Downloading ^RUT OHLC...
11:10:33 | INFO  |     Downloaded 2387 days (2017-01-03 to 2026-07-02)
11:10:33 | INFO  |   Downloading ^VIX volatility...
11:10:33 | INFO  |     Downloaded 2388 days (2017-01-03 to 2026-07-02)
11:10:33 | WARNING |   ⚠️  29 trading days missing from original CSV
11:10:33 | INFO  |   ✓ Enrichment complete: 2387 rows
11:10:33 | INFO  |   ✅ Saved: RUT_enriched.csv (2387 rows)
11:10:33 | WARNING |   ⚠️  29 rows need manual update
11:10:33 | INFO  | 
──────────────────────────────────────────────────────────────────────
11:10:33 | INFO  | Enriching: VIX
11:10:33 | INFO  | ──────────────────────────────────────────────────────────────────────
11:10:33 | INFO  |   Loaded 2359 rows from VIX.csv
11:10:33 | INFO  |   Yahoo ticker: ^VIX
11:10:33 | INFO  |   OHLC prefix: VIX
11:10:33 | INFO  |   Vol prefix: VIXI
11:10:33 | INFO  |   Downloading ^VIX OHLC...
11:10:33 | INFO  |     Downloaded 2388 days (2017-01-03 to 2026-07-02)
11:10:33 | INFO  |   Downloading ^VIX volatility...
11:10:33 | INFO  |     Downloaded 2388 days (2017-01-03 to 2026-07-02)
11:10:33 | WARNING |   ⚠️  29 trading days missing from original CSV
11:10:33 | INFO  |   ✓ Enrichment complete: 2388 rows
11:10:33 | INFO  |   ✅ Saved: VIX_enriched.csv (2388 rows)
11:10:33 | WARNING |   ⚠️  29 rows need manual update
11:10:33 | INFO  | 
──────────────────────────────────────────────────────────────────────
11:10:33 | INFO  | Enriching: USD
11:10:33 | INFO  | ──────────────────────────────────────────────────────────────────────
11:10:33 | INFO  |   Loaded 2359 rows from USD.csv
11:10:33 | INFO  |   Yahoo ticker: DX-Y.NYB
11:10:33 | INFO  |   OHLC prefix: DX
11:10:33 | INFO  |   Vol prefix: VIX
11:10:33 | INFO  |   Downloading DX-Y.NYB OHLC...
11:10:33 | INFO  |     Downloaded 2389 days (2017-01-03 to 2026-07-02)
11:10:33 | INFO  |   Downloading ^VIX volatility...
11:10:33 | INFO  |     Downloaded 2388 days (2017-01-03 to 2026-07-02)
11:10:33 | WARNING |   ⚠️  30 trading days missing from original CSV
11:10:33 | INFO  |   ✓ Enrichment complete: 2389 rows
11:10:33 | INFO  |   ✅ Saved: USD_enriched.csv (2389 rows)
11:10:33 | WARNING |   ⚠️  30 rows need manual update
11:10:33 | INFO  | 
──────────────────────────────────────────────────────────────────────
11:10:33 | INFO  | Enriching: AAPL
11:10:33 | INFO  | ──────────────────────────────────────────────────────────────────────
11:10:33 | INFO  |   Loaded 2357 rows from AAPL.csv
11:10:33 | INFO  |   Yahoo ticker: AAPL
11:10:33 | INFO  |   OHLC prefix: AAPL
11:10:33 | INFO  |   Vol prefix: VIX
11:10:33 | INFO  |   Downloading AAPL OHLC...
11:10:34 | INFO  |     Downloaded 2387 days (2017-01-03 to 2026-07-02)
11:10:34 | INFO  |   Downloading ^VIX volatility...
11:10:34 | INFO  |     Downloaded 2388 days (2017-01-03 to 2026-07-02)
11:10:34 | WARNING |   ⚠️  30 trading days missing from original CSV
11:10:34 | INFO  |   ✓ Enrichment complete: 2387 rows
11:10:34 | INFO  |   ✅ Saved: AAPL_enriched.csv (2387 rows)
11:10:34 | WARNING |   ⚠️  30 rows need manual update
11:10:34 | INFO  | 
──────────────────────────────────────────────────────────────────────
11:10:34 | INFO  | Enriching: BITCOIN
11:10:34 | INFO  | ──────────────────────────────────────────────────────────────────────
11:10:34 | INFO  |   Loaded 728 rows from BITCOIN.csv
11:10:34 | INFO  |   ⚠️  Row count changed (3469 → 728) - re-enriching
11:10:34 | INFO  |   Yahoo ticker: BTC-USD
11:10:34 | INFO  |   OHLC prefix: BTC
11:10:34 | INFO  |   Vol prefix: VIX
11:10:34 | INFO  |   Downloading BTC-USD OHLC...
11:10:34 | INFO  |     Downloaded 3469 days (2017-01-02 to 2026-07-02)
11:10:34 | INFO  |   Downloading ^VIX volatility...
11:10:34 | INFO  |     Downloaded 2388 days (2017-01-03 to 2026-07-02)
11:10:34 | WARNING |   ⚠️  2741 trading days missing from original CSV
11:10:34 | INFO  |   ✓ Enrichment complete: 3469 rows
11:10:34 | INFO  |   ✅ Saved: BITCOIN_enriched.csv (3469 rows)
11:10:34 | WARNING |   ⚠️  2741 rows need manual update
11:10:34 | INFO  | 
======================================================================
11:10:34 | INFO  | ✅ Enrichment complete:
11:10:34 | INFO  |    Success: 9
11:10:34 | INFO  |    Skipped (up-to-date): 0
11:10:34 | INFO  |    Errors:  0
11:10:34 | INFO  | ======================================================================
11:10:34 | INFO  | 
======================================================================
11:10:34 | INFO  | ✅ PIPELINE COMPLETE
11:10:34 | INFO  | ======================================================================
