18:40:47 | INFO  | ======================================================================
18:40:47 | INFO  | ETL PIPELINE START
18:40:47 | INFO  | ======================================================================
18:40:47 | INFO  | 
📋 PIPELINE PLAN:
18:40:47 | INFO  |    HTML Files: 28 new / 28 total
18:40:47 | INFO  |    Master needs propagation: False
18:40:47 | INFO  | 
======================================================================
18:40:47 | INFO  | STAGE 1: HTML PARSING
18:40:47 | INFO  | ======================================================================
18:40:47 | INFO  | 
Processing: JUNE 22, 2026.html
18:40:48 | INFO  |   ✅ Saved: RR_06-22-2026.csv (37 rows)
18:40:48 | INFO  | 
Processing: JUNE 23, 2026.html
18:40:48 | INFO  |   ✅ Saved: RR_06-23-2026.csv (37 rows)
18:40:48 | INFO  | 
Processing: JULY 8, 2026.html
18:40:48 | INFO  |   ✅ Saved: RR_07-08-2026.csv (37 rows)
18:40:48 | INFO  | 
Processing: JUNE 26, 2026.html
18:40:48 | INFO  |   ✅ Saved: RR_06-26-2026.csv (38 rows)
18:40:48 | INFO  | 
Processing: JUNE 5, 2026.html
18:40:48 | INFO  |   ✅ Saved: RR_06-05-2026.csv (37 rows)
18:40:48 | INFO  | 
Processing: JUNE 30, 2026.html
18:40:48 | INFO  |   ✅ Saved: RR_06-30-2026.csv (38 rows)
18:40:48 | INFO  | 
Processing: JUNE 8, 2026.html
18:40:48 | INFO  |   ✅ Saved: RR_06-08-2026.csv (37 rows)
18:40:48 | INFO  | 
Processing: JULY 15, 2026.html
18:40:48 | INFO  |   ✅ Saved: RR_07-15-2026.csv (37 rows)
18:40:48 | INFO  | 
Processing: JULY 10, 2026.html
18:40:48 | INFO  |   ✅ Saved: RR_07-10-2026.csv (37 rows)
18:40:48 | INFO  | 
Processing: JUNE 15, 2026.html
18:40:48 | INFO  |   ✅ Saved: RR_06-15-2026.csv (36 rows)
18:40:48 | INFO  | 
Processing: JULY 9, 2026.html
18:40:49 | INFO  |   ✅ Saved: RR_07-09-2026.csv (37 rows)
18:40:49 | INFO  | 
Processing: JUNE 4, 2026.html
18:40:49 | INFO  |   ✅ Saved: RR_06-04-2026.csv (37 rows)
18:40:49 | INFO  | 
Processing: JUNE 12, 2026.html
18:40:49 | INFO  |   ✅ Saved: RR_06-12-2026.csv (36 rows)
18:40:49 | INFO  | 
Processing: JUNE 11, 2026.html
18:40:49 | INFO  |   ✅ Saved: RR_06-11-2026.csv (36 rows)
18:40:49 | INFO  | 
Processing: JUNE 29, 2026.html
18:40:49 | INFO  |   ✅ Saved: RR_06-29-2026.csv (38 rows)
18:40:49 | INFO  | 
Processing: JULY 2, 2026.html
18:40:49 | INFO  |   ✅ Saved: RR_07-02-2026.csv (38 rows)
18:40:49 | INFO  | 
Processing: JUNE 9, 2026.html
18:40:49 | INFO  |   ✅ Saved: RR_06-09-2026.csv (36 rows)
18:40:49 | INFO  | 
Processing: JUNE 16, 2026.html
18:40:49 | INFO  |   ✅ Saved: RR_06-16-2026.csv (36 rows)
18:40:49 | INFO  | 
Processing: JUNE 10, 2026.html
18:40:50 | INFO  |   ✅ Saved: RR_06-10-2026.csv (36 rows)
18:40:50 | INFO  | 
Processing: JULY 14, 2026.html
18:40:50 | INFO  |   ✅ Saved: RR_07-14-2026.csv (37 rows)
18:40:50 | INFO  | 
Processing: JUNE 17, 2026.html
18:40:50 | INFO  |   ✅ Saved: RR_06-17-2026.csv (36 rows)
18:40:50 | INFO  | 
Processing: JULY 6, 2026.html
18:40:50 | INFO  |   ✅ Saved: RR_07-06-2026.csv (37 rows)
18:40:50 | INFO  | 
Processing: JULY 1, 2026.html
18:40:50 | INFO  |   ✅ Saved: RR_07-01-2026.csv (38 rows)
18:40:50 | INFO  | 
Processing: JULY 7, 2026.html
18:40:50 | INFO  |   ✅ Saved: RR_07-07-2026.csv (37 rows)
18:40:50 | INFO  | 
Processing: JUNE 25, 2026.html
18:40:50 | INFO  |   ✅ Saved: RR_06-25-2026.csv (38 rows)
18:40:50 | INFO  | 
Processing: JULY 13, 2026.html
18:40:50 | INFO  |   ✅ Saved: RR_07-13-2026.csv (37 rows)
18:40:50 | INFO  | 
Processing: JUNE 18, 2026.html
18:40:50 | INFO  |   ✅ Saved: RR_06-18-2026.csv (37 rows)
18:40:50 | INFO  | 
Processing: JUNE 24, 2026.html
18:40:50 | INFO  |   ✅ Saved: RR_06-24-2026.csv (37 rows)
18:40:50 | INFO  | 
✅ HTML parsing complete: 28 success, 0 errors
18:40:50 | INFO  | 
======================================================================
18:40:50 | INFO  | STAGE 2: MASTER AGGREGATION
18:40:50 | INFO  | ======================================================================
18:40:50 | INFO  | ✅ Backed up master to: risk_ranges_master_backup_20260715_184050.csv
18:40:50 | INFO  | Loaded existing master: 73,940 rows
18:40:50 | INFO  |   Loaded: RR_06-22-2026.csv (37 rows)
18:40:50 | INFO  |   Loaded: RR_06-23-2026.csv (37 rows)
18:40:50 | INFO  |   Loaded: RR_07-08-2026.csv (37 rows)
18:40:50 | INFO  |   Loaded: RR_06-26-2026.csv (38 rows)
18:40:50 | INFO  |   Loaded: RR_06-05-2026.csv (37 rows)
18:40:50 | INFO  |   Loaded: RR_06-30-2026.csv (38 rows)
18:40:50 | INFO  |   Loaded: RR_06-08-2026.csv (37 rows)
18:40:50 | INFO  |   Loaded: RR_07-15-2026.csv (37 rows)
18:40:50 | INFO  |   Loaded: RR_07-10-2026.csv (37 rows)
18:40:50 | INFO  |   Loaded: RR_06-15-2026.csv (36 rows)
18:40:50 | INFO  |   Loaded: RR_07-09-2026.csv (37 rows)
18:40:50 | INFO  |   Loaded: RR_06-04-2026.csv (37 rows)
18:40:50 | INFO  |   Loaded: RR_06-12-2026.csv (36 rows)
18:40:50 | INFO  |   Loaded: RR_06-11-2026.csv (36 rows)
18:40:50 | INFO  |   Loaded: RR_06-29-2026.csv (38 rows)
18:40:50 | INFO  |   Loaded: RR_07-02-2026.csv (38 rows)
18:40:50 | INFO  |   Loaded: RR_06-09-2026.csv (36 rows)
18:40:50 | INFO  |   Loaded: RR_06-16-2026.csv (36 rows)
18:40:50 | INFO  |   Loaded: RR_06-10-2026.csv (36 rows)
18:40:50 | INFO  |   Loaded: RR_07-14-2026.csv (37 rows)
18:40:50 | INFO  |   Loaded: RR_06-17-2026.csv (36 rows)
18:40:50 | INFO  |   Loaded: RR_07-06-2026.csv (37 rows)
18:40:50 | INFO  |   Loaded: RR_07-01-2026.csv (38 rows)
18:40:50 | INFO  |   Loaded: RR_07-07-2026.csv (37 rows)
18:40:50 | INFO  |   Loaded: RR_06-25-2026.csv (38 rows)
18:40:51 | INFO  |   Loaded: RR_07-13-2026.csv (37 rows)
18:40:51 | INFO  |   Loaded: RR_06-18-2026.csv (37 rows)
18:40:51 | INFO  |   Loaded: RR_06-24-2026.csv (37 rows)
18:40:51 | INFO  | Combined new data: 1035 rows
18:40:51 | INFO  | Removed 998 duplicate entries
18:40:51 | INFO  | ✅ Saved master CSV: 73,977 total rows
18:40:51 | INFO  |    Date range: 2017-01-03 to 2026-07-15
18:40:51 | INFO  | 
======================================================================
18:40:51 | INFO  | STAGE 3: TICKER SUBSETTING
18:40:51 | INFO  | ======================================================================
18:40:51 | INFO  | Loaded master: 73,977 rows
18:40:51 | INFO  | Creating subsets for 9 tickers
18:40:51 | INFO  |   ✅ UST10Y: 2367 rows | 2017-01-03 to 2026-07-15
18:40:51 | INFO  |   ✅ SPX: 2367 rows | 2017-01-03 to 2026-07-15
18:40:51 | INFO  |   ✅ COMPQ: 2367 rows | 2017-01-03 to 2026-07-15
18:40:51 | INFO  |   ✅ RUT: 2366 rows | 2017-01-03 to 2026-07-15
18:40:51 | INFO  |   ✅ VIX: 2367 rows | 2017-01-03 to 2026-07-15
18:40:51 | INFO  |   ✅ USD: 2367 rows | 2017-01-03 to 2026-07-15
18:40:51 | INFO  |   ✅ GOLD: 2365 rows | 2017-01-03 to 2026-07-15
18:40:51 | INFO  |   ✅ AAPL: 2365 rows | 2017-01-03 to 2026-07-15
18:40:51 | INFO  |   ✅ BITCOIN: 736 rows | 2023-08-01 to 2026-07-15
18:40:51 | INFO  | ✅ Ticker subsetting complete
18:40:51 | INFO  | 
======================================================================
18:40:51 | INFO  | STAGE 4: ENRICHMENT
18:40:51 | INFO  | ======================================================================
18:40:51 | INFO  | Enriching 9 tickers
18:40:51 | INFO  | 
──────────────────────────────────────────────────────────────────────
18:40:51 | INFO  | Enriching: SPX
18:40:51 | INFO  | ──────────────────────────────────────────────────────────────────────
18:40:51 | INFO  |   Loaded 2367 rows from SPX.csv
18:40:51 | INFO  |   Yahoo ticker: ^GSPC
18:40:51 | INFO  |   OHLC prefix: GSPC
18:40:51 | INFO  |   Vol prefix: VIX
18:40:51 | INFO  |   Downloading ^GSPC OHLC...
18:40:51 | INFO  |     Downloaded 2395 days (2017-01-03 to 2026-07-15)
18:40:51 | INFO  |   Downloading ^VIX volatility...
18:40:52 | INFO  |     Downloaded 2396 days (2017-01-03 to 2026-07-15)
18:40:52 | WARNING |   ⚠️  28 trading days missing from original CSV
18:40:52 | INFO  |   ✓ Enrichment complete: 2395 rows
18:40:52 | INFO  |   ✅ Saved: SPX_enriched.csv (2395 rows)
18:40:52 | WARNING |   ⚠️  28 rows need manual update
18:40:52 | INFO  | 
──────────────────────────────────────────────────────────────────────
18:40:52 | INFO  | Enriching: GOLD
18:40:52 | INFO  | ──────────────────────────────────────────────────────────────────────
18:40:52 | INFO  |   Loaded 2365 rows from GOLD.csv
18:40:52 | INFO  |   Yahoo ticker: GC=F
18:40:52 | INFO  |   OHLC prefix: GC
18:40:52 | INFO  |   Vol prefix: GVZ
18:40:52 | INFO  |   Downloading GC=F OHLC...
18:40:52 | INFO  |     Downloaded 2396 days (2017-01-03 to 2026-07-15)
18:40:52 | INFO  |   Downloading ^GVZ volatility...
18:40:53 | INFO  |     Downloaded 2395 days (2017-01-03 to 2026-07-15)
18:40:53 | WARNING |   ⚠️  32 trading days missing from original CSV
18:40:53 | INFO  |   ✓ Enrichment complete: 2396 rows
18:40:53 | INFO  |   ✅ Saved: GOLD_enriched.csv (2396 rows)
18:40:53 | WARNING |   ⚠️  32 rows need manual update
18:40:53 | INFO  | 
──────────────────────────────────────────────────────────────────────
18:40:53 | INFO  | Enriching: UST10Y
18:40:53 | INFO  | ──────────────────────────────────────────────────────────────────────
18:40:53 | INFO  |   Loaded 2367 rows from UST10Y.csv
18:40:53 | INFO  |   Yahoo ticker: ^TNX
18:40:53 | INFO  |   OHLC prefix: TNX
18:40:53 | INFO  |   Vol prefix: VIX
18:40:53 | INFO  |   Downloading ^TNX OHLC...
18:40:53 | INFO  |     Downloaded 2395 days (2017-01-03 to 2026-07-15)
18:40:53 | INFO  |   Downloading ^VIX volatility...
18:40:53 | INFO  |     Downloaded 2396 days (2017-01-03 to 2026-07-15)
18:40:53 | WARNING |   ⚠️  28 trading days missing from original CSV
18:40:53 | INFO  |   ✓ Enrichment complete: 2395 rows
18:40:53 | INFO  |   ✅ Saved: UST10Y_enriched.csv (2395 rows)
18:40:53 | WARNING |   ⚠️  28 rows need manual update
18:40:53 | INFO  | 
──────────────────────────────────────────────────────────────────────
18:40:53 | INFO  | Enriching: COMPQ
18:40:53 | INFO  | ──────────────────────────────────────────────────────────────────────
18:40:53 | INFO  |   Loaded 2367 rows from COMPQ.csv
18:40:53 | INFO  |   Yahoo ticker: ^IXIC
18:40:53 | INFO  |   OHLC prefix: IXIC
18:40:53 | INFO  |   Vol prefix: VIX
18:40:53 | INFO  |   Downloading ^IXIC OHLC...
18:40:54 | INFO  |     Downloaded 2395 days (2017-01-03 to 2026-07-15)
18:40:54 | INFO  |   Downloading ^VIX volatility...
18:40:54 | INFO  |     Downloaded 2396 days (2017-01-03 to 2026-07-15)
18:40:54 | WARNING |   ⚠️  28 trading days missing from original CSV
18:40:54 | INFO  |   ✓ Enrichment complete: 2395 rows
18:40:54 | INFO  |   ✅ Saved: COMPQ_enriched.csv (2395 rows)
18:40:54 | WARNING |   ⚠️  28 rows need manual update
18:40:54 | INFO  | 
──────────────────────────────────────────────────────────────────────
18:40:54 | INFO  | Enriching: RUT
18:40:54 | INFO  | ──────────────────────────────────────────────────────────────────────
18:40:54 | INFO  |   Loaded 2366 rows from RUT.csv
18:40:54 | INFO  |   Yahoo ticker: ^RUT
18:40:54 | INFO  |   OHLC prefix: RUT
18:40:54 | INFO  |   Vol prefix: VIX
18:40:54 | INFO  |   Downloading ^RUT OHLC...
18:40:55 | INFO  |     Downloaded 2395 days (2017-01-03 to 2026-07-15)
18:40:55 | INFO  |   Downloading ^VIX volatility...
18:40:55 | INFO  |     Downloaded 2396 days (2017-01-03 to 2026-07-15)
18:40:55 | WARNING |   ⚠️  29 trading days missing from original CSV
18:40:55 | INFO  |   ✓ Enrichment complete: 2395 rows
18:40:55 | INFO  |   ✅ Saved: RUT_enriched.csv (2395 rows)
18:40:55 | WARNING |   ⚠️  29 rows need manual update
18:40:55 | INFO  | 
──────────────────────────────────────────────────────────────────────
18:40:55 | INFO  | Enriching: VIX
18:40:55 | INFO  | ──────────────────────────────────────────────────────────────────────
18:40:55 | INFO  |   Loaded 2367 rows from VIX.csv
18:40:55 | INFO  |   Yahoo ticker: ^VIX
18:40:55 | INFO  |   OHLC prefix: VIX
18:40:55 | INFO  |   Vol prefix: VIXI
18:40:55 | INFO  |   Downloading ^VIX OHLC...
18:40:55 | INFO  |     Downloaded 2396 days (2017-01-03 to 2026-07-15)
18:40:55 | INFO  |   Downloading ^VIX volatility...
18:40:55 | INFO  |     Downloaded 2396 days (2017-01-03 to 2026-07-15)
18:40:55 | WARNING |   ⚠️  29 trading days missing from original CSV
18:40:55 | INFO  |   ✓ Enrichment complete: 2396 rows
18:40:55 | INFO  |   ✅ Saved: VIX_enriched.csv (2396 rows)
18:40:56 | WARNING |   ⚠️  29 rows need manual update
18:40:56 | INFO  | 
──────────────────────────────────────────────────────────────────────
18:40:56 | INFO  | Enriching: USD
18:40:56 | INFO  | ──────────────────────────────────────────────────────────────────────
18:40:56 | INFO  |   Loaded 2367 rows from USD.csv
18:40:56 | INFO  |   Yahoo ticker: DX-Y.NYB
18:40:56 | INFO  |   OHLC prefix: DX
18:40:56 | INFO  |   Vol prefix: VIX
18:40:56 | INFO  |   Downloading DX-Y.NYB OHLC...
18:40:56 | INFO  |     Downloaded 2397 days (2017-01-03 to 2026-07-15)
18:40:56 | INFO  |   Downloading ^VIX volatility...
18:40:56 | INFO  |     Downloaded 2396 days (2017-01-03 to 2026-07-15)
18:40:56 | WARNING |   ⚠️  30 trading days missing from original CSV
18:40:56 | INFO  |   ✓ Enrichment complete: 2397 rows
18:40:56 | INFO  |   ✅ Saved: USD_enriched.csv (2397 rows)
18:40:56 | WARNING |   ⚠️  30 rows need manual update
18:40:56 | INFO  | 
──────────────────────────────────────────────────────────────────────
18:40:56 | INFO  | Enriching: AAPL
18:40:56 | INFO  | ──────────────────────────────────────────────────────────────────────
18:40:56 | INFO  |   Loaded 2365 rows from AAPL.csv
18:40:56 | INFO  |   Yahoo ticker: AAPL
18:40:56 | INFO  |   OHLC prefix: AAPL
18:40:56 | INFO  |   Vol prefix: VIX
18:40:56 | INFO  |   Downloading AAPL OHLC...
18:40:57 | INFO  |     Downloaded 2395 days (2017-01-03 to 2026-07-15)
18:40:57 | INFO  |   Downloading ^VIX volatility...
18:40:57 | INFO  |     Downloaded 2396 days (2017-01-03 to 2026-07-15)
18:40:57 | WARNING |   ⚠️  30 trading days missing from original CSV
18:40:57 | INFO  |   ✓ Enrichment complete: 2395 rows
18:40:57 | INFO  |   ✅ Saved: AAPL_enriched.csv (2395 rows)
18:40:57 | WARNING |   ⚠️  30 rows need manual update
18:40:57 | INFO  | 
──────────────────────────────────────────────────────────────────────
18:40:57 | INFO  | Enriching: BITCOIN
18:40:57 | INFO  | ──────────────────────────────────────────────────────────────────────
18:40:57 | INFO  |   Loaded 736 rows from BITCOIN.csv
18:40:57 | INFO  |   ⚠️  Row count changed (3482 → 736) - re-enriching
18:40:57 | INFO  |   Yahoo ticker: BTC-USD
18:40:57 | INFO  |   OHLC prefix: BTC
18:40:57 | INFO  |   Vol prefix: VIX
18:40:57 | INFO  |   Downloading BTC-USD OHLC...
18:40:58 | INFO  |     Downloaded 3482 days (2017-01-02 to 2026-07-15)
18:40:58 | INFO  |   Downloading ^VIX volatility...
18:40:58 | INFO  |     Downloaded 2396 days (2017-01-03 to 2026-07-15)
18:40:58 | WARNING |   ⚠️  2746 trading days missing from original CSV
18:40:58 | INFO  |   ✓ Enrichment complete: 3482 rows
18:40:58 | INFO  |   ✅ Saved: BITCOIN_enriched.csv (3482 rows)
18:40:58 | WARNING |   ⚠️  2746 rows need manual update
18:40:58 | INFO  | 
======================================================================
18:40:58 | INFO  | ✅ Enrichment complete:
18:40:58 | INFO  |    Success: 9
18:40:58 | INFO  |    Skipped (up-to-date): 0
18:40:58 | INFO  |    Errors:  0
18:40:58 | INFO  | ======================================================================
18:40:58 | INFO  | 
======================================================================
18:40:58 | INFO  | ✅ PIPELINE COMPLETE
18:40:58 | INFO  | ======================================================================
