09:06:24 | INFO  | ======================================================================
09:06:24 | INFO  | ETL PIPELINE START
09:06:24 | INFO  | ======================================================================
09:06:24 | INFO  | 
📋 PIPELINE PLAN:
09:06:24 | INFO  |    HTML Files: 29 new / 29 total
09:06:24 | INFO  |    Master needs propagation: False
09:06:24 | INFO  | 
======================================================================
09:06:24 | INFO  | STAGE 1: HTML PARSING
09:06:24 | INFO  | ======================================================================
09:06:24 | INFO  | 
Processing: JULY 14, 2026.html
09:06:24 | INFO  |   ✅ Saved: RR_07-14-2026.csv (37 rows)
09:06:24 | INFO  | 
Processing: JUNE 30, 2026.html
09:06:24 | INFO  |   ✅ Saved: RR_06-30-2026.csv (38 rows)
09:06:24 | INFO  | 
Processing: JULY 13, 2026.html
09:06:24 | INFO  |   ✅ Saved: RR_07-13-2026.csv (37 rows)
09:06:24 | INFO  | 
Processing: JUNE 16, 2026.html
09:06:24 | INFO  |   ✅ Saved: RR_06-16-2026.csv (36 rows)
09:06:24 | INFO  | 
Processing: JUNE 8, 2026.html
09:06:24 | INFO  |   ✅ Saved: RR_06-08-2026.csv (37 rows)
09:06:24 | INFO  | 
Processing: JULY 9, 2026.html
09:06:24 | INFO  |   ✅ Saved: RR_07-09-2026.csv (37 rows)
09:06:24 | INFO  | 
Processing: JULY 15, 2026.html
09:06:24 | INFO  |   ✅ Saved: RR_07-15-2026.csv (37 rows)
09:06:24 | INFO  | 
Processing: JULY 10, 2026.html
09:06:24 | INFO  |   ✅ Saved: RR_07-10-2026.csv (37 rows)
09:06:24 | INFO  | 
Processing: JUNE 11, 2026.html
09:06:24 | INFO  |   ✅ Saved: RR_06-11-2026.csv (36 rows)
09:06:24 | INFO  | 
Processing: JULY 16, 2026.html
09:06:24 | INFO  |   ✅ Saved: RR_07-16-2026.csv (37 rows)
09:06:24 | INFO  | 
Processing: JUNE 24, 2026.html
09:06:24 | INFO  |   ✅ Saved: RR_06-24-2026.csv (37 rows)
09:06:24 | INFO  | 
Processing: JULY 1, 2026.html
09:06:24 | INFO  |   ✅ Saved: RR_07-01-2026.csv (38 rows)
09:06:24 | INFO  | 
Processing: JUNE 23, 2026.html
09:06:24 | INFO  |   ✅ Saved: RR_06-23-2026.csv (37 rows)
09:06:24 | INFO  | 
Processing: JULY 2, 2026.html
09:06:25 | INFO  |   ✅ Saved: RR_07-02-2026.csv (38 rows)
09:06:25 | INFO  | 
Processing: JUNE 5, 2026.html
09:06:25 | INFO  |   ✅ Saved: RR_06-05-2026.csv (37 rows)
09:06:25 | INFO  | 
Processing: JUNE 12, 2026.html
09:06:25 | INFO  |   ✅ Saved: RR_06-12-2026.csv (36 rows)
09:06:25 | INFO  | 
Processing: JUNE 15, 2026.html
09:06:25 | INFO  |   ✅ Saved: RR_06-15-2026.csv (36 rows)
09:06:25 | INFO  | 
Processing: JULY 6, 2026.html
09:06:25 | INFO  |   ✅ Saved: RR_07-06-2026.csv (37 rows)
09:06:25 | INFO  | 
Processing: JUNE 10, 2026.html
09:06:25 | INFO  |   ✅ Saved: RR_06-10-2026.csv (36 rows)
09:06:25 | INFO  | 
Processing: JUNE 4, 2026.html
09:06:25 | INFO  |   ✅ Saved: RR_06-04-2026.csv (37 rows)
09:06:25 | INFO  | 
Processing: JUNE 22, 2026.html
09:06:25 | INFO  |   ✅ Saved: RR_06-22-2026.csv (37 rows)
09:06:25 | INFO  | 
Processing: JULY 8, 2026.html
09:06:25 | INFO  |   ✅ Saved: RR_07-08-2026.csv (37 rows)
09:06:25 | INFO  | 
Processing: JUNE 26, 2026.html
09:06:25 | INFO  |   ✅ Saved: RR_06-26-2026.csv (38 rows)
09:06:25 | INFO  | 
Processing: JUNE 25, 2026.html
09:06:25 | INFO  |   ✅ Saved: RR_06-25-2026.csv (38 rows)
09:06:25 | INFO  | 
Processing: JUNE 17, 2026.html
09:06:25 | INFO  |   ✅ Saved: RR_06-17-2026.csv (36 rows)
09:06:25 | INFO  | 
Processing: JUNE 18, 2026.html
09:06:25 | INFO  |   ✅ Saved: RR_06-18-2026.csv (37 rows)
09:06:25 | INFO  | 
Processing: JULY 7, 2026.html
09:06:25 | INFO  |   ✅ Saved: RR_07-07-2026.csv (37 rows)
09:06:25 | INFO  | 
Processing: JUNE 9, 2026.html
09:06:26 | INFO  |   ✅ Saved: RR_06-09-2026.csv (36 rows)
09:06:26 | INFO  | 
Processing: JUNE 29, 2026.html
09:06:26 | INFO  |   ✅ Saved: RR_06-29-2026.csv (38 rows)
09:06:26 | INFO  | 
✅ HTML parsing complete: 29 success, 0 errors
09:06:26 | INFO  | 
======================================================================
09:06:26 | INFO  | STAGE 2: MASTER AGGREGATION
09:06:26 | INFO  | ======================================================================
09:06:26 | INFO  | ✅ Backed up master to: risk_ranges_master_backup_20260716_090626.csv
09:06:26 | INFO  | Loaded existing master: 73,977 rows
09:06:26 | INFO  |   Loaded: RR_07-14-2026.csv (37 rows)
09:06:26 | INFO  |   Loaded: RR_06-30-2026.csv (38 rows)
09:06:26 | INFO  |   Loaded: RR_07-13-2026.csv (37 rows)
09:06:26 | INFO  |   Loaded: RR_06-16-2026.csv (36 rows)
09:06:26 | INFO  |   Loaded: RR_06-08-2026.csv (37 rows)
09:06:26 | INFO  |   Loaded: RR_07-09-2026.csv (37 rows)
09:06:26 | INFO  |   Loaded: RR_07-15-2026.csv (37 rows)
09:06:26 | INFO  |   Loaded: RR_07-10-2026.csv (37 rows)
09:06:26 | INFO  |   Loaded: RR_06-11-2026.csv (36 rows)
09:06:26 | INFO  |   Loaded: RR_07-16-2026.csv (37 rows)
09:06:26 | INFO  |   Loaded: RR_06-24-2026.csv (37 rows)
09:06:26 | INFO  |   Loaded: RR_07-01-2026.csv (38 rows)
09:06:26 | INFO  |   Loaded: RR_06-23-2026.csv (37 rows)
09:06:26 | INFO  |   Loaded: RR_07-02-2026.csv (38 rows)
09:06:26 | INFO  |   Loaded: RR_06-05-2026.csv (37 rows)
09:06:26 | INFO  |   Loaded: RR_06-12-2026.csv (36 rows)
09:06:26 | INFO  |   Loaded: RR_06-15-2026.csv (36 rows)
09:06:26 | INFO  |   Loaded: RR_07-06-2026.csv (37 rows)
09:06:26 | INFO  |   Loaded: RR_06-10-2026.csv (36 rows)
09:06:26 | INFO  |   Loaded: RR_06-04-2026.csv (37 rows)
09:06:26 | INFO  |   Loaded: RR_06-22-2026.csv (37 rows)
09:06:26 | INFO  |   Loaded: RR_07-08-2026.csv (37 rows)
09:06:26 | INFO  |   Loaded: RR_06-26-2026.csv (38 rows)
09:06:26 | INFO  |   Loaded: RR_06-25-2026.csv (38 rows)
09:06:26 | INFO  |   Loaded: RR_06-17-2026.csv (36 rows)
09:06:26 | INFO  |   Loaded: RR_06-18-2026.csv (37 rows)
09:06:26 | INFO  |   Loaded: RR_07-07-2026.csv (37 rows)
09:06:26 | INFO  |   Loaded: RR_06-09-2026.csv (36 rows)
09:06:26 | INFO  |   Loaded: RR_06-29-2026.csv (38 rows)
09:06:26 | INFO  | Combined new data: 1072 rows
09:06:26 | INFO  | Removed 1035 duplicate entries
09:06:26 | INFO  | ✅ Saved master CSV: 74,014 total rows
09:06:26 | INFO  |    Date range: 2017-01-03 to 2026-07-16
09:06:26 | INFO  | 
======================================================================
09:06:26 | INFO  | STAGE 3: TICKER SUBSETTING
09:06:26 | INFO  | ======================================================================
09:06:26 | INFO  | Loaded master: 74,014 rows
09:06:26 | INFO  | Creating subsets for 9 tickers
09:06:26 | INFO  |   ✅ UST10Y: 2368 rows | 2017-01-03 to 2026-07-16
09:06:26 | INFO  |   ✅ SPX: 2368 rows | 2017-01-03 to 2026-07-16
09:06:26 | INFO  |   ✅ COMPQ: 2368 rows | 2017-01-03 to 2026-07-16
09:06:26 | INFO  |   ✅ RUT: 2367 rows | 2017-01-03 to 2026-07-16
09:06:26 | INFO  |   ✅ VIX: 2368 rows | 2017-01-03 to 2026-07-16
09:06:26 | INFO  |   ✅ USD: 2368 rows | 2017-01-03 to 2026-07-16
09:06:26 | INFO  |   ✅ GOLD: 2366 rows | 2017-01-03 to 2026-07-16
09:06:26 | INFO  |   ✅ AAPL: 2366 rows | 2017-01-03 to 2026-07-16
09:06:26 | INFO  |   ✅ BITCOIN: 737 rows | 2023-08-01 to 2026-07-16
09:06:26 | INFO  | ✅ Ticker subsetting complete
09:06:26 | INFO  | 
======================================================================
09:06:26 | INFO  | STAGE 4: ENRICHMENT
09:06:26 | INFO  | ======================================================================
09:06:26 | INFO  | Enriching 9 tickers
09:06:26 | INFO  | 
──────────────────────────────────────────────────────────────────────
09:06:26 | INFO  | Enriching: SPX
09:06:26 | INFO  | ──────────────────────────────────────────────────────────────────────
09:06:26 | INFO  |   Loaded 2368 rows from SPX.csv
09:06:26 | INFO  |   Yahoo ticker: ^GSPC
09:06:26 | INFO  |   OHLC prefix: GSPC
09:06:26 | INFO  |   Vol prefix: VIX
09:06:26 | INFO  |   Downloading ^GSPC OHLC...
09:06:27 | INFO  |     Downloaded 2395 days (2017-01-03 to 2026-07-15)
09:06:27 | INFO  |   Downloading ^VIX volatility...
09:06:27 | INFO  |     Downloaded 2397 days (2017-01-03 to 2026-07-16)
09:06:27 | WARNING |   ⚠️  28 trading days missing from original CSV
09:06:27 | INFO  |   ✓ Enrichment complete: 2395 rows
09:06:28 | INFO  |   ✅ Saved: SPX_enriched.csv (2395 rows)
09:06:28 | WARNING |   ⚠️  28 rows need manual update
09:06:28 | INFO  | 
──────────────────────────────────────────────────────────────────────
09:06:28 | INFO  | Enriching: GOLD
09:06:28 | INFO  | ──────────────────────────────────────────────────────────────────────
09:06:28 | INFO  |   Loaded 2366 rows from GOLD.csv
09:06:28 | INFO  |   Yahoo ticker: GC=F
09:06:28 | INFO  |   OHLC prefix: GC
09:06:28 | INFO  |   Vol prefix: GVZ
09:06:28 | INFO  |   Downloading GC=F OHLC...
09:06:28 | INFO  |     Downloaded 2397 days (2017-01-03 to 2026-07-16)
09:06:28 | INFO  |   Downloading ^GVZ volatility...
09:06:29 | INFO  |     Downloaded 2395 days (2017-01-03 to 2026-07-15)
09:06:29 | WARNING |   ⚠️  32 trading days missing from original CSV
09:06:29 | INFO  |   ✓ Enrichment complete: 2397 rows
09:06:29 | INFO  |   ✅ Saved: GOLD_enriched.csv (2397 rows)
09:06:29 | WARNING |   ⚠️  32 rows need manual update
09:06:29 | INFO  | 
──────────────────────────────────────────────────────────────────────
09:06:29 | INFO  | Enriching: UST10Y
09:06:29 | INFO  | ──────────────────────────────────────────────────────────────────────
09:06:29 | INFO  |   Loaded 2368 rows from UST10Y.csv
09:06:29 | INFO  |   Yahoo ticker: ^TNX
09:06:29 | INFO  |   OHLC prefix: TNX
09:06:29 | INFO  |   Vol prefix: VIX
09:06:29 | INFO  |   Downloading ^TNX OHLC...
09:06:29 | INFO  |     Downloaded 2396 days (2017-01-03 to 2026-07-16)
09:06:29 | INFO  |   Downloading ^VIX volatility...
09:06:29 | INFO  |     Downloaded 2397 days (2017-01-03 to 2026-07-16)
09:06:29 | WARNING |   ⚠️  28 trading days missing from original CSV
09:06:29 | INFO  |   ✓ Enrichment complete: 2396 rows
09:06:29 | INFO  |   ✅ Saved: UST10Y_enriched.csv (2396 rows)
09:06:29 | WARNING |   ⚠️  28 rows need manual update
09:06:29 | INFO  | 
──────────────────────────────────────────────────────────────────────
09:06:29 | INFO  | Enriching: COMPQ
09:06:29 | INFO  | ──────────────────────────────────────────────────────────────────────
09:06:30 | INFO  |   Loaded 2368 rows from COMPQ.csv
09:06:30 | INFO  |   Yahoo ticker: ^IXIC
09:06:30 | INFO  |   OHLC prefix: IXIC
09:06:30 | INFO  |   Vol prefix: VIX
09:06:30 | INFO  |   Downloading ^IXIC OHLC...
09:06:30 | INFO  |     Downloaded 2395 days (2017-01-03 to 2026-07-15)
09:06:30 | INFO  |   Downloading ^VIX volatility...
09:06:30 | INFO  |     Downloaded 2397 days (2017-01-03 to 2026-07-16)
09:06:30 | WARNING |   ⚠️  28 trading days missing from original CSV
09:06:31 | INFO  |   ✓ Enrichment complete: 2395 rows
09:06:31 | INFO  |   ✅ Saved: COMPQ_enriched.csv (2395 rows)
09:06:31 | WARNING |   ⚠️  28 rows need manual update
09:06:31 | INFO  | 
──────────────────────────────────────────────────────────────────────
09:06:31 | INFO  | Enriching: RUT
09:06:31 | INFO  | ──────────────────────────────────────────────────────────────────────
09:06:31 | INFO  |   Loaded 2367 rows from RUT.csv
09:06:31 | INFO  |   Yahoo ticker: ^RUT
09:06:31 | INFO  |   OHLC prefix: RUT
09:06:31 | INFO  |   Vol prefix: VIX
09:06:31 | INFO  |   Downloading ^RUT OHLC...
09:06:31 | INFO  |     Downloaded 2395 days (2017-01-03 to 2026-07-15)
09:06:31 | INFO  |   Downloading ^VIX volatility...
09:06:31 | INFO  |     Downloaded 2397 days (2017-01-03 to 2026-07-16)
09:06:31 | WARNING |   ⚠️  29 trading days missing from original CSV
09:06:31 | INFO  |   ✓ Enrichment complete: 2395 rows
09:06:31 | INFO  |   ✅ Saved: RUT_enriched.csv (2395 rows)
09:06:31 | WARNING |   ⚠️  29 rows need manual update
09:06:31 | INFO  | 
──────────────────────────────────────────────────────────────────────
09:06:31 | INFO  | Enriching: VIX
09:06:31 | INFO  | ──────────────────────────────────────────────────────────────────────
09:06:31 | INFO  |   Loaded 2368 rows from VIX.csv
09:06:31 | INFO  |   Yahoo ticker: ^VIX
09:06:31 | INFO  |   OHLC prefix: VIX
09:06:31 | INFO  |   Vol prefix: VIXI
09:06:31 | INFO  |   Downloading ^VIX OHLC...
09:06:32 | INFO  |     Downloaded 2397 days (2017-01-03 to 2026-07-16)
09:06:32 | INFO  |   Downloading ^VIX volatility...
09:06:32 | INFO  |     Downloaded 2397 days (2017-01-03 to 2026-07-16)
09:06:32 | WARNING |   ⚠️  29 trading days missing from original CSV
09:06:32 | INFO  |   ✓ Enrichment complete: 2397 rows
09:06:32 | INFO  |   ✅ Saved: VIX_enriched.csv (2397 rows)
09:06:32 | WARNING |   ⚠️  29 rows need manual update
09:06:32 | INFO  | 
──────────────────────────────────────────────────────────────────────
09:06:32 | INFO  | Enriching: USD
09:06:32 | INFO  | ──────────────────────────────────────────────────────────────────────
09:06:32 | INFO  |   Loaded 2368 rows from USD.csv
09:06:32 | INFO  |   Yahoo ticker: DX-Y.NYB
09:06:32 | INFO  |   OHLC prefix: DX
09:06:32 | INFO  |   Vol prefix: VIX
09:06:32 | INFO  |   Downloading DX-Y.NYB OHLC...
09:06:33 | INFO  |     Downloaded 2398 days (2017-01-03 to 2026-07-16)
09:06:33 | INFO  |   Downloading ^VIX volatility...
09:06:33 | INFO  |     Downloaded 2397 days (2017-01-03 to 2026-07-16)
09:06:33 | WARNING |   ⚠️  30 trading days missing from original CSV
09:06:33 | INFO  |   ✓ Enrichment complete: 2398 rows
09:06:33 | INFO  |   ✅ Saved: USD_enriched.csv (2398 rows)
09:06:33 | WARNING |   ⚠️  30 rows need manual update
09:06:33 | INFO  | 
──────────────────────────────────────────────────────────────────────
09:06:33 | INFO  | Enriching: AAPL
09:06:33 | INFO  | ──────────────────────────────────────────────────────────────────────
09:06:33 | INFO  |   Loaded 2366 rows from AAPL.csv
09:06:33 | INFO  |   Yahoo ticker: AAPL
09:06:33 | INFO  |   OHLC prefix: AAPL
09:06:33 | INFO  |   Vol prefix: VIX
09:06:33 | INFO  |   Downloading AAPL OHLC...
09:06:34 | INFO  |     Downloaded 2395 days (2017-01-03 to 2026-07-15)
09:06:34 | INFO  |   Downloading ^VIX volatility...
09:06:34 | INFO  |     Downloaded 2397 days (2017-01-03 to 2026-07-16)
09:06:34 | WARNING |   ⚠️  30 trading days missing from original CSV
09:06:34 | INFO  |   ✓ Enrichment complete: 2395 rows
09:06:34 | INFO  |   ✅ Saved: AAPL_enriched.csv (2395 rows)
09:06:34 | WARNING |   ⚠️  30 rows need manual update
09:06:34 | INFO  | 
──────────────────────────────────────────────────────────────────────
09:06:34 | INFO  | Enriching: BITCOIN
09:06:34 | INFO  | ──────────────────────────────────────────────────────────────────────
09:06:34 | INFO  |   Loaded 737 rows from BITCOIN.csv
09:06:34 | INFO  |   ⚠️  Row count changed (3482 → 737) - re-enriching
09:06:34 | INFO  |   Yahoo ticker: BTC-USD
09:06:34 | INFO  |   OHLC prefix: BTC
09:06:34 | INFO  |   Vol prefix: VIX
09:06:34 | INFO  |   Downloading BTC-USD OHLC...
09:06:35 | INFO  |     Downloaded 3483 days (2017-01-02 to 2026-07-16)
09:06:35 | INFO  |   Downloading ^VIX volatility...
09:06:35 | INFO  |     Downloaded 2397 days (2017-01-03 to 2026-07-16)
09:06:35 | WARNING |   ⚠️  2746 trading days missing from original CSV
09:06:35 | INFO  |   ✓ Enrichment complete: 3483 rows
09:06:36 | INFO  |   ✅ Saved: BITCOIN_enriched.csv (3483 rows)
09:06:36 | WARNING |   ⚠️  2746 rows need manual update
09:06:36 | INFO  | 
======================================================================
09:06:36 | INFO  | ✅ Enrichment complete:
09:06:36 | INFO  |    Success: 9
09:06:36 | INFO  |    Skipped (up-to-date): 0
09:06:36 | INFO  |    Errors:  0
09:06:36 | INFO  | ======================================================================
09:06:36 | INFO  | 
======================================================================
09:06:36 | INFO  | ✅ PIPELINE COMPLETE
09:06:36 | INFO  | ======================================================================
