10:49:49 | INFO  | ======================================================================
10:49:49 | INFO  | ETL PIPELINE START
10:49:49 | INFO  | ======================================================================
10:49:49 | INFO  | 
📋 PIPELINE PLAN:
10:49:49 | INFO  |    HTML Files: 33 new / 33 total
10:49:49 | INFO  |    Master needs propagation: False
10:49:49 | INFO  | 
======================================================================
10:49:49 | INFO  | STAGE 1: HTML PARSING
10:49:49 | INFO  | ======================================================================
10:49:49 | INFO  | 
Processing: JUNE 8, 2026.html
10:49:49 | INFO  |   ✅ Saved: RR_06-08-2026.csv (37 rows)
10:49:49 | INFO  | 
Processing: JULY 15, 2026.html
10:49:49 | INFO  |   ✅ Saved: RR_07-15-2026.csv (37 rows)
10:49:49 | INFO  | 
Processing: JUNE 22, 2026.html
10:49:49 | INFO  |   ✅ Saved: RR_06-22-2026.csv (37 rows)
10:49:49 | INFO  | 
Processing: JUNE 10, 2026.html
10:49:49 | INFO  |   ✅ Saved: RR_06-10-2026.csv (36 rows)
10:49:49 | INFO  | 
Processing: JULY 17, 2026.html
10:49:49 | INFO  |   ✅ Saved: RR_07-17-2026.csv (38 rows)
10:49:49 | INFO  | 
Processing: JULY 14, 2026.html
10:49:49 | INFO  |   ✅ Saved: RR_07-14-2026.csv (37 rows)
10:49:49 | INFO  | 
Processing: JUNE 23, 2026.html
10:49:50 | INFO  |   ✅ Saved: RR_06-23-2026.csv (37 rows)
10:49:50 | INFO  | 
Processing: JULY 21, 2026.html
10:49:50 | INFO  |   ✅ Saved: RR_07-21-2026.csv (38 rows)
10:49:50 | INFO  | 
Processing: JULY 7, 2026.html
10:49:50 | INFO  |   ✅ Saved: RR_07-07-2026.csv (37 rows)
10:49:50 | INFO  | 
Processing: JUNE 9, 2026.html
10:49:50 | INFO  |   ✅ Saved: RR_06-09-2026.csv (36 rows)
10:49:50 | INFO  | 
Processing: JULY 20, 2026.html
10:49:50 | INFO  |   ✅ Saved: RR_07-20-2026.csv (38 rows)
10:49:50 | INFO  | 
Processing: JULY 2, 2026.html
10:49:50 | INFO  |   ✅ Saved: RR_07-02-2026.csv (38 rows)
10:49:50 | INFO  | 
Processing: JUNE 5, 2026.html
10:49:50 | INFO  |   ✅ Saved: RR_06-05-2026.csv (37 rows)
10:49:50 | INFO  | 
Processing: JULY 22, 2026.html
10:49:50 | INFO  |   ✅ Saved: RR_07-22-2026.csv (38 rows)
10:49:50 | INFO  | 
Processing: JUNE 11, 2026.html
10:49:50 | INFO  |   ✅ Saved: RR_06-11-2026.csv (36 rows)
10:49:50 | INFO  | 
Processing: JULY 10, 2026.html
10:49:50 | INFO  |   ✅ Saved: RR_07-10-2026.csv (37 rows)
10:49:50 | INFO  | 
Processing: JULY 9, 2026.html
10:49:50 | INFO  |   ✅ Saved: RR_07-09-2026.csv (37 rows)
10:49:50 | INFO  | 
Processing: JUNE 4, 2026.html
10:49:51 | INFO  |   ✅ Saved: RR_06-04-2026.csv (37 rows)
10:49:51 | INFO  | 
Processing: JUNE 15, 2026.html
10:49:51 | INFO  |   ✅ Saved: RR_06-15-2026.csv (36 rows)
10:49:51 | INFO  | 
Processing: JUNE 16, 2026.html
10:49:51 | INFO  |   ✅ Saved: RR_06-16-2026.csv (36 rows)
10:49:51 | INFO  | 
Processing: JUNE 29, 2026.html
10:49:51 | INFO  |   ✅ Saved: RR_06-29-2026.csv (38 rows)
10:49:51 | INFO  | 
Processing: JUNE 12, 2026.html
10:49:51 | INFO  |   ✅ Saved: RR_06-12-2026.csv (36 rows)
10:49:51 | INFO  | 
Processing: JUNE 30, 2026.html
10:49:51 | INFO  |   ✅ Saved: RR_06-30-2026.csv (38 rows)
10:49:51 | INFO  | 
Processing: JULY 16, 2026.html
10:49:51 | INFO  |   ✅ Saved: RR_07-16-2026.csv (37 rows)
10:49:51 | INFO  | 
Processing: JULY 6, 2026.html
10:49:51 | INFO  |   ✅ Saved: RR_07-06-2026.csv (37 rows)
10:49:51 | INFO  | 
Processing: JUNE 24, 2026.html
10:49:51 | INFO  |   ✅ Saved: RR_06-24-2026.csv (37 rows)
10:49:51 | INFO  | 
Processing: JUNE 17, 2026.html
10:49:51 | INFO  |   ✅ Saved: RR_06-17-2026.csv (36 rows)
10:49:51 | INFO  | 
Processing: JULY 13, 2026.html
10:49:52 | INFO  |   ✅ Saved: RR_07-13-2026.csv (37 rows)
10:49:52 | INFO  | 
Processing: JUNE 26, 2026.html
10:49:52 | INFO  |   ✅ Saved: RR_06-26-2026.csv (38 rows)
10:49:52 | INFO  | 
Processing: JUNE 18, 2026.html
10:49:52 | INFO  |   ✅ Saved: RR_06-18-2026.csv (37 rows)
10:49:52 | INFO  | 
Processing: JUNE 25, 2026.html
10:49:52 | INFO  |   ✅ Saved: RR_06-25-2026.csv (38 rows)
10:49:52 | INFO  | 
Processing: JULY 8, 2026.html
10:49:52 | INFO  |   ✅ Saved: RR_07-08-2026.csv (37 rows)
10:49:52 | INFO  | 
Processing: JULY 1, 2026.html
10:49:52 | INFO  |   ✅ Saved: RR_07-01-2026.csv (38 rows)
10:49:52 | INFO  | 
✅ HTML parsing complete: 33 success, 0 errors
10:49:52 | INFO  | 
======================================================================
10:49:52 | INFO  | STAGE 2: MASTER AGGREGATION
10:49:52 | INFO  | ======================================================================
10:49:52 | INFO  | ✅ Backed up master to: risk_ranges_master_backup_20260724_104952.csv
10:49:52 | INFO  | Loaded existing master: 74,166 rows
10:49:52 | INFO  |   Loaded: RR_06-08-2026.csv (37 rows)
10:49:52 | INFO  |   Loaded: RR_07-15-2026.csv (37 rows)
10:49:52 | INFO  |   Loaded: RR_06-22-2026.csv (37 rows)
10:49:52 | INFO  |   Loaded: RR_06-10-2026.csv (36 rows)
10:49:52 | INFO  |   Loaded: RR_07-17-2026.csv (38 rows)
10:49:52 | INFO  |   Loaded: RR_07-14-2026.csv (37 rows)
10:49:52 | INFO  |   Loaded: RR_06-23-2026.csv (37 rows)
10:49:52 | INFO  |   Loaded: RR_07-21-2026.csv (38 rows)
10:49:52 | INFO  |   Loaded: RR_07-07-2026.csv (37 rows)
10:49:52 | INFO  |   Loaded: RR_06-09-2026.csv (36 rows)
10:49:52 | INFO  |   Loaded: RR_07-20-2026.csv (38 rows)
10:49:52 | INFO  |   Loaded: RR_07-02-2026.csv (38 rows)
10:49:52 | INFO  |   Loaded: RR_06-05-2026.csv (37 rows)
10:49:52 | INFO  |   Loaded: RR_07-22-2026.csv (38 rows)
10:49:52 | INFO  |   Loaded: RR_06-11-2026.csv (36 rows)
10:49:52 | INFO  |   Loaded: RR_07-10-2026.csv (37 rows)
10:49:52 | INFO  |   Loaded: RR_07-09-2026.csv (37 rows)
10:49:52 | INFO  |   Loaded: RR_06-04-2026.csv (37 rows)
10:49:52 | INFO  |   Loaded: RR_06-15-2026.csv (36 rows)
10:49:52 | INFO  |   Loaded: RR_06-16-2026.csv (36 rows)
10:49:52 | INFO  |   Loaded: RR_06-29-2026.csv (38 rows)
10:49:52 | INFO  |   Loaded: RR_06-12-2026.csv (36 rows)
10:49:52 | INFO  |   Loaded: RR_06-30-2026.csv (38 rows)
10:49:52 | INFO  |   Loaded: RR_07-16-2026.csv (37 rows)
10:49:52 | INFO  |   Loaded: RR_07-06-2026.csv (37 rows)
10:49:52 | INFO  |   Loaded: RR_06-24-2026.csv (37 rows)
10:49:52 | INFO  |   Loaded: RR_06-17-2026.csv (36 rows)
10:49:52 | INFO  |   Loaded: RR_07-13-2026.csv (37 rows)
10:49:52 | INFO  |   Loaded: RR_06-26-2026.csv (38 rows)
10:49:52 | INFO  |   Loaded: RR_06-18-2026.csv (37 rows)
10:49:52 | INFO  |   Loaded: RR_06-25-2026.csv (38 rows)
10:49:52 | INFO  |   Loaded: RR_07-08-2026.csv (37 rows)
10:49:52 | INFO  |   Loaded: RR_07-01-2026.csv (38 rows)
10:49:52 | INFO  | Combined new data: 1224 rows
10:49:52 | INFO  | Removed 1224 duplicate entries
10:49:52 | INFO  | ✅ Saved master CSV: 74,166 total rows
10:49:52 | INFO  |    Date range: 2017-01-03 to 2026-07-22
10:49:52 | INFO  | 
======================================================================
10:49:52 | INFO  | STAGE 3: TICKER SUBSETTING
10:49:52 | INFO  | ======================================================================
10:49:52 | INFO  | Loaded master: 74,166 rows
10:49:52 | INFO  | Creating subsets for 9 tickers
10:49:52 | INFO  |   ✅ UST10Y: 2372 rows | 2017-01-03 to 2026-07-22
10:49:52 | INFO  |   ✅ SPX: 2372 rows | 2017-01-03 to 2026-07-22
10:49:52 | INFO  |   ✅ COMPQ: 2372 rows | 2017-01-03 to 2026-07-22
10:49:53 | INFO  |   ✅ RUT: 2371 rows | 2017-01-03 to 2026-07-22
10:49:53 | INFO  |   ✅ VIX: 2372 rows | 2017-01-03 to 2026-07-22
10:49:53 | INFO  |   ✅ USD: 2372 rows | 2017-01-03 to 2026-07-22
10:49:53 | INFO  |   ✅ GOLD: 2370 rows | 2017-01-03 to 2026-07-22
10:49:53 | INFO  |   ✅ AAPL: 2370 rows | 2017-01-03 to 2026-07-22
10:49:53 | INFO  |   ✅ BITCOIN: 741 rows | 2023-08-01 to 2026-07-22
10:49:53 | INFO  | ✅ Ticker subsetting complete
10:49:53 | INFO  | 
======================================================================
10:49:53 | INFO  | STAGE 4: ENRICHMENT
10:49:53 | INFO  | ======================================================================
10:49:53 | INFO  | Enriching 9 tickers
10:49:53 | INFO  | 
──────────────────────────────────────────────────────────────────────
10:49:53 | INFO  | Enriching: SPX
10:49:53 | INFO  | ──────────────────────────────────────────────────────────────────────
10:49:53 | INFO  |   Loaded 2372 rows from SPX.csv
10:49:53 | INFO  |   Yahoo ticker: ^GSPC
10:49:53 | INFO  |   OHLC prefix: GSPC
10:49:53 | INFO  |   Vol prefix: VIX
10:49:53 | INFO  |   Downloading ^GSPC OHLC...
10:49:53 | INFO  |     Downloaded 2402 days (2017-01-03 to 2026-07-24)
10:49:53 | INFO  |   Downloading ^VIX volatility...
10:49:54 | INFO  |     Downloaded 2403 days (2017-01-03 to 2026-07-24)
10:49:54 | WARNING |   ⚠️  30 trading days missing from original CSV
10:49:54 | INFO  |   ✓ Enrichment complete: 2402 rows
10:49:54 | INFO  |   ✅ Saved: SPX_enriched.csv (2402 rows)
10:49:54 | WARNING |   ⚠️  30 rows need manual update
10:49:54 | INFO  | 
──────────────────────────────────────────────────────────────────────
10:49:54 | INFO  | Enriching: GOLD
10:49:54 | INFO  | ──────────────────────────────────────────────────────────────────────
10:49:54 | INFO  |   Loaded 2370 rows from GOLD.csv
10:49:54 | INFO  |   Yahoo ticker: GC=F
10:49:54 | INFO  |   OHLC prefix: GC
10:49:54 | INFO  |   Vol prefix: GVZ
10:49:54 | INFO  |   Downloading GC=F OHLC...
10:49:54 | INFO  |     Downloaded 2403 days (2017-01-03 to 2026-07-24)
10:49:54 | INFO  |   Downloading ^GVZ volatility...
10:49:54 | INFO  |     Downloaded 2402 days (2017-01-03 to 2026-07-24)
10:49:54 | WARNING |   ⚠️  34 trading days missing from original CSV
10:49:54 | INFO  |   ✓ Enrichment complete: 2403 rows
10:49:54 | INFO  |   ✅ Saved: GOLD_enriched.csv (2403 rows)
10:49:54 | WARNING |   ⚠️  34 rows need manual update
10:49:54 | INFO  | 
──────────────────────────────────────────────────────────────────────
10:49:54 | INFO  | Enriching: UST10Y
10:49:54 | INFO  | ──────────────────────────────────────────────────────────────────────
10:49:54 | INFO  |   Loaded 2372 rows from UST10Y.csv
10:49:54 | INFO  |   Yahoo ticker: ^TNX
10:49:54 | INFO  |   OHLC prefix: TNX
10:49:54 | INFO  |   Vol prefix: VIX
10:49:54 | INFO  |   Downloading ^TNX OHLC...
10:49:55 | INFO  |     Downloaded 2402 days (2017-01-03 to 2026-07-24)
10:49:55 | INFO  |   Downloading ^VIX volatility...
10:49:55 | INFO  |     Downloaded 2403 days (2017-01-03 to 2026-07-24)
10:49:55 | WARNING |   ⚠️  30 trading days missing from original CSV
10:49:55 | INFO  |   ✓ Enrichment complete: 2402 rows
10:49:55 | INFO  |   ✅ Saved: UST10Y_enriched.csv (2402 rows)
10:49:55 | WARNING |   ⚠️  30 rows need manual update
10:49:55 | INFO  | 
──────────────────────────────────────────────────────────────────────
10:49:55 | INFO  | Enriching: COMPQ
10:49:55 | INFO  | ──────────────────────────────────────────────────────────────────────
10:49:55 | INFO  |   Loaded 2372 rows from COMPQ.csv
10:49:55 | INFO  |   Yahoo ticker: ^IXIC
10:49:55 | INFO  |   OHLC prefix: IXIC
10:49:55 | INFO  |   Vol prefix: VIX
10:49:55 | INFO  |   Downloading ^IXIC OHLC...
10:49:55 | INFO  |     Downloaded 2402 days (2017-01-03 to 2026-07-24)
10:49:55 | INFO  |   Downloading ^VIX volatility...
10:49:55 | INFO  |     Downloaded 2403 days (2017-01-03 to 2026-07-24)
10:49:55 | WARNING |   ⚠️  30 trading days missing from original CSV
10:49:55 | INFO  |   ✓ Enrichment complete: 2402 rows
10:49:55 | INFO  |   ✅ Saved: COMPQ_enriched.csv (2402 rows)
10:49:55 | WARNING |   ⚠️  30 rows need manual update
10:49:55 | INFO  | 
──────────────────────────────────────────────────────────────────────
10:49:55 | INFO  | Enriching: RUT
10:49:55 | INFO  | ──────────────────────────────────────────────────────────────────────
10:49:55 | INFO  |   Loaded 2371 rows from RUT.csv
10:49:55 | INFO  |   Yahoo ticker: ^RUT
10:49:55 | INFO  |   OHLC prefix: RUT
10:49:55 | INFO  |   Vol prefix: VIX
10:49:55 | INFO  |   Downloading ^RUT OHLC...
10:49:55 | INFO  |     Downloaded 2402 days (2017-01-03 to 2026-07-24)
10:49:55 | INFO  |   Downloading ^VIX volatility...
10:49:55 | INFO  |     Downloaded 2403 days (2017-01-03 to 2026-07-24)
10:49:55 | WARNING |   ⚠️  31 trading days missing from original CSV
10:49:55 | INFO  |   ✓ Enrichment complete: 2402 rows
10:49:55 | INFO  |   ✅ Saved: RUT_enriched.csv (2402 rows)
10:49:55 | WARNING |   ⚠️  31 rows need manual update
10:49:55 | INFO  | 
──────────────────────────────────────────────────────────────────────
10:49:55 | INFO  | Enriching: VIX
10:49:55 | INFO  | ──────────────────────────────────────────────────────────────────────
10:49:55 | INFO  |   Loaded 2372 rows from VIX.csv
10:49:55 | INFO  |   Yahoo ticker: ^VIX
10:49:55 | INFO  |   OHLC prefix: VIX
10:49:55 | INFO  |   Vol prefix: VIXI
10:49:55 | INFO  |   Downloading ^VIX OHLC...
10:49:55 | INFO  |     Downloaded 2403 days (2017-01-03 to 2026-07-24)
10:49:55 | INFO  |   Downloading ^VIX volatility...
10:49:55 | INFO  |     Downloaded 2403 days (2017-01-03 to 2026-07-24)
10:49:55 | WARNING |   ⚠️  31 trading days missing from original CSV
10:49:55 | INFO  |   ✓ Enrichment complete: 2403 rows
10:49:55 | INFO  |   ✅ Saved: VIX_enriched.csv (2403 rows)
10:49:55 | WARNING |   ⚠️  31 rows need manual update
10:49:55 | INFO  | 
──────────────────────────────────────────────────────────────────────
10:49:55 | INFO  | Enriching: USD
10:49:55 | INFO  | ──────────────────────────────────────────────────────────────────────
10:49:55 | INFO  |   Loaded 2372 rows from USD.csv
10:49:55 | INFO  |   Yahoo ticker: DX-Y.NYB
10:49:55 | INFO  |   OHLC prefix: DX
10:49:55 | INFO  |   Vol prefix: VIX
10:49:55 | INFO  |   Downloading DX-Y.NYB OHLC...
10:49:56 | INFO  |     Downloaded 2404 days (2017-01-03 to 2026-07-24)
10:49:56 | INFO  |   Downloading ^VIX volatility...
10:49:56 | INFO  |     Downloaded 2403 days (2017-01-03 to 2026-07-24)
10:49:56 | WARNING |   ⚠️  32 trading days missing from original CSV
10:49:56 | INFO  |   ✓ Enrichment complete: 2404 rows
10:49:56 | INFO  |   ✅ Saved: USD_enriched.csv (2404 rows)
10:49:56 | WARNING |   ⚠️  32 rows need manual update
10:49:56 | INFO  | 
──────────────────────────────────────────────────────────────────────
10:49:56 | INFO  | Enriching: AAPL
10:49:56 | INFO  | ──────────────────────────────────────────────────────────────────────
10:49:56 | INFO  |   Loaded 2370 rows from AAPL.csv
10:49:56 | INFO  |   Yahoo ticker: AAPL
10:49:56 | INFO  |   OHLC prefix: AAPL
10:49:56 | INFO  |   Vol prefix: VIX
10:49:56 | INFO  |   Downloading AAPL OHLC...
10:49:56 | INFO  |     Downloaded 2402 days (2017-01-03 to 2026-07-24)
10:49:56 | INFO  |   Downloading ^VIX volatility...
10:49:56 | INFO  |     Downloaded 2403 days (2017-01-03 to 2026-07-24)
10:49:56 | WARNING |   ⚠️  32 trading days missing from original CSV
10:49:56 | INFO  |   ✓ Enrichment complete: 2402 rows
10:49:56 | INFO  |   ✅ Saved: AAPL_enriched.csv (2402 rows)
10:49:56 | WARNING |   ⚠️  32 rows need manual update
10:49:56 | INFO  | 
──────────────────────────────────────────────────────────────────────
10:49:56 | INFO  | Enriching: BITCOIN
10:49:56 | INFO  | ──────────────────────────────────────────────────────────────────────
10:49:56 | INFO  |   Loaded 741 rows from BITCOIN.csv
10:49:56 | INFO  |   ⚠️  Row count changed (3490 → 741) - re-enriching
10:49:56 | INFO  |   Yahoo ticker: BTC-USD
10:49:56 | INFO  |   OHLC prefix: BTC
10:49:56 | INFO  |   Vol prefix: VIX
10:49:56 | INFO  |   Downloading BTC-USD OHLC...
10:49:56 | INFO  |     Downloaded 3491 days (2017-01-02 to 2026-07-24)
10:49:56 | INFO  |   Downloading ^VIX volatility...
10:49:57 | INFO  |     Downloaded 2403 days (2017-01-03 to 2026-07-24)
10:49:57 | WARNING |   ⚠️  2750 trading days missing from original CSV
10:49:57 | INFO  |   ✓ Enrichment complete: 3491 rows
10:49:57 | INFO  |   ✅ Saved: BITCOIN_enriched.csv (3491 rows)
10:49:57 | WARNING |   ⚠️  2750 rows need manual update
10:49:57 | INFO  | 
======================================================================
10:49:57 | INFO  | ✅ Enrichment complete:
10:49:57 | INFO  |    Success: 9
10:49:57 | INFO  |    Skipped (up-to-date): 0
10:49:57 | INFO  |    Errors:  0
10:49:57 | INFO  | ======================================================================
10:49:57 | INFO  | 
======================================================================
10:49:57 | INFO  | ✅ PIPELINE COMPLETE
10:49:57 | INFO  | ======================================================================
