09:37:21 | INFO  | ======================================================================
09:37:21 | INFO  | ETL PIPELINE START
09:37:21 | INFO  | ======================================================================
09:37:21 | INFO  | 
📋 PIPELINE PLAN:
09:37:21 | INFO  |    HTML Files: 15 new / 15 total
09:37:21 | INFO  |    Master needs propagation: False
09:37:21 | INFO  | 
======================================================================
09:37:21 | INFO  | STAGE 1: HTML PARSING
09:37:21 | INFO  | ======================================================================
09:37:21 | INFO  | 
Processing: JUNE 22, 2026.html
09:37:22 | INFO  |   ✅ Saved: RR_06-22-2026.csv (37 rows)
09:37:22 | INFO  | 
Processing: JUNE 23, 2026.html
09:37:22 | INFO  |   ✅ Saved: RR_06-23-2026.csv (37 rows)
09:37:22 | INFO  | 
Processing: JUNE 5, 2026.html
09:37:22 | INFO  |   ✅ Saved: RR_06-05-2026.csv (37 rows)
09:37:22 | INFO  | 
Processing: JUNE 8, 2026.html
09:37:22 | INFO  |   ✅ Saved: RR_06-08-2026.csv (37 rows)
09:37:22 | INFO  | 
Processing: JUNE 15, 2026.html
09:37:22 | INFO  |   ✅ Saved: RR_06-15-2026.csv (36 rows)
09:37:22 | INFO  | 
Processing: JUNE 4, 2026.html
09:37:22 | INFO  |   ✅ Saved: RR_06-04-2026.csv (37 rows)
09:37:22 | INFO  | 
Processing: JUNE 12, 2026.html
09:37:22 | INFO  |   ✅ Saved: RR_06-12-2026.csv (36 rows)
09:37:22 | INFO  | 
Processing: JUNE 11, 2026.html
09:37:22 | INFO  |   ✅ Saved: RR_06-11-2026.csv (36 rows)
09:37:22 | INFO  | 
Processing: JUNE 9, 2026.html
09:37:22 | INFO  |   ✅ Saved: RR_06-09-2026.csv (36 rows)
09:37:22 | INFO  | 
Processing: JUNE 16, 2026.html
09:37:22 | INFO  |   ✅ Saved: RR_06-16-2026.csv (36 rows)
09:37:22 | INFO  | 
Processing: JUNE 10, 2026.html
09:37:22 | INFO  |   ✅ Saved: RR_06-10-2026.csv (36 rows)
09:37:22 | INFO  | 
Processing: JUNE 17, 2026.html
09:37:22 | INFO  |   ✅ Saved: RR_06-17-2026.csv (36 rows)
09:37:22 | INFO  | 
Processing: JUNE 25, 2026.html
09:37:23 | INFO  |   ✅ Saved: RR_06-25-2026.csv (38 rows)
09:37:23 | INFO  | 
Processing: JUNE 18, 2026.html
09:37:23 | INFO  |   ✅ Saved: RR_06-18-2026.csv (37 rows)
09:37:23 | INFO  | 
Processing: JUNE 24, 2026.html
09:37:23 | INFO  |   ✅ Saved: RR_06-24-2026.csv (37 rows)
09:37:23 | INFO  | 
✅ HTML parsing complete: 15 success, 0 errors
09:37:23 | INFO  | 
======================================================================
09:37:23 | INFO  | STAGE 2: MASTER AGGREGATION
09:37:23 | INFO  | ======================================================================
09:37:23 | INFO  | ✅ Backed up master to: risk_ranges_master_backup_20260625_093723.csv
09:37:23 | INFO  | Loaded existing master: 73,453 rows
09:37:23 | INFO  |   Loaded: RR_06-22-2026.csv (37 rows)
09:37:23 | INFO  |   Loaded: RR_06-23-2026.csv (37 rows)
09:37:23 | INFO  |   Loaded: RR_06-05-2026.csv (37 rows)
09:37:23 | INFO  |   Loaded: RR_06-08-2026.csv (37 rows)
09:37:23 | INFO  |   Loaded: RR_06-15-2026.csv (36 rows)
09:37:23 | INFO  |   Loaded: RR_06-04-2026.csv (37 rows)
09:37:23 | INFO  |   Loaded: RR_06-12-2026.csv (36 rows)
09:37:23 | INFO  |   Loaded: RR_06-11-2026.csv (36 rows)
09:37:23 | INFO  |   Loaded: RR_06-09-2026.csv (36 rows)
09:37:23 | INFO  |   Loaded: RR_06-16-2026.csv (36 rows)
09:37:23 | INFO  |   Loaded: RR_06-10-2026.csv (36 rows)
09:37:23 | INFO  |   Loaded: RR_06-17-2026.csv (36 rows)
09:37:23 | INFO  |   Loaded: RR_06-25-2026.csv (38 rows)
09:37:23 | INFO  |   Loaded: RR_06-18-2026.csv (37 rows)
09:37:23 | INFO  |   Loaded: RR_06-24-2026.csv (37 rows)
09:37:23 | INFO  | Combined new data: 549 rows
09:37:23 | INFO  | Removed 511 duplicate entries
09:37:23 | INFO  | ✅ Saved master CSV: 73,491 total rows
09:37:23 | INFO  |    Date range: 2017-01-03 to 2026-06-25
09:37:23 | INFO  | 
======================================================================
09:37:23 | INFO  | STAGE 3: TICKER SUBSETTING
09:37:23 | INFO  | ======================================================================
09:37:23 | INFO  | Loaded master: 73,491 rows
09:37:23 | INFO  | Creating subsets for 9 tickers
09:37:23 | INFO  |   ✅ UST10Y: 2354 rows | 2017-01-03 to 2026-06-25
09:37:23 | INFO  |   ✅ SPX: 2354 rows | 2017-01-03 to 2026-06-25
09:37:23 | INFO  |   ✅ COMPQ: 2354 rows | 2017-01-03 to 2026-06-25
09:37:23 | INFO  |   ✅ RUT: 2353 rows | 2017-01-03 to 2026-06-25
09:37:23 | INFO  |   ✅ VIX: 2354 rows | 2017-01-03 to 2026-06-25
09:37:23 | INFO  |   ✅ USD: 2354 rows | 2017-01-03 to 2026-06-25
09:37:23 | INFO  |   ✅ GOLD: 2352 rows | 2017-01-03 to 2026-06-25
09:37:23 | INFO  |   ✅ AAPL: 2352 rows | 2017-01-03 to 2026-06-25
09:37:23 | INFO  |   ✅ BITCOIN: 723 rows | 2023-08-01 to 2026-06-25
09:37:23 | INFO  | ✅ Ticker subsetting complete
09:37:23 | INFO  | 
======================================================================
09:37:23 | INFO  | STAGE 4: ENRICHMENT
09:37:23 | INFO  | ======================================================================
09:37:23 | INFO  | Enriching 9 tickers
09:37:23 | INFO  | 
──────────────────────────────────────────────────────────────────────
09:37:23 | INFO  | Enriching: SPX
09:37:23 | INFO  | ──────────────────────────────────────────────────────────────────────
09:37:23 | INFO  |   Loaded 2354 rows from SPX.csv
09:37:23 | INFO  |   Yahoo ticker: ^GSPC
09:37:23 | INFO  |   OHLC prefix: GSPC
09:37:23 | INFO  |   Vol prefix: VIX
09:37:23 | INFO  |   Downloading ^GSPC OHLC...
09:37:24 | INFO  |     Downloaded 2382 days (2017-01-03 to 2026-06-25)
09:37:24 | INFO  |   Downloading ^VIX volatility...
09:37:24 | INFO  |     Downloaded 2383 days (2017-01-03 to 2026-06-25)
09:37:24 | WARNING |   ⚠️  28 trading days missing from original CSV
09:37:24 | INFO  |   ✓ Enrichment complete: 2382 rows
09:37:24 | INFO  |   ✅ Saved: SPX_enriched.csv (2382 rows)
09:37:24 | WARNING |   ⚠️  28 rows need manual update
09:37:24 | INFO  | 
──────────────────────────────────────────────────────────────────────
09:37:24 | INFO  | Enriching: GOLD
09:37:24 | INFO  | ──────────────────────────────────────────────────────────────────────
09:37:24 | INFO  |   Loaded 2352 rows from GOLD.csv
09:37:24 | INFO  |   Yahoo ticker: GC=F
09:37:24 | INFO  |   OHLC prefix: GC
09:37:24 | INFO  |   Vol prefix: GVZ
09:37:24 | INFO  |   Downloading GC=F OHLC...
09:37:24 | INFO  |     Downloaded 2383 days (2017-01-03 to 2026-06-25)
09:37:24 | INFO  |   Downloading ^GVZ volatility...
09:37:24 | INFO  |     Downloaded 2381 days (2017-01-03 to 2026-06-24)
09:37:24 | WARNING |   ⚠️  32 trading days missing from original CSV
09:37:24 | INFO  |   ✓ Enrichment complete: 2383 rows
09:37:24 | INFO  |   ✅ Saved: GOLD_enriched.csv (2383 rows)
09:37:24 | WARNING |   ⚠️  32 rows need manual update
09:37:24 | INFO  | 
──────────────────────────────────────────────────────────────────────
09:37:24 | INFO  | Enriching: UST10Y
09:37:24 | INFO  | ──────────────────────────────────────────────────────────────────────
09:37:24 | INFO  |   Loaded 2354 rows from UST10Y.csv
09:37:24 | INFO  |   Yahoo ticker: ^TNX
09:37:24 | INFO  |   OHLC prefix: TNX
09:37:24 | INFO  |   Vol prefix: VIX
09:37:24 | INFO  |   Downloading ^TNX OHLC...
09:37:25 | INFO  |     Downloaded 2379 days (2017-01-03 to 2026-06-25)
09:37:25 | INFO  |   Downloading ^VIX volatility...
09:37:25 | INFO  |     Downloaded 2383 days (2017-01-03 to 2026-06-25)
09:37:25 | WARNING |   ⚠️  28 trading days missing from original CSV
09:37:25 | INFO  |   ✓ Enrichment complete: 2379 rows
09:37:25 | INFO  |   ✅ Saved: UST10Y_enriched.csv (2379 rows)
09:37:25 | WARNING |   ⚠️  28 rows need manual update
09:37:25 | INFO  | 
──────────────────────────────────────────────────────────────────────
09:37:25 | INFO  | Enriching: COMPQ
09:37:25 | INFO  | ──────────────────────────────────────────────────────────────────────
09:37:25 | INFO  |   Loaded 2354 rows from COMPQ.csv
09:37:25 | INFO  |   Yahoo ticker: ^IXIC
09:37:25 | INFO  |   OHLC prefix: IXIC
09:37:25 | INFO  |   Vol prefix: VIX
09:37:25 | INFO  |   Downloading ^IXIC OHLC...
09:37:25 | INFO  |     Downloaded 2382 days (2017-01-03 to 2026-06-25)
09:37:25 | INFO  |   Downloading ^VIX volatility...
09:37:25 | INFO  |     Downloaded 2383 days (2017-01-03 to 2026-06-25)
09:37:25 | WARNING |   ⚠️  28 trading days missing from original CSV
09:37:25 | INFO  |   ✓ Enrichment complete: 2382 rows
09:37:25 | INFO  |   ✅ Saved: COMPQ_enriched.csv (2382 rows)
09:37:25 | WARNING |   ⚠️  28 rows need manual update
09:37:25 | INFO  | 
──────────────────────────────────────────────────────────────────────
09:37:25 | INFO  | Enriching: RUT
09:37:25 | INFO  | ──────────────────────────────────────────────────────────────────────
09:37:25 | INFO  |   Loaded 2353 rows from RUT.csv
09:37:25 | INFO  |   Yahoo ticker: ^RUT
09:37:25 | INFO  |   OHLC prefix: RUT
09:37:25 | INFO  |   Vol prefix: VIX
09:37:25 | INFO  |   Downloading ^RUT OHLC...
09:37:25 | INFO  |     Downloaded 2381 days (2017-01-03 to 2026-06-24)
09:37:25 | INFO  |   Downloading ^VIX volatility...
09:37:25 | INFO  |     Downloaded 2383 days (2017-01-03 to 2026-06-25)
09:37:25 | WARNING |   ⚠️  29 trading days missing from original CSV
09:37:25 | INFO  |   ✓ Enrichment complete: 2381 rows
09:37:25 | INFO  |   ✅ Saved: RUT_enriched.csv (2381 rows)
09:37:25 | WARNING |   ⚠️  29 rows need manual update
09:37:25 | INFO  | 
──────────────────────────────────────────────────────────────────────
09:37:25 | INFO  | Enriching: VIX
09:37:25 | INFO  | ──────────────────────────────────────────────────────────────────────
09:37:25 | INFO  |   Loaded 2354 rows from VIX.csv
09:37:25 | INFO  |   Yahoo ticker: ^VIX
09:37:25 | INFO  |   OHLC prefix: VIX
09:37:25 | INFO  |   Vol prefix: VIXI
09:37:25 | INFO  |   Downloading ^VIX OHLC...
09:37:26 | INFO  |     Downloaded 2383 days (2017-01-03 to 2026-06-25)
09:37:26 | INFO  |   Downloading ^VIX volatility...
09:37:26 | INFO  |     Downloaded 2383 days (2017-01-03 to 2026-06-25)
09:37:26 | WARNING |   ⚠️  29 trading days missing from original CSV
09:37:26 | INFO  |   ✓ Enrichment complete: 2383 rows
09:37:26 | INFO  |   ✅ Saved: VIX_enriched.csv (2383 rows)
09:37:26 | WARNING |   ⚠️  29 rows need manual update
09:37:26 | INFO  | 
──────────────────────────────────────────────────────────────────────
09:37:26 | INFO  | Enriching: USD
09:37:26 | INFO  | ──────────────────────────────────────────────────────────────────────
09:37:26 | INFO  |   Loaded 2354 rows from USD.csv
09:37:26 | INFO  |   Yahoo ticker: DX-Y.NYB
09:37:26 | INFO  |   OHLC prefix: DX
09:37:26 | INFO  |   Vol prefix: VIX
09:37:26 | INFO  |   Downloading DX-Y.NYB OHLC...
09:37:26 | INFO  |     Downloaded 2384 days (2017-01-03 to 2026-06-25)
09:37:26 | INFO  |   Downloading ^VIX volatility...
09:37:26 | INFO  |     Downloaded 2383 days (2017-01-03 to 2026-06-25)
09:37:26 | WARNING |   ⚠️  30 trading days missing from original CSV
09:37:26 | INFO  |   ✓ Enrichment complete: 2384 rows
09:37:26 | INFO  |   ✅ Saved: USD_enriched.csv (2384 rows)
09:37:26 | WARNING |   ⚠️  30 rows need manual update
09:37:26 | INFO  | 
──────────────────────────────────────────────────────────────────────
09:37:26 | INFO  | Enriching: AAPL
09:37:26 | INFO  | ──────────────────────────────────────────────────────────────────────
09:37:26 | INFO  |   Loaded 2352 rows from AAPL.csv
09:37:26 | INFO  |   Yahoo ticker: AAPL
09:37:26 | INFO  |   OHLC prefix: AAPL
09:37:26 | INFO  |   Vol prefix: VIX
09:37:26 | INFO  |   Downloading AAPL OHLC...
09:37:26 | INFO  |     Downloaded 2382 days (2017-01-03 to 2026-06-25)
09:37:26 | INFO  |   Downloading ^VIX volatility...
09:37:27 | INFO  |     Downloaded 2383 days (2017-01-03 to 2026-06-25)
09:37:27 | WARNING |   ⚠️  30 trading days missing from original CSV
09:37:27 | INFO  |   ✓ Enrichment complete: 2382 rows
09:37:27 | INFO  |   ✅ Saved: AAPL_enriched.csv (2382 rows)
09:37:27 | WARNING |   ⚠️  30 rows need manual update
09:37:27 | INFO  | 
──────────────────────────────────────────────────────────────────────
09:37:27 | INFO  | Enriching: BITCOIN
09:37:27 | INFO  | ──────────────────────────────────────────────────────────────────────
09:37:27 | INFO  |   Loaded 723 rows from BITCOIN.csv
09:37:27 | INFO  |   ⚠️  Row count changed (3460 → 723) - re-enriching
09:37:27 | INFO  |   Yahoo ticker: BTC-USD
09:37:27 | INFO  |   OHLC prefix: BTC
09:37:27 | INFO  |   Vol prefix: VIX
09:37:27 | INFO  |   Downloading BTC-USD OHLC...
09:37:27 | INFO  |     Downloaded 3462 days (2017-01-02 to 2026-06-25)
09:37:27 | INFO  |   Downloading ^VIX volatility...
09:37:27 | INFO  |     Downloaded 2383 days (2017-01-03 to 2026-06-25)
09:37:27 | WARNING |   ⚠️  2739 trading days missing from original CSV
09:37:27 | INFO  |   ✓ Enrichment complete: 3462 rows
09:37:27 | INFO  |   ✅ Saved: BITCOIN_enriched.csv (3462 rows)
09:37:27 | WARNING |   ⚠️  2739 rows need manual update
09:37:27 | INFO  | 
======================================================================
09:37:27 | INFO  | ✅ Enrichment complete:
09:37:27 | INFO  |    Success: 9
09:37:27 | INFO  |    Skipped (up-to-date): 0
09:37:27 | INFO  |    Errors:  0
09:37:27 | INFO  | ======================================================================
09:37:27 | INFO  | 
======================================================================
09:37:27 | INFO  | ✅ PIPELINE COMPLETE
09:37:27 | INFO  | ======================================================================
