11:31:43 | INFO  | ======================================================================
11:31:43 | INFO  | ETL PIPELINE START
11:31:43 | INFO  | ======================================================================
11:31:43 | INFO  | 
📋 PIPELINE PLAN:
11:31:43 | INFO  |    HTML Files: 12 new / 12 total
11:31:43 | INFO  |    Master needs propagation: False
11:31:43 | INFO  | 
======================================================================
11:31:43 | INFO  | STAGE 1: HTML PARSING
11:31:43 | INFO  | ======================================================================
11:31:43 | INFO  | 
Processing: JUNE 22, 2026.html
11:31:43 | INFO  |   ✅ Saved: RR_06-22-2026.csv (37 rows)
11:31:43 | INFO  | 
Processing: JUNE 5, 2026.html
11:31:43 | INFO  |   ✅ Saved: RR_06-05-2026.csv (37 rows)
11:31:43 | INFO  | 
Processing: JUNE 8, 2026.html
11:31:43 | INFO  |   ✅ Saved: RR_06-08-2026.csv (37 rows)
11:31:43 | INFO  | 
Processing: JUNE 15, 2026.html
11:31:43 | INFO  |   ✅ Saved: RR_06-15-2026.csv (36 rows)
11:31:43 | INFO  | 
Processing: JUNE 4, 2026.html
11:31:43 | INFO  |   ✅ Saved: RR_06-04-2026.csv (37 rows)
11:31:43 | INFO  | 
Processing: JUNE 12, 2026.html
11:31:43 | INFO  |   ✅ Saved: RR_06-12-2026.csv (36 rows)
11:31:43 | INFO  | 
Processing: JUNE 11, 2026.html
11:31:43 | INFO  |   ✅ Saved: RR_06-11-2026.csv (36 rows)
11:31:43 | INFO  | 
Processing: JUNE 9, 2026.html
11:31:44 | INFO  |   ✅ Saved: RR_06-09-2026.csv (36 rows)
11:31:44 | INFO  | 
Processing: JUNE 16, 2026.html
11:31:44 | INFO  |   ✅ Saved: RR_06-16-2026.csv (36 rows)
11:31:44 | INFO  | 
Processing: JUNE 10, 2026.html
11:31:44 | INFO  |   ✅ Saved: RR_06-10-2026.csv (36 rows)
11:31:44 | INFO  | 
Processing: JUNE 17, 2026.html
11:31:44 | INFO  |   ✅ Saved: RR_06-17-2026.csv (36 rows)
11:31:44 | INFO  | 
Processing: JUNE 18, 2026.html
11:31:44 | INFO  |   ✅ Saved: RR_06-18-2026.csv (37 rows)
11:31:44 | INFO  | 
✅ HTML parsing complete: 12 success, 0 errors
11:31:44 | INFO  | 
======================================================================
11:31:44 | INFO  | STAGE 2: MASTER AGGREGATION
11:31:44 | INFO  | ======================================================================
11:31:44 | INFO  | ✅ Backed up master to: risk_ranges_master_backup_20260624_113144.csv
11:31:44 | INFO  | Loaded existing master: 73,379 rows
11:31:44 | INFO  |   Loaded: RR_06-22-2026.csv (37 rows)
11:31:44 | INFO  |   Loaded: RR_06-05-2026.csv (37 rows)
11:31:44 | INFO  |   Loaded: RR_06-08-2026.csv (37 rows)
11:31:44 | INFO  |   Loaded: RR_06-15-2026.csv (36 rows)
11:31:44 | INFO  |   Loaded: RR_06-04-2026.csv (37 rows)
11:31:44 | INFO  |   Loaded: RR_06-12-2026.csv (36 rows)
11:31:44 | INFO  |   Loaded: RR_06-11-2026.csv (36 rows)
11:31:44 | INFO  |   Loaded: RR_06-09-2026.csv (36 rows)
11:31:44 | INFO  |   Loaded: RR_06-16-2026.csv (36 rows)
11:31:44 | INFO  |   Loaded: RR_06-10-2026.csv (36 rows)
11:31:44 | INFO  |   Loaded: RR_06-17-2026.csv (36 rows)
11:31:44 | INFO  |   Loaded: RR_06-18-2026.csv (37 rows)
11:31:44 | INFO  | Combined new data: 437 rows
11:31:44 | INFO  | Removed 437 duplicate entries
11:31:44 | INFO  | ✅ Saved master CSV: 73,379 total rows
11:31:44 | INFO  |    Date range: 2017-01-03 to 2026-06-22
11:31:44 | INFO  | 
======================================================================
11:31:44 | INFO  | STAGE 3: TICKER SUBSETTING
11:31:44 | INFO  | ======================================================================
11:31:44 | INFO  | Loaded master: 73,379 rows
11:31:44 | INFO  | Creating subsets for 9 tickers
11:31:44 | INFO  |   ✅ UST10Y: 2351 rows | 2017-01-03 to 2026-06-22
11:31:44 | INFO  |   ✅ SPX: 2351 rows | 2017-01-03 to 2026-06-22
11:31:44 | INFO  |   ✅ COMPQ: 2351 rows | 2017-01-03 to 2026-06-22
11:31:44 | INFO  |   ✅ RUT: 2350 rows | 2017-01-03 to 2026-06-22
11:31:44 | INFO  |   ✅ VIX: 2351 rows | 2017-01-03 to 2026-06-22
11:31:44 | INFO  |   ✅ USD: 2351 rows | 2017-01-03 to 2026-06-22
11:31:44 | INFO  |   ✅ GOLD: 2349 rows | 2017-01-03 to 2026-06-22
11:31:44 | INFO  |   ✅ AAPL: 2349 rows | 2017-01-03 to 2026-06-22
11:31:45 | INFO  |   ✅ BITCOIN: 720 rows | 2023-08-01 to 2026-06-22
11:31:45 | INFO  | ✅ Ticker subsetting complete
11:31:45 | INFO  | 
======================================================================
11:31:45 | INFO  | STAGE 4: ENRICHMENT
11:31:45 | INFO  | ======================================================================
11:31:45 | INFO  | Enriching 9 tickers
11:31:45 | INFO  | 
──────────────────────────────────────────────────────────────────────
11:31:45 | INFO  | Enriching: SPX
11:31:45 | INFO  | ──────────────────────────────────────────────────────────────────────
11:31:45 | INFO  |   Loaded 2351 rows from SPX.csv
11:31:45 | INFO  |   Yahoo ticker: ^GSPC
11:31:45 | INFO  |   OHLC prefix: GSPC
11:31:45 | INFO  |   Vol prefix: VIX
11:31:45 | INFO  |   Downloading ^GSPC OHLC...
11:31:46 | INFO  |     Downloaded 2381 days (2017-01-03 to 2026-06-24)
11:31:46 | INFO  |   Downloading ^VIX volatility...
11:31:46 | INFO  |     Downloaded 2382 days (2017-01-03 to 2026-06-24)
11:31:46 | WARNING |   ⚠️  30 trading days missing from original CSV
11:31:46 | INFO  |   ✓ Enrichment complete: 2381 rows
11:31:46 | INFO  |   ✅ Saved: SPX_enriched.csv (2381 rows)
11:31:46 | WARNING |   ⚠️  30 rows need manual update
11:31:46 | INFO  | 
──────────────────────────────────────────────────────────────────────
11:31:46 | INFO  | Enriching: GOLD
11:31:46 | INFO  | ──────────────────────────────────────────────────────────────────────
11:31:46 | INFO  |   Loaded 2349 rows from GOLD.csv
11:31:46 | INFO  |   Yahoo ticker: GC=F
11:31:46 | INFO  |   OHLC prefix: GC
11:31:46 | INFO  |   Vol prefix: GVZ
11:31:46 | INFO  |   Downloading GC=F OHLC...
11:31:46 | INFO  |     Downloaded 2382 days (2017-01-03 to 2026-06-24)
11:31:46 | INFO  |   Downloading ^GVZ volatility...
11:31:47 | INFO  |     Downloaded 2381 days (2017-01-03 to 2026-06-24)
11:31:47 | WARNING |   ⚠️  34 trading days missing from original CSV
11:31:47 | INFO  |   ✓ Enrichment complete: 2382 rows
11:31:47 | INFO  |   ✅ Saved: GOLD_enriched.csv (2382 rows)
11:31:47 | WARNING |   ⚠️  34 rows need manual update
11:31:47 | INFO  | 
──────────────────────────────────────────────────────────────────────
11:31:47 | INFO  | Enriching: UST10Y
11:31:47 | INFO  | ──────────────────────────────────────────────────────────────────────
11:31:47 | INFO  |   Loaded 2351 rows from UST10Y.csv
11:31:47 | INFO  |   Yahoo ticker: ^TNX
11:31:47 | INFO  |   OHLC prefix: TNX
11:31:47 | INFO  |   Vol prefix: VIX
11:31:47 | INFO  |   Downloading ^TNX OHLC...
11:31:47 | INFO  |     Downloaded 2379 days (2017-01-03 to 2026-06-24)
11:31:47 | INFO  |   Downloading ^VIX volatility...
11:31:47 | INFO  |     Downloaded 2382 days (2017-01-03 to 2026-06-24)
11:31:47 | WARNING |   ⚠️  29 trading days missing from original CSV
11:31:47 | INFO  |   ✓ Enrichment complete: 2379 rows
11:31:47 | INFO  |   ✅ Saved: UST10Y_enriched.csv (2379 rows)
11:31:47 | WARNING |   ⚠️  29 rows need manual update
11:31:47 | INFO  | 
──────────────────────────────────────────────────────────────────────
11:31:47 | INFO  | Enriching: COMPQ
11:31:47 | INFO  | ──────────────────────────────────────────────────────────────────────
11:31:47 | INFO  |   Loaded 2351 rows from COMPQ.csv
11:31:47 | INFO  |   Yahoo ticker: ^IXIC
11:31:47 | INFO  |   OHLC prefix: IXIC
11:31:47 | INFO  |   Vol prefix: VIX
11:31:47 | INFO  |   Downloading ^IXIC OHLC...
11:31:48 | INFO  |     Downloaded 2381 days (2017-01-03 to 2026-06-24)
11:31:48 | INFO  |   Downloading ^VIX volatility...
11:31:48 | INFO  |     Downloaded 2382 days (2017-01-03 to 2026-06-24)
11:31:48 | WARNING |   ⚠️  30 trading days missing from original CSV
11:31:48 | INFO  |   ✓ Enrichment complete: 2381 rows
11:31:48 | INFO  |   ✅ Saved: COMPQ_enriched.csv (2381 rows)
11:31:48 | WARNING |   ⚠️  30 rows need manual update
11:31:48 | INFO  | 
──────────────────────────────────────────────────────────────────────
11:31:48 | INFO  | Enriching: RUT
11:31:48 | INFO  | ──────────────────────────────────────────────────────────────────────
11:31:48 | INFO  |   Loaded 2350 rows from RUT.csv
11:31:48 | INFO  |   Yahoo ticker: ^RUT
11:31:48 | INFO  |   OHLC prefix: RUT
11:31:48 | INFO  |   Vol prefix: VIX
11:31:48 | INFO  |   Downloading ^RUT OHLC...
11:31:48 | INFO  |     Downloaded 2381 days (2017-01-03 to 2026-06-24)
11:31:48 | INFO  |   Downloading ^VIX volatility...
11:31:49 | INFO  |     Downloaded 2382 days (2017-01-03 to 2026-06-24)
11:31:49 | WARNING |   ⚠️  31 trading days missing from original CSV
11:31:49 | INFO  |   ✓ Enrichment complete: 2381 rows
11:31:49 | INFO  |   ✅ Saved: RUT_enriched.csv (2381 rows)
11:31:49 | WARNING |   ⚠️  31 rows need manual update
11:31:49 | INFO  | 
──────────────────────────────────────────────────────────────────────
11:31:49 | INFO  | Enriching: VIX
11:31:49 | INFO  | ──────────────────────────────────────────────────────────────────────
11:31:49 | INFO  |   Loaded 2351 rows from VIX.csv
11:31:49 | INFO  |   Yahoo ticker: ^VIX
11:31:49 | INFO  |   OHLC prefix: VIX
11:31:49 | INFO  |   Vol prefix: VIXI
11:31:49 | INFO  |   Downloading ^VIX OHLC...
11:31:49 | INFO  |     Downloaded 2382 days (2017-01-03 to 2026-06-24)
11:31:49 | INFO  |   Downloading ^VIX volatility...
11:31:49 | INFO  |     Downloaded 2382 days (2017-01-03 to 2026-06-24)
11:31:49 | WARNING |   ⚠️  31 trading days missing from original CSV
11:31:49 | INFO  |   ✓ Enrichment complete: 2382 rows
11:31:49 | INFO  |   ✅ Saved: VIX_enriched.csv (2382 rows)
11:31:49 | WARNING |   ⚠️  31 rows need manual update
11:31:49 | INFO  | 
──────────────────────────────────────────────────────────────────────
11:31:49 | INFO  | Enriching: USD
11:31:49 | INFO  | ──────────────────────────────────────────────────────────────────────
11:31:49 | INFO  |   Loaded 2351 rows from USD.csv
11:31:49 | INFO  |   Yahoo ticker: DX-Y.NYB
11:31:49 | INFO  |   OHLC prefix: DX
11:31:49 | INFO  |   Vol prefix: VIX
11:31:49 | INFO  |   Downloading DX-Y.NYB OHLC...
11:31:49 | INFO  |     Downloaded 2383 days (2017-01-03 to 2026-06-24)
11:31:49 | INFO  |   Downloading ^VIX volatility...
11:31:49 | INFO  |     Downloaded 2382 days (2017-01-03 to 2026-06-24)
11:31:49 | WARNING |   ⚠️  32 trading days missing from original CSV
11:31:49 | INFO  |   ✓ Enrichment complete: 2383 rows
11:31:49 | INFO  |   ✅ Saved: USD_enriched.csv (2383 rows)
11:31:49 | WARNING |   ⚠️  32 rows need manual update
11:31:49 | INFO  | 
──────────────────────────────────────────────────────────────────────
11:31:49 | INFO  | Enriching: AAPL
11:31:49 | INFO  | ──────────────────────────────────────────────────────────────────────
11:31:49 | INFO  |   Loaded 2349 rows from AAPL.csv
11:31:49 | INFO  |   Yahoo ticker: AAPL
11:31:49 | INFO  |   OHLC prefix: AAPL
11:31:49 | INFO  |   Vol prefix: VIX
11:31:49 | INFO  |   Downloading AAPL OHLC...
11:31:50 | INFO  |     Downloaded 2381 days (2017-01-03 to 2026-06-24)
11:31:50 | INFO  |   Downloading ^VIX volatility...
11:31:50 | INFO  |     Downloaded 2382 days (2017-01-03 to 2026-06-24)
11:31:50 | WARNING |   ⚠️  32 trading days missing from original CSV
11:31:50 | INFO  |   ✓ Enrichment complete: 2381 rows
11:31:50 | INFO  |   ✅ Saved: AAPL_enriched.csv (2381 rows)
11:31:50 | WARNING |   ⚠️  32 rows need manual update
11:31:50 | INFO  | 
──────────────────────────────────────────────────────────────────────
11:31:50 | INFO  | Enriching: BITCOIN
11:31:50 | INFO  | ──────────────────────────────────────────────────────────────────────
11:31:50 | INFO  |   Loaded 720 rows from BITCOIN.csv
11:31:50 | INFO  |   ⚠️  Row count changed (3460 → 720) - re-enriching
11:31:50 | INFO  |   Yahoo ticker: BTC-USD
11:31:50 | INFO  |   OHLC prefix: BTC
11:31:50 | INFO  |   Vol prefix: VIX
11:31:50 | INFO  |   Downloading BTC-USD OHLC...
11:31:50 | INFO  |     Downloaded 3461 days (2017-01-02 to 2026-06-24)
11:31:50 | INFO  |   Downloading ^VIX volatility...
11:31:50 | INFO  |     Downloaded 2382 days (2017-01-03 to 2026-06-24)
11:31:50 | WARNING |   ⚠️  2741 trading days missing from original CSV
11:31:50 | INFO  |   ✓ Enrichment complete: 3461 rows
11:31:50 | INFO  |   ✅ Saved: BITCOIN_enriched.csv (3461 rows)
11:31:50 | WARNING |   ⚠️  2741 rows need manual update
11:31:50 | INFO  | 
======================================================================
11:31:50 | INFO  | ✅ Enrichment complete:
11:31:50 | INFO  |    Success: 9
11:31:50 | INFO  |    Skipped (up-to-date): 0
11:31:50 | INFO  |    Errors:  0
11:31:50 | INFO  | ======================================================================
11:31:50 | INFO  | 
======================================================================
11:31:50 | INFO  | ✅ PIPELINE COMPLETE
11:31:50 | INFO  | ======================================================================
