12:17:00 | INFO  | ======================================================================
12:17:00 | INFO  | ETL PIPELINE START
12:17:00 | INFO  | ======================================================================
12:17:00 | INFO  | 
📋 PIPELINE PLAN:
12:17:00 | INFO  |    HTML Files: 2 new / 2 total
12:17:00 | INFO  |    Master needs propagation: False
12:17:00 | INFO  | 
======================================================================
12:17:00 | INFO  | STAGE 1: HTML PARSING
12:17:00 | INFO  | ======================================================================
12:17:00 | INFO  | 
Processing: JUNE 5, 2026.html
12:17:00 | INFO  |   ✅ Saved: RR_06-05-2026.csv (37 rows)
12:17:00 | INFO  | 
Processing: JUNE 4, 2026.html
12:17:00 | INFO  |   ✅ Saved: RR_06-04-2026.csv (37 rows)
12:17:00 | INFO  | 
✅ HTML parsing complete: 2 success, 0 errors
12:17:00 | INFO  | 
======================================================================
12:17:00 | INFO  | STAGE 2: MASTER AGGREGATION
12:17:00 | INFO  | ======================================================================
12:17:00 | INFO  | Creating new master CSV
12:17:00 | INFO  |   Loaded: RR_06-05-2026.csv (37 rows)
12:17:00 | INFO  |   Loaded: RR_06-04-2026.csv (37 rows)
12:17:00 | INFO  | Combined new data: 74 rows
12:17:00 | INFO  | ✅ Saved master CSV: 74 total rows
12:17:00 | INFO  |    Date range: 2026-06-04 to 2026-06-05
12:17:00 | INFO  | 
======================================================================
12:17:00 | INFO  | STAGE 3: TICKER SUBSETTING
12:17:00 | INFO  | ======================================================================
12:17:00 | INFO  | Loaded master: 74 rows
12:17:00 | INFO  | Creating subsets for 9 tickers
12:17:00 | WARNING |   ⚠️  UST10Y: 2 rows (< 1 year) | 2026-06-04 to 2026-06-05
12:17:00 | WARNING |   ⚠️  SPX: 2 rows (< 1 year) | 2026-06-04 to 2026-06-05
12:17:00 | WARNING |   ⚠️  COMPQ: 2 rows (< 1 year) | 2026-06-04 to 2026-06-05
12:17:00 | WARNING |   ⚠️  RUT: 2 rows (< 1 year) | 2026-06-04 to 2026-06-05
12:17:00 | WARNING |   ⚠️  VIX: 2 rows (< 1 year) | 2026-06-04 to 2026-06-05
12:17:00 | WARNING |   ⚠️  USD: 2 rows (< 1 year) | 2026-06-04 to 2026-06-05
12:17:00 | WARNING |   ⚠️  GOLD: 2 rows (< 1 year) | 2026-06-04 to 2026-06-05
12:17:00 | WARNING |   ⚠️  AAPL: 2 rows (< 1 year) | 2026-06-04 to 2026-06-05
12:17:00 | WARNING |   ⚠️  BITCOIN: 2 rows (< 1 year) | 2026-06-04 to 2026-06-05
12:17:00 | INFO  | ✅ Ticker subsetting complete
12:17:00 | INFO  | 
======================================================================
12:17:00 | INFO  | STAGE 4: ENRICHMENT
12:17:00 | INFO  | ======================================================================
12:17:00 | INFO  | Enriching 9 tickers
12:17:00 | INFO  | 
──────────────────────────────────────────────────────────────────────
12:17:00 | INFO  | Enriching: SPX
12:17:00 | INFO  | ──────────────────────────────────────────────────────────────────────
12:17:00 | INFO  |   Loaded 2 rows from SPX.csv
12:17:00 | INFO  |   Yahoo ticker: ^GSPC
12:17:00 | INFO  |   OHLC prefix: GSPC
12:17:00 | INFO  |   Vol prefix: VIX
12:17:00 | INFO  |   Downloading ^GSPC OHLC...
12:17:01 | INFO  |     Downloaded 2371 days (2017-01-03 to 2026-06-09)
12:17:01 | INFO  |   Downloading ^VIX volatility...
12:17:01 | INFO  |     Downloaded 2372 days (2017-01-03 to 2026-06-09)
12:17:01 | WARNING |   ⚠️  2369 trading days missing from original CSV
12:17:01 | INFO  |   ✓ Enrichment complete: 2371 rows
12:17:01 | INFO  |   ✅ Saved: SPX_enriched.csv (2371 rows)
12:17:01 | WARNING |   ⚠️  2369 rows need manual update
12:17:01 | INFO  | 
──────────────────────────────────────────────────────────────────────
12:17:01 | INFO  | Enriching: GOLD
12:17:01 | INFO  | ──────────────────────────────────────────────────────────────────────
12:17:01 | INFO  |   Loaded 2 rows from GOLD.csv
12:17:01 | INFO  |   Yahoo ticker: GC=F
12:17:01 | INFO  |   OHLC prefix: GC
12:17:01 | INFO  |   Vol prefix: GVZ
12:17:01 | INFO  |   Downloading GC=F OHLC...
12:17:01 | INFO  |     Downloaded 2372 days (2017-01-03 to 2026-06-09)
12:17:01 | INFO  |   Downloading ^GVZ volatility...
12:17:01 | INFO  |     Downloaded 2371 days (2017-01-03 to 2026-06-09)
12:17:01 | WARNING |   ⚠️  2370 trading days missing from original CSV
12:17:01 | INFO  |   ✓ Enrichment complete: 2372 rows
12:17:01 | INFO  |   ✅ Saved: GOLD_enriched.csv (2372 rows)
12:17:01 | WARNING |   ⚠️  2370 rows need manual update
12:17:01 | INFO  | 
──────────────────────────────────────────────────────────────────────
12:17:01 | INFO  | Enriching: UST10Y
12:17:01 | INFO  | ──────────────────────────────────────────────────────────────────────
12:17:01 | INFO  |   Loaded 2 rows from UST10Y.csv
12:17:01 | INFO  |   Yahoo ticker: ^TNX
12:17:01 | INFO  |   OHLC prefix: TNX
12:17:01 | INFO  |   Vol prefix: VIX
12:17:01 | INFO  |   Downloading ^TNX OHLC...
12:17:01 | INFO  |     Downloaded 2371 days (2017-01-03 to 2026-06-09)
12:17:01 | INFO  |   Downloading ^VIX volatility...
12:17:01 | INFO  |     Downloaded 2372 days (2017-01-03 to 2026-06-09)
12:17:01 | WARNING |   ⚠️  2369 trading days missing from original CSV
12:17:01 | INFO  |   ✓ Enrichment complete: 2371 rows
12:17:01 | INFO  |   ✅ Saved: UST10Y_enriched.csv (2371 rows)
12:17:01 | WARNING |   ⚠️  2369 rows need manual update
12:17:01 | INFO  | 
──────────────────────────────────────────────────────────────────────
12:17:01 | INFO  | Enriching: COMPQ
12:17:01 | INFO  | ──────────────────────────────────────────────────────────────────────
12:17:01 | INFO  |   Loaded 2 rows from COMPQ.csv
12:17:01 | INFO  |   Yahoo ticker: ^IXIC
12:17:01 | INFO  |   OHLC prefix: IXIC
12:17:01 | INFO  |   Vol prefix: VIX
12:17:01 | INFO  |   Downloading ^IXIC OHLC...
12:17:02 | INFO  |     Downloaded 2371 days (2017-01-03 to 2026-06-09)
12:17:02 | INFO  |   Downloading ^VIX volatility...
12:17:02 | INFO  |     Downloaded 2372 days (2017-01-03 to 2026-06-09)
12:17:02 | WARNING |   ⚠️  2369 trading days missing from original CSV
12:17:02 | INFO  |   ✓ Enrichment complete: 2371 rows
12:17:02 | INFO  |   ✅ Saved: COMPQ_enriched.csv (2371 rows)
12:17:02 | WARNING |   ⚠️  2369 rows need manual update
12:17:02 | INFO  | 
──────────────────────────────────────────────────────────────────────
12:17:02 | INFO  | Enriching: RUT
12:17:02 | INFO  | ──────────────────────────────────────────────────────────────────────
12:17:02 | INFO  |   Loaded 2 rows from RUT.csv
12:17:02 | INFO  |   Yahoo ticker: ^RUT
12:17:02 | INFO  |   OHLC prefix: RUT
12:17:02 | INFO  |   Vol prefix: VIX
12:17:02 | INFO  |   Downloading ^RUT OHLC...
12:17:02 | INFO  |     Downloaded 2371 days (2017-01-03 to 2026-06-09)
12:17:02 | INFO  |   Downloading ^VIX volatility...
12:17:02 | INFO  |     Downloaded 2372 days (2017-01-03 to 2026-06-09)
12:17:02 | WARNING |   ⚠️  2369 trading days missing from original CSV
12:17:02 | INFO  |   ✓ Enrichment complete: 2371 rows
12:17:02 | INFO  |   ✅ Saved: RUT_enriched.csv (2371 rows)
12:17:02 | WARNING |   ⚠️  2369 rows need manual update
12:17:02 | INFO  | 
──────────────────────────────────────────────────────────────────────
12:17:02 | INFO  | Enriching: VIX
12:17:02 | INFO  | ──────────────────────────────────────────────────────────────────────
12:17:02 | INFO  |   Loaded 2 rows from VIX.csv
12:17:02 | INFO  |   Yahoo ticker: ^VIX
12:17:02 | INFO  |   OHLC prefix: VIX
12:17:02 | INFO  |   Vol prefix: VIXI
12:17:02 | INFO  |   Downloading ^VIX OHLC...
12:17:02 | INFO  |     Downloaded 2372 days (2017-01-03 to 2026-06-09)
12:17:02 | INFO  |   Downloading ^VIX volatility...
12:17:02 | INFO  |     Downloaded 2372 days (2017-01-03 to 2026-06-09)
12:17:02 | WARNING |   ⚠️  2370 trading days missing from original CSV
12:17:02 | INFO  |   ✓ Enrichment complete: 2372 rows
12:17:02 | INFO  |   ✅ Saved: VIX_enriched.csv (2372 rows)
12:17:02 | WARNING |   ⚠️  2370 rows need manual update
12:17:02 | INFO  | 
──────────────────────────────────────────────────────────────────────
12:17:02 | INFO  | Enriching: USD
12:17:02 | INFO  | ──────────────────────────────────────────────────────────────────────
12:17:02 | INFO  |   Loaded 2 rows from USD.csv
12:17:02 | INFO  |   Yahoo ticker: DX-Y.NYB
12:17:02 | INFO  |   OHLC prefix: DX
12:17:02 | INFO  |   Vol prefix: VIX
12:17:02 | INFO  |   Downloading DX-Y.NYB OHLC...
12:17:03 | INFO  |     Downloaded 2373 days (2017-01-03 to 2026-06-09)
12:17:03 | INFO  |   Downloading ^VIX volatility...
12:17:03 | INFO  |     Downloaded 2372 days (2017-01-03 to 2026-06-09)
12:17:03 | WARNING |   ⚠️  2371 trading days missing from original CSV
12:17:03 | INFO  |   ✓ Enrichment complete: 2373 rows
12:17:03 | INFO  |   ✅ Saved: USD_enriched.csv (2373 rows)
12:17:03 | WARNING |   ⚠️  2371 rows need manual update
12:17:03 | INFO  | 
──────────────────────────────────────────────────────────────────────
12:17:03 | INFO  | Enriching: AAPL
12:17:03 | INFO  | ──────────────────────────────────────────────────────────────────────
12:17:03 | INFO  |   Loaded 2 rows from AAPL.csv
12:17:03 | INFO  |   Yahoo ticker: AAPL
12:17:03 | INFO  |   OHLC prefix: AAPL
12:17:03 | INFO  |   Vol prefix: VIX
12:17:03 | INFO  |   Downloading AAPL OHLC...
12:17:03 | INFO  |     Downloaded 2371 days (2017-01-03 to 2026-06-09)
12:17:03 | INFO  |   Downloading ^VIX volatility...
12:17:03 | INFO  |     Downloaded 2372 days (2017-01-03 to 2026-06-09)
12:17:03 | WARNING |   ⚠️  2369 trading days missing from original CSV
12:17:03 | INFO  |   ✓ Enrichment complete: 2371 rows
12:17:03 | INFO  |   ✅ Saved: AAPL_enriched.csv (2371 rows)
12:17:03 | WARNING |   ⚠️  2369 rows need manual update
12:17:03 | INFO  | 
──────────────────────────────────────────────────────────────────────
12:17:03 | INFO  | Enriching: BITCOIN
12:17:03 | INFO  | ──────────────────────────────────────────────────────────────────────
12:17:03 | INFO  |   Loaded 2 rows from BITCOIN.csv
12:17:03 | INFO  |   Yahoo ticker: BTC-USD
12:17:03 | INFO  |   OHLC prefix: BTC
12:17:03 | INFO  |   Vol prefix: VIX
12:17:03 | INFO  |   Downloading BTC-USD OHLC...
12:17:04 | INFO  |     Downloaded 3446 days (2017-01-02 to 2026-06-09)
12:17:04 | INFO  |   Downloading ^VIX volatility...
12:17:04 | INFO  |     Downloaded 2372 days (2017-01-03 to 2026-06-09)
12:17:04 | WARNING |   ⚠️  3444 trading days missing from original CSV
12:17:04 | INFO  |   ✓ Enrichment complete: 3446 rows
12:17:04 | INFO  |   ✅ Saved: BITCOIN_enriched.csv (3446 rows)
12:17:04 | WARNING |   ⚠️  3444 rows need manual update
12:17:04 | INFO  | 
======================================================================
12:17:04 | INFO  | ✅ Enrichment complete:
12:17:04 | INFO  |    Success: 9
12:17:04 | INFO  |    Skipped (up-to-date): 0
12:17:04 | INFO  |    Errors:  0
12:17:04 | INFO  | ======================================================================
12:17:04 | INFO  | 
======================================================================
12:17:04 | INFO  | ✅ PIPELINE COMPLETE
12:17:04 | INFO  | ======================================================================
