09:07:25 | INFO  | ======================================================================
09:07:25 | INFO  | ETL PIPELINE START
09:07:25 | INFO  | ======================================================================
09:07:25 | INFO  | 
📋 PIPELINE PLAN:
09:07:25 | INFO  |    HTML Files: 23 new / 23 total
09:07:25 | INFO  |    Master needs propagation: False
09:07:25 | INFO  | 
======================================================================
09:07:25 | INFO  | STAGE 1: HTML PARSING
09:07:25 | INFO  | ======================================================================
09:07:25 | INFO  | 
Processing: JUNE 22, 2026.html
09:07:25 | INFO  |   ✅ Saved: RR_06-22-2026.csv (37 rows)
09:07:25 | INFO  | 
Processing: JUNE 23, 2026.html
09:07:25 | INFO  |   ✅ Saved: RR_06-23-2026.csv (37 rows)
09:07:25 | INFO  | 
Processing: JULY 8, 2026.html
09:07:25 | INFO  |   ✅ Saved: RR_07-08-2026.csv (37 rows)
09:07:25 | INFO  | 
Processing: JUNE 26, 2026.html
09:07:25 | INFO  |   ✅ Saved: RR_06-26-2026.csv (38 rows)
09:07:25 | INFO  | 
Processing: JUNE 5, 2026.html
09:07:25 | INFO  |   ✅ Saved: RR_06-05-2026.csv (37 rows)
09:07:25 | INFO  | 
Processing: JUNE 30, 2026.html
09:07:25 | INFO  |   ✅ Saved: RR_06-30-2026.csv (38 rows)
09:07:25 | INFO  | 
Processing: JUNE 8, 2026.html
09:07:25 | INFO  |   ✅ Saved: RR_06-08-2026.csv (37 rows)
09:07:25 | INFO  | 
Processing: JUNE 15, 2026.html
09:07:26 | INFO  |   ✅ Saved: RR_06-15-2026.csv (36 rows)
09:07:26 | INFO  | 
Processing: JUNE 4, 2026.html
09:07:26 | INFO  |   ✅ Saved: RR_06-04-2026.csv (37 rows)
09:07:26 | INFO  | 
Processing: JUNE 12, 2026.html
09:07:26 | INFO  |   ✅ Saved: RR_06-12-2026.csv (36 rows)
09:07:26 | INFO  | 
Processing: JUNE 11, 2026.html
09:07:26 | INFO  |   ✅ Saved: RR_06-11-2026.csv (36 rows)
09:07:26 | INFO  | 
Processing: JUNE 29, 2026.html
09:07:26 | INFO  |   ✅ Saved: RR_06-29-2026.csv (38 rows)
09:07:26 | INFO  | 
Processing: JULY 2, 2026.html
09:07:26 | INFO  |   ✅ Saved: RR_07-02-2026.csv (38 rows)
09:07:26 | INFO  | 
Processing: JUNE 9, 2026.html
09:07:26 | INFO  |   ✅ Saved: RR_06-09-2026.csv (36 rows)
09:07:26 | INFO  | 
Processing: JUNE 16, 2026.html
09:07:26 | INFO  |   ✅ Saved: RR_06-16-2026.csv (36 rows)
09:07:26 | INFO  | 
Processing: JUNE 10, 2026.html
09:07:26 | INFO  |   ✅ Saved: RR_06-10-2026.csv (36 rows)
09:07:26 | INFO  | 
Processing: JUNE 17, 2026.html
09:07:27 | INFO  |   ✅ Saved: RR_06-17-2026.csv (36 rows)
09:07:27 | INFO  | 
Processing: JULY 6, 2026.html
09:07:27 | INFO  |   ✅ Saved: RR_07-06-2026.csv (37 rows)
09:07:27 | INFO  | 
Processing: JULY 1, 2026.html
09:07:27 | INFO  |   ✅ Saved: RR_07-01-2026.csv (38 rows)
09:07:27 | INFO  | 
Processing: JULY 7, 2026.html
09:07:27 | INFO  |   ✅ Saved: RR_07-07-2026.csv (37 rows)
09:07:27 | INFO  | 
Processing: JUNE 25, 2026.html
09:07:27 | INFO  |   ✅ Saved: RR_06-25-2026.csv (38 rows)
09:07:27 | INFO  | 
Processing: JUNE 18, 2026.html
09:07:27 | INFO  |   ✅ Saved: RR_06-18-2026.csv (37 rows)
09:07:27 | INFO  | 
Processing: JUNE 24, 2026.html
09:07:27 | INFO  |   ✅ Saved: RR_06-24-2026.csv (37 rows)
09:07:27 | INFO  | 
✅ HTML parsing complete: 23 success, 0 errors
09:07:27 | INFO  | 
======================================================================
09:07:27 | INFO  | STAGE 2: MASTER AGGREGATION
09:07:27 | INFO  | ======================================================================
09:07:27 | INFO  | ✅ Backed up master to: risk_ranges_master_backup_20260708_090727.csv
09:07:27 | INFO  | Loaded existing master: 73,755 rows
09:07:27 | INFO  |   Loaded: RR_06-22-2026.csv (37 rows)
09:07:27 | INFO  |   Loaded: RR_06-23-2026.csv (37 rows)
09:07:27 | INFO  |   Loaded: RR_07-08-2026.csv (37 rows)
09:07:27 | INFO  |   Loaded: RR_06-26-2026.csv (38 rows)
09:07:27 | INFO  |   Loaded: RR_06-05-2026.csv (37 rows)
09:07:27 | INFO  |   Loaded: RR_06-30-2026.csv (38 rows)
09:07:27 | INFO  |   Loaded: RR_06-08-2026.csv (37 rows)
09:07:27 | INFO  |   Loaded: RR_06-15-2026.csv (36 rows)
09:07:27 | INFO  |   Loaded: RR_06-04-2026.csv (37 rows)
09:07:27 | INFO  |   Loaded: RR_06-12-2026.csv (36 rows)
09:07:27 | INFO  |   Loaded: RR_06-11-2026.csv (36 rows)
09:07:27 | INFO  |   Loaded: RR_06-29-2026.csv (38 rows)
09:07:27 | INFO  |   Loaded: RR_07-02-2026.csv (38 rows)
09:07:27 | INFO  |   Loaded: RR_06-09-2026.csv (36 rows)
09:07:27 | INFO  |   Loaded: RR_06-16-2026.csv (36 rows)
09:07:27 | INFO  |   Loaded: RR_06-10-2026.csv (36 rows)
09:07:27 | INFO  |   Loaded: RR_06-17-2026.csv (36 rows)
09:07:27 | INFO  |   Loaded: RR_07-06-2026.csv (37 rows)
09:07:27 | INFO  |   Loaded: RR_07-01-2026.csv (38 rows)
09:07:27 | INFO  |   Loaded: RR_07-07-2026.csv (37 rows)
09:07:27 | INFO  |   Loaded: RR_06-25-2026.csv (38 rows)
09:07:27 | INFO  |   Loaded: RR_06-18-2026.csv (37 rows)
09:07:27 | INFO  |   Loaded: RR_06-24-2026.csv (37 rows)
09:07:27 | INFO  | Combined new data: 850 rows
09:07:27 | INFO  | Removed 813 duplicate entries
09:07:28 | INFO  | ✅ Saved master CSV: 73,792 total rows
09:07:28 | INFO  |    Date range: 2017-01-03 to 2026-07-08
09:07:28 | INFO  | 
======================================================================
09:07:28 | INFO  | STAGE 3: TICKER SUBSETTING
09:07:28 | INFO  | ======================================================================
09:07:28 | INFO  | Loaded master: 73,792 rows
09:07:28 | INFO  | Creating subsets for 9 tickers
09:07:28 | INFO  |   ✅ UST10Y: 2362 rows | 2017-01-03 to 2026-07-08
09:07:28 | INFO  |   ✅ SPX: 2362 rows | 2017-01-03 to 2026-07-08
09:07:28 | INFO  |   ✅ COMPQ: 2362 rows | 2017-01-03 to 2026-07-08
09:07:28 | INFO  |   ✅ RUT: 2361 rows | 2017-01-03 to 2026-07-08
09:07:28 | INFO  |   ✅ VIX: 2362 rows | 2017-01-03 to 2026-07-08
09:07:28 | INFO  |   ✅ USD: 2362 rows | 2017-01-03 to 2026-07-08
09:07:28 | INFO  |   ✅ GOLD: 2360 rows | 2017-01-03 to 2026-07-08
09:07:28 | INFO  |   ✅ AAPL: 2360 rows | 2017-01-03 to 2026-07-08
09:07:28 | INFO  |   ✅ BITCOIN: 731 rows | 2023-08-01 to 2026-07-08
09:07:28 | INFO  | ✅ Ticker subsetting complete
09:07:28 | INFO  | 
======================================================================
09:07:28 | INFO  | STAGE 4: ENRICHMENT
09:07:28 | INFO  | ======================================================================
09:07:28 | INFO  | Enriching 9 tickers
09:07:28 | INFO  | 
──────────────────────────────────────────────────────────────────────
09:07:28 | INFO  | Enriching: SPX
09:07:28 | INFO  | ──────────────────────────────────────────────────────────────────────
09:07:28 | INFO  |   Loaded 2362 rows from SPX.csv
09:07:28 | INFO  |   Yahoo ticker: ^GSPC
09:07:28 | INFO  |   OHLC prefix: GSPC
09:07:28 | INFO  |   Vol prefix: VIX
09:07:28 | INFO  |   Downloading ^GSPC OHLC...
09:07:28 | ERROR | Failed to get ticker '^GSPC' reason: Failed to perform, curl: (60) SSL: no alternative certificate subject name matches target hostname 'fc.yahoo.com'. See https://curl.se/libcurl/c/libcurl-errors.html first for more details.
09:07:28 | INFO  |     Downloaded 2389 days (2017-01-03 to 2026-07-07)
09:07:28 | INFO  |   Downloading ^VIX volatility...
09:07:28 | INFO  |     Downloaded 2391 days (2017-01-03 to 2026-07-08)
09:07:28 | WARNING |   ⚠️  28 trading days missing from original CSV
09:07:28 | INFO  |   ✓ Enrichment complete: 2389 rows
09:07:28 | INFO  |   ✅ Saved: SPX_enriched.csv (2389 rows)
09:07:28 | WARNING |   ⚠️  28 rows need manual update
09:07:28 | INFO  | 
──────────────────────────────────────────────────────────────────────
09:07:28 | INFO  | Enriching: GOLD
09:07:28 | INFO  | ──────────────────────────────────────────────────────────────────────
09:07:28 | INFO  |   Loaded 2360 rows from GOLD.csv
09:07:28 | INFO  |   Yahoo ticker: GC=F
09:07:28 | INFO  |   OHLC prefix: GC
09:07:28 | INFO  |   Vol prefix: GVZ
09:07:28 | INFO  |   Downloading GC=F OHLC...
09:07:29 | INFO  |     Downloaded 2391 days (2017-01-03 to 2026-07-08)
09:07:29 | INFO  |   Downloading ^GVZ volatility...
09:07:29 | INFO  |     Downloaded 2389 days (2017-01-03 to 2026-07-07)
09:07:29 | WARNING |   ⚠️  32 trading days missing from original CSV
09:07:29 | INFO  |   ✓ Enrichment complete: 2391 rows
09:07:29 | INFO  |   ✅ Saved: GOLD_enriched.csv (2391 rows)
09:07:29 | WARNING |   ⚠️  32 rows need manual update
09:07:29 | INFO  | 
──────────────────────────────────────────────────────────────────────
09:07:29 | INFO  | Enriching: UST10Y
09:07:29 | INFO  | ──────────────────────────────────────────────────────────────────────
09:07:29 | INFO  |   Loaded 2362 rows from UST10Y.csv
09:07:29 | INFO  |   Yahoo ticker: ^TNX
09:07:29 | INFO  |   OHLC prefix: TNX
09:07:29 | INFO  |   Vol prefix: VIX
09:07:29 | INFO  |   Downloading ^TNX OHLC...
09:07:29 | INFO  |     Downloaded 2389 days (2017-01-03 to 2026-07-08)
09:07:29 | INFO  |   Downloading ^VIX volatility...
09:07:29 | INFO  |     Downloaded 2391 days (2017-01-03 to 2026-07-08)
09:07:29 | WARNING |   ⚠️  28 trading days missing from original CSV
09:07:29 | INFO  |   ✓ Enrichment complete: 2389 rows
09:07:29 | INFO  |   ✅ Saved: UST10Y_enriched.csv (2389 rows)
09:07:29 | WARNING |   ⚠️  28 rows need manual update
09:07:29 | INFO  | 
──────────────────────────────────────────────────────────────────────
09:07:29 | INFO  | Enriching: COMPQ
09:07:29 | INFO  | ──────────────────────────────────────────────────────────────────────
09:07:29 | INFO  |   Loaded 2362 rows from COMPQ.csv
09:07:29 | INFO  |   Yahoo ticker: ^IXIC
09:07:29 | INFO  |   OHLC prefix: IXIC
09:07:29 | INFO  |   Vol prefix: VIX
09:07:29 | INFO  |   Downloading ^IXIC OHLC...
09:07:29 | INFO  |     Downloaded 2389 days (2017-01-03 to 2026-07-07)
09:07:29 | INFO  |   Downloading ^VIX volatility...
09:07:30 | INFO  |     Downloaded 2391 days (2017-01-03 to 2026-07-08)
09:07:30 | WARNING |   ⚠️  28 trading days missing from original CSV
09:07:30 | INFO  |   ✓ Enrichment complete: 2389 rows
09:07:30 | INFO  |   ✅ Saved: COMPQ_enriched.csv (2389 rows)
09:07:30 | WARNING |   ⚠️  28 rows need manual update
09:07:30 | INFO  | 
──────────────────────────────────────────────────────────────────────
09:07:30 | INFO  | Enriching: RUT
09:07:30 | INFO  | ──────────────────────────────────────────────────────────────────────
09:07:30 | INFO  |   Loaded 2361 rows from RUT.csv
09:07:30 | INFO  |   Yahoo ticker: ^RUT
09:07:30 | INFO  |   OHLC prefix: RUT
09:07:30 | INFO  |   Vol prefix: VIX
09:07:30 | INFO  |   Downloading ^RUT OHLC...
09:07:30 | INFO  |     Downloaded 2389 days (2017-01-03 to 2026-07-07)
09:07:30 | INFO  |   Downloading ^VIX volatility...
09:07:30 | INFO  |     Downloaded 2391 days (2017-01-03 to 2026-07-08)
09:07:30 | WARNING |   ⚠️  29 trading days missing from original CSV
09:07:30 | INFO  |   ✓ Enrichment complete: 2389 rows
09:07:30 | INFO  |   ✅ Saved: RUT_enriched.csv (2389 rows)
09:07:30 | WARNING |   ⚠️  29 rows need manual update
09:07:30 | INFO  | 
──────────────────────────────────────────────────────────────────────
09:07:30 | INFO  | Enriching: VIX
09:07:30 | INFO  | ──────────────────────────────────────────────────────────────────────
09:07:30 | INFO  |   Loaded 2362 rows from VIX.csv
09:07:30 | INFO  |   Yahoo ticker: ^VIX
09:07:30 | INFO  |   OHLC prefix: VIX
09:07:30 | INFO  |   Vol prefix: VIXI
09:07:30 | INFO  |   Downloading ^VIX OHLC...
09:07:30 | INFO  |     Downloaded 2391 days (2017-01-03 to 2026-07-08)
09:07:30 | INFO  |   Downloading ^VIX volatility...
09:07:30 | INFO  |     Downloaded 2391 days (2017-01-03 to 2026-07-08)
09:07:30 | WARNING |   ⚠️  29 trading days missing from original CSV
09:07:30 | INFO  |   ✓ Enrichment complete: 2391 rows
09:07:30 | INFO  |   ✅ Saved: VIX_enriched.csv (2391 rows)
09:07:30 | WARNING |   ⚠️  29 rows need manual update
09:07:30 | INFO  | 
──────────────────────────────────────────────────────────────────────
09:07:30 | INFO  | Enriching: USD
09:07:30 | INFO  | ──────────────────────────────────────────────────────────────────────
09:07:30 | INFO  |   Loaded 2362 rows from USD.csv
09:07:30 | INFO  |   Yahoo ticker: DX-Y.NYB
09:07:30 | INFO  |   OHLC prefix: DX
09:07:30 | INFO  |   Vol prefix: VIX
09:07:30 | INFO  |   Downloading DX-Y.NYB OHLC...
09:07:30 | INFO  |     Downloaded 2392 days (2017-01-03 to 2026-07-08)
09:07:30 | INFO  |   Downloading ^VIX volatility...
09:07:30 | INFO  |     Downloaded 2391 days (2017-01-03 to 2026-07-08)
09:07:30 | WARNING |   ⚠️  30 trading days missing from original CSV
09:07:31 | INFO  |   ✓ Enrichment complete: 2392 rows
09:07:31 | INFO  |   ✅ Saved: USD_enriched.csv (2392 rows)
09:07:31 | WARNING |   ⚠️  30 rows need manual update
09:07:31 | INFO  | 
──────────────────────────────────────────────────────────────────────
09:07:31 | INFO  | Enriching: AAPL
09:07:31 | INFO  | ──────────────────────────────────────────────────────────────────────
09:07:31 | INFO  |   Loaded 2360 rows from AAPL.csv
09:07:31 | INFO  |   Yahoo ticker: AAPL
09:07:31 | INFO  |   OHLC prefix: AAPL
09:07:31 | INFO  |   Vol prefix: VIX
09:07:31 | INFO  |   Downloading AAPL OHLC...
09:07:31 | INFO  |     Downloaded 2389 days (2017-01-03 to 2026-07-07)
09:07:31 | INFO  |   Downloading ^VIX volatility...
09:07:31 | INFO  |     Downloaded 2391 days (2017-01-03 to 2026-07-08)
09:07:31 | WARNING |   ⚠️  30 trading days missing from original CSV
09:07:31 | INFO  |   ✓ Enrichment complete: 2389 rows
09:07:31 | INFO  |   ✅ Saved: AAPL_enriched.csv (2389 rows)
09:07:31 | WARNING |   ⚠️  30 rows need manual update
09:07:31 | INFO  | 
──────────────────────────────────────────────────────────────────────
09:07:31 | INFO  | Enriching: BITCOIN
09:07:31 | INFO  | ──────────────────────────────────────────────────────────────────────
09:07:31 | INFO  |   Loaded 731 rows from BITCOIN.csv
09:07:31 | INFO  |   ⚠️  Row count changed (3474 → 731) - re-enriching
09:07:31 | INFO  |   Yahoo ticker: BTC-USD
09:07:31 | INFO  |   OHLC prefix: BTC
09:07:31 | INFO  |   Vol prefix: VIX
09:07:31 | INFO  |   Downloading BTC-USD OHLC...
09:07:31 | INFO  |     Downloaded 3475 days (2017-01-02 to 2026-07-08)
09:07:31 | INFO  |   Downloading ^VIX volatility...
09:07:31 | INFO  |     Downloaded 2391 days (2017-01-03 to 2026-07-08)
09:07:31 | WARNING |   ⚠️  2744 trading days missing from original CSV
09:07:31 | INFO  |   ✓ Enrichment complete: 3475 rows
09:07:31 | INFO  |   ✅ Saved: BITCOIN_enriched.csv (3475 rows)
09:07:31 | WARNING |   ⚠️  2744 rows need manual update
09:07:31 | INFO  | 
======================================================================
09:07:31 | INFO  | ✅ Enrichment complete:
09:07:31 | INFO  |    Success: 9
09:07:31 | INFO  |    Skipped (up-to-date): 0
09:07:31 | INFO  |    Errors:  0
09:07:31 | INFO  | ======================================================================
09:07:31 | INFO  | 
======================================================================
09:07:31 | INFO  | ✅ PIPELINE COMPLETE
09:07:31 | INFO  | ======================================================================
