09:04:30 | INFO  | ======================================================================
09:04:30 | INFO  | ETL PIPELINE START
09:04:30 | INFO  | ======================================================================
09:04:30 | INFO  | 
📋 PIPELINE PLAN:
09:04:30 | INFO  |    HTML Files: 19 new / 19 total
09:04:30 | INFO  |    Master needs propagation: False
09:04:30 | INFO  | 
======================================================================
09:04:30 | INFO  | STAGE 1: HTML PARSING
09:04:30 | INFO  | ======================================================================
09:04:30 | INFO  | 
Processing: JUNE 22, 2026.html
09:04:30 | INFO  |   ✅ Saved: RR_06-22-2026.csv (37 rows)
09:04:30 | INFO  | 
Processing: JUNE 23, 2026.html
09:04:30 | INFO  |   ✅ Saved: RR_06-23-2026.csv (37 rows)
09:04:30 | INFO  | 
Processing: JUNE 26, 2026.html
09:04:30 | INFO  |   ✅ Saved: RR_06-26-2026.csv (38 rows)
09:04:30 | INFO  | 
Processing: JUNE 5, 2026.html
09:04:30 | INFO  |   ✅ Saved: RR_06-05-2026.csv (37 rows)
09:04:30 | INFO  | 
Processing: JUNE 30, 2026.html
09:04:30 | INFO  |   ✅ Saved: RR_06-30-2026.csv (38 rows)
09:04:30 | INFO  | 
Processing: JUNE 8, 2026.html
09:04:31 | INFO  |   ✅ Saved: RR_06-08-2026.csv (37 rows)
09:04:31 | INFO  | 
Processing: JUNE 15, 2026.html
09:04:31 | INFO  |   ✅ Saved: RR_06-15-2026.csv (36 rows)
09:04:31 | INFO  | 
Processing: JUNE 4, 2026.html
09:04:31 | INFO  |   ✅ Saved: RR_06-04-2026.csv (37 rows)
09:04:31 | INFO  | 
Processing: JUNE 12, 2026.html
09:04:31 | INFO  |   ✅ Saved: RR_06-12-2026.csv (36 rows)
09:04:31 | INFO  | 
Processing: JUNE 11, 2026.html
09:04:31 | INFO  |   ✅ Saved: RR_06-11-2026.csv (36 rows)
09:04:31 | INFO  | 
Processing: JUNE 29, 2026.html
09:04:31 | INFO  |   ✅ Saved: RR_06-29-2026.csv (38 rows)
09:04:31 | INFO  | 
Processing: JUNE 9, 2026.html
09:04:31 | INFO  |   ✅ Saved: RR_06-09-2026.csv (36 rows)
09:04:31 | INFO  | 
Processing: JUNE 16, 2026.html
09:04:31 | INFO  |   ✅ Saved: RR_06-16-2026.csv (36 rows)
09:04:31 | INFO  | 
Processing: JUNE 10, 2026.html
09:04:31 | INFO  |   ✅ Saved: RR_06-10-2026.csv (36 rows)
09:04:31 | INFO  | 
Processing: JUNE 17, 2026.html
09:04:31 | INFO  |   ✅ Saved: RR_06-17-2026.csv (36 rows)
09:04:31 | INFO  | 
Processing: JULY 1, 2026.html
09:04:31 | INFO  |   ✅ Saved: RR_07-01-2026.csv (38 rows)
09:04:31 | INFO  | 
Processing: JUNE 25, 2026.html
09:04:31 | INFO  |   ✅ Saved: RR_06-25-2026.csv (38 rows)
09:04:31 | INFO  | 
Processing: JUNE 18, 2026.html
09:04:31 | INFO  |   ✅ Saved: RR_06-18-2026.csv (37 rows)
09:04:31 | INFO  | 
Processing: JUNE 24, 2026.html
09:04:32 | INFO  |   ✅ Saved: RR_06-24-2026.csv (37 rows)
09:04:32 | INFO  | 
✅ HTML parsing complete: 19 success, 0 errors
09:04:32 | INFO  | 
======================================================================
09:04:32 | INFO  | STAGE 2: MASTER AGGREGATION
09:04:32 | INFO  | ======================================================================
09:04:32 | INFO  | ✅ Backed up master to: risk_ranges_master_backup_20260701_090432.csv
09:04:32 | INFO  | Loaded existing master: 73,605 rows
09:04:32 | INFO  |   Loaded: RR_06-22-2026.csv (37 rows)
09:04:32 | INFO  |   Loaded: RR_06-23-2026.csv (37 rows)
09:04:32 | INFO  |   Loaded: RR_06-26-2026.csv (38 rows)
09:04:32 | INFO  |   Loaded: RR_06-05-2026.csv (37 rows)
09:04:32 | INFO  |   Loaded: RR_06-30-2026.csv (38 rows)
09:04:32 | INFO  |   Loaded: RR_06-08-2026.csv (37 rows)
09:04:32 | INFO  |   Loaded: RR_06-15-2026.csv (36 rows)
09:04:32 | INFO  |   Loaded: RR_06-04-2026.csv (37 rows)
09:04:32 | INFO  |   Loaded: RR_06-12-2026.csv (36 rows)
09:04:32 | INFO  |   Loaded: RR_06-11-2026.csv (36 rows)
09:04:32 | INFO  |   Loaded: RR_06-29-2026.csv (38 rows)
09:04:32 | INFO  |   Loaded: RR_06-09-2026.csv (36 rows)
09:04:32 | INFO  |   Loaded: RR_06-16-2026.csv (36 rows)
09:04:32 | INFO  |   Loaded: RR_06-10-2026.csv (36 rows)
09:04:32 | INFO  |   Loaded: RR_06-17-2026.csv (36 rows)
09:04:32 | INFO  |   Loaded: RR_07-01-2026.csv (38 rows)
09:04:32 | INFO  |   Loaded: RR_06-25-2026.csv (38 rows)
09:04:32 | INFO  |   Loaded: RR_06-18-2026.csv (37 rows)
09:04:32 | INFO  |   Loaded: RR_06-24-2026.csv (37 rows)
09:04:32 | INFO  | Combined new data: 701 rows
09:04:32 | INFO  | Removed 663 duplicate entries
09:04:32 | INFO  | ✅ Saved master CSV: 73,643 total rows
09:04:32 | INFO  |    Date range: 2017-01-03 to 2026-07-01
09:04:32 | INFO  | 
======================================================================
09:04:32 | INFO  | STAGE 3: TICKER SUBSETTING
09:04:32 | INFO  | ======================================================================
09:04:32 | INFO  | Loaded master: 73,643 rows
09:04:32 | INFO  | Creating subsets for 9 tickers
09:04:32 | INFO  |   ✅ UST10Y: 2358 rows | 2017-01-03 to 2026-07-01
09:04:32 | INFO  |   ✅ SPX: 2358 rows | 2017-01-03 to 2026-07-01
09:04:32 | INFO  |   ✅ COMPQ: 2358 rows | 2017-01-03 to 2026-07-01
09:04:32 | INFO  |   ✅ RUT: 2357 rows | 2017-01-03 to 2026-07-01
09:04:32 | INFO  |   ✅ VIX: 2358 rows | 2017-01-03 to 2026-07-01
09:04:32 | INFO  |   ✅ USD: 2358 rows | 2017-01-03 to 2026-07-01
09:04:32 | INFO  |   ✅ GOLD: 2356 rows | 2017-01-03 to 2026-07-01
09:04:32 | INFO  |   ✅ AAPL: 2356 rows | 2017-01-03 to 2026-07-01
09:04:32 | INFO  |   ✅ BITCOIN: 727 rows | 2023-08-01 to 2026-07-01
09:04:32 | INFO  | ✅ Ticker subsetting complete
09:04:32 | INFO  | 
======================================================================
09:04:32 | INFO  | STAGE 4: ENRICHMENT
09:04:32 | INFO  | ======================================================================
09:04:32 | INFO  | Enriching 9 tickers
09:04:32 | INFO  | 
──────────────────────────────────────────────────────────────────────
09:04:32 | INFO  | Enriching: SPX
09:04:32 | INFO  | ──────────────────────────────────────────────────────────────────────
09:04:32 | INFO  |   Loaded 2358 rows from SPX.csv
09:04:32 | INFO  |   Yahoo ticker: ^GSPC
09:04:32 | INFO  |   OHLC prefix: GSPC
09:04:32 | INFO  |   Vol prefix: VIX
09:04:32 | INFO  |   Downloading ^GSPC OHLC...
09:04:32 | INFO  |     Downloaded 2385 days (2017-01-03 to 2026-06-30)
09:04:32 | INFO  |   Downloading ^VIX volatility...
09:04:33 | INFO  |     Downloaded 2387 days (2017-01-03 to 2026-07-01)
09:04:33 | WARNING |   ⚠️  28 trading days missing from original CSV
09:04:33 | INFO  |   ✓ Enrichment complete: 2385 rows
09:04:33 | INFO  |   ✅ Saved: SPX_enriched.csv (2385 rows)
09:04:33 | WARNING |   ⚠️  28 rows need manual update
09:04:33 | INFO  | 
──────────────────────────────────────────────────────────────────────
09:04:33 | INFO  | Enriching: GOLD
09:04:33 | INFO  | ──────────────────────────────────────────────────────────────────────
09:04:33 | INFO  |   Loaded 2356 rows from GOLD.csv
09:04:33 | INFO  |   Yahoo ticker: GC=F
09:04:33 | INFO  |   OHLC prefix: GC
09:04:33 | INFO  |   Vol prefix: GVZ
09:04:33 | INFO  |   Downloading GC=F OHLC...
09:04:33 | INFO  |     Downloaded 2387 days (2017-01-03 to 2026-07-01)
09:04:33 | INFO  |   Downloading ^GVZ volatility...
09:04:33 | INFO  |     Downloaded 2385 days (2017-01-03 to 2026-06-30)
09:04:33 | WARNING |   ⚠️  32 trading days missing from original CSV
09:04:33 | INFO  |   ✓ Enrichment complete: 2387 rows
09:04:33 | INFO  |   ✅ Saved: GOLD_enriched.csv (2387 rows)
09:04:33 | WARNING |   ⚠️  32 rows need manual update
09:04:33 | INFO  | 
──────────────────────────────────────────────────────────────────────
09:04:33 | INFO  | Enriching: UST10Y
09:04:33 | INFO  | ──────────────────────────────────────────────────────────────────────
09:04:33 | INFO  |   Loaded 2358 rows from UST10Y.csv
09:04:33 | INFO  |   Yahoo ticker: ^TNX
09:04:33 | INFO  |   OHLC prefix: TNX
09:04:33 | INFO  |   Vol prefix: VIX
09:04:33 | INFO  |   Downloading ^TNX OHLC...
09:04:33 | INFO  |     Downloaded 2384 days (2017-01-03 to 2026-07-01)
09:04:33 | INFO  |   Downloading ^VIX volatility...
09:04:33 | INFO  |     Downloaded 2387 days (2017-01-03 to 2026-07-01)
09:04:33 | WARNING |   ⚠️  28 trading days missing from original CSV
09:04:33 | INFO  |   ✓ Enrichment complete: 2384 rows
09:04:33 | INFO  |   ✅ Saved: UST10Y_enriched.csv (2384 rows)
09:04:33 | WARNING |   ⚠️  28 rows need manual update
09:04:33 | INFO  | 
──────────────────────────────────────────────────────────────────────
09:04:33 | INFO  | Enriching: COMPQ
09:04:33 | INFO  | ──────────────────────────────────────────────────────────────────────
09:04:33 | INFO  |   Loaded 2358 rows from COMPQ.csv
09:04:33 | INFO  |   Yahoo ticker: ^IXIC
09:04:33 | INFO  |   OHLC prefix: IXIC
09:04:33 | INFO  |   Vol prefix: VIX
09:04:33 | INFO  |   Downloading ^IXIC OHLC...
09:04:34 | INFO  |     Downloaded 2385 days (2017-01-03 to 2026-06-30)
09:04:34 | INFO  |   Downloading ^VIX volatility...
09:04:34 | INFO  |     Downloaded 2387 days (2017-01-03 to 2026-07-01)
09:04:34 | WARNING |   ⚠️  28 trading days missing from original CSV
09:04:34 | INFO  |   ✓ Enrichment complete: 2385 rows
09:04:34 | INFO  |   ✅ Saved: COMPQ_enriched.csv (2385 rows)
09:04:34 | WARNING |   ⚠️  28 rows need manual update
09:04:34 | INFO  | 
──────────────────────────────────────────────────────────────────────
09:04:34 | INFO  | Enriching: RUT
09:04:34 | INFO  | ──────────────────────────────────────────────────────────────────────
09:04:34 | INFO  |   Loaded 2357 rows from RUT.csv
09:04:34 | INFO  |   Yahoo ticker: ^RUT
09:04:34 | INFO  |   OHLC prefix: RUT
09:04:34 | INFO  |   Vol prefix: VIX
09:04:34 | INFO  |   Downloading ^RUT OHLC...
09:04:34 | INFO  |     Downloaded 2385 days (2017-01-03 to 2026-06-30)
09:04:34 | INFO  |   Downloading ^VIX volatility...
09:04:34 | INFO  |     Downloaded 2387 days (2017-01-03 to 2026-07-01)
09:04:34 | WARNING |   ⚠️  29 trading days missing from original CSV
09:04:34 | INFO  |   ✓ Enrichment complete: 2385 rows
09:04:34 | INFO  |   ✅ Saved: RUT_enriched.csv (2385 rows)
09:04:34 | WARNING |   ⚠️  29 rows need manual update
09:04:34 | INFO  | 
──────────────────────────────────────────────────────────────────────
09:04:34 | INFO  | Enriching: VIX
09:04:34 | INFO  | ──────────────────────────────────────────────────────────────────────
09:04:34 | INFO  |   Loaded 2358 rows from VIX.csv
09:04:34 | INFO  |   Yahoo ticker: ^VIX
09:04:34 | INFO  |   OHLC prefix: VIX
09:04:34 | INFO  |   Vol prefix: VIXI
09:04:34 | INFO  |   Downloading ^VIX OHLC...
09:04:34 | INFO  |     Downloaded 2387 days (2017-01-03 to 2026-07-01)
09:04:34 | INFO  |   Downloading ^VIX volatility...
09:04:35 | INFO  |     Downloaded 2387 days (2017-01-03 to 2026-07-01)
09:04:35 | WARNING |   ⚠️  29 trading days missing from original CSV
09:04:35 | INFO  |   ✓ Enrichment complete: 2387 rows
09:04:35 | INFO  |   ✅ Saved: VIX_enriched.csv (2387 rows)
09:04:35 | WARNING |   ⚠️  29 rows need manual update
09:04:35 | INFO  | 
──────────────────────────────────────────────────────────────────────
09:04:35 | INFO  | Enriching: USD
09:04:35 | INFO  | ──────────────────────────────────────────────────────────────────────
09:04:35 | INFO  |   Loaded 2358 rows from USD.csv
09:04:35 | INFO  |   Yahoo ticker: DX-Y.NYB
09:04:35 | INFO  |   OHLC prefix: DX
09:04:35 | INFO  |   Vol prefix: VIX
09:04:35 | INFO  |   Downloading DX-Y.NYB OHLC...
09:04:35 | INFO  |     Downloaded 2388 days (2017-01-03 to 2026-07-01)
09:04:35 | INFO  |   Downloading ^VIX volatility...
09:04:35 | INFO  |     Downloaded 2387 days (2017-01-03 to 2026-07-01)
09:04:35 | WARNING |   ⚠️  30 trading days missing from original CSV
09:04:35 | INFO  |   ✓ Enrichment complete: 2388 rows
09:04:35 | INFO  |   ✅ Saved: USD_enriched.csv (2388 rows)
09:04:35 | WARNING |   ⚠️  30 rows need manual update
09:04:35 | INFO  | 
──────────────────────────────────────────────────────────────────────
09:04:35 | INFO  | Enriching: AAPL
09:04:35 | INFO  | ──────────────────────────────────────────────────────────────────────
09:04:35 | INFO  |   Loaded 2356 rows from AAPL.csv
09:04:35 | INFO  |   Yahoo ticker: AAPL
09:04:35 | INFO  |   OHLC prefix: AAPL
09:04:35 | INFO  |   Vol prefix: VIX
09:04:35 | INFO  |   Downloading AAPL OHLC...
09:04:35 | INFO  |     Downloaded 2385 days (2017-01-03 to 2026-06-30)
09:04:35 | INFO  |   Downloading ^VIX volatility...
09:04:35 | INFO  |     Downloaded 2387 days (2017-01-03 to 2026-07-01)
09:04:35 | WARNING |   ⚠️  30 trading days missing from original CSV
09:04:35 | INFO  |   ✓ Enrichment complete: 2385 rows
09:04:35 | INFO  |   ✅ Saved: AAPL_enriched.csv (2385 rows)
09:04:35 | WARNING |   ⚠️  30 rows need manual update
09:04:35 | INFO  | 
──────────────────────────────────────────────────────────────────────
09:04:35 | INFO  | Enriching: BITCOIN
09:04:35 | INFO  | ──────────────────────────────────────────────────────────────────────
09:04:35 | INFO  |   Loaded 727 rows from BITCOIN.csv
09:04:35 | INFO  |   ⚠️  Row count changed (3466 → 727) - re-enriching
09:04:35 | INFO  |   Yahoo ticker: BTC-USD
09:04:35 | INFO  |   OHLC prefix: BTC
09:04:35 | INFO  |   Vol prefix: VIX
09:04:36 | INFO  |   Downloading BTC-USD OHLC...
09:04:36 | INFO  |     Downloaded 3468 days (2017-01-02 to 2026-07-01)
09:04:36 | INFO  |   Downloading ^VIX volatility...
09:04:36 | INFO  |     Downloaded 2387 days (2017-01-03 to 2026-07-01)
09:04:36 | WARNING |   ⚠️  2741 trading days missing from original CSV
09:04:36 | INFO  |   ✓ Enrichment complete: 3468 rows
09:04:36 | INFO  |   ✅ Saved: BITCOIN_enriched.csv (3468 rows)
09:04:36 | WARNING |   ⚠️  2741 rows need manual update
09:04:36 | INFO  | 
======================================================================
09:04:36 | INFO  | ✅ Enrichment complete:
09:04:36 | INFO  |    Success: 9
09:04:36 | INFO  |    Skipped (up-to-date): 0
09:04:36 | INFO  |    Errors:  0
09:04:36 | INFO  | ======================================================================
09:04:36 | INFO  | 
======================================================================
09:04:36 | INFO  | ✅ PIPELINE COMPLETE
09:04:36 | INFO  | ======================================================================
