09:40:02 | INFO  | ======================================================================
09:40:02 | INFO  | ETL PIPELINE START
09:40:02 | INFO  | ======================================================================
09:40:02 | INFO  | 
📋 PIPELINE PLAN:
09:40:02 | INFO  |    HTML Files: 25 new / 25 total
09:40:02 | INFO  |    Master needs propagation: False
09:40:02 | INFO  | 
======================================================================
09:40:02 | INFO  | STAGE 1: HTML PARSING
09:40:02 | INFO  | ======================================================================
09:40:02 | INFO  | 
Processing: JUNE 22, 2026.html
09:40:02 | INFO  |   ✅ Saved: RR_06-22-2026.csv (37 rows)
09:40:02 | INFO  | 
Processing: JUNE 23, 2026.html
09:40:02 | INFO  |   ✅ Saved: RR_06-23-2026.csv (37 rows)
09:40:02 | INFO  | 
Processing: JULY 8, 2026.html
09:40:02 | INFO  |   ✅ Saved: RR_07-08-2026.csv (37 rows)
09:40:02 | INFO  | 
Processing: JUNE 26, 2026.html
09:40:02 | INFO  |   ✅ Saved: RR_06-26-2026.csv (38 rows)
09:40:02 | INFO  | 
Processing: JUNE 5, 2026.html
09:40:02 | INFO  |   ✅ Saved: RR_06-05-2026.csv (37 rows)
09:40:02 | INFO  | 
Processing: JUNE 30, 2026.html
09:40:02 | INFO  |   ✅ Saved: RR_06-30-2026.csv (38 rows)
09:40:02 | INFO  | 
Processing: JUNE 8, 2026.html
09:40:03 | INFO  |   ✅ Saved: RR_06-08-2026.csv (37 rows)
09:40:03 | INFO  | 
Processing: JULY 10, 2026.html
09:40:03 | INFO  |   ✅ Saved: RR_07-10-2026.csv (37 rows)
09:40:03 | INFO  | 
Processing: JUNE 15, 2026.html
09:40:03 | INFO  |   ✅ Saved: RR_06-15-2026.csv (36 rows)
09:40:03 | INFO  | 
Processing: JULY 9, 2026.html
09:40:03 | INFO  |   ✅ Saved: RR_07-09-2026.csv (37 rows)
09:40:03 | INFO  | 
Processing: JUNE 4, 2026.html
09:40:03 | INFO  |   ✅ Saved: RR_06-04-2026.csv (37 rows)
09:40:03 | INFO  | 
Processing: JUNE 12, 2026.html
09:40:03 | INFO  |   ✅ Saved: RR_06-12-2026.csv (36 rows)
09:40:03 | INFO  | 
Processing: JUNE 11, 2026.html
09:40:03 | INFO  |   ✅ Saved: RR_06-11-2026.csv (36 rows)
09:40:03 | INFO  | 
Processing: JUNE 29, 2026.html
09:40:03 | INFO  |   ✅ Saved: RR_06-29-2026.csv (38 rows)
09:40:03 | INFO  | 
Processing: JULY 2, 2026.html
09:40:03 | INFO  |   ✅ Saved: RR_07-02-2026.csv (38 rows)
09:40:03 | INFO  | 
Processing: JUNE 9, 2026.html
09:40:04 | INFO  |   ✅ Saved: RR_06-09-2026.csv (36 rows)
09:40:04 | INFO  | 
Processing: JUNE 16, 2026.html
09:40:04 | INFO  |   ✅ Saved: RR_06-16-2026.csv (36 rows)
09:40:04 | INFO  | 
Processing: JUNE 10, 2026.html
09:40:04 | INFO  |   ✅ Saved: RR_06-10-2026.csv (36 rows)
09:40:04 | INFO  | 
Processing: JUNE 17, 2026.html
09:40:04 | INFO  |   ✅ Saved: RR_06-17-2026.csv (36 rows)
09:40:04 | INFO  | 
Processing: JULY 6, 2026.html
09:40:04 | INFO  |   ✅ Saved: RR_07-06-2026.csv (37 rows)
09:40:04 | INFO  | 
Processing: JULY 1, 2026.html
09:40:04 | INFO  |   ✅ Saved: RR_07-01-2026.csv (38 rows)
09:40:04 | INFO  | 
Processing: JULY 7, 2026.html
09:40:04 | INFO  |   ✅ Saved: RR_07-07-2026.csv (37 rows)
09:40:04 | INFO  | 
Processing: JUNE 25, 2026.html
09:40:04 | INFO  |   ✅ Saved: RR_06-25-2026.csv (38 rows)
09:40:04 | INFO  | 
Processing: JUNE 18, 2026.html
09:40:04 | INFO  |   ✅ Saved: RR_06-18-2026.csv (37 rows)
09:40:04 | INFO  | 
Processing: JUNE 24, 2026.html
09:40:04 | INFO  |   ✅ Saved: RR_06-24-2026.csv (37 rows)
09:40:04 | INFO  | 
✅ HTML parsing complete: 25 success, 0 errors
09:40:04 | INFO  | 
======================================================================
09:40:04 | INFO  | STAGE 2: MASTER AGGREGATION
09:40:04 | INFO  | ======================================================================
09:40:04 | INFO  | ✅ Backed up master to: risk_ranges_master_backup_20260710_094004.csv
09:40:05 | INFO  | Loaded existing master: 73,829 rows
09:40:05 | INFO  |   Loaded: RR_06-22-2026.csv (37 rows)
09:40:05 | INFO  |   Loaded: RR_06-23-2026.csv (37 rows)
09:40:05 | INFO  |   Loaded: RR_07-08-2026.csv (37 rows)
09:40:05 | INFO  |   Loaded: RR_06-26-2026.csv (38 rows)
09:40:05 | INFO  |   Loaded: RR_06-05-2026.csv (37 rows)
09:40:05 | INFO  |   Loaded: RR_06-30-2026.csv (38 rows)
09:40:05 | INFO  |   Loaded: RR_06-08-2026.csv (37 rows)
09:40:05 | INFO  |   Loaded: RR_07-10-2026.csv (37 rows)
09:40:05 | INFO  |   Loaded: RR_06-15-2026.csv (36 rows)
09:40:05 | INFO  |   Loaded: RR_07-09-2026.csv (37 rows)
09:40:05 | INFO  |   Loaded: RR_06-04-2026.csv (37 rows)
09:40:05 | INFO  |   Loaded: RR_06-12-2026.csv (36 rows)
09:40:05 | INFO  |   Loaded: RR_06-11-2026.csv (36 rows)
09:40:05 | INFO  |   Loaded: RR_06-29-2026.csv (38 rows)
09:40:05 | INFO  |   Loaded: RR_07-02-2026.csv (38 rows)
09:40:05 | INFO  |   Loaded: RR_06-09-2026.csv (36 rows)
09:40:05 | INFO  |   Loaded: RR_06-16-2026.csv (36 rows)
09:40:05 | INFO  |   Loaded: RR_06-10-2026.csv (36 rows)
09:40:05 | INFO  |   Loaded: RR_06-17-2026.csv (36 rows)
09:40:05 | INFO  |   Loaded: RR_07-06-2026.csv (37 rows)
09:40:05 | INFO  |   Loaded: RR_07-01-2026.csv (38 rows)
09:40:05 | INFO  |   Loaded: RR_07-07-2026.csv (37 rows)
09:40:05 | INFO  |   Loaded: RR_06-25-2026.csv (38 rows)
09:40:05 | INFO  |   Loaded: RR_06-18-2026.csv (37 rows)
09:40:05 | INFO  |   Loaded: RR_06-24-2026.csv (37 rows)
09:40:05 | INFO  | Combined new data: 924 rows
09:40:05 | INFO  | Removed 887 duplicate entries
09:40:05 | INFO  | ✅ Saved master CSV: 73,866 total rows
09:40:05 | INFO  |    Date range: 2017-01-03 to 2026-07-10
09:40:05 | INFO  | 
======================================================================
09:40:05 | INFO  | STAGE 3: TICKER SUBSETTING
09:40:05 | INFO  | ======================================================================
09:40:05 | INFO  | Loaded master: 73,866 rows
09:40:05 | INFO  | Creating subsets for 9 tickers
09:40:05 | INFO  |   ✅ UST10Y: 2364 rows | 2017-01-03 to 2026-07-10
09:40:05 | INFO  |   ✅ SPX: 2364 rows | 2017-01-03 to 2026-07-10
09:40:05 | INFO  |   ✅ COMPQ: 2364 rows | 2017-01-03 to 2026-07-10
09:40:05 | INFO  |   ✅ RUT: 2363 rows | 2017-01-03 to 2026-07-10
09:40:05 | INFO  |   ✅ VIX: 2364 rows | 2017-01-03 to 2026-07-10
09:40:05 | INFO  |   ✅ USD: 2364 rows | 2017-01-03 to 2026-07-10
09:40:05 | INFO  |   ✅ GOLD: 2362 rows | 2017-01-03 to 2026-07-10
09:40:05 | INFO  |   ✅ AAPL: 2362 rows | 2017-01-03 to 2026-07-10
09:40:05 | INFO  |   ✅ BITCOIN: 733 rows | 2023-08-01 to 2026-07-10
09:40:05 | INFO  | ✅ Ticker subsetting complete
09:40:05 | INFO  | 
======================================================================
09:40:05 | INFO  | STAGE 4: ENRICHMENT
09:40:05 | INFO  | ======================================================================
09:40:05 | INFO  | Enriching 9 tickers
09:40:05 | INFO  | 
──────────────────────────────────────────────────────────────────────
09:40:05 | INFO  | Enriching: SPX
09:40:05 | INFO  | ──────────────────────────────────────────────────────────────────────
09:40:05 | INFO  |   Loaded 2364 rows from SPX.csv
09:40:05 | INFO  |   Yahoo ticker: ^GSPC
09:40:05 | INFO  |   OHLC prefix: GSPC
09:40:05 | INFO  |   Vol prefix: VIX
09:40:05 | INFO  |   Downloading ^GSPC OHLC...
09:40:05 | INFO  |     Downloaded 2392 days (2017-01-03 to 2026-07-10)
09:40:05 | INFO  |   Downloading ^VIX volatility...
09:40:06 | INFO  |     Downloaded 2393 days (2017-01-03 to 2026-07-10)
09:40:06 | WARNING |   ⚠️  28 trading days missing from original CSV
09:40:06 | INFO  |   ✓ Enrichment complete: 2392 rows
09:40:06 | INFO  |   ✅ Saved: SPX_enriched.csv (2392 rows)
09:40:06 | WARNING |   ⚠️  28 rows need manual update
09:40:06 | INFO  | 
──────────────────────────────────────────────────────────────────────
09:40:06 | INFO  | Enriching: GOLD
09:40:06 | INFO  | ──────────────────────────────────────────────────────────────────────
09:40:06 | INFO  |   Loaded 2362 rows from GOLD.csv
09:40:06 | INFO  |   Yahoo ticker: GC=F
09:40:06 | INFO  |   OHLC prefix: GC
09:40:06 | INFO  |   Vol prefix: GVZ
09:40:06 | INFO  |   Downloading GC=F OHLC...
09:40:06 | INFO  |     Downloaded 2393 days (2017-01-03 to 2026-07-10)
09:40:06 | INFO  |   Downloading ^GVZ volatility...
09:40:06 | INFO  |     Downloaded 2391 days (2017-01-03 to 2026-07-09)
09:40:06 | WARNING |   ⚠️  32 trading days missing from original CSV
09:40:06 | INFO  |   ✓ Enrichment complete: 2393 rows
09:40:06 | INFO  |   ✅ Saved: GOLD_enriched.csv (2393 rows)
09:40:06 | WARNING |   ⚠️  32 rows need manual update
09:40:06 | INFO  | 
──────────────────────────────────────────────────────────────────────
09:40:06 | INFO  | Enriching: UST10Y
09:40:06 | INFO  | ──────────────────────────────────────────────────────────────────────
09:40:06 | INFO  |   Loaded 2364 rows from UST10Y.csv
09:40:06 | INFO  |   Yahoo ticker: ^TNX
09:40:06 | INFO  |   OHLC prefix: TNX
09:40:06 | INFO  |   Vol prefix: VIX
09:40:06 | INFO  |   Downloading ^TNX OHLC...
09:40:06 | INFO  |     Downloaded 2391 days (2017-01-03 to 2026-07-10)
09:40:06 | INFO  |   Downloading ^VIX volatility...
09:40:06 | INFO  |     Downloaded 2393 days (2017-01-03 to 2026-07-10)
09:40:06 | WARNING |   ⚠️  28 trading days missing from original CSV
09:40:06 | INFO  |   ✓ Enrichment complete: 2391 rows
09:40:06 | INFO  |   ✅ Saved: UST10Y_enriched.csv (2391 rows)
09:40:06 | WARNING |   ⚠️  28 rows need manual update
09:40:06 | INFO  | 
──────────────────────────────────────────────────────────────────────
09:40:06 | INFO  | Enriching: COMPQ
09:40:06 | INFO  | ──────────────────────────────────────────────────────────────────────
09:40:07 | INFO  |   Loaded 2364 rows from COMPQ.csv
09:40:07 | INFO  |   Yahoo ticker: ^IXIC
09:40:07 | INFO  |   OHLC prefix: IXIC
09:40:07 | INFO  |   Vol prefix: VIX
09:40:07 | INFO  |   Downloading ^IXIC OHLC...
09:40:07 | INFO  |     Downloaded 2392 days (2017-01-03 to 2026-07-10)
09:40:07 | INFO  |   Downloading ^VIX volatility...
09:40:07 | INFO  |     Downloaded 2393 days (2017-01-03 to 2026-07-10)
09:40:07 | WARNING |   ⚠️  28 trading days missing from original CSV
09:40:07 | INFO  |   ✓ Enrichment complete: 2392 rows
09:40:07 | INFO  |   ✅ Saved: COMPQ_enriched.csv (2392 rows)
09:40:07 | WARNING |   ⚠️  28 rows need manual update
09:40:07 | INFO  | 
──────────────────────────────────────────────────────────────────────
09:40:07 | INFO  | Enriching: RUT
09:40:07 | INFO  | ──────────────────────────────────────────────────────────────────────
09:40:07 | INFO  |   Loaded 2363 rows from RUT.csv
09:40:07 | INFO  |   Yahoo ticker: ^RUT
09:40:07 | INFO  |   OHLC prefix: RUT
09:40:07 | INFO  |   Vol prefix: VIX
09:40:07 | INFO  |   Downloading ^RUT OHLC...
09:40:07 | INFO  |     Downloaded 2391 days (2017-01-03 to 2026-07-09)
09:40:07 | INFO  |   Downloading ^VIX volatility...
09:40:08 | INFO  |     Downloaded 2393 days (2017-01-03 to 2026-07-10)
09:40:08 | WARNING |   ⚠️  29 trading days missing from original CSV
09:40:08 | INFO  |   ✓ Enrichment complete: 2391 rows
09:40:08 | INFO  |   ✅ Saved: RUT_enriched.csv (2391 rows)
09:40:08 | WARNING |   ⚠️  29 rows need manual update
09:40:08 | INFO  | 
──────────────────────────────────────────────────────────────────────
09:40:08 | INFO  | Enriching: VIX
09:40:08 | INFO  | ──────────────────────────────────────────────────────────────────────
09:40:08 | INFO  |   Loaded 2364 rows from VIX.csv
09:40:08 | INFO  |   Yahoo ticker: ^VIX
09:40:08 | INFO  |   OHLC prefix: VIX
09:40:08 | INFO  |   Vol prefix: VIXI
09:40:08 | INFO  |   Downloading ^VIX OHLC...
09:40:08 | INFO  |     Downloaded 2393 days (2017-01-03 to 2026-07-10)
09:40:08 | INFO  |   Downloading ^VIX volatility...
09:40:08 | INFO  |     Downloaded 2393 days (2017-01-03 to 2026-07-10)
09:40:08 | WARNING |   ⚠️  29 trading days missing from original CSV
09:40:08 | INFO  |   ✓ Enrichment complete: 2393 rows
09:40:08 | INFO  |   ✅ Saved: VIX_enriched.csv (2393 rows)
09:40:08 | WARNING |   ⚠️  29 rows need manual update
09:40:08 | INFO  | 
──────────────────────────────────────────────────────────────────────
09:40:08 | INFO  | Enriching: USD
09:40:08 | INFO  | ──────────────────────────────────────────────────────────────────────
09:40:08 | INFO  |   Loaded 2364 rows from USD.csv
09:40:08 | INFO  |   Yahoo ticker: DX-Y.NYB
09:40:08 | INFO  |   OHLC prefix: DX
09:40:08 | INFO  |   Vol prefix: VIX
09:40:08 | INFO  |   Downloading DX-Y.NYB OHLC...
09:40:08 | INFO  |     Downloaded 2394 days (2017-01-03 to 2026-07-10)
09:40:08 | INFO  |   Downloading ^VIX volatility...
09:40:08 | INFO  |     Downloaded 2393 days (2017-01-03 to 2026-07-10)
09:40:08 | WARNING |   ⚠️  30 trading days missing from original CSV
09:40:08 | INFO  |   ✓ Enrichment complete: 2394 rows
09:40:08 | INFO  |   ✅ Saved: USD_enriched.csv (2394 rows)
09:40:08 | WARNING |   ⚠️  30 rows need manual update
09:40:08 | INFO  | 
──────────────────────────────────────────────────────────────────────
09:40:08 | INFO  | Enriching: AAPL
09:40:08 | INFO  | ──────────────────────────────────────────────────────────────────────
09:40:08 | INFO  |   Loaded 2362 rows from AAPL.csv
09:40:08 | INFO  |   Yahoo ticker: AAPL
09:40:08 | INFO  |   OHLC prefix: AAPL
09:40:08 | INFO  |   Vol prefix: VIX
09:40:08 | INFO  |   Downloading AAPL OHLC...
09:40:09 | INFO  |     Downloaded 2392 days (2017-01-03 to 2026-07-10)
09:40:09 | INFO  |   Downloading ^VIX volatility...
09:40:09 | INFO  |     Downloaded 2393 days (2017-01-03 to 2026-07-10)
09:40:09 | WARNING |   ⚠️  30 trading days missing from original CSV
09:40:09 | INFO  |   ✓ Enrichment complete: 2392 rows
09:40:09 | INFO  |   ✅ Saved: AAPL_enriched.csv (2392 rows)
09:40:09 | WARNING |   ⚠️  30 rows need manual update
09:40:09 | INFO  | 
──────────────────────────────────────────────────────────────────────
09:40:09 | INFO  | Enriching: BITCOIN
09:40:09 | INFO  | ──────────────────────────────────────────────────────────────────────
09:40:09 | INFO  |   Loaded 733 rows from BITCOIN.csv
09:40:09 | INFO  |   ⚠️  Row count changed (3476 → 733) - re-enriching
09:40:09 | INFO  |   Yahoo ticker: BTC-USD
09:40:09 | INFO  |   OHLC prefix: BTC
09:40:09 | INFO  |   Vol prefix: VIX
09:40:09 | INFO  |   Downloading BTC-USD OHLC...
09:40:10 | INFO  |     Downloaded 3477 days (2017-01-02 to 2026-07-10)
09:40:10 | INFO  |   Downloading ^VIX volatility...
09:40:10 | INFO  |     Downloaded 2393 days (2017-01-03 to 2026-07-10)
09:40:10 | WARNING |   ⚠️  2744 trading days missing from original CSV
09:40:10 | INFO  |   ✓ Enrichment complete: 3477 rows
09:40:10 | INFO  |   ✅ Saved: BITCOIN_enriched.csv (3477 rows)
09:40:10 | WARNING |   ⚠️  2744 rows need manual update
09:40:10 | INFO  | 
======================================================================
09:40:10 | INFO  | ✅ Enrichment complete:
09:40:10 | INFO  |    Success: 9
09:40:10 | INFO  |    Skipped (up-to-date): 0
09:40:10 | INFO  |    Errors:  0
09:40:10 | INFO  | ======================================================================
09:40:10 | INFO  | 
======================================================================
09:40:10 | INFO  | ✅ PIPELINE COMPLETE
09:40:10 | INFO  | ======================================================================
