11:24:25 | INFO  | ======================================================================
11:24:25 | INFO  | ETL PIPELINE START
11:24:25 | INFO  | ======================================================================
11:24:25 | INFO  | 
📋 PIPELINE PLAN:
11:24:25 | INFO  |    HTML Files: 17 new / 17 total
11:24:25 | INFO  |    Master needs propagation: False
11:24:25 | INFO  | 
======================================================================
11:24:25 | INFO  | STAGE 1: HTML PARSING
11:24:25 | INFO  | ======================================================================
11:24:25 | INFO  | 
Processing: JUNE 22, 2026.html
11:24:25 | INFO  |   ✅ Saved: RR_06-22-2026.csv (37 rows)
11:24:25 | INFO  | 
Processing: JUNE 23, 2026.html
11:24:25 | INFO  |   ✅ Saved: RR_06-23-2026.csv (37 rows)
11:24:25 | INFO  | 
Processing: JUNE 26, 2026.html
11:24:25 | INFO  |   ✅ Saved: RR_06-26-2026.csv (38 rows)
11:24:25 | INFO  | 
Processing: JUNE 5, 2026.html
11:24:25 | INFO  |   ✅ Saved: RR_06-05-2026.csv (37 rows)
11:24:25 | INFO  | 
Processing: JUNE 8, 2026.html
11:24:25 | INFO  |   ✅ Saved: RR_06-08-2026.csv (37 rows)
11:24:25 | INFO  | 
Processing: JUNE 15, 2026.html
11:24:25 | INFO  |   ✅ Saved: RR_06-15-2026.csv (36 rows)
11:24:25 | INFO  | 
Processing: JUNE 4, 2026.html
11:24:25 | INFO  |   ✅ Saved: RR_06-04-2026.csv (37 rows)
11:24:25 | INFO  | 
Processing: JUNE 12, 2026.html
11:24:25 | INFO  |   ✅ Saved: RR_06-12-2026.csv (36 rows)
11:24:25 | INFO  | 
Processing: JUNE 11, 2026.html
11:24:25 | INFO  |   ✅ Saved: RR_06-11-2026.csv (36 rows)
11:24:25 | INFO  | 
Processing: JUNE 29, 2026.html
11:24:25 | INFO  |   ✅ Saved: RR_06-29-2026.csv (38 rows)
11:24:25 | INFO  | 
Processing: JUNE 9, 2026.html
11:24:26 | INFO  |   ✅ Saved: RR_06-09-2026.csv (36 rows)
11:24:26 | INFO  | 
Processing: JUNE 16, 2026.html
11:24:26 | INFO  |   ✅ Saved: RR_06-16-2026.csv (36 rows)
11:24:26 | INFO  | 
Processing: JUNE 10, 2026.html
11:24:26 | INFO  |   ✅ Saved: RR_06-10-2026.csv (36 rows)
11:24:26 | INFO  | 
Processing: JUNE 17, 2026.html
11:24:26 | INFO  |   ✅ Saved: RR_06-17-2026.csv (36 rows)
11:24:26 | INFO  | 
Processing: JUNE 25, 2026.html
11:24:26 | INFO  |   ✅ Saved: RR_06-25-2026.csv (38 rows)
11:24:26 | INFO  | 
Processing: JUNE 18, 2026.html
11:24:26 | INFO  |   ✅ Saved: RR_06-18-2026.csv (37 rows)
11:24:26 | INFO  | 
Processing: JUNE 24, 2026.html
11:24:26 | INFO  |   ✅ Saved: RR_06-24-2026.csv (37 rows)
11:24:26 | INFO  | 
✅ HTML parsing complete: 17 success, 0 errors
11:24:26 | INFO  | 
======================================================================
11:24:26 | INFO  | STAGE 2: MASTER AGGREGATION
11:24:26 | INFO  | ======================================================================
11:24:26 | INFO  | ✅ Backed up master to: risk_ranges_master_backup_20260630_112426.csv
11:24:26 | INFO  | Loaded existing master: 73,567 rows
11:24:26 | INFO  |   Loaded: RR_06-22-2026.csv (37 rows)
11:24:26 | INFO  |   Loaded: RR_06-23-2026.csv (37 rows)
11:24:26 | INFO  |   Loaded: RR_06-26-2026.csv (38 rows)
11:24:26 | INFO  |   Loaded: RR_06-05-2026.csv (37 rows)
11:24:26 | INFO  |   Loaded: RR_06-08-2026.csv (37 rows)
11:24:26 | INFO  |   Loaded: RR_06-15-2026.csv (36 rows)
11:24:26 | INFO  |   Loaded: RR_06-04-2026.csv (37 rows)
11:24:26 | INFO  |   Loaded: RR_06-12-2026.csv (36 rows)
11:24:26 | INFO  |   Loaded: RR_06-11-2026.csv (36 rows)
11:24:26 | INFO  |   Loaded: RR_06-29-2026.csv (38 rows)
11:24:26 | INFO  |   Loaded: RR_06-09-2026.csv (36 rows)
11:24:26 | INFO  |   Loaded: RR_06-16-2026.csv (36 rows)
11:24:26 | INFO  |   Loaded: RR_06-10-2026.csv (36 rows)
11:24:26 | INFO  |   Loaded: RR_06-17-2026.csv (36 rows)
11:24:26 | INFO  |   Loaded: RR_06-25-2026.csv (38 rows)
11:24:26 | INFO  |   Loaded: RR_06-18-2026.csv (37 rows)
11:24:26 | INFO  |   Loaded: RR_06-24-2026.csv (37 rows)
11:24:26 | INFO  | Combined new data: 625 rows
11:24:26 | INFO  | Removed 625 duplicate entries
11:24:26 | INFO  | ✅ Saved master CSV: 73,567 total rows
11:24:26 | INFO  |    Date range: 2017-01-03 to 2026-06-29
11:24:26 | INFO  | 
======================================================================
11:24:26 | INFO  | STAGE 3: TICKER SUBSETTING
11:24:26 | INFO  | ======================================================================
11:24:26 | INFO  | Loaded master: 73,567 rows
11:24:26 | INFO  | Creating subsets for 9 tickers
11:24:26 | INFO  |   ✅ UST10Y: 2356 rows | 2017-01-03 to 2026-06-29
11:24:26 | INFO  |   ✅ SPX: 2356 rows | 2017-01-03 to 2026-06-29
11:24:26 | INFO  |   ✅ COMPQ: 2356 rows | 2017-01-03 to 2026-06-29
11:24:27 | INFO  |   ✅ RUT: 2355 rows | 2017-01-03 to 2026-06-29
11:24:27 | INFO  |   ✅ VIX: 2356 rows | 2017-01-03 to 2026-06-29
11:24:27 | INFO  |   ✅ USD: 2356 rows | 2017-01-03 to 2026-06-29
11:24:27 | INFO  |   ✅ GOLD: 2354 rows | 2017-01-03 to 2026-06-29
11:24:27 | INFO  |   ✅ AAPL: 2354 rows | 2017-01-03 to 2026-06-29
11:24:27 | INFO  |   ✅ BITCOIN: 725 rows | 2023-08-01 to 2026-06-29
11:24:27 | INFO  | ✅ Ticker subsetting complete
11:24:27 | INFO  | 
======================================================================
11:24:27 | INFO  | STAGE 4: ENRICHMENT
11:24:27 | INFO  | ======================================================================
11:24:27 | INFO  | Enriching 9 tickers
11:24:27 | INFO  | 
──────────────────────────────────────────────────────────────────────
11:24:27 | INFO  | Enriching: SPX
11:24:27 | INFO  | ──────────────────────────────────────────────────────────────────────
11:24:27 | INFO  |   Loaded 2356 rows from SPX.csv
11:24:27 | INFO  |   Yahoo ticker: ^GSPC
11:24:27 | INFO  |   OHLC prefix: GSPC
11:24:27 | INFO  |   Vol prefix: VIX
11:24:27 | INFO  |   Downloading ^GSPC OHLC...
11:24:27 | INFO  |     Downloaded 2385 days (2017-01-03 to 2026-06-30)
11:24:27 | INFO  |   Downloading ^VIX volatility...
11:24:27 | INFO  |     Downloaded 2386 days (2017-01-03 to 2026-06-30)
11:24:27 | WARNING |   ⚠️  29 trading days missing from original CSV
11:24:27 | INFO  |   ✓ Enrichment complete: 2385 rows
11:24:27 | INFO  |   ✅ Saved: SPX_enriched.csv (2385 rows)
11:24:27 | WARNING |   ⚠️  29 rows need manual update
11:24:27 | INFO  | 
──────────────────────────────────────────────────────────────────────
11:24:27 | INFO  | Enriching: GOLD
11:24:27 | INFO  | ──────────────────────────────────────────────────────────────────────
11:24:27 | INFO  |   Loaded 2354 rows from GOLD.csv
11:24:27 | INFO  |   Yahoo ticker: GC=F
11:24:27 | INFO  |   OHLC prefix: GC
11:24:27 | INFO  |   Vol prefix: GVZ
11:24:27 | INFO  |   Downloading GC=F OHLC...
11:24:28 | INFO  |     Downloaded 2386 days (2017-01-03 to 2026-06-30)
11:24:28 | INFO  |   Downloading ^GVZ volatility...
11:24:28 | INFO  |     Downloaded 2385 days (2017-01-03 to 2026-06-30)
11:24:28 | WARNING |   ⚠️  33 trading days missing from original CSV
11:24:28 | INFO  |   ✓ Enrichment complete: 2386 rows
11:24:28 | INFO  |   ✅ Saved: GOLD_enriched.csv (2386 rows)
11:24:28 | WARNING |   ⚠️  33 rows need manual update
11:24:28 | INFO  | 
──────────────────────────────────────────────────────────────────────
11:24:28 | INFO  | Enriching: UST10Y
11:24:28 | INFO  | ──────────────────────────────────────────────────────────────────────
11:24:28 | INFO  |   Loaded 2356 rows from UST10Y.csv
11:24:28 | INFO  |   Yahoo ticker: ^TNX
11:24:28 | INFO  |   OHLC prefix: TNX
11:24:28 | INFO  |   Vol prefix: VIX
11:24:28 | INFO  |   Downloading ^TNX OHLC...
11:24:28 | INFO  |     Downloaded 2384 days (2017-01-03 to 2026-06-30)
11:24:28 | INFO  |   Downloading ^VIX volatility...
11:24:28 | INFO  |     Downloaded 2386 days (2017-01-03 to 2026-06-30)
11:24:28 | WARNING |   ⚠️  29 trading days missing from original CSV
11:24:28 | INFO  |   ✓ Enrichment complete: 2384 rows
11:24:28 | INFO  |   ✅ Saved: UST10Y_enriched.csv (2384 rows)
11:24:28 | WARNING |   ⚠️  29 rows need manual update
11:24:28 | INFO  | 
──────────────────────────────────────────────────────────────────────
11:24:28 | INFO  | Enriching: COMPQ
11:24:28 | INFO  | ──────────────────────────────────────────────────────────────────────
11:24:28 | INFO  |   Loaded 2356 rows from COMPQ.csv
11:24:28 | INFO  |   Yahoo ticker: ^IXIC
11:24:28 | INFO  |   OHLC prefix: IXIC
11:24:28 | INFO  |   Vol prefix: VIX
11:24:28 | INFO  |   Downloading ^IXIC OHLC...
11:24:28 | INFO  |     Downloaded 2385 days (2017-01-03 to 2026-06-30)
11:24:28 | INFO  |   Downloading ^VIX volatility...
11:24:28 | INFO  |     Downloaded 2386 days (2017-01-03 to 2026-06-30)
11:24:28 | WARNING |   ⚠️  29 trading days missing from original CSV
11:24:29 | INFO  |   ✓ Enrichment complete: 2385 rows
11:24:29 | INFO  |   ✅ Saved: COMPQ_enriched.csv (2385 rows)
11:24:29 | WARNING |   ⚠️  29 rows need manual update
11:24:29 | INFO  | 
──────────────────────────────────────────────────────────────────────
11:24:29 | INFO  | Enriching: RUT
11:24:29 | INFO  | ──────────────────────────────────────────────────────────────────────
11:24:29 | INFO  |   Loaded 2355 rows from RUT.csv
11:24:29 | INFO  |   Yahoo ticker: ^RUT
11:24:29 | INFO  |   OHLC prefix: RUT
11:24:29 | INFO  |   Vol prefix: VIX
11:24:29 | INFO  |   Downloading ^RUT OHLC...
11:24:29 | INFO  |     Downloaded 2385 days (2017-01-03 to 2026-06-30)
11:24:29 | INFO  |   Downloading ^VIX volatility...
11:24:29 | INFO  |     Downloaded 2386 days (2017-01-03 to 2026-06-30)
11:24:29 | WARNING |   ⚠️  30 trading days missing from original CSV
11:24:29 | INFO  |   ✓ Enrichment complete: 2385 rows
11:24:29 | INFO  |   ✅ Saved: RUT_enriched.csv (2385 rows)
11:24:29 | WARNING |   ⚠️  30 rows need manual update
11:24:29 | INFO  | 
──────────────────────────────────────────────────────────────────────
11:24:29 | INFO  | Enriching: VIX
11:24:29 | INFO  | ──────────────────────────────────────────────────────────────────────
11:24:29 | INFO  |   Loaded 2356 rows from VIX.csv
11:24:29 | INFO  |   Yahoo ticker: ^VIX
11:24:29 | INFO  |   OHLC prefix: VIX
11:24:29 | INFO  |   Vol prefix: VIXI
11:24:29 | INFO  |   Downloading ^VIX OHLC...
11:24:29 | INFO  |     Downloaded 2386 days (2017-01-03 to 2026-06-30)
11:24:29 | INFO  |   Downloading ^VIX volatility...
11:24:29 | INFO  |     Downloaded 2386 days (2017-01-03 to 2026-06-30)
11:24:29 | WARNING |   ⚠️  30 trading days missing from original CSV
11:24:29 | INFO  |   ✓ Enrichment complete: 2386 rows
11:24:29 | INFO  |   ✅ Saved: VIX_enriched.csv (2386 rows)
11:24:29 | WARNING |   ⚠️  30 rows need manual update
11:24:29 | INFO  | 
──────────────────────────────────────────────────────────────────────
11:24:29 | INFO  | Enriching: USD
11:24:29 | INFO  | ──────────────────────────────────────────────────────────────────────
11:24:29 | INFO  |   Loaded 2356 rows from USD.csv
11:24:29 | INFO  |   Yahoo ticker: DX-Y.NYB
11:24:29 | INFO  |   OHLC prefix: DX
11:24:29 | INFO  |   Vol prefix: VIX
11:24:29 | INFO  |   Downloading DX-Y.NYB OHLC...
11:24:29 | INFO  |     Downloaded 2387 days (2017-01-03 to 2026-06-30)
11:24:29 | INFO  |   Downloading ^VIX volatility...
11:24:29 | INFO  |     Downloaded 2386 days (2017-01-03 to 2026-06-30)
11:24:29 | WARNING |   ⚠️  31 trading days missing from original CSV
11:24:29 | INFO  |   ✓ Enrichment complete: 2387 rows
11:24:29 | INFO  |   ✅ Saved: USD_enriched.csv (2387 rows)
11:24:29 | WARNING |   ⚠️  31 rows need manual update
11:24:29 | INFO  | 
──────────────────────────────────────────────────────────────────────
11:24:29 | INFO  | Enriching: AAPL
11:24:29 | INFO  | ──────────────────────────────────────────────────────────────────────
11:24:29 | INFO  |   Loaded 2354 rows from AAPL.csv
11:24:29 | INFO  |   Yahoo ticker: AAPL
11:24:29 | INFO  |   OHLC prefix: AAPL
11:24:29 | INFO  |   Vol prefix: VIX
11:24:29 | INFO  |   Downloading AAPL OHLC...
11:24:30 | INFO  |     Downloaded 2385 days (2017-01-03 to 2026-06-30)
11:24:30 | INFO  |   Downloading ^VIX volatility...
11:24:30 | INFO  |     Downloaded 2386 days (2017-01-03 to 2026-06-30)
11:24:30 | WARNING |   ⚠️  31 trading days missing from original CSV
11:24:30 | INFO  |   ✓ Enrichment complete: 2385 rows
11:24:30 | INFO  |   ✅ Saved: AAPL_enriched.csv (2385 rows)
11:24:30 | WARNING |   ⚠️  31 rows need manual update
11:24:30 | INFO  | 
──────────────────────────────────────────────────────────────────────
11:24:30 | INFO  | Enriching: BITCOIN
11:24:30 | INFO  | ──────────────────────────────────────────────────────────────────────
11:24:30 | INFO  |   Loaded 725 rows from BITCOIN.csv
11:24:30 | INFO  |   ⚠️  Row count changed (3466 → 725) - re-enriching
11:24:30 | INFO  |   Yahoo ticker: BTC-USD
11:24:30 | INFO  |   OHLC prefix: BTC
11:24:30 | INFO  |   Vol prefix: VIX
11:24:30 | INFO  |   Downloading BTC-USD OHLC...
11:24:30 | INFO  |     Downloaded 3467 days (2017-01-02 to 2026-06-30)
11:24:30 | INFO  |   Downloading ^VIX volatility...
11:24:30 | INFO  |     Downloaded 2386 days (2017-01-03 to 2026-06-30)
11:24:30 | WARNING |   ⚠️  2742 trading days missing from original CSV
11:24:30 | INFO  |   ✓ Enrichment complete: 3467 rows
11:24:30 | INFO  |   ✅ Saved: BITCOIN_enriched.csv (3467 rows)
11:24:30 | WARNING |   ⚠️  2742 rows need manual update
11:24:30 | INFO  | 
======================================================================
11:24:30 | INFO  | ✅ Enrichment complete:
11:24:30 | INFO  |    Success: 9
11:24:30 | INFO  |    Skipped (up-to-date): 0
11:24:30 | INFO  |    Errors:  0
11:24:30 | INFO  | ======================================================================
11:24:30 | INFO  | 
======================================================================
11:24:30 | INFO  | ✅ PIPELINE COMPLETE
11:24:30 | INFO  | ======================================================================
