11:04:24 | INFO  | ======================================================================
11:04:24 | INFO  | ETL PIPELINE START
11:04:24 | INFO  | ======================================================================
11:04:24 | INFO  | 
📋 PIPELINE PLAN:
11:04:24 | INFO  |    HTML Files: 33 new / 33 total
11:04:24 | INFO  |    Master needs propagation: False
11:04:24 | INFO  | 
======================================================================
11:04:24 | INFO  | STAGE 1: HTML PARSING
11:04:24 | INFO  | ======================================================================
11:04:24 | INFO  | 
Processing: JULY 14, 2026.html
11:04:24 | INFO  |   ✅ Saved: RR_07-14-2026.csv (37 rows)
11:04:24 | INFO  | 
Processing: JUNE 30, 2026.html
11:04:24 | INFO  |   ✅ Saved: RR_06-30-2026.csv (38 rows)
11:04:24 | INFO  | 
Processing: JULY 13, 2026.html
11:04:24 | INFO  |   ✅ Saved: RR_07-13-2026.csv (37 rows)
11:04:24 | INFO  | 
Processing: JUNE 16, 2026.html
11:04:24 | INFO  |   ✅ Saved: RR_06-16-2026.csv (36 rows)
11:04:24 | INFO  | 
Processing: JUNE 8, 2026.html
11:04:24 | INFO  |   ✅ Saved: RR_06-08-2026.csv (37 rows)
11:04:24 | INFO  | 
Processing: JULY 17, 2026.html
11:04:25 | INFO  |   ✅ Saved: RR_07-17-2026.csv (38 rows)
11:04:25 | INFO  | 
Processing: JULY 9, 2026.html
11:04:25 | INFO  |   ✅ Saved: RR_07-09-2026.csv (37 rows)
11:04:25 | INFO  | 
Processing: JULY 15, 2026.html
11:04:25 | INFO  |   ✅ Saved: RR_07-15-2026.csv (37 rows)
11:04:25 | INFO  | 
Processing: JULY 10, 2026.html
11:04:25 | INFO  |   ✅ Saved: RR_07-10-2026.csv (37 rows)
11:04:25 | INFO  | 
Processing: JUNE 11, 2026.html
11:04:25 | INFO  |   ✅ Saved: RR_06-11-2026.csv (36 rows)
11:04:25 | INFO  | 
Processing: JULY 16, 2026.html
11:04:25 | INFO  |   ✅ Saved: RR_07-16-2026.csv (37 rows)
11:04:25 | INFO  | 
Processing: JUNE 24, 2026.html
11:04:25 | INFO  |   ✅ Saved: RR_06-24-2026.csv (37 rows)
11:04:25 | INFO  | 
Processing: JULY 1, 2026.html
11:04:25 | INFO  |   ✅ Saved: RR_07-01-2026.csv (38 rows)
11:04:25 | INFO  | 
Processing: JUNE 23, 2026.html
11:04:25 | INFO  |   ✅ Saved: RR_06-23-2026.csv (37 rows)
11:04:25 | INFO  | 
Processing: JULY 2, 2026.html
11:04:25 | INFO  |   ✅ Saved: RR_07-02-2026.csv (38 rows)
11:04:25 | INFO  | 
Processing: JUNE 5, 2026.html
11:04:26 | INFO  |   ✅ Saved: RR_06-05-2026.csv (37 rows)
11:04:26 | INFO  | 
Processing: JUNE 12, 2026.html
11:04:26 | INFO  |   ✅ Saved: RR_06-12-2026.csv (36 rows)
11:04:26 | INFO  | 
Processing: JUNE 15, 2026.html
11:04:26 | INFO  |   ✅ Saved: RR_06-15-2026.csv (36 rows)
11:04:26 | INFO  | 
Processing: JULY 6, 2026.html
11:04:26 | INFO  |   ✅ Saved: RR_07-06-2026.csv (37 rows)
11:04:26 | INFO  | 
Processing: JULY 21, 2026.html
11:04:26 | INFO  |   ✅ Saved: RR_07-21-2026.csv (38 rows)
11:04:26 | INFO  | 
Processing: JUNE 10, 2026.html
11:04:26 | INFO  |   ✅ Saved: RR_06-10-2026.csv (36 rows)
11:04:26 | INFO  | 
Processing: JUNE 4, 2026.html
11:04:26 | INFO  |   ✅ Saved: RR_06-04-2026.csv (37 rows)
11:04:26 | INFO  | 
Processing: JUNE 22, 2026.html
11:04:26 | INFO  |   ✅ Saved: RR_06-22-2026.csv (37 rows)
11:04:26 | INFO  | 
Processing: JULY 20, 2026.html
11:04:26 | INFO  |   ✅ Saved: RR_07-20-2026.csv (38 rows)
11:04:26 | INFO  | 
Processing: JULY 8, 2026.html
11:04:26 | INFO  |   ✅ Saved: RR_07-08-2026.csv (37 rows)
11:04:26 | INFO  | 
Processing: JUNE 26, 2026.html
11:04:27 | INFO  |   ✅ Saved: RR_06-26-2026.csv (38 rows)
11:04:27 | INFO  | 
Processing: JUNE 25, 2026.html
11:04:27 | INFO  |   ✅ Saved: RR_06-25-2026.csv (38 rows)
11:04:27 | INFO  | 
Processing: JULY 22, 2026.html
11:04:27 | INFO  |   ✅ Saved: RR_07-22-2026.csv (38 rows)
11:04:27 | INFO  | 
Processing: JUNE 17, 2026.html
11:04:27 | INFO  |   ✅ Saved: RR_06-17-2026.csv (36 rows)
11:04:27 | INFO  | 
Processing: JUNE 18, 2026.html
11:04:27 | INFO  |   ✅ Saved: RR_06-18-2026.csv (37 rows)
11:04:27 | INFO  | 
Processing: JULY 7, 2026.html
11:04:27 | INFO  |   ✅ Saved: RR_07-07-2026.csv (37 rows)
11:04:27 | INFO  | 
Processing: JUNE 9, 2026.html
11:04:27 | INFO  |   ✅ Saved: RR_06-09-2026.csv (36 rows)
11:04:27 | INFO  | 
Processing: JUNE 29, 2026.html
11:04:27 | INFO  |   ✅ Saved: RR_06-29-2026.csv (38 rows)
11:04:27 | INFO  | 
✅ HTML parsing complete: 33 success, 0 errors
11:04:27 | INFO  | 
======================================================================
11:04:27 | INFO  | STAGE 2: MASTER AGGREGATION
11:04:27 | INFO  | ======================================================================
11:04:27 | INFO  | ✅ Backed up master to: risk_ranges_master_backup_20260723_110427.csv
11:04:27 | INFO  | Loaded existing master: 74,166 rows
11:04:27 | INFO  |   Loaded: RR_07-14-2026.csv (37 rows)
11:04:27 | INFO  |   Loaded: RR_06-30-2026.csv (38 rows)
11:04:27 | INFO  |   Loaded: RR_07-13-2026.csv (37 rows)
11:04:27 | INFO  |   Loaded: RR_06-16-2026.csv (36 rows)
11:04:27 | INFO  |   Loaded: RR_06-08-2026.csv (37 rows)
11:04:27 | INFO  |   Loaded: RR_07-17-2026.csv (38 rows)
11:04:27 | INFO  |   Loaded: RR_07-09-2026.csv (37 rows)
11:04:27 | INFO  |   Loaded: RR_07-15-2026.csv (37 rows)
11:04:27 | INFO  |   Loaded: RR_07-10-2026.csv (37 rows)
11:04:27 | INFO  |   Loaded: RR_06-11-2026.csv (36 rows)
11:04:27 | INFO  |   Loaded: RR_07-16-2026.csv (37 rows)
11:04:27 | INFO  |   Loaded: RR_06-24-2026.csv (37 rows)
11:04:27 | INFO  |   Loaded: RR_07-01-2026.csv (38 rows)
11:04:27 | INFO  |   Loaded: RR_06-23-2026.csv (37 rows)
11:04:27 | INFO  |   Loaded: RR_07-02-2026.csv (38 rows)
11:04:27 | INFO  |   Loaded: RR_06-05-2026.csv (37 rows)
11:04:27 | INFO  |   Loaded: RR_06-12-2026.csv (36 rows)
11:04:27 | INFO  |   Loaded: RR_06-15-2026.csv (36 rows)
11:04:27 | INFO  |   Loaded: RR_07-06-2026.csv (37 rows)
11:04:27 | INFO  |   Loaded: RR_07-21-2026.csv (38 rows)
11:04:27 | INFO  |   Loaded: RR_06-10-2026.csv (36 rows)
11:04:27 | INFO  |   Loaded: RR_06-04-2026.csv (37 rows)
11:04:27 | INFO  |   Loaded: RR_06-22-2026.csv (37 rows)
11:04:27 | INFO  |   Loaded: RR_07-20-2026.csv (38 rows)
11:04:27 | INFO  |   Loaded: RR_07-08-2026.csv (37 rows)
11:04:27 | INFO  |   Loaded: RR_06-26-2026.csv (38 rows)
11:04:27 | INFO  |   Loaded: RR_06-25-2026.csv (38 rows)
11:04:27 | INFO  |   Loaded: RR_07-22-2026.csv (38 rows)
11:04:27 | INFO  |   Loaded: RR_06-17-2026.csv (36 rows)
11:04:27 | INFO  |   Loaded: RR_06-18-2026.csv (37 rows)
11:04:27 | INFO  |   Loaded: RR_07-07-2026.csv (37 rows)
11:04:27 | INFO  |   Loaded: RR_06-09-2026.csv (36 rows)
11:04:27 | INFO  |   Loaded: RR_06-29-2026.csv (38 rows)
11:04:27 | INFO  | Combined new data: 1224 rows
11:04:27 | INFO  | Removed 1224 duplicate entries
11:04:27 | INFO  | ✅ Saved master CSV: 74,166 total rows
11:04:28 | INFO  |    Date range: 2017-01-03 to 2026-07-22
11:04:28 | INFO  | 
======================================================================
11:04:28 | INFO  | STAGE 3: TICKER SUBSETTING
11:04:28 | INFO  | ======================================================================
11:04:28 | INFO  | Loaded master: 74,166 rows
11:04:28 | INFO  | Creating subsets for 9 tickers
11:04:28 | INFO  |   ✅ UST10Y: 2372 rows | 2017-01-03 to 2026-07-22
11:04:28 | INFO  |   ✅ SPX: 2372 rows | 2017-01-03 to 2026-07-22
11:04:28 | INFO  |   ✅ COMPQ: 2372 rows | 2017-01-03 to 2026-07-22
11:04:28 | INFO  |   ✅ RUT: 2371 rows | 2017-01-03 to 2026-07-22
11:04:28 | INFO  |   ✅ VIX: 2372 rows | 2017-01-03 to 2026-07-22
11:04:28 | INFO  |   ✅ USD: 2372 rows | 2017-01-03 to 2026-07-22
11:04:28 | INFO  |   ✅ GOLD: 2370 rows | 2017-01-03 to 2026-07-22
11:04:28 | INFO  |   ✅ AAPL: 2370 rows | 2017-01-03 to 2026-07-22
11:04:28 | INFO  |   ✅ BITCOIN: 741 rows | 2023-08-01 to 2026-07-22
11:04:28 | INFO  | ✅ Ticker subsetting complete
11:04:28 | INFO  | 
======================================================================
11:04:28 | INFO  | STAGE 4: ENRICHMENT
11:04:28 | INFO  | ======================================================================
11:04:28 | INFO  | Enriching 9 tickers
11:04:28 | INFO  | 
──────────────────────────────────────────────────────────────────────
11:04:28 | INFO  | Enriching: SPX
11:04:28 | INFO  | ──────────────────────────────────────────────────────────────────────
11:04:28 | INFO  |   Loaded 2372 rows from SPX.csv
11:04:28 | INFO  |   Yahoo ticker: ^GSPC
11:04:28 | INFO  |   OHLC prefix: GSPC
11:04:28 | INFO  |   Vol prefix: VIX
11:04:28 | INFO  |   Downloading ^GSPC OHLC...
11:04:28 | INFO  |     Downloaded 2401 days (2017-01-03 to 2026-07-23)
11:04:28 | INFO  |   Downloading ^VIX volatility...
11:04:29 | INFO  |     Downloaded 2402 days (2017-01-03 to 2026-07-23)
11:04:29 | WARNING |   ⚠️  29 trading days missing from original CSV
11:04:29 | INFO  |   ✓ Enrichment complete: 2401 rows
11:04:29 | INFO  |   ✅ Saved: SPX_enriched.csv (2401 rows)
11:04:29 | WARNING |   ⚠️  29 rows need manual update
11:04:29 | INFO  | 
──────────────────────────────────────────────────────────────────────
11:04:29 | INFO  | Enriching: GOLD
11:04:29 | INFO  | ──────────────────────────────────────────────────────────────────────
11:04:29 | INFO  |   Loaded 2370 rows from GOLD.csv
11:04:29 | INFO  |   Yahoo ticker: GC=F
11:04:29 | INFO  |   OHLC prefix: GC
11:04:29 | INFO  |   Vol prefix: GVZ
11:04:29 | INFO  |   Downloading GC=F OHLC...
11:04:29 | INFO  |     Downloaded 2402 days (2017-01-03 to 2026-07-23)
11:04:29 | INFO  |   Downloading ^GVZ volatility...
11:04:30 | INFO  |     Downloaded 2401 days (2017-01-03 to 2026-07-23)
11:04:30 | WARNING |   ⚠️  33 trading days missing from original CSV
11:04:30 | INFO  |   ✓ Enrichment complete: 2402 rows
11:04:30 | INFO  |   ✅ Saved: GOLD_enriched.csv (2402 rows)
11:04:30 | WARNING |   ⚠️  33 rows need manual update
11:04:30 | INFO  | 
──────────────────────────────────────────────────────────────────────
11:04:30 | INFO  | Enriching: UST10Y
11:04:30 | INFO  | ──────────────────────────────────────────────────────────────────────
11:04:30 | INFO  |   Loaded 2372 rows from UST10Y.csv
11:04:30 | INFO  |   Yahoo ticker: ^TNX
11:04:30 | INFO  |   OHLC prefix: TNX
11:04:30 | INFO  |   Vol prefix: VIX
11:04:30 | INFO  |   Downloading ^TNX OHLC...
11:04:30 | INFO  |     Downloaded 2401 days (2017-01-03 to 2026-07-23)
11:04:30 | INFO  |   Downloading ^VIX volatility...
11:04:31 | INFO  |     Downloaded 2402 days (2017-01-03 to 2026-07-23)
11:04:31 | WARNING |   ⚠️  29 trading days missing from original CSV
11:04:31 | INFO  |   ✓ Enrichment complete: 2401 rows
11:04:31 | INFO  |   ✅ Saved: UST10Y_enriched.csv (2401 rows)
11:04:31 | WARNING |   ⚠️  29 rows need manual update
11:04:31 | INFO  | 
──────────────────────────────────────────────────────────────────────
11:04:31 | INFO  | Enriching: COMPQ
11:04:31 | INFO  | ──────────────────────────────────────────────────────────────────────
11:04:31 | INFO  |   Loaded 2372 rows from COMPQ.csv
11:04:31 | INFO  |   Yahoo ticker: ^IXIC
11:04:31 | INFO  |   OHLC prefix: IXIC
11:04:31 | INFO  |   Vol prefix: VIX
11:04:31 | INFO  |   Downloading ^IXIC OHLC...
11:04:31 | INFO  |     Downloaded 2401 days (2017-01-03 to 2026-07-23)
11:04:31 | INFO  |   Downloading ^VIX volatility...
11:04:32 | INFO  |     Downloaded 2402 days (2017-01-03 to 2026-07-23)
11:04:32 | WARNING |   ⚠️  29 trading days missing from original CSV
11:04:32 | INFO  |   ✓ Enrichment complete: 2401 rows
11:04:32 | INFO  |   ✅ Saved: COMPQ_enriched.csv (2401 rows)
11:04:32 | WARNING |   ⚠️  29 rows need manual update
11:04:32 | INFO  | 
──────────────────────────────────────────────────────────────────────
11:04:32 | INFO  | Enriching: RUT
11:04:32 | INFO  | ──────────────────────────────────────────────────────────────────────
11:04:32 | INFO  |   Loaded 2371 rows from RUT.csv
11:04:32 | INFO  |   Yahoo ticker: ^RUT
11:04:32 | INFO  |   OHLC prefix: RUT
11:04:32 | INFO  |   Vol prefix: VIX
11:04:32 | INFO  |   Downloading ^RUT OHLC...
11:04:32 | INFO  |     Downloaded 2401 days (2017-01-03 to 2026-07-23)
11:04:32 | INFO  |   Downloading ^VIX volatility...
11:04:33 | INFO  |     Downloaded 2402 days (2017-01-03 to 2026-07-23)
11:04:33 | WARNING |   ⚠️  30 trading days missing from original CSV
11:04:33 | INFO  |   ✓ Enrichment complete: 2401 rows
11:04:33 | INFO  |   ✅ Saved: RUT_enriched.csv (2401 rows)
11:04:33 | WARNING |   ⚠️  30 rows need manual update
11:04:33 | INFO  | 
──────────────────────────────────────────────────────────────────────
11:04:33 | INFO  | Enriching: VIX
11:04:33 | INFO  | ──────────────────────────────────────────────────────────────────────
11:04:33 | INFO  |   Loaded 2372 rows from VIX.csv
11:04:33 | INFO  |   Yahoo ticker: ^VIX
11:04:33 | INFO  |   OHLC prefix: VIX
11:04:33 | INFO  |   Vol prefix: VIXI
11:04:33 | INFO  |   Downloading ^VIX OHLC...
11:04:33 | INFO  |     Downloaded 2402 days (2017-01-03 to 2026-07-23)
11:04:33 | INFO  |   Downloading ^VIX volatility...
11:04:33 | INFO  |     Downloaded 2402 days (2017-01-03 to 2026-07-23)
11:04:33 | WARNING |   ⚠️  30 trading days missing from original CSV
11:04:33 | INFO  |   ✓ Enrichment complete: 2402 rows
11:04:33 | INFO  |   ✅ Saved: VIX_enriched.csv (2402 rows)
11:04:33 | WARNING |   ⚠️  30 rows need manual update
11:04:33 | INFO  | 
──────────────────────────────────────────────────────────────────────
11:04:33 | INFO  | Enriching: USD
11:04:33 | INFO  | ──────────────────────────────────────────────────────────────────────
11:04:33 | INFO  |   Loaded 2372 rows from USD.csv
11:04:33 | INFO  |   Yahoo ticker: DX-Y.NYB
11:04:33 | INFO  |   OHLC prefix: DX
11:04:33 | INFO  |   Vol prefix: VIX
11:04:33 | INFO  |   Downloading DX-Y.NYB OHLC...
11:04:34 | INFO  |     Downloaded 2403 days (2017-01-03 to 2026-07-23)
11:04:34 | INFO  |   Downloading ^VIX volatility...
11:04:34 | INFO  |     Downloaded 2402 days (2017-01-03 to 2026-07-23)
11:04:34 | WARNING |   ⚠️  31 trading days missing from original CSV
11:04:34 | INFO  |   ✓ Enrichment complete: 2403 rows
11:04:34 | INFO  |   ✅ Saved: USD_enriched.csv (2403 rows)
11:04:34 | WARNING |   ⚠️  31 rows need manual update
11:04:34 | INFO  | 
──────────────────────────────────────────────────────────────────────
11:04:34 | INFO  | Enriching: AAPL
11:04:34 | INFO  | ──────────────────────────────────────────────────────────────────────
11:04:34 | INFO  |   Loaded 2370 rows from AAPL.csv
11:04:34 | INFO  |   Yahoo ticker: AAPL
11:04:34 | INFO  |   OHLC prefix: AAPL
11:04:34 | INFO  |   Vol prefix: VIX
11:04:34 | INFO  |   Downloading AAPL OHLC...
11:04:35 | INFO  |     Downloaded 2401 days (2017-01-03 to 2026-07-23)
11:04:35 | INFO  |   Downloading ^VIX volatility...
11:04:35 | INFO  |     Downloaded 2402 days (2017-01-03 to 2026-07-23)
11:04:35 | WARNING |   ⚠️  31 trading days missing from original CSV
11:04:35 | INFO  |   ✓ Enrichment complete: 2401 rows
11:04:35 | INFO  |   ✅ Saved: AAPL_enriched.csv (2401 rows)
11:04:35 | WARNING |   ⚠️  31 rows need manual update
11:04:35 | INFO  | 
──────────────────────────────────────────────────────────────────────
11:04:35 | INFO  | Enriching: BITCOIN
11:04:35 | INFO  | ──────────────────────────────────────────────────────────────────────
11:04:35 | INFO  |   Loaded 741 rows from BITCOIN.csv
11:04:35 | INFO  |   ⚠️  Row count changed (3488 → 741) - re-enriching
11:04:35 | INFO  |   Yahoo ticker: BTC-USD
11:04:35 | INFO  |   OHLC prefix: BTC
11:04:35 | INFO  |   Vol prefix: VIX
11:04:35 | INFO  |   Downloading BTC-USD OHLC...
11:04:35 | INFO  |     Downloaded 3490 days (2017-01-02 to 2026-07-23)
11:04:35 | INFO  |   Downloading ^VIX volatility...
11:04:35 | INFO  |     Downloaded 2402 days (2017-01-03 to 2026-07-23)
11:04:35 | WARNING |   ⚠️  2749 trading days missing from original CSV
11:04:35 | INFO  |   ✓ Enrichment complete: 3490 rows
11:04:35 | INFO  |   ✅ Saved: BITCOIN_enriched.csv (3490 rows)
11:04:35 | WARNING |   ⚠️  2749 rows need manual update
11:04:35 | INFO  | 
======================================================================
11:04:35 | INFO  | ✅ Enrichment complete:
11:04:35 | INFO  |    Success: 9
11:04:35 | INFO  |    Skipped (up-to-date): 0
11:04:35 | INFO  |    Errors:  0
11:04:35 | INFO  | ======================================================================
11:04:35 | INFO  | 
======================================================================
11:04:35 | INFO  | ✅ PIPELINE COMPLETE
11:04:35 | INFO  | ======================================================================
