11:54:30 | INFO  | ======================================================================
11:54:30 | INFO  | ETL PIPELINE START
11:54:30 | INFO  | ======================================================================
11:54:30 | INFO  | 
📋 PIPELINE PLAN:
11:54:30 | INFO  |    HTML Files: 24 new / 24 total
11:54:30 | INFO  |    Master needs propagation: False
11:54:30 | INFO  | 
======================================================================
11:54:30 | INFO  | STAGE 1: HTML PARSING
11:54:30 | INFO  | ======================================================================
11:54:30 | INFO  | 
Processing: JUNE 22, 2026.html
11:54:30 | INFO  |   ✅ Saved: RR_06-22-2026.csv (37 rows)
11:54:30 | INFO  | 
Processing: JUNE 23, 2026.html
11:54:30 | INFO  |   ✅ Saved: RR_06-23-2026.csv (37 rows)
11:54:30 | INFO  | 
Processing: JULY 8, 2026.html
11:54:30 | INFO  |   ✅ Saved: RR_07-08-2026.csv (37 rows)
11:54:30 | INFO  | 
Processing: JUNE 26, 2026.html
11:54:30 | INFO  |   ✅ Saved: RR_06-26-2026.csv (38 rows)
11:54:30 | INFO  | 
Processing: JUNE 5, 2026.html
11:54:30 | INFO  |   ✅ Saved: RR_06-05-2026.csv (37 rows)
11:54:30 | INFO  | 
Processing: JUNE 30, 2026.html
11:54:31 | INFO  |   ✅ Saved: RR_06-30-2026.csv (38 rows)
11:54:31 | INFO  | 
Processing: JUNE 8, 2026.html
11:54:31 | INFO  |   ✅ Saved: RR_06-08-2026.csv (37 rows)
11:54:31 | INFO  | 
Processing: JUNE 15, 2026.html
11:54:31 | INFO  |   ✅ Saved: RR_06-15-2026.csv (36 rows)
11:54:31 | INFO  | 
Processing: JULY 9, 2026.html
11:54:31 | INFO  |   ✅ Saved: RR_07-09-2026.csv (37 rows)
11:54:31 | INFO  | 
Processing: JUNE 4, 2026.html
11:54:31 | INFO  |   ✅ Saved: RR_06-04-2026.csv (37 rows)
11:54:31 | INFO  | 
Processing: JUNE 12, 2026.html
11:54:31 | INFO  |   ✅ Saved: RR_06-12-2026.csv (36 rows)
11:54:31 | INFO  | 
Processing: JUNE 11, 2026.html
11:54:31 | INFO  |   ✅ Saved: RR_06-11-2026.csv (36 rows)
11:54:31 | INFO  | 
Processing: JUNE 29, 2026.html
11:54:31 | INFO  |   ✅ Saved: RR_06-29-2026.csv (38 rows)
11:54:31 | INFO  | 
Processing: JULY 2, 2026.html
11:54:31 | INFO  |   ✅ Saved: RR_07-02-2026.csv (38 rows)
11:54:31 | INFO  | 
Processing: JUNE 9, 2026.html
11:54:31 | INFO  |   ✅ Saved: RR_06-09-2026.csv (36 rows)
11:54:31 | INFO  | 
Processing: JUNE 16, 2026.html
11:54:32 | INFO  |   ✅ Saved: RR_06-16-2026.csv (36 rows)
11:54:32 | INFO  | 
Processing: JUNE 10, 2026.html
11:54:32 | INFO  |   ✅ Saved: RR_06-10-2026.csv (36 rows)
11:54:32 | INFO  | 
Processing: JUNE 17, 2026.html
11:54:32 | INFO  |   ✅ Saved: RR_06-17-2026.csv (36 rows)
11:54:32 | INFO  | 
Processing: JULY 6, 2026.html
11:54:32 | INFO  |   ✅ Saved: RR_07-06-2026.csv (37 rows)
11:54:32 | INFO  | 
Processing: JULY 1, 2026.html
11:54:32 | INFO  |   ✅ Saved: RR_07-01-2026.csv (38 rows)
11:54:32 | INFO  | 
Processing: JULY 7, 2026.html
11:54:32 | INFO  |   ✅ Saved: RR_07-07-2026.csv (37 rows)
11:54:32 | INFO  | 
Processing: JUNE 25, 2026.html
11:54:32 | INFO  |   ✅ Saved: RR_06-25-2026.csv (38 rows)
11:54:32 | INFO  | 
Processing: JUNE 18, 2026.html
11:54:32 | INFO  |   ✅ Saved: RR_06-18-2026.csv (37 rows)
11:54:32 | INFO  | 
Processing: JUNE 24, 2026.html
11:54:32 | INFO  |   ✅ Saved: RR_06-24-2026.csv (37 rows)
11:54:32 | INFO  | 
✅ HTML parsing complete: 24 success, 0 errors
11:54:32 | INFO  | 
======================================================================
11:54:32 | INFO  | STAGE 2: MASTER AGGREGATION
11:54:32 | INFO  | ======================================================================
11:54:32 | INFO  | ✅ Backed up master to: risk_ranges_master_backup_20260709_115432.csv
11:54:32 | INFO  | Loaded existing master: 73,829 rows
11:54:32 | INFO  |   Loaded: RR_06-22-2026.csv (37 rows)
11:54:32 | INFO  |   Loaded: RR_06-23-2026.csv (37 rows)
11:54:32 | INFO  |   Loaded: RR_07-08-2026.csv (37 rows)
11:54:32 | INFO  |   Loaded: RR_06-26-2026.csv (38 rows)
11:54:33 | INFO  |   Loaded: RR_06-05-2026.csv (37 rows)
11:54:33 | INFO  |   Loaded: RR_06-30-2026.csv (38 rows)
11:54:33 | INFO  |   Loaded: RR_06-08-2026.csv (37 rows)
11:54:33 | INFO  |   Loaded: RR_06-15-2026.csv (36 rows)
11:54:33 | INFO  |   Loaded: RR_07-09-2026.csv (37 rows)
11:54:33 | INFO  |   Loaded: RR_06-04-2026.csv (37 rows)
11:54:33 | INFO  |   Loaded: RR_06-12-2026.csv (36 rows)
11:54:33 | INFO  |   Loaded: RR_06-11-2026.csv (36 rows)
11:54:33 | INFO  |   Loaded: RR_06-29-2026.csv (38 rows)
11:54:33 | INFO  |   Loaded: RR_07-02-2026.csv (38 rows)
11:54:33 | INFO  |   Loaded: RR_06-09-2026.csv (36 rows)
11:54:33 | INFO  |   Loaded: RR_06-16-2026.csv (36 rows)
11:54:33 | INFO  |   Loaded: RR_06-10-2026.csv (36 rows)
11:54:33 | INFO  |   Loaded: RR_06-17-2026.csv (36 rows)
11:54:33 | INFO  |   Loaded: RR_07-06-2026.csv (37 rows)
11:54:33 | INFO  |   Loaded: RR_07-01-2026.csv (38 rows)
11:54:33 | INFO  |   Loaded: RR_07-07-2026.csv (37 rows)
11:54:33 | INFO  |   Loaded: RR_06-25-2026.csv (38 rows)
11:54:33 | INFO  |   Loaded: RR_06-18-2026.csv (37 rows)
11:54:33 | INFO  |   Loaded: RR_06-24-2026.csv (37 rows)
11:54:33 | INFO  | Combined new data: 887 rows
11:54:33 | INFO  | Removed 887 duplicate entries
11:54:33 | INFO  | ✅ Saved master CSV: 73,829 total rows
11:54:33 | INFO  |    Date range: 2017-01-03 to 2026-07-09
11:54:33 | INFO  | 
======================================================================
11:54:33 | INFO  | STAGE 3: TICKER SUBSETTING
11:54:33 | INFO  | ======================================================================
11:54:33 | INFO  | Loaded master: 73,829 rows
11:54:33 | INFO  | Creating subsets for 9 tickers
11:54:33 | INFO  |   ✅ UST10Y: 2363 rows | 2017-01-03 to 2026-07-09
11:54:33 | INFO  |   ✅ SPX: 2363 rows | 2017-01-03 to 2026-07-09
11:54:33 | INFO  |   ✅ COMPQ: 2363 rows | 2017-01-03 to 2026-07-09
11:54:33 | INFO  |   ✅ RUT: 2362 rows | 2017-01-03 to 2026-07-09
11:54:33 | INFO  |   ✅ VIX: 2363 rows | 2017-01-03 to 2026-07-09
11:54:33 | INFO  |   ✅ USD: 2363 rows | 2017-01-03 to 2026-07-09
11:54:33 | INFO  |   ✅ GOLD: 2361 rows | 2017-01-03 to 2026-07-09
11:54:33 | INFO  |   ✅ AAPL: 2361 rows | 2017-01-03 to 2026-07-09
11:54:33 | INFO  |   ✅ BITCOIN: 732 rows | 2023-08-01 to 2026-07-09
11:54:33 | INFO  | ✅ Ticker subsetting complete
11:54:33 | INFO  | 
======================================================================
11:54:33 | INFO  | STAGE 4: ENRICHMENT
11:54:33 | INFO  | ======================================================================
11:54:33 | INFO  | Enriching 9 tickers
11:54:33 | INFO  | 
──────────────────────────────────────────────────────────────────────
11:54:33 | INFO  | Enriching: SPX
11:54:33 | INFO  | ──────────────────────────────────────────────────────────────────────
11:54:33 | INFO  |   Loaded 2363 rows from SPX.csv
11:54:33 | INFO  |   Yahoo ticker: ^GSPC
11:54:33 | INFO  |   OHLC prefix: GSPC
11:54:33 | INFO  |   Vol prefix: VIX
11:54:33 | INFO  |   Downloading ^GSPC OHLC...
11:54:33 | INFO  |     Downloaded 2391 days (2017-01-03 to 2026-07-09)
11:54:33 | INFO  |   Downloading ^VIX volatility...
11:54:34 | INFO  |     Downloaded 2392 days (2017-01-03 to 2026-07-09)
11:54:34 | WARNING |   ⚠️  28 trading days missing from original CSV
11:54:34 | INFO  |   ✓ Enrichment complete: 2391 rows
11:54:34 | INFO  |   ✅ Saved: SPX_enriched.csv (2391 rows)
11:54:34 | WARNING |   ⚠️  28 rows need manual update
11:54:34 | INFO  | 
──────────────────────────────────────────────────────────────────────
11:54:34 | INFO  | Enriching: GOLD
11:54:34 | INFO  | ──────────────────────────────────────────────────────────────────────
11:54:34 | INFO  |   Loaded 2361 rows from GOLD.csv
11:54:34 | INFO  |   Yahoo ticker: GC=F
11:54:34 | INFO  |   OHLC prefix: GC
11:54:34 | INFO  |   Vol prefix: GVZ
11:54:34 | INFO  |   Downloading GC=F OHLC...
11:54:34 | INFO  |     Downloaded 2392 days (2017-01-03 to 2026-07-09)
11:54:34 | INFO  |   Downloading ^GVZ volatility...
11:54:34 | INFO  |     Downloaded 2391 days (2017-01-03 to 2026-07-09)
11:54:34 | WARNING |   ⚠️  32 trading days missing from original CSV
11:54:34 | INFO  |   ✓ Enrichment complete: 2392 rows
11:54:34 | INFO  |   ✅ Saved: GOLD_enriched.csv (2392 rows)
11:54:34 | WARNING |   ⚠️  32 rows need manual update
11:54:34 | INFO  | 
──────────────────────────────────────────────────────────────────────
11:54:34 | INFO  | Enriching: UST10Y
11:54:34 | INFO  | ──────────────────────────────────────────────────────────────────────
11:54:34 | INFO  |   Loaded 2363 rows from UST10Y.csv
11:54:34 | INFO  |   Yahoo ticker: ^TNX
11:54:34 | INFO  |   OHLC prefix: TNX
11:54:34 | INFO  |   Vol prefix: VIX
11:54:34 | INFO  |   Downloading ^TNX OHLC...
11:54:34 | INFO  |     Downloaded 2390 days (2017-01-03 to 2026-07-09)
11:54:34 | INFO  |   Downloading ^VIX volatility...
11:54:34 | INFO  |     Downloaded 2392 days (2017-01-03 to 2026-07-09)
11:54:34 | WARNING |   ⚠️  28 trading days missing from original CSV
11:54:34 | INFO  |   ✓ Enrichment complete: 2390 rows
11:54:34 | INFO  |   ✅ Saved: UST10Y_enriched.csv (2390 rows)
11:54:34 | WARNING |   ⚠️  28 rows need manual update
11:54:34 | INFO  | 
──────────────────────────────────────────────────────────────────────
11:54:34 | INFO  | Enriching: COMPQ
11:54:34 | INFO  | ──────────────────────────────────────────────────────────────────────
11:54:34 | INFO  |   Loaded 2363 rows from COMPQ.csv
11:54:34 | INFO  |   Yahoo ticker: ^IXIC
11:54:34 | INFO  |   OHLC prefix: IXIC
11:54:34 | INFO  |   Vol prefix: VIX
11:54:34 | INFO  |   Downloading ^IXIC OHLC...
11:54:35 | INFO  |     Downloaded 2391 days (2017-01-03 to 2026-07-09)
11:54:35 | INFO  |   Downloading ^VIX volatility...
11:54:35 | INFO  |     Downloaded 2392 days (2017-01-03 to 2026-07-09)
11:54:35 | WARNING |   ⚠️  28 trading days missing from original CSV
11:54:35 | INFO  |   ✓ Enrichment complete: 2391 rows
11:54:35 | INFO  |   ✅ Saved: COMPQ_enriched.csv (2391 rows)
11:54:35 | WARNING |   ⚠️  28 rows need manual update
11:54:35 | INFO  | 
──────────────────────────────────────────────────────────────────────
11:54:35 | INFO  | Enriching: RUT
11:54:35 | INFO  | ──────────────────────────────────────────────────────────────────────
11:54:35 | INFO  |   Loaded 2362 rows from RUT.csv
11:54:35 | INFO  |   Yahoo ticker: ^RUT
11:54:35 | INFO  |   OHLC prefix: RUT
11:54:35 | INFO  |   Vol prefix: VIX
11:54:35 | INFO  |   Downloading ^RUT OHLC...
11:54:35 | INFO  |     Downloaded 2391 days (2017-01-03 to 2026-07-09)
11:54:35 | INFO  |   Downloading ^VIX volatility...
11:54:35 | INFO  |     Downloaded 2392 days (2017-01-03 to 2026-07-09)
11:54:35 | WARNING |   ⚠️  29 trading days missing from original CSV
11:54:35 | INFO  |   ✓ Enrichment complete: 2391 rows
11:54:35 | INFO  |   ✅ Saved: RUT_enriched.csv (2391 rows)
11:54:35 | WARNING |   ⚠️  29 rows need manual update
11:54:35 | INFO  | 
──────────────────────────────────────────────────────────────────────
11:54:35 | INFO  | Enriching: VIX
11:54:35 | INFO  | ──────────────────────────────────────────────────────────────────────
11:54:35 | INFO  |   Loaded 2363 rows from VIX.csv
11:54:35 | INFO  |   Yahoo ticker: ^VIX
11:54:35 | INFO  |   OHLC prefix: VIX
11:54:35 | INFO  |   Vol prefix: VIXI
11:54:35 | INFO  |   Downloading ^VIX OHLC...
11:54:35 | INFO  |     Downloaded 2392 days (2017-01-03 to 2026-07-09)
11:54:35 | INFO  |   Downloading ^VIX volatility...
11:54:35 | INFO  |     Downloaded 2392 days (2017-01-03 to 2026-07-09)
11:54:35 | WARNING |   ⚠️  29 trading days missing from original CSV
11:54:35 | INFO  |   ✓ Enrichment complete: 2392 rows
11:54:35 | INFO  |   ✅ Saved: VIX_enriched.csv (2392 rows)
11:54:35 | WARNING |   ⚠️  29 rows need manual update
11:54:35 | INFO  | 
──────────────────────────────────────────────────────────────────────
11:54:35 | INFO  | Enriching: USD
11:54:35 | INFO  | ──────────────────────────────────────────────────────────────────────
11:54:35 | INFO  |   Loaded 2363 rows from USD.csv
11:54:35 | INFO  |   Yahoo ticker: DX-Y.NYB
11:54:35 | INFO  |   OHLC prefix: DX
11:54:35 | INFO  |   Vol prefix: VIX
11:54:35 | INFO  |   Downloading DX-Y.NYB OHLC...
11:54:36 | INFO  |     Downloaded 2393 days (2017-01-03 to 2026-07-09)
11:54:36 | INFO  |   Downloading ^VIX volatility...
11:54:36 | INFO  |     Downloaded 2392 days (2017-01-03 to 2026-07-09)
11:54:36 | WARNING |   ⚠️  30 trading days missing from original CSV
11:54:36 | INFO  |   ✓ Enrichment complete: 2393 rows
11:54:36 | INFO  |   ✅ Saved: USD_enriched.csv (2393 rows)
11:54:36 | WARNING |   ⚠️  30 rows need manual update
11:54:36 | INFO  | 
──────────────────────────────────────────────────────────────────────
11:54:36 | INFO  | Enriching: AAPL
11:54:36 | INFO  | ──────────────────────────────────────────────────────────────────────
11:54:36 | INFO  |   Loaded 2361 rows from AAPL.csv
11:54:36 | INFO  |   Yahoo ticker: AAPL
11:54:36 | INFO  |   OHLC prefix: AAPL
11:54:36 | INFO  |   Vol prefix: VIX
11:54:36 | INFO  |   Downloading AAPL OHLC...
11:54:36 | INFO  |     Downloaded 2391 days (2017-01-03 to 2026-07-09)
11:54:36 | INFO  |   Downloading ^VIX volatility...
11:54:36 | INFO  |     Downloaded 2392 days (2017-01-03 to 2026-07-09)
11:54:36 | WARNING |   ⚠️  30 trading days missing from original CSV
11:54:36 | INFO  |   ✓ Enrichment complete: 2391 rows
11:54:36 | INFO  |   ✅ Saved: AAPL_enriched.csv (2391 rows)
11:54:36 | WARNING |   ⚠️  30 rows need manual update
11:54:36 | INFO  | 
──────────────────────────────────────────────────────────────────────
11:54:36 | INFO  | Enriching: BITCOIN
11:54:36 | INFO  | ──────────────────────────────────────────────────────────────────────
11:54:36 | INFO  |   Loaded 732 rows from BITCOIN.csv
11:54:36 | INFO  |   ⚠️  Row count changed (3476 → 732) - re-enriching
11:54:36 | INFO  |   Yahoo ticker: BTC-USD
11:54:36 | INFO  |   OHLC prefix: BTC
11:54:36 | INFO  |   Vol prefix: VIX
11:54:36 | INFO  |   Downloading BTC-USD OHLC...
11:54:36 | INFO  |     Downloaded 3476 days (2017-01-02 to 2026-07-09)
11:54:36 | INFO  |   Downloading ^VIX volatility...
11:54:36 | INFO  |     Downloaded 2392 days (2017-01-03 to 2026-07-09)
11:54:36 | WARNING |   ⚠️  2744 trading days missing from original CSV
11:54:36 | INFO  |   ✓ Enrichment complete: 3476 rows
11:54:36 | INFO  |   ✅ Saved: BITCOIN_enriched.csv (3476 rows)
11:54:36 | WARNING |   ⚠️  2744 rows need manual update
11:54:36 | INFO  | 
======================================================================
11:54:36 | INFO  | ✅ Enrichment complete:
11:54:36 | INFO  |    Success: 9
11:54:36 | INFO  |    Skipped (up-to-date): 0
11:54:36 | INFO  |    Errors:  0
11:54:36 | INFO  | ======================================================================
11:54:36 | INFO  | 
======================================================================
11:54:36 | INFO  | ✅ PIPELINE COMPLETE
11:54:36 | INFO  | ======================================================================
