11:39:40 | INFO  | ======================================================================
11:39:40 | INFO  | ETL PIPELINE START
11:39:40 | INFO  | ======================================================================
11:39:40 | INFO  | 
📋 PIPELINE PLAN:
11:39:40 | INFO  |    HTML Files: 26 new / 26 total
11:39:40 | INFO  |    Master needs propagation: False
11:39:40 | INFO  | 
======================================================================
11:39:40 | INFO  | STAGE 1: HTML PARSING
11:39:40 | INFO  | ======================================================================
11:39:40 | INFO  | 
Processing: JUNE 22, 2026.html
11:39:40 | INFO  |   ✅ Saved: RR_06-22-2026.csv (37 rows)
11:39:40 | INFO  | 
Processing: JUNE 23, 2026.html
11:39:40 | INFO  |   ✅ Saved: RR_06-23-2026.csv (37 rows)
11:39:40 | INFO  | 
Processing: JULY 8, 2026.html
11:39:40 | INFO  |   ✅ Saved: RR_07-08-2026.csv (37 rows)
11:39:40 | INFO  | 
Processing: JUNE 26, 2026.html
11:39:40 | INFO  |   ✅ Saved: RR_06-26-2026.csv (38 rows)
11:39:40 | INFO  | 
Processing: JUNE 5, 2026.html
11:39:41 | INFO  |   ✅ Saved: RR_06-05-2026.csv (37 rows)
11:39:41 | INFO  | 
Processing: JUNE 30, 2026.html
11:39:41 | INFO  |   ✅ Saved: RR_06-30-2026.csv (38 rows)
11:39:41 | INFO  | 
Processing: JUNE 8, 2026.html
11:39:41 | INFO  |   ✅ Saved: RR_06-08-2026.csv (37 rows)
11:39:41 | INFO  | 
Processing: JULY 10, 2026.html
11:39:41 | INFO  |   ✅ Saved: RR_07-10-2026.csv (37 rows)
11:39:41 | INFO  | 
Processing: JUNE 15, 2026.html
11:39:41 | INFO  |   ✅ Saved: RR_06-15-2026.csv (36 rows)
11:39:41 | INFO  | 
Processing: JULY 9, 2026.html
11:39:41 | INFO  |   ✅ Saved: RR_07-09-2026.csv (37 rows)
11:39:41 | INFO  | 
Processing: JUNE 4, 2026.html
11:39:41 | INFO  |   ✅ Saved: RR_06-04-2026.csv (37 rows)
11:39:41 | INFO  | 
Processing: JUNE 12, 2026.html
11:39:41 | INFO  |   ✅ Saved: RR_06-12-2026.csv (36 rows)
11:39:41 | INFO  | 
Processing: JUNE 11, 2026.html
11:39:41 | INFO  |   ✅ Saved: RR_06-11-2026.csv (36 rows)
11:39:41 | INFO  | 
Processing: JUNE 29, 2026.html
11:39:42 | INFO  |   ✅ Saved: RR_06-29-2026.csv (38 rows)
11:39:42 | INFO  | 
Processing: JULY 2, 2026.html
11:39:42 | INFO  |   ✅ Saved: RR_07-02-2026.csv (38 rows)
11:39:42 | INFO  | 
Processing: JUNE 9, 2026.html
11:39:42 | INFO  |   ✅ Saved: RR_06-09-2026.csv (36 rows)
11:39:42 | INFO  | 
Processing: JUNE 16, 2026.html
11:39:42 | INFO  |   ✅ Saved: RR_06-16-2026.csv (36 rows)
11:39:42 | INFO  | 
Processing: JUNE 10, 2026.html
11:39:42 | INFO  |   ✅ Saved: RR_06-10-2026.csv (36 rows)
11:39:42 | INFO  | 
Processing: JUNE 17, 2026.html
11:39:42 | INFO  |   ✅ Saved: RR_06-17-2026.csv (36 rows)
11:39:42 | INFO  | 
Processing: JULY 6, 2026.html
11:39:42 | INFO  |   ✅ Saved: RR_07-06-2026.csv (37 rows)
11:39:42 | INFO  | 
Processing: JULY 1, 2026.html
11:39:42 | INFO  |   ✅ Saved: RR_07-01-2026.csv (38 rows)
11:39:42 | INFO  | 
Processing: JULY 7, 2026.html
11:39:42 | INFO  |   ✅ Saved: RR_07-07-2026.csv (37 rows)
11:39:42 | INFO  | 
Processing: JUNE 25, 2026.html
11:39:42 | INFO  |   ✅ Saved: RR_06-25-2026.csv (38 rows)
11:39:42 | INFO  | 
Processing: JULY 13, 2026.html
11:39:43 | INFO  |   ✅ Saved: RR_07-13-2026.csv (37 rows)
11:39:43 | INFO  | 
Processing: JUNE 18, 2026.html
11:39:43 | INFO  |   ✅ Saved: RR_06-18-2026.csv (37 rows)
11:39:43 | INFO  | 
Processing: JUNE 24, 2026.html
11:39:43 | INFO  |   ✅ Saved: RR_06-24-2026.csv (37 rows)
11:39:43 | INFO  | 
✅ HTML parsing complete: 26 success, 0 errors
11:39:43 | INFO  | 
======================================================================
11:39:43 | INFO  | STAGE 2: MASTER AGGREGATION
11:39:43 | INFO  | ======================================================================
11:39:43 | INFO  | ✅ Backed up master to: risk_ranges_master_backup_20260713_113943.csv
11:39:43 | INFO  | Loaded existing master: 73,903 rows
11:39:43 | INFO  |   Loaded: RR_06-22-2026.csv (37 rows)
11:39:43 | INFO  |   Loaded: RR_06-23-2026.csv (37 rows)
11:39:43 | INFO  |   Loaded: RR_07-08-2026.csv (37 rows)
11:39:43 | INFO  |   Loaded: RR_06-26-2026.csv (38 rows)
11:39:43 | INFO  |   Loaded: RR_06-05-2026.csv (37 rows)
11:39:43 | INFO  |   Loaded: RR_06-30-2026.csv (38 rows)
11:39:43 | INFO  |   Loaded: RR_06-08-2026.csv (37 rows)
11:39:43 | INFO  |   Loaded: RR_07-10-2026.csv (37 rows)
11:39:43 | INFO  |   Loaded: RR_06-15-2026.csv (36 rows)
11:39:43 | INFO  |   Loaded: RR_07-09-2026.csv (37 rows)
11:39:43 | INFO  |   Loaded: RR_06-04-2026.csv (37 rows)
11:39:43 | INFO  |   Loaded: RR_06-12-2026.csv (36 rows)
11:39:43 | INFO  |   Loaded: RR_06-11-2026.csv (36 rows)
11:39:43 | INFO  |   Loaded: RR_06-29-2026.csv (38 rows)
11:39:43 | INFO  |   Loaded: RR_07-02-2026.csv (38 rows)
11:39:43 | INFO  |   Loaded: RR_06-09-2026.csv (36 rows)
11:39:43 | INFO  |   Loaded: RR_06-16-2026.csv (36 rows)
11:39:43 | INFO  |   Loaded: RR_06-10-2026.csv (36 rows)
11:39:43 | INFO  |   Loaded: RR_06-17-2026.csv (36 rows)
11:39:43 | INFO  |   Loaded: RR_07-06-2026.csv (37 rows)
11:39:43 | INFO  |   Loaded: RR_07-01-2026.csv (38 rows)
11:39:43 | INFO  |   Loaded: RR_07-07-2026.csv (37 rows)
11:39:43 | INFO  |   Loaded: RR_06-25-2026.csv (38 rows)
11:39:43 | INFO  |   Loaded: RR_07-13-2026.csv (37 rows)
11:39:43 | INFO  |   Loaded: RR_06-18-2026.csv (37 rows)
11:39:43 | INFO  |   Loaded: RR_06-24-2026.csv (37 rows)
11:39:43 | INFO  | Combined new data: 961 rows
11:39:43 | INFO  | Removed 961 duplicate entries
11:39:43 | INFO  | ✅ Saved master CSV: 73,903 total rows
11:39:43 | INFO  |    Date range: 2017-01-03 to 2026-07-13
11:39:43 | INFO  | 
======================================================================
11:39:43 | INFO  | STAGE 3: TICKER SUBSETTING
11:39:43 | INFO  | ======================================================================
11:39:43 | INFO  | Loaded master: 73,903 rows
11:39:43 | INFO  | Creating subsets for 9 tickers
11:39:43 | INFO  |   ✅ UST10Y: 2365 rows | 2017-01-03 to 2026-07-13
11:39:43 | INFO  |   ✅ SPX: 2365 rows | 2017-01-03 to 2026-07-13
11:39:43 | INFO  |   ✅ COMPQ: 2365 rows | 2017-01-03 to 2026-07-13
11:39:43 | INFO  |   ✅ RUT: 2364 rows | 2017-01-03 to 2026-07-13
11:39:43 | INFO  |   ✅ VIX: 2365 rows | 2017-01-03 to 2026-07-13
11:39:43 | INFO  |   ✅ USD: 2365 rows | 2017-01-03 to 2026-07-13
11:39:43 | INFO  |   ✅ GOLD: 2363 rows | 2017-01-03 to 2026-07-13
11:39:43 | INFO  |   ✅ AAPL: 2363 rows | 2017-01-03 to 2026-07-13
11:39:43 | INFO  |   ✅ BITCOIN: 734 rows | 2023-08-01 to 2026-07-13
11:39:43 | INFO  | ✅ Ticker subsetting complete
11:39:43 | INFO  | 
======================================================================
11:39:43 | INFO  | STAGE 4: ENRICHMENT
11:39:43 | INFO  | ======================================================================
11:39:43 | INFO  | Enriching 9 tickers
11:39:43 | INFO  | 
──────────────────────────────────────────────────────────────────────
11:39:43 | INFO  | Enriching: SPX
11:39:43 | INFO  | ──────────────────────────────────────────────────────────────────────
11:39:43 | INFO  |   Loaded 2365 rows from SPX.csv
11:39:43 | INFO  |   Yahoo ticker: ^GSPC
11:39:43 | INFO  |   OHLC prefix: GSPC
11:39:43 | INFO  |   Vol prefix: VIX
11:39:43 | INFO  |   Downloading ^GSPC OHLC...
11:39:44 | INFO  |     Downloaded 2393 days (2017-01-03 to 2026-07-13)
11:39:44 | INFO  |   Downloading ^VIX volatility...
11:39:44 | INFO  |     Downloaded 2394 days (2017-01-03 to 2026-07-13)
11:39:44 | WARNING |   ⚠️  28 trading days missing from original CSV
11:39:44 | INFO  |   ✓ Enrichment complete: 2393 rows
11:39:44 | INFO  |   ✅ Saved: SPX_enriched.csv (2393 rows)
11:39:44 | WARNING |   ⚠️  28 rows need manual update
11:39:44 | INFO  | 
──────────────────────────────────────────────────────────────────────
11:39:44 | INFO  | Enriching: GOLD
11:39:44 | INFO  | ──────────────────────────────────────────────────────────────────────
11:39:44 | INFO  |   Loaded 2363 rows from GOLD.csv
11:39:44 | INFO  |   Yahoo ticker: GC=F
11:39:44 | INFO  |   OHLC prefix: GC
11:39:44 | INFO  |   Vol prefix: GVZ
11:39:44 | INFO  |   Downloading GC=F OHLC...
11:39:44 | INFO  |     Downloaded 2394 days (2017-01-03 to 2026-07-13)
11:39:44 | INFO  |   Downloading ^GVZ volatility...
11:39:44 | INFO  |     Downloaded 2393 days (2017-01-03 to 2026-07-13)
11:39:44 | WARNING |   ⚠️  32 trading days missing from original CSV
11:39:44 | INFO  |   ✓ Enrichment complete: 2394 rows
11:39:44 | INFO  |   ✅ Saved: GOLD_enriched.csv (2394 rows)
11:39:44 | WARNING |   ⚠️  32 rows need manual update
11:39:44 | INFO  | 
──────────────────────────────────────────────────────────────────────
11:39:44 | INFO  | Enriching: UST10Y
11:39:44 | INFO  | ──────────────────────────────────────────────────────────────────────
11:39:44 | INFO  |   Loaded 2365 rows from UST10Y.csv
11:39:44 | INFO  |   Yahoo ticker: ^TNX
11:39:44 | INFO  |   OHLC prefix: TNX
11:39:44 | INFO  |   Vol prefix: VIX
11:39:44 | INFO  |   Downloading ^TNX OHLC...
11:39:45 | INFO  |     Downloaded 2393 days (2017-01-03 to 2026-07-13)
11:39:45 | INFO  |   Downloading ^VIX volatility...
11:39:45 | INFO  |     Downloaded 2394 days (2017-01-03 to 2026-07-13)
11:39:45 | WARNING |   ⚠️  28 trading days missing from original CSV
11:39:45 | INFO  |   ✓ Enrichment complete: 2393 rows
11:39:45 | INFO  |   ✅ Saved: UST10Y_enriched.csv (2393 rows)
11:39:45 | WARNING |   ⚠️  28 rows need manual update
11:39:45 | INFO  | 
──────────────────────────────────────────────────────────────────────
11:39:45 | INFO  | Enriching: COMPQ
11:39:45 | INFO  | ──────────────────────────────────────────────────────────────────────
11:39:45 | INFO  |   Loaded 2365 rows from COMPQ.csv
11:39:45 | INFO  |   Yahoo ticker: ^IXIC
11:39:45 | INFO  |   OHLC prefix: IXIC
11:39:45 | INFO  |   Vol prefix: VIX
11:39:45 | INFO  |   Downloading ^IXIC OHLC...
11:39:45 | INFO  |     Downloaded 2393 days (2017-01-03 to 2026-07-13)
11:39:45 | INFO  |   Downloading ^VIX volatility...
11:39:45 | INFO  |     Downloaded 2394 days (2017-01-03 to 2026-07-13)
11:39:45 | WARNING |   ⚠️  28 trading days missing from original CSV
11:39:45 | INFO  |   ✓ Enrichment complete: 2393 rows
11:39:45 | INFO  |   ✅ Saved: COMPQ_enriched.csv (2393 rows)
11:39:45 | WARNING |   ⚠️  28 rows need manual update
11:39:45 | INFO  | 
──────────────────────────────────────────────────────────────────────
11:39:45 | INFO  | Enriching: RUT
11:39:45 | INFO  | ──────────────────────────────────────────────────────────────────────
11:39:45 | INFO  |   Loaded 2364 rows from RUT.csv
11:39:45 | INFO  |   Yahoo ticker: ^RUT
11:39:45 | INFO  |   OHLC prefix: RUT
11:39:45 | INFO  |   Vol prefix: VIX
11:39:45 | INFO  |   Downloading ^RUT OHLC...
11:39:45 | INFO  |     Downloaded 2393 days (2017-01-03 to 2026-07-13)
11:39:45 | INFO  |   Downloading ^VIX volatility...
11:39:45 | INFO  |     Downloaded 2394 days (2017-01-03 to 2026-07-13)
11:39:45 | WARNING |   ⚠️  29 trading days missing from original CSV
11:39:45 | INFO  |   ✓ Enrichment complete: 2393 rows
11:39:45 | INFO  |   ✅ Saved: RUT_enriched.csv (2393 rows)
11:39:45 | WARNING |   ⚠️  29 rows need manual update
11:39:45 | INFO  | 
──────────────────────────────────────────────────────────────────────
11:39:45 | INFO  | Enriching: VIX
11:39:45 | INFO  | ──────────────────────────────────────────────────────────────────────
11:39:45 | INFO  |   Loaded 2365 rows from VIX.csv
11:39:45 | INFO  |   Yahoo ticker: ^VIX
11:39:45 | INFO  |   OHLC prefix: VIX
11:39:45 | INFO  |   Vol prefix: VIXI
11:39:45 | INFO  |   Downloading ^VIX OHLC...
11:39:46 | INFO  |     Downloaded 2394 days (2017-01-03 to 2026-07-13)
11:39:46 | INFO  |   Downloading ^VIX volatility...
11:39:46 | INFO  |     Downloaded 2394 days (2017-01-03 to 2026-07-13)
11:39:46 | WARNING |   ⚠️  29 trading days missing from original CSV
11:39:46 | INFO  |   ✓ Enrichment complete: 2394 rows
11:39:46 | INFO  |   ✅ Saved: VIX_enriched.csv (2394 rows)
11:39:46 | WARNING |   ⚠️  29 rows need manual update
11:39:46 | INFO  | 
──────────────────────────────────────────────────────────────────────
11:39:46 | INFO  | Enriching: USD
11:39:46 | INFO  | ──────────────────────────────────────────────────────────────────────
11:39:46 | INFO  |   Loaded 2365 rows from USD.csv
11:39:46 | INFO  |   Yahoo ticker: DX-Y.NYB
11:39:46 | INFO  |   OHLC prefix: DX
11:39:46 | INFO  |   Vol prefix: VIX
11:39:46 | INFO  |   Downloading DX-Y.NYB OHLC...
11:39:46 | INFO  |     Downloaded 2395 days (2017-01-03 to 2026-07-13)
11:39:46 | INFO  |   Downloading ^VIX volatility...
11:39:46 | INFO  |     Downloaded 2394 days (2017-01-03 to 2026-07-13)
11:39:46 | WARNING |   ⚠️  30 trading days missing from original CSV
11:39:46 | INFO  |   ✓ Enrichment complete: 2395 rows
11:39:46 | INFO  |   ✅ Saved: USD_enriched.csv (2395 rows)
11:39:46 | WARNING |   ⚠️  30 rows need manual update
11:39:46 | INFO  | 
──────────────────────────────────────────────────────────────────────
11:39:46 | INFO  | Enriching: AAPL
11:39:46 | INFO  | ──────────────────────────────────────────────────────────────────────
11:39:46 | INFO  |   Loaded 2363 rows from AAPL.csv
11:39:46 | INFO  |   Yahoo ticker: AAPL
11:39:46 | INFO  |   OHLC prefix: AAPL
11:39:46 | INFO  |   Vol prefix: VIX
11:39:46 | INFO  |   Downloading AAPL OHLC...
11:39:47 | INFO  |     Downloaded 2393 days (2017-01-03 to 2026-07-13)
11:39:47 | INFO  |   Downloading ^VIX volatility...
11:39:47 | INFO  |     Downloaded 2394 days (2017-01-03 to 2026-07-13)
11:39:47 | WARNING |   ⚠️  30 trading days missing from original CSV
11:39:47 | INFO  |   ✓ Enrichment complete: 2393 rows
11:39:47 | INFO  |   ✅ Saved: AAPL_enriched.csv (2393 rows)
11:39:47 | WARNING |   ⚠️  30 rows need manual update
11:39:47 | INFO  | 
──────────────────────────────────────────────────────────────────────
11:39:47 | INFO  | Enriching: BITCOIN
11:39:47 | INFO  | ──────────────────────────────────────────────────────────────────────
11:39:47 | INFO  |   Loaded 734 rows from BITCOIN.csv
11:39:47 | INFO  |   ⚠️  Row count changed (3480 → 734) - re-enriching
11:39:47 | INFO  |   Yahoo ticker: BTC-USD
11:39:47 | INFO  |   OHLC prefix: BTC
11:39:47 | INFO  |   Vol prefix: VIX
11:39:47 | INFO  |   Downloading BTC-USD OHLC...
11:39:47 | INFO  |     Downloaded 3480 days (2017-01-02 to 2026-07-13)
11:39:47 | INFO  |   Downloading ^VIX volatility...
11:39:47 | INFO  |     Downloaded 2394 days (2017-01-03 to 2026-07-13)
11:39:47 | WARNING |   ⚠️  2746 trading days missing from original CSV
11:39:47 | INFO  |   ✓ Enrichment complete: 3480 rows
11:39:47 | INFO  |   ✅ Saved: BITCOIN_enriched.csv (3480 rows)
11:39:47 | WARNING |   ⚠️  2746 rows need manual update
11:39:47 | INFO  | 
======================================================================
11:39:47 | INFO  | ✅ Enrichment complete:
11:39:47 | INFO  |    Success: 9
11:39:47 | INFO  |    Skipped (up-to-date): 0
11:39:47 | INFO  |    Errors:  0
11:39:47 | INFO  | ======================================================================
11:39:47 | INFO  | 
======================================================================
11:39:47 | INFO  | ✅ PIPELINE COMPLETE
11:39:47 | INFO  | ======================================================================
