12:36:18 | INFO  | ======================================================================
12:36:18 | INFO  | ETL PIPELINE START
12:36:18 | INFO  | ======================================================================
12:36:18 | INFO  | 
📋 PIPELINE PLAN:
12:36:18 | INFO  |    HTML Files: 16 new / 16 total
12:36:18 | INFO  |    Master needs propagation: False
12:36:18 | INFO  | 
======================================================================
12:36:18 | INFO  | STAGE 1: HTML PARSING
12:36:18 | INFO  | ======================================================================
12:36:18 | INFO  | 
Processing: JUNE 22, 2026.html
12:36:18 | INFO  |   ✅ Saved: RR_06-22-2026.csv (37 rows)
12:36:18 | INFO  | 
Processing: JUNE 23, 2026.html
12:36:18 | INFO  |   ✅ Saved: RR_06-23-2026.csv (37 rows)
12:36:18 | INFO  | 
Processing: JUNE 26, 2026.html
12:36:18 | INFO  |   ✅ Saved: RR_06-26-2026.csv (38 rows)
12:36:18 | INFO  | 
Processing: JUNE 5, 2026.html
12:36:18 | INFO  |   ✅ Saved: RR_06-05-2026.csv (37 rows)
12:36:18 | INFO  | 
Processing: JUNE 8, 2026.html
12:36:18 | INFO  |   ✅ Saved: RR_06-08-2026.csv (37 rows)
12:36:18 | INFO  | 
Processing: JUNE 15, 2026.html
12:36:18 | INFO  |   ✅ Saved: RR_06-15-2026.csv (36 rows)
12:36:18 | INFO  | 
Processing: JUNE 4, 2026.html
12:36:18 | INFO  |   ✅ Saved: RR_06-04-2026.csv (37 rows)
12:36:18 | INFO  | 
Processing: JUNE 12, 2026.html
12:36:18 | INFO  |   ✅ Saved: RR_06-12-2026.csv (36 rows)
12:36:18 | INFO  | 
Processing: JUNE 11, 2026.html
12:36:19 | INFO  |   ✅ Saved: RR_06-11-2026.csv (36 rows)
12:36:19 | INFO  | 
Processing: JUNE 9, 2026.html
12:36:19 | INFO  |   ✅ Saved: RR_06-09-2026.csv (36 rows)
12:36:19 | INFO  | 
Processing: JUNE 16, 2026.html
12:36:19 | INFO  |   ✅ Saved: RR_06-16-2026.csv (36 rows)
12:36:19 | INFO  | 
Processing: JUNE 10, 2026.html
12:36:19 | INFO  |   ✅ Saved: RR_06-10-2026.csv (36 rows)
12:36:19 | INFO  | 
Processing: JUNE 17, 2026.html
12:36:19 | INFO  |   ✅ Saved: RR_06-17-2026.csv (36 rows)
12:36:19 | INFO  | 
Processing: JUNE 25, 2026.html
12:36:19 | INFO  |   ✅ Saved: RR_06-25-2026.csv (38 rows)
12:36:19 | INFO  | 
Processing: JUNE 18, 2026.html
12:36:19 | INFO  |   ✅ Saved: RR_06-18-2026.csv (37 rows)
12:36:19 | INFO  | 
Processing: JUNE 24, 2026.html
12:36:19 | INFO  |   ✅ Saved: RR_06-24-2026.csv (37 rows)
12:36:19 | INFO  | 
✅ HTML parsing complete: 16 success, 0 errors
12:36:19 | INFO  | 
======================================================================
12:36:19 | INFO  | STAGE 2: MASTER AGGREGATION
12:36:19 | INFO  | ======================================================================
12:36:19 | INFO  | ✅ Backed up master to: risk_ranges_master_backup_20260629_123619.csv
12:36:19 | INFO  | Loaded existing master: 73,529 rows
12:36:19 | INFO  |   Loaded: RR_06-22-2026.csv (37 rows)
12:36:19 | INFO  |   Loaded: RR_06-23-2026.csv (37 rows)
12:36:19 | INFO  |   Loaded: RR_06-26-2026.csv (38 rows)
12:36:19 | INFO  |   Loaded: RR_06-05-2026.csv (37 rows)
12:36:19 | INFO  |   Loaded: RR_06-08-2026.csv (37 rows)
12:36:19 | INFO  |   Loaded: RR_06-15-2026.csv (36 rows)
12:36:19 | INFO  |   Loaded: RR_06-04-2026.csv (37 rows)
12:36:19 | INFO  |   Loaded: RR_06-12-2026.csv (36 rows)
12:36:19 | INFO  |   Loaded: RR_06-11-2026.csv (36 rows)
12:36:19 | INFO  |   Loaded: RR_06-09-2026.csv (36 rows)
12:36:19 | INFO  |   Loaded: RR_06-16-2026.csv (36 rows)
12:36:19 | INFO  |   Loaded: RR_06-10-2026.csv (36 rows)
12:36:19 | INFO  |   Loaded: RR_06-17-2026.csv (36 rows)
12:36:19 | INFO  |   Loaded: RR_06-25-2026.csv (38 rows)
12:36:19 | INFO  |   Loaded: RR_06-18-2026.csv (37 rows)
12:36:19 | INFO  |   Loaded: RR_06-24-2026.csv (37 rows)
12:36:19 | INFO  | Combined new data: 587 rows
12:36:19 | INFO  | Removed 587 duplicate entries
12:36:20 | INFO  | ✅ Saved master CSV: 73,529 total rows
12:36:20 | INFO  |    Date range: 2017-01-03 to 2026-06-26
12:36:20 | INFO  | 
======================================================================
12:36:20 | INFO  | STAGE 3: TICKER SUBSETTING
12:36:20 | INFO  | ======================================================================
12:36:20 | INFO  | Loaded master: 73,529 rows
12:36:20 | INFO  | Creating subsets for 9 tickers
12:36:20 | INFO  |   ✅ UST10Y: 2355 rows | 2017-01-03 to 2026-06-26
12:36:20 | INFO  |   ✅ SPX: 2355 rows | 2017-01-03 to 2026-06-26
12:36:20 | INFO  |   ✅ COMPQ: 2355 rows | 2017-01-03 to 2026-06-26
12:36:20 | INFO  |   ✅ RUT: 2354 rows | 2017-01-03 to 2026-06-26
12:36:20 | INFO  |   ✅ VIX: 2355 rows | 2017-01-03 to 2026-06-26
12:36:20 | INFO  |   ✅ USD: 2355 rows | 2017-01-03 to 2026-06-26
12:36:20 | INFO  |   ✅ GOLD: 2353 rows | 2017-01-03 to 2026-06-26
12:36:20 | INFO  |   ✅ AAPL: 2353 rows | 2017-01-03 to 2026-06-26
12:36:20 | INFO  |   ✅ BITCOIN: 724 rows | 2023-08-01 to 2026-06-26
12:36:20 | INFO  | ✅ Ticker subsetting complete
12:36:20 | INFO  | 
======================================================================
12:36:20 | INFO  | STAGE 4: ENRICHMENT
12:36:20 | INFO  | ======================================================================
12:36:20 | INFO  | Enriching 9 tickers
12:36:20 | INFO  | 
──────────────────────────────────────────────────────────────────────
12:36:20 | INFO  | Enriching: SPX
12:36:20 | INFO  | ──────────────────────────────────────────────────────────────────────
12:36:20 | INFO  |   Loaded 2355 rows from SPX.csv
12:36:20 | INFO  |   Yahoo ticker: ^GSPC
12:36:20 | INFO  |   OHLC prefix: GSPC
12:36:20 | INFO  |   Vol prefix: VIX
12:36:20 | INFO  |   Downloading ^GSPC OHLC...
12:36:20 | INFO  |     Downloaded 2384 days (2017-01-03 to 2026-06-29)
12:36:20 | INFO  |   Downloading ^VIX volatility...
12:36:20 | INFO  |     Downloaded 2385 days (2017-01-03 to 2026-06-29)
12:36:21 | WARNING |   ⚠️  29 trading days missing from original CSV
12:36:21 | INFO  |   ✓ Enrichment complete: 2384 rows
12:36:21 | INFO  |   ✅ Saved: SPX_enriched.csv (2384 rows)
12:36:21 | WARNING |   ⚠️  29 rows need manual update
12:36:21 | INFO  | 
──────────────────────────────────────────────────────────────────────
12:36:21 | INFO  | Enriching: GOLD
12:36:21 | INFO  | ──────────────────────────────────────────────────────────────────────
12:36:21 | INFO  |   Loaded 2353 rows from GOLD.csv
12:36:21 | INFO  |   Yahoo ticker: GC=F
12:36:21 | INFO  |   OHLC prefix: GC
12:36:21 | INFO  |   Vol prefix: GVZ
12:36:21 | INFO  |   Downloading GC=F OHLC...
12:36:21 | INFO  |     Downloaded 2385 days (2017-01-03 to 2026-06-29)
12:36:21 | INFO  |   Downloading ^GVZ volatility...
12:36:21 | INFO  |     Downloaded 2384 days (2017-01-03 to 2026-06-29)
12:36:21 | WARNING |   ⚠️  33 trading days missing from original CSV
12:36:21 | INFO  |   ✓ Enrichment complete: 2385 rows
12:36:21 | INFO  |   ✅ Saved: GOLD_enriched.csv (2385 rows)
12:36:21 | WARNING |   ⚠️  33 rows need manual update
12:36:21 | INFO  | 
──────────────────────────────────────────────────────────────────────
12:36:21 | INFO  | Enriching: UST10Y
12:36:21 | INFO  | ──────────────────────────────────────────────────────────────────────
12:36:21 | INFO  |   Loaded 2355 rows from UST10Y.csv
12:36:21 | INFO  |   Yahoo ticker: ^TNX
12:36:21 | INFO  |   OHLC prefix: TNX
12:36:21 | INFO  |   Vol prefix: VIX
12:36:21 | INFO  |   Downloading ^TNX OHLC...
12:36:21 | INFO  |     Downloaded 2384 days (2017-01-03 to 2026-06-29)
12:36:21 | INFO  |   Downloading ^VIX volatility...
12:36:21 | INFO  |     Downloaded 2385 days (2017-01-03 to 2026-06-29)
12:36:21 | WARNING |   ⚠️  29 trading days missing from original CSV
12:36:21 | INFO  |   ✓ Enrichment complete: 2384 rows
12:36:21 | INFO  |   ✅ Saved: UST10Y_enriched.csv (2384 rows)
12:36:21 | WARNING |   ⚠️  29 rows need manual update
12:36:21 | INFO  | 
──────────────────────────────────────────────────────────────────────
12:36:21 | INFO  | Enriching: COMPQ
12:36:21 | INFO  | ──────────────────────────────────────────────────────────────────────
12:36:21 | INFO  |   Loaded 2355 rows from COMPQ.csv
12:36:21 | INFO  |   Yahoo ticker: ^IXIC
12:36:21 | INFO  |   OHLC prefix: IXIC
12:36:21 | INFO  |   Vol prefix: VIX
12:36:21 | INFO  |   Downloading ^IXIC OHLC...
12:36:21 | INFO  |     Downloaded 2384 days (2017-01-03 to 2026-06-29)
12:36:21 | INFO  |   Downloading ^VIX volatility...
12:36:22 | INFO  |     Downloaded 2385 days (2017-01-03 to 2026-06-29)
12:36:22 | WARNING |   ⚠️  29 trading days missing from original CSV
12:36:22 | INFO  |   ✓ Enrichment complete: 2384 rows
12:36:22 | INFO  |   ✅ Saved: COMPQ_enriched.csv (2384 rows)
12:36:22 | WARNING |   ⚠️  29 rows need manual update
12:36:22 | INFO  | 
──────────────────────────────────────────────────────────────────────
12:36:22 | INFO  | Enriching: RUT
12:36:22 | INFO  | ──────────────────────────────────────────────────────────────────────
12:36:22 | INFO  |   Loaded 2354 rows from RUT.csv
12:36:22 | INFO  |   Yahoo ticker: ^RUT
12:36:22 | INFO  |   OHLC prefix: RUT
12:36:22 | INFO  |   Vol prefix: VIX
12:36:22 | INFO  |   Downloading ^RUT OHLC...
12:36:22 | INFO  |     Downloaded 2384 days (2017-01-03 to 2026-06-29)
12:36:22 | INFO  |   Downloading ^VIX volatility...
12:36:22 | INFO  |     Downloaded 2385 days (2017-01-03 to 2026-06-29)
12:36:22 | WARNING |   ⚠️  30 trading days missing from original CSV
12:36:22 | INFO  |   ✓ Enrichment complete: 2384 rows
12:36:22 | INFO  |   ✅ Saved: RUT_enriched.csv (2384 rows)
12:36:22 | WARNING |   ⚠️  30 rows need manual update
12:36:22 | INFO  | 
──────────────────────────────────────────────────────────────────────
12:36:22 | INFO  | Enriching: VIX
12:36:22 | INFO  | ──────────────────────────────────────────────────────────────────────
12:36:22 | INFO  |   Loaded 2355 rows from VIX.csv
12:36:22 | INFO  |   Yahoo ticker: ^VIX
12:36:22 | INFO  |   OHLC prefix: VIX
12:36:22 | INFO  |   Vol prefix: VIXI
12:36:22 | INFO  |   Downloading ^VIX OHLC...
12:36:22 | INFO  |     Downloaded 2385 days (2017-01-03 to 2026-06-29)
12:36:22 | INFO  |   Downloading ^VIX volatility...
12:36:22 | INFO  |     Downloaded 2385 days (2017-01-03 to 2026-06-29)
12:36:22 | WARNING |   ⚠️  30 trading days missing from original CSV
12:36:22 | INFO  |   ✓ Enrichment complete: 2385 rows
12:36:22 | INFO  |   ✅ Saved: VIX_enriched.csv (2385 rows)
12:36:22 | WARNING |   ⚠️  30 rows need manual update
12:36:22 | INFO  | 
──────────────────────────────────────────────────────────────────────
12:36:22 | INFO  | Enriching: USD
12:36:22 | INFO  | ──────────────────────────────────────────────────────────────────────
12:36:22 | INFO  |   Loaded 2355 rows from USD.csv
12:36:22 | INFO  |   Yahoo ticker: DX-Y.NYB
12:36:22 | INFO  |   OHLC prefix: DX
12:36:22 | INFO  |   Vol prefix: VIX
12:36:22 | INFO  |   Downloading DX-Y.NYB OHLC...
12:36:22 | INFO  |     Downloaded 2386 days (2017-01-03 to 2026-06-29)
12:36:22 | INFO  |   Downloading ^VIX volatility...
12:36:22 | INFO  |     Downloaded 2385 days (2017-01-03 to 2026-06-29)
12:36:22 | WARNING |   ⚠️  31 trading days missing from original CSV
12:36:22 | INFO  |   ✓ Enrichment complete: 2386 rows
12:36:22 | INFO  |   ✅ Saved: USD_enriched.csv (2386 rows)
12:36:22 | WARNING |   ⚠️  31 rows need manual update
12:36:22 | INFO  | 
──────────────────────────────────────────────────────────────────────
12:36:22 | INFO  | Enriching: AAPL
12:36:22 | INFO  | ──────────────────────────────────────────────────────────────────────
12:36:22 | INFO  |   Loaded 2353 rows from AAPL.csv
12:36:22 | INFO  |   Yahoo ticker: AAPL
12:36:22 | INFO  |   OHLC prefix: AAPL
12:36:22 | INFO  |   Vol prefix: VIX
12:36:22 | INFO  |   Downloading AAPL OHLC...
12:36:23 | INFO  |     Downloaded 2384 days (2017-01-03 to 2026-06-29)
12:36:23 | INFO  |   Downloading ^VIX volatility...
12:36:23 | INFO  |     Downloaded 2385 days (2017-01-03 to 2026-06-29)
12:36:23 | WARNING |   ⚠️  31 trading days missing from original CSV
12:36:23 | INFO  |   ✓ Enrichment complete: 2384 rows
12:36:23 | INFO  |   ✅ Saved: AAPL_enriched.csv (2384 rows)
12:36:23 | WARNING |   ⚠️  31 rows need manual update
12:36:23 | INFO  | 
──────────────────────────────────────────────────────────────────────
12:36:23 | INFO  | Enriching: BITCOIN
12:36:23 | INFO  | ──────────────────────────────────────────────────────────────────────
12:36:23 | INFO  |   Loaded 724 rows from BITCOIN.csv
12:36:23 | INFO  |   ⚠️  Row count changed (3463 → 724) - re-enriching
12:36:23 | INFO  |   Yahoo ticker: BTC-USD
12:36:23 | INFO  |   OHLC prefix: BTC
12:36:23 | INFO  |   Vol prefix: VIX
12:36:23 | INFO  |   Downloading BTC-USD OHLC...
12:36:23 | INFO  |     Downloaded 3466 days (2017-01-02 to 2026-06-29)
12:36:23 | INFO  |   Downloading ^VIX volatility...
12:36:23 | INFO  |     Downloaded 2385 days (2017-01-03 to 2026-06-29)
12:36:23 | WARNING |   ⚠️  2742 trading days missing from original CSV
12:36:23 | INFO  |   ✓ Enrichment complete: 3466 rows
12:36:23 | INFO  |   ✅ Saved: BITCOIN_enriched.csv (3466 rows)
12:36:23 | WARNING |   ⚠️  2742 rows need manual update
12:36:23 | INFO  | 
======================================================================
12:36:23 | INFO  | ✅ Enrichment complete:
12:36:23 | INFO  |    Success: 9
12:36:23 | INFO  |    Skipped (up-to-date): 0
12:36:23 | INFO  |    Errors:  0
12:36:23 | INFO  | ======================================================================
12:36:23 | INFO  | 
======================================================================
12:36:23 | INFO  | ✅ PIPELINE COMPLETE
12:36:23 | INFO  | ======================================================================
