08:21:23 | INFO  | ======================================================================
08:21:23 | INFO  | ETL PIPELINE START
08:21:23 | INFO  | ======================================================================
08:21:23 | INFO  | 
📋 PIPELINE PLAN:
08:21:23 | INFO  |    HTML Files: 10 new / 10 total
08:21:23 | INFO  |    Master needs propagation: False
08:21:23 | INFO  | 
======================================================================
08:21:23 | INFO  | STAGE 1: HTML PARSING
08:21:23 | INFO  | ======================================================================
08:21:23 | INFO  | 
Processing: JUNE 5, 2026.html
08:21:23 | INFO  |   ✅ Saved: RR_06-05-2026.csv (37 rows)
08:21:23 | INFO  | 
Processing: JUNE 8, 2026.html
08:21:23 | INFO  |   ✅ Saved: RR_06-08-2026.csv (37 rows)
08:21:23 | INFO  | 
Processing: JUNE 15, 2026.html
08:21:23 | INFO  |   ✅ Saved: RR_06-15-2026.csv (36 rows)
08:21:23 | INFO  | 
Processing: JUNE 4, 2026.html
08:21:23 | INFO  |   ✅ Saved: RR_06-04-2026.csv (37 rows)
08:21:23 | INFO  | 
Processing: JUNE 12, 2026.html
08:21:23 | INFO  |   ✅ Saved: RR_06-12-2026.csv (36 rows)
08:21:23 | INFO  | 
Processing: JUNE 11, 2026.html
08:21:24 | INFO  |   ✅ Saved: RR_06-11-2026.csv (36 rows)
08:21:24 | INFO  | 
Processing: JUNE 9, 2026.html
08:21:24 | INFO  |   ✅ Saved: RR_06-09-2026.csv (36 rows)
08:21:24 | INFO  | 
Processing: JUNE 16, 2026.html
08:21:24 | INFO  |   ✅ Saved: RR_06-16-2026.csv (36 rows)
08:21:24 | INFO  | 
Processing: JUNE 10, 2026.html
08:21:24 | INFO  |   ✅ Saved: RR_06-10-2026.csv (36 rows)
08:21:24 | INFO  | 
Processing: JUNE 17, 2026.html
08:21:24 | INFO  |   ✅ Saved: RR_06-17-2026.csv (36 rows)
08:21:24 | INFO  | 
✅ HTML parsing complete: 10 success, 0 errors
08:21:24 | INFO  | 
======================================================================
08:21:24 | INFO  | STAGE 2: MASTER AGGREGATION
08:21:24 | INFO  | ======================================================================
08:21:24 | INFO  | ✅ Backed up master to: risk_ranges_master_backup_20260617_082124.csv
08:21:24 | INFO  | Loaded existing master: 73,269 rows
08:21:24 | INFO  |   Loaded: RR_06-05-2026.csv (37 rows)
08:21:24 | INFO  |   Loaded: RR_06-08-2026.csv (37 rows)
08:21:24 | INFO  |   Loaded: RR_06-15-2026.csv (36 rows)
08:21:24 | INFO  |   Loaded: RR_06-04-2026.csv (37 rows)
08:21:24 | INFO  |   Loaded: RR_06-12-2026.csv (36 rows)
08:21:24 | INFO  |   Loaded: RR_06-11-2026.csv (36 rows)
08:21:24 | INFO  |   Loaded: RR_06-09-2026.csv (36 rows)
08:21:24 | INFO  |   Loaded: RR_06-16-2026.csv (36 rows)
08:21:24 | INFO  |   Loaded: RR_06-10-2026.csv (36 rows)
08:21:24 | INFO  |   Loaded: RR_06-17-2026.csv (36 rows)
08:21:24 | INFO  | Combined new data: 363 rows
08:21:24 | INFO  | Removed 327 duplicate entries
08:21:24 | INFO  | ✅ Saved master CSV: 73,305 total rows
08:21:24 | INFO  |    Date range: 2017-01-03 to 2026-06-17
08:21:24 | INFO  | 
======================================================================
08:21:24 | INFO  | STAGE 3: TICKER SUBSETTING
08:21:24 | INFO  | ======================================================================
08:21:24 | INFO  | Loaded master: 73,305 rows
08:21:24 | INFO  | Creating subsets for 9 tickers
08:21:24 | INFO  |   ✅ UST10Y: 2349 rows | 2017-01-03 to 2026-06-17
08:21:24 | INFO  |   ✅ SPX: 2349 rows | 2017-01-03 to 2026-06-17
08:21:24 | INFO  |   ✅ COMPQ: 2349 rows | 2017-01-03 to 2026-06-17
08:21:24 | INFO  |   ✅ RUT: 2348 rows | 2017-01-03 to 2026-06-17
08:21:24 | INFO  |   ✅ VIX: 2349 rows | 2017-01-03 to 2026-06-17
08:21:24 | INFO  |   ✅ USD: 2349 rows | 2017-01-03 to 2026-06-17
08:21:24 | INFO  |   ✅ GOLD: 2347 rows | 2017-01-03 to 2026-06-17
08:21:24 | INFO  |   ✅ AAPL: 2347 rows | 2017-01-03 to 2026-06-17
08:21:24 | INFO  |   ✅ BITCOIN: 718 rows | 2023-08-01 to 2026-06-17
08:21:24 | INFO  | ✅ Ticker subsetting complete
08:21:24 | INFO  | 
======================================================================
08:21:24 | INFO  | STAGE 4: ENRICHMENT
08:21:24 | INFO  | ======================================================================
08:21:24 | INFO  | Enriching 9 tickers
08:21:24 | INFO  | 
──────────────────────────────────────────────────────────────────────
08:21:24 | INFO  | Enriching: SPX
08:21:24 | INFO  | ──────────────────────────────────────────────────────────────────────
08:21:24 | INFO  |   Loaded 2349 rows from SPX.csv
08:21:24 | INFO  |   Yahoo ticker: ^GSPC
08:21:24 | INFO  |   OHLC prefix: GSPC
08:21:24 | INFO  |   Vol prefix: VIX
08:21:24 | INFO  |   Downloading ^GSPC OHLC...
08:21:25 | INFO  |     Downloaded 2376 days (2017-01-03 to 2026-06-16)
08:21:25 | INFO  |   Downloading ^VIX volatility...
08:21:25 | INFO  |     Downloaded 2378 days (2017-01-03 to 2026-06-17)
08:21:25 | WARNING |   ⚠️  28 trading days missing from original CSV
08:21:25 | INFO  |   ✓ Enrichment complete: 2376 rows
08:21:25 | INFO  |   ✅ Saved: SPX_enriched.csv (2376 rows)
08:21:25 | WARNING |   ⚠️  28 rows need manual update
08:21:25 | INFO  | 
──────────────────────────────────────────────────────────────────────
08:21:25 | INFO  | Enriching: GOLD
08:21:25 | INFO  | ──────────────────────────────────────────────────────────────────────
08:21:25 | INFO  |   Loaded 2347 rows from GOLD.csv
08:21:25 | INFO  |   Yahoo ticker: GC=F
08:21:25 | INFO  |   OHLC prefix: GC
08:21:25 | INFO  |   Vol prefix: GVZ
08:21:25 | INFO  |   Downloading GC=F OHLC...
08:21:26 | INFO  |     Downloaded 2378 days (2017-01-03 to 2026-06-17)
08:21:26 | INFO  |   Downloading ^GVZ volatility...
08:21:26 | INFO  |     Downloaded 2376 days (2017-01-03 to 2026-06-16)
08:21:26 | WARNING |   ⚠️  32 trading days missing from original CSV
08:21:26 | INFO  |   ✓ Enrichment complete: 2378 rows
08:21:26 | INFO  |   ✅ Saved: GOLD_enriched.csv (2378 rows)
08:21:26 | WARNING |   ⚠️  32 rows need manual update
08:21:26 | INFO  | 
──────────────────────────────────────────────────────────────────────
08:21:26 | INFO  | Enriching: UST10Y
08:21:26 | INFO  | ──────────────────────────────────────────────────────────────────────
08:21:26 | INFO  |   Loaded 2349 rows from UST10Y.csv
08:21:26 | INFO  |   Yahoo ticker: ^TNX
08:21:26 | INFO  |   OHLC prefix: TNX
08:21:26 | INFO  |   Vol prefix: VIX
08:21:26 | INFO  |   Downloading ^TNX OHLC...
08:21:26 | INFO  |     Downloaded 2374 days (2017-01-03 to 2026-06-12)
08:21:26 | INFO  |   Downloading ^VIX volatility...
08:21:27 | INFO  |     Downloaded 2378 days (2017-01-03 to 2026-06-17)
08:21:27 | WARNING |   ⚠️  28 trading days missing from original CSV
08:21:27 | INFO  |   ✓ Enrichment complete: 2374 rows
08:21:27 | INFO  |   ✅ Saved: UST10Y_enriched.csv (2374 rows)
08:21:27 | WARNING |   ⚠️  28 rows need manual update
08:21:27 | INFO  | 
──────────────────────────────────────────────────────────────────────
08:21:27 | INFO  | Enriching: COMPQ
08:21:27 | INFO  | ──────────────────────────────────────────────────────────────────────
08:21:27 | INFO  |   Loaded 2349 rows from COMPQ.csv
08:21:27 | INFO  |   Yahoo ticker: ^IXIC
08:21:27 | INFO  |   OHLC prefix: IXIC
08:21:27 | INFO  |   Vol prefix: VIX
08:21:27 | INFO  |   Downloading ^IXIC OHLC...
08:21:27 | INFO  |     Downloaded 2376 days (2017-01-03 to 2026-06-16)
08:21:27 | INFO  |   Downloading ^VIX volatility...
08:21:27 | INFO  |     Downloaded 2378 days (2017-01-03 to 2026-06-17)
08:21:27 | WARNING |   ⚠️  28 trading days missing from original CSV
08:21:27 | INFO  |   ✓ Enrichment complete: 2376 rows
08:21:27 | INFO  |   ✅ Saved: COMPQ_enriched.csv (2376 rows)
08:21:27 | WARNING |   ⚠️  28 rows need manual update
08:21:27 | INFO  | 
──────────────────────────────────────────────────────────────────────
08:21:27 | INFO  | Enriching: RUT
08:21:27 | INFO  | ──────────────────────────────────────────────────────────────────────
08:21:27 | INFO  |   Loaded 2348 rows from RUT.csv
08:21:27 | INFO  |   Yahoo ticker: ^RUT
08:21:27 | INFO  |   OHLC prefix: RUT
08:21:27 | INFO  |   Vol prefix: VIX
08:21:27 | INFO  |   Downloading ^RUT OHLC...
08:21:27 | INFO  |     Downloaded 2376 days (2017-01-03 to 2026-06-16)
08:21:27 | INFO  |   Downloading ^VIX volatility...
08:21:28 | INFO  |     Downloaded 2378 days (2017-01-03 to 2026-06-17)
08:21:28 | WARNING |   ⚠️  29 trading days missing from original CSV
08:21:28 | INFO  |   ✓ Enrichment complete: 2376 rows
08:21:28 | INFO  |   ✅ Saved: RUT_enriched.csv (2376 rows)
08:21:28 | WARNING |   ⚠️  29 rows need manual update
08:21:28 | INFO  | 
──────────────────────────────────────────────────────────────────────
08:21:28 | INFO  | Enriching: VIX
08:21:28 | INFO  | ──────────────────────────────────────────────────────────────────────
08:21:28 | INFO  |   Loaded 2349 rows from VIX.csv
08:21:28 | INFO  |   Yahoo ticker: ^VIX
08:21:28 | INFO  |   OHLC prefix: VIX
08:21:28 | INFO  |   Vol prefix: VIXI
08:21:28 | INFO  |   Downloading ^VIX OHLC...
08:21:28 | INFO  |     Downloaded 2378 days (2017-01-03 to 2026-06-17)
08:21:28 | INFO  |   Downloading ^VIX volatility...
08:21:28 | INFO  |     Downloaded 2378 days (2017-01-03 to 2026-06-17)
08:21:28 | WARNING |   ⚠️  29 trading days missing from original CSV
08:21:28 | INFO  |   ✓ Enrichment complete: 2378 rows
08:21:28 | INFO  |   ✅ Saved: VIX_enriched.csv (2378 rows)
08:21:28 | WARNING |   ⚠️  29 rows need manual update
08:21:28 | INFO  | 
──────────────────────────────────────────────────────────────────────
08:21:28 | INFO  | Enriching: USD
08:21:28 | INFO  | ──────────────────────────────────────────────────────────────────────
08:21:28 | INFO  |   Loaded 2349 rows from USD.csv
08:21:28 | INFO  |   Yahoo ticker: DX-Y.NYB
08:21:28 | INFO  |   OHLC prefix: DX
08:21:28 | INFO  |   Vol prefix: VIX
08:21:28 | INFO  |   Downloading DX-Y.NYB OHLC...
08:21:28 | INFO  |     Downloaded 2379 days (2017-01-03 to 2026-06-17)
08:21:28 | INFO  |   Downloading ^VIX volatility...
08:21:29 | INFO  |     Downloaded 2378 days (2017-01-03 to 2026-06-17)
08:21:29 | WARNING |   ⚠️  30 trading days missing from original CSV
08:21:29 | INFO  |   ✓ Enrichment complete: 2379 rows
08:21:29 | INFO  |   ✅ Saved: USD_enriched.csv (2379 rows)
08:21:29 | WARNING |   ⚠️  30 rows need manual update
08:21:29 | INFO  | 
──────────────────────────────────────────────────────────────────────
08:21:29 | INFO  | Enriching: AAPL
08:21:29 | INFO  | ──────────────────────────────────────────────────────────────────────
08:21:29 | INFO  |   Loaded 2347 rows from AAPL.csv
08:21:29 | INFO  |   Yahoo ticker: AAPL
08:21:29 | INFO  |   OHLC prefix: AAPL
08:21:29 | INFO  |   Vol prefix: VIX
08:21:29 | INFO  |   Downloading AAPL OHLC...
08:21:29 | INFO  |     Downloaded 2376 days (2017-01-03 to 2026-06-16)
08:21:29 | INFO  |   Downloading ^VIX volatility...
08:21:29 | INFO  |     Downloaded 2378 days (2017-01-03 to 2026-06-17)
08:21:29 | WARNING |   ⚠️  30 trading days missing from original CSV
08:21:29 | INFO  |   ✓ Enrichment complete: 2376 rows
08:21:29 | INFO  |   ✅ Saved: AAPL_enriched.csv (2376 rows)
08:21:29 | WARNING |   ⚠️  30 rows need manual update
08:21:29 | INFO  | 
──────────────────────────────────────────────────────────────────────
08:21:29 | INFO  | Enriching: BITCOIN
08:21:29 | INFO  | ──────────────────────────────────────────────────────────────────────
08:21:29 | INFO  |   Loaded 718 rows from BITCOIN.csv
08:21:29 | INFO  |   ⚠️  Row count changed (3453 → 718) - re-enriching
08:21:29 | INFO  |   Yahoo ticker: BTC-USD
08:21:29 | INFO  |   OHLC prefix: BTC
08:21:29 | INFO  |   Vol prefix: VIX
08:21:29 | INFO  |   Downloading BTC-USD OHLC...
08:21:29 | INFO  |     Downloaded 3454 days (2017-01-02 to 2026-06-17)
08:21:29 | INFO  |   Downloading ^VIX volatility...
08:21:30 | INFO  |     Downloaded 2378 days (2017-01-03 to 2026-06-17)
08:21:30 | WARNING |   ⚠️  2736 trading days missing from original CSV
08:21:30 | INFO  |   ✓ Enrichment complete: 3454 rows
08:21:30 | INFO  |   ✅ Saved: BITCOIN_enriched.csv (3454 rows)
08:21:30 | WARNING |   ⚠️  2736 rows need manual update
08:21:30 | INFO  | 
======================================================================
08:21:30 | INFO  | ✅ Enrichment complete:
08:21:30 | INFO  |    Success: 9
08:21:30 | INFO  |    Skipped (up-to-date): 0
08:21:30 | INFO  |    Errors:  0
08:21:30 | INFO  | ======================================================================
08:21:30 | INFO  | 
======================================================================
08:21:30 | INFO  | ✅ PIPELINE COMPLETE
08:21:30 | INFO  | ======================================================================
