09:05:38 | INFO  | ======================================================================
09:05:38 | INFO  | ETL PIPELINE START
09:05:38 | INFO  | ======================================================================
09:05:38 | INFO  | 
📋 PIPELINE PLAN:
09:05:38 | INFO  |    HTML Files: 22 new / 22 total
09:05:38 | INFO  |    Master needs propagation: False
09:05:38 | INFO  | 
======================================================================
09:05:38 | INFO  | STAGE 1: HTML PARSING
09:05:38 | INFO  | ======================================================================
09:05:38 | INFO  | 
Processing: JUNE 22, 2026.html
09:05:38 | INFO  |   ✅ Saved: RR_06-22-2026.csv (37 rows)
09:05:38 | INFO  | 
Processing: JUNE 23, 2026.html
09:05:38 | INFO  |   ✅ Saved: RR_06-23-2026.csv (37 rows)
09:05:38 | INFO  | 
Processing: JUNE 26, 2026.html
09:05:39 | INFO  |   ✅ Saved: RR_06-26-2026.csv (38 rows)
09:05:39 | INFO  | 
Processing: JUNE 5, 2026.html
09:05:39 | INFO  |   ✅ Saved: RR_06-05-2026.csv (37 rows)
09:05:39 | INFO  | 
Processing: JUNE 30, 2026.html
09:05:39 | INFO  |   ✅ Saved: RR_06-30-2026.csv (38 rows)
09:05:39 | INFO  | 
Processing: JUNE 8, 2026.html
09:05:39 | INFO  |   ✅ Saved: RR_06-08-2026.csv (37 rows)
09:05:39 | INFO  | 
Processing: JUNE 15, 2026.html
09:05:39 | INFO  |   ✅ Saved: RR_06-15-2026.csv (36 rows)
09:05:39 | INFO  | 
Processing: JUNE 4, 2026.html
09:05:39 | INFO  |   ✅ Saved: RR_06-04-2026.csv (37 rows)
09:05:39 | INFO  | 
Processing: JUNE 12, 2026.html
09:05:39 | INFO  |   ✅ Saved: RR_06-12-2026.csv (36 rows)
09:05:39 | INFO  | 
Processing: JUNE 11, 2026.html
09:05:39 | INFO  |   ✅ Saved: RR_06-11-2026.csv (36 rows)
09:05:39 | INFO  | 
Processing: JUNE 29, 2026.html
09:05:39 | INFO  |   ✅ Saved: RR_06-29-2026.csv (38 rows)
09:05:39 | INFO  | 
Processing: JULY 2, 2026.html
09:05:39 | INFO  |   ✅ Saved: RR_07-02-2026.csv (38 rows)
09:05:39 | INFO  | 
Processing: JUNE 9, 2026.html
09:05:40 | INFO  |   ✅ Saved: RR_06-09-2026.csv (36 rows)
09:05:40 | INFO  | 
Processing: JUNE 16, 2026.html
09:05:40 | INFO  |   ✅ Saved: RR_06-16-2026.csv (36 rows)
09:05:40 | INFO  | 
Processing: JUNE 10, 2026.html
09:05:40 | INFO  |   ✅ Saved: RR_06-10-2026.csv (36 rows)
09:05:40 | INFO  | 
Processing: JUNE 17, 2026.html
09:05:40 | INFO  |   ✅ Saved: RR_06-17-2026.csv (36 rows)
09:05:40 | INFO  | 
Processing: JULY 6, 2026.html
09:05:40 | INFO  |   ✅ Saved: RR_07-06-2026.csv (37 rows)
09:05:40 | INFO  | 
Processing: JULY 1, 2026.html
09:05:40 | INFO  |   ✅ Saved: RR_07-01-2026.csv (38 rows)
09:05:40 | INFO  | 
Processing: JULY 7, 2026.html
09:05:40 | INFO  |   ✅ Saved: RR_07-07-2026.csv (37 rows)
09:05:40 | INFO  | 
Processing: JUNE 25, 2026.html
09:05:40 | INFO  |   ✅ Saved: RR_06-25-2026.csv (38 rows)
09:05:40 | INFO  | 
Processing: JUNE 18, 2026.html
09:05:40 | INFO  |   ✅ Saved: RR_06-18-2026.csv (37 rows)
09:05:40 | INFO  | 
Processing: JUNE 24, 2026.html
09:05:40 | INFO  |   ✅ Saved: RR_06-24-2026.csv (37 rows)
09:05:40 | INFO  | 
✅ HTML parsing complete: 22 success, 0 errors
09:05:40 | INFO  | 
======================================================================
09:05:40 | INFO  | STAGE 2: MASTER AGGREGATION
09:05:40 | INFO  | ======================================================================
09:05:40 | INFO  | ✅ Backed up master to: risk_ranges_master_backup_20260707_090540.csv
09:05:40 | INFO  | Loaded existing master: 73,718 rows
09:05:40 | INFO  |   Loaded: RR_06-22-2026.csv (37 rows)
09:05:40 | INFO  |   Loaded: RR_06-23-2026.csv (37 rows)
09:05:40 | INFO  |   Loaded: RR_06-26-2026.csv (38 rows)
09:05:40 | INFO  |   Loaded: RR_06-05-2026.csv (37 rows)
09:05:40 | INFO  |   Loaded: RR_06-30-2026.csv (38 rows)
09:05:40 | INFO  |   Loaded: RR_06-08-2026.csv (37 rows)
09:05:40 | INFO  |   Loaded: RR_06-15-2026.csv (36 rows)
09:05:40 | INFO  |   Loaded: RR_06-04-2026.csv (37 rows)
09:05:40 | INFO  |   Loaded: RR_06-12-2026.csv (36 rows)
09:05:40 | INFO  |   Loaded: RR_06-11-2026.csv (36 rows)
09:05:40 | INFO  |   Loaded: RR_06-29-2026.csv (38 rows)
09:05:40 | INFO  |   Loaded: RR_07-02-2026.csv (38 rows)
09:05:40 | INFO  |   Loaded: RR_06-09-2026.csv (36 rows)
09:05:40 | INFO  |   Loaded: RR_06-16-2026.csv (36 rows)
09:05:40 | INFO  |   Loaded: RR_06-10-2026.csv (36 rows)
09:05:40 | INFO  |   Loaded: RR_06-17-2026.csv (36 rows)
09:05:40 | INFO  |   Loaded: RR_07-06-2026.csv (37 rows)
09:05:40 | INFO  |   Loaded: RR_07-01-2026.csv (38 rows)
09:05:40 | INFO  |   Loaded: RR_07-07-2026.csv (37 rows)
09:05:40 | INFO  |   Loaded: RR_06-25-2026.csv (38 rows)
09:05:40 | INFO  |   Loaded: RR_06-18-2026.csv (37 rows)
09:05:40 | INFO  |   Loaded: RR_06-24-2026.csv (37 rows)
09:05:40 | INFO  | Combined new data: 813 rows
09:05:40 | INFO  | Removed 776 duplicate entries
09:05:41 | INFO  | ✅ Saved master CSV: 73,755 total rows
09:05:41 | INFO  |    Date range: 2017-01-03 to 2026-07-07
09:05:41 | INFO  | 
======================================================================
09:05:41 | INFO  | STAGE 3: TICKER SUBSETTING
09:05:41 | INFO  | ======================================================================
09:05:41 | INFO  | Loaded master: 73,755 rows
09:05:41 | INFO  | Creating subsets for 9 tickers
09:05:41 | INFO  |   ✅ UST10Y: 2361 rows | 2017-01-03 to 2026-07-07
09:05:41 | INFO  |   ✅ SPX: 2361 rows | 2017-01-03 to 2026-07-07
09:05:41 | INFO  |   ✅ COMPQ: 2361 rows | 2017-01-03 to 2026-07-07
09:05:41 | INFO  |   ✅ RUT: 2360 rows | 2017-01-03 to 2026-07-07
09:05:41 | INFO  |   ✅ VIX: 2361 rows | 2017-01-03 to 2026-07-07
09:05:41 | INFO  |   ✅ USD: 2361 rows | 2017-01-03 to 2026-07-07
09:05:41 | INFO  |   ✅ GOLD: 2359 rows | 2017-01-03 to 2026-07-07
09:05:41 | INFO  |   ✅ AAPL: 2359 rows | 2017-01-03 to 2026-07-07
09:05:41 | INFO  |   ✅ BITCOIN: 730 rows | 2023-08-01 to 2026-07-07
09:05:41 | INFO  | ✅ Ticker subsetting complete
09:05:41 | INFO  | 
======================================================================
09:05:41 | INFO  | STAGE 4: ENRICHMENT
09:05:41 | INFO  | ======================================================================
09:05:41 | INFO  | Enriching 9 tickers
09:05:41 | INFO  | 
──────────────────────────────────────────────────────────────────────
09:05:41 | INFO  | Enriching: SPX
09:05:41 | INFO  | ──────────────────────────────────────────────────────────────────────
09:05:41 | INFO  |   Loaded 2361 rows from SPX.csv
09:05:41 | INFO  |   Yahoo ticker: ^GSPC
09:05:41 | INFO  |   OHLC prefix: GSPC
09:05:41 | INFO  |   Vol prefix: VIX
09:05:41 | INFO  |   Downloading ^GSPC OHLC...
09:05:42 | INFO  |     Downloaded 2388 days (2017-01-03 to 2026-07-06)
09:05:42 | INFO  |   Downloading ^VIX volatility...
09:05:42 | INFO  |     Downloaded 2390 days (2017-01-03 to 2026-07-07)
09:05:42 | WARNING |   ⚠️  28 trading days missing from original CSV
09:05:42 | INFO  |   ✓ Enrichment complete: 2388 rows
09:05:42 | INFO  |   ✅ Saved: SPX_enriched.csv (2388 rows)
09:05:42 | WARNING |   ⚠️  28 rows need manual update
09:05:42 | INFO  | 
──────────────────────────────────────────────────────────────────────
09:05:42 | INFO  | Enriching: GOLD
09:05:42 | INFO  | ──────────────────────────────────────────────────────────────────────
09:05:42 | INFO  |   Loaded 2359 rows from GOLD.csv
09:05:42 | INFO  |   Yahoo ticker: GC=F
09:05:42 | INFO  |   OHLC prefix: GC
09:05:42 | INFO  |   Vol prefix: GVZ
09:05:42 | INFO  |   Downloading GC=F OHLC...
09:05:43 | INFO  |     Downloaded 2390 days (2017-01-03 to 2026-07-07)
09:05:43 | INFO  |   Downloading ^GVZ volatility...
09:05:43 | INFO  |     Downloaded 2388 days (2017-01-03 to 2026-07-06)
09:05:43 | WARNING |   ⚠️  32 trading days missing from original CSV
09:05:43 | INFO  |   ✓ Enrichment complete: 2390 rows
09:05:43 | INFO  |   ✅ Saved: GOLD_enriched.csv (2390 rows)
09:05:43 | WARNING |   ⚠️  32 rows need manual update
09:05:43 | INFO  | 
──────────────────────────────────────────────────────────────────────
09:05:43 | INFO  | Enriching: UST10Y
09:05:43 | INFO  | ──────────────────────────────────────────────────────────────────────
09:05:43 | INFO  |   Loaded 2361 rows from UST10Y.csv
09:05:43 | INFO  |   Yahoo ticker: ^TNX
09:05:43 | INFO  |   OHLC prefix: TNX
09:05:43 | INFO  |   Vol prefix: VIX
09:05:43 | INFO  |   Downloading ^TNX OHLC...
09:05:43 | INFO  |     Downloaded 2388 days (2017-01-03 to 2026-07-07)
09:05:43 | INFO  |   Downloading ^VIX volatility...
09:05:44 | INFO  |     Downloaded 2390 days (2017-01-03 to 2026-07-07)
09:05:44 | WARNING |   ⚠️  28 trading days missing from original CSV
09:05:44 | INFO  |   ✓ Enrichment complete: 2388 rows
09:05:44 | INFO  |   ✅ Saved: UST10Y_enriched.csv (2388 rows)
09:05:44 | WARNING |   ⚠️  28 rows need manual update
09:05:44 | INFO  | 
──────────────────────────────────────────────────────────────────────
09:05:44 | INFO  | Enriching: COMPQ
09:05:44 | INFO  | ──────────────────────────────────────────────────────────────────────
09:05:44 | INFO  |   Loaded 2361 rows from COMPQ.csv
09:05:44 | INFO  |   Yahoo ticker: ^IXIC
09:05:44 | INFO  |   OHLC prefix: IXIC
09:05:44 | INFO  |   Vol prefix: VIX
09:05:44 | INFO  |   Downloading ^IXIC OHLC...
09:05:44 | INFO  |     Downloaded 2388 days (2017-01-03 to 2026-07-06)
09:05:44 | INFO  |   Downloading ^VIX volatility...
09:05:44 | INFO  |     Downloaded 2390 days (2017-01-03 to 2026-07-07)
09:05:44 | WARNING |   ⚠️  28 trading days missing from original CSV
09:05:44 | INFO  |   ✓ Enrichment complete: 2388 rows
09:05:44 | INFO  |   ✅ Saved: COMPQ_enriched.csv (2388 rows)
09:05:44 | WARNING |   ⚠️  28 rows need manual update
09:05:44 | INFO  | 
──────────────────────────────────────────────────────────────────────
09:05:44 | INFO  | Enriching: RUT
09:05:44 | INFO  | ──────────────────────────────────────────────────────────────────────
09:05:44 | INFO  |   Loaded 2360 rows from RUT.csv
09:05:44 | INFO  |   Yahoo ticker: ^RUT
09:05:44 | INFO  |   OHLC prefix: RUT
09:05:44 | INFO  |   Vol prefix: VIX
09:05:44 | INFO  |   Downloading ^RUT OHLC...
09:05:45 | INFO  |     Downloaded 2388 days (2017-01-03 to 2026-07-06)
09:05:45 | INFO  |   Downloading ^VIX volatility...
09:05:45 | INFO  |     Downloaded 2390 days (2017-01-03 to 2026-07-07)
09:05:45 | WARNING |   ⚠️  29 trading days missing from original CSV
09:05:45 | INFO  |   ✓ Enrichment complete: 2388 rows
09:05:45 | INFO  |   ✅ Saved: RUT_enriched.csv (2388 rows)
09:05:45 | WARNING |   ⚠️  29 rows need manual update
09:05:45 | INFO  | 
──────────────────────────────────────────────────────────────────────
09:05:45 | INFO  | Enriching: VIX
09:05:45 | INFO  | ──────────────────────────────────────────────────────────────────────
09:05:45 | INFO  |   Loaded 2361 rows from VIX.csv
09:05:45 | INFO  |   Yahoo ticker: ^VIX
09:05:45 | INFO  |   OHLC prefix: VIX
09:05:45 | INFO  |   Vol prefix: VIXI
09:05:45 | INFO  |   Downloading ^VIX OHLC...
09:05:45 | INFO  |     Downloaded 2390 days (2017-01-03 to 2026-07-07)
09:05:45 | INFO  |   Downloading ^VIX volatility...
09:05:46 | INFO  |     Downloaded 2390 days (2017-01-03 to 2026-07-07)
09:05:46 | WARNING |   ⚠️  29 trading days missing from original CSV
09:05:46 | INFO  |   ✓ Enrichment complete: 2390 rows
09:05:46 | INFO  |   ✅ Saved: VIX_enriched.csv (2390 rows)
09:05:46 | WARNING |   ⚠️  29 rows need manual update
09:05:46 | INFO  | 
──────────────────────────────────────────────────────────────────────
09:05:46 | INFO  | Enriching: USD
09:05:46 | INFO  | ──────────────────────────────────────────────────────────────────────
09:05:46 | INFO  |   Loaded 2361 rows from USD.csv
09:05:46 | INFO  |   Yahoo ticker: DX-Y.NYB
09:05:46 | INFO  |   OHLC prefix: DX
09:05:46 | INFO  |   Vol prefix: VIX
09:05:46 | INFO  |   Downloading DX-Y.NYB OHLC...
09:05:46 | INFO  |     Downloaded 2391 days (2017-01-03 to 2026-07-07)
09:05:46 | INFO  |   Downloading ^VIX volatility...
09:05:46 | INFO  |     Downloaded 2390 days (2017-01-03 to 2026-07-07)
09:05:46 | WARNING |   ⚠️  30 trading days missing from original CSV
09:05:46 | INFO  |   ✓ Enrichment complete: 2391 rows
09:05:46 | INFO  |   ✅ Saved: USD_enriched.csv (2391 rows)
09:05:46 | WARNING |   ⚠️  30 rows need manual update
09:05:46 | INFO  | 
──────────────────────────────────────────────────────────────────────
09:05:46 | INFO  | Enriching: AAPL
09:05:46 | INFO  | ──────────────────────────────────────────────────────────────────────
09:05:46 | INFO  |   Loaded 2359 rows from AAPL.csv
09:05:46 | INFO  |   Yahoo ticker: AAPL
09:05:46 | INFO  |   OHLC prefix: AAPL
09:05:46 | INFO  |   Vol prefix: VIX
09:05:46 | INFO  |   Downloading AAPL OHLC...
09:05:47 | INFO  |     Downloaded 2388 days (2017-01-03 to 2026-07-06)
09:05:47 | INFO  |   Downloading ^VIX volatility...
09:05:47 | INFO  |     Downloaded 2390 days (2017-01-03 to 2026-07-07)
09:05:47 | WARNING |   ⚠️  30 trading days missing from original CSV
09:05:47 | INFO  |   ✓ Enrichment complete: 2388 rows
09:05:47 | INFO  |   ✅ Saved: AAPL_enriched.csv (2388 rows)
09:05:47 | WARNING |   ⚠️  30 rows need manual update
09:05:47 | INFO  | 
──────────────────────────────────────────────────────────────────────
09:05:47 | INFO  | Enriching: BITCOIN
09:05:47 | INFO  | ──────────────────────────────────────────────────────────────────────
09:05:47 | INFO  |   Loaded 730 rows from BITCOIN.csv
09:05:47 | INFO  |   ⚠️  Row count changed (3473 → 730) - re-enriching
09:05:47 | INFO  |   Yahoo ticker: BTC-USD
09:05:47 | INFO  |   OHLC prefix: BTC
09:05:47 | INFO  |   Vol prefix: VIX
09:05:47 | INFO  |   Downloading BTC-USD OHLC...
09:05:47 | INFO  |     Downloaded 3474 days (2017-01-02 to 2026-07-07)
09:05:47 | INFO  |   Downloading ^VIX volatility...
09:05:47 | INFO  |     Downloaded 2390 days (2017-01-03 to 2026-07-07)
09:05:47 | WARNING |   ⚠️  2744 trading days missing from original CSV
09:05:47 | INFO  |   ✓ Enrichment complete: 3474 rows
09:05:47 | INFO  |   ✅ Saved: BITCOIN_enriched.csv (3474 rows)
09:05:47 | WARNING |   ⚠️  2744 rows need manual update
09:05:47 | INFO  | 
======================================================================
09:05:47 | INFO  | ✅ Enrichment complete:
09:05:47 | INFO  |    Success: 9
09:05:47 | INFO  |    Skipped (up-to-date): 0
09:05:47 | INFO  |    Errors:  0
09:05:47 | INFO  | ======================================================================
09:05:47 | INFO  | 
======================================================================
09:05:47 | INFO  | ✅ PIPELINE COMPLETE
09:05:47 | INFO  | ======================================================================
