08:23:58 | INFO  | ======================================================================
08:23:58 | INFO  | ETL PIPELINE START
08:23:58 | INFO  | ======================================================================
08:23:58 | INFO  | 
📋 PIPELINE PLAN:
08:23:58 | INFO  |    HTML Files: 7 new / 7 total
08:23:58 | INFO  |    Master needs propagation: False
08:23:58 | INFO  | 
======================================================================
08:23:58 | INFO  | STAGE 1: HTML PARSING
08:23:58 | INFO  | ======================================================================
08:23:58 | INFO  | 
Processing: JUNE 5, 2026.html
08:23:58 | INFO  |   ✅ Saved: RR_06-05-2026.csv (37 rows)
08:23:58 | INFO  | 
Processing: JUNE 8, 2026.html
08:23:58 | INFO  |   ✅ Saved: RR_06-08-2026.csv (37 rows)
08:23:58 | INFO  | 
Processing: JUNE 4, 2026.html
08:23:58 | INFO  |   ✅ Saved: RR_06-04-2026.csv (37 rows)
08:23:58 | INFO  | 
Processing: JUNE 12, 2026.html
08:23:58 | INFO  |   ✅ Saved: RR_06-12-2026.csv (36 rows)
08:23:58 | INFO  | 
Processing: JUNE 11, 2026.html
08:23:58 | INFO  |   ✅ Saved: RR_06-11-2026.csv (36 rows)
08:23:58 | INFO  | 
Processing: JUNE 9, 2026.html
08:23:58 | INFO  |   ✅ Saved: RR_06-09-2026.csv (36 rows)
08:23:58 | INFO  | 
Processing: JUNE 10, 2026.html
08:23:58 | INFO  |   ✅ Saved: RR_06-10-2026.csv (36 rows)
08:23:58 | INFO  | 
✅ HTML parsing complete: 7 success, 0 errors
08:23:58 | INFO  | 
======================================================================
08:23:58 | INFO  | STAGE 2: MASTER AGGREGATION
08:23:58 | INFO  | ======================================================================
08:23:58 | INFO  | ✅ Backed up master to: risk_ranges_master_backup_20260612_082358.csv
08:23:59 | INFO  | Loaded existing master: 73,161 rows
08:23:59 | INFO  |   Loaded: RR_06-05-2026.csv (37 rows)
08:23:59 | INFO  |   Loaded: RR_06-08-2026.csv (37 rows)
08:23:59 | INFO  |   Loaded: RR_06-04-2026.csv (37 rows)
08:23:59 | INFO  |   Loaded: RR_06-12-2026.csv (36 rows)
08:23:59 | INFO  |   Loaded: RR_06-11-2026.csv (36 rows)
08:23:59 | INFO  |   Loaded: RR_06-09-2026.csv (36 rows)
08:23:59 | INFO  |   Loaded: RR_06-10-2026.csv (36 rows)
08:23:59 | INFO  | Combined new data: 255 rows
08:23:59 | INFO  | Removed 219 duplicate entries
08:23:59 | INFO  | ✅ Saved master CSV: 73,197 total rows
08:23:59 | INFO  |    Date range: 2017-01-03 to 2026-06-12
08:23:59 | INFO  | 
======================================================================
08:23:59 | INFO  | STAGE 3: TICKER SUBSETTING
08:23:59 | INFO  | ======================================================================
08:23:59 | INFO  | Loaded master: 73,197 rows
08:23:59 | INFO  | Creating subsets for 9 tickers
08:23:59 | INFO  |   ✅ UST10Y: 2346 rows | 2017-01-03 to 2026-06-12
08:23:59 | INFO  |   ✅ SPX: 2346 rows | 2017-01-03 to 2026-06-12
08:23:59 | INFO  |   ✅ COMPQ: 2346 rows | 2017-01-03 to 2026-06-12
08:23:59 | INFO  |   ✅ RUT: 2345 rows | 2017-01-03 to 2026-06-12
08:23:59 | INFO  |   ✅ VIX: 2346 rows | 2017-01-03 to 2026-06-12
08:23:59 | INFO  |   ✅ USD: 2346 rows | 2017-01-03 to 2026-06-12
08:23:59 | INFO  |   ✅ GOLD: 2344 rows | 2017-01-03 to 2026-06-12
08:23:59 | INFO  |   ✅ AAPL: 2344 rows | 2017-01-03 to 2026-06-12
08:23:59 | INFO  |   ✅ BITCOIN: 715 rows | 2023-08-01 to 2026-06-12
08:23:59 | INFO  | ✅ Ticker subsetting complete
08:23:59 | INFO  | 
======================================================================
08:23:59 | INFO  | STAGE 4: ENRICHMENT
08:23:59 | INFO  | ======================================================================
08:23:59 | INFO  | Enriching 9 tickers
08:23:59 | INFO  | 
──────────────────────────────────────────────────────────────────────
08:23:59 | INFO  | Enriching: SPX
08:23:59 | INFO  | ──────────────────────────────────────────────────────────────────────
08:23:59 | INFO  |   Loaded 2346 rows from SPX.csv
08:23:59 | INFO  |   Yahoo ticker: ^GSPC
08:23:59 | INFO  |   OHLC prefix: GSPC
08:23:59 | INFO  |   Vol prefix: VIX
08:23:59 | INFO  |   Downloading ^GSPC OHLC...
08:24:00 | INFO  |     Downloaded 2373 days (2017-01-03 to 2026-06-11)
08:24:00 | INFO  |   Downloading ^VIX volatility...
08:24:00 | INFO  |     Downloaded 2375 days (2017-01-03 to 2026-06-12)
08:24:00 | WARNING |   ⚠️  28 trading days missing from original CSV
08:24:00 | INFO  |   ✓ Enrichment complete: 2373 rows
08:24:00 | INFO  |   ✅ Saved: SPX_enriched.csv (2373 rows)
08:24:00 | WARNING |   ⚠️  28 rows need manual update
08:24:00 | INFO  | 
──────────────────────────────────────────────────────────────────────
08:24:00 | INFO  | Enriching: GOLD
08:24:00 | INFO  | ──────────────────────────────────────────────────────────────────────
08:24:00 | INFO  |   Loaded 2344 rows from GOLD.csv
08:24:00 | INFO  |   Yahoo ticker: GC=F
08:24:00 | INFO  |   OHLC prefix: GC
08:24:00 | INFO  |   Vol prefix: GVZ
08:24:00 | INFO  |   Downloading GC=F OHLC...
08:24:01 | INFO  |     Downloaded 2375 days (2017-01-03 to 2026-06-12)
08:24:01 | INFO  |   Downloading ^GVZ volatility...
08:24:01 | INFO  |     Downloaded 2373 days (2017-01-03 to 2026-06-11)
08:24:01 | WARNING |   ⚠️  32 trading days missing from original CSV
08:24:01 | INFO  |   ✓ Enrichment complete: 2375 rows
08:24:01 | INFO  |   ✅ Saved: GOLD_enriched.csv (2375 rows)
08:24:01 | WARNING |   ⚠️  32 rows need manual update
08:24:01 | INFO  | 
──────────────────────────────────────────────────────────────────────
08:24:01 | INFO  | Enriching: UST10Y
08:24:01 | INFO  | ──────────────────────────────────────────────────────────────────────
08:24:01 | INFO  |   Loaded 2346 rows from UST10Y.csv
08:24:01 | INFO  |   Yahoo ticker: ^TNX
08:24:01 | INFO  |   OHLC prefix: TNX
08:24:01 | INFO  |   Vol prefix: VIX
08:24:01 | INFO  |   Downloading ^TNX OHLC...
08:24:01 | INFO  |     Downloaded 2373 days (2017-01-03 to 2026-06-11)
08:24:01 | INFO  |   Downloading ^VIX volatility...
08:24:01 | INFO  |     Downloaded 2375 days (2017-01-03 to 2026-06-12)
08:24:01 | WARNING |   ⚠️  28 trading days missing from original CSV
08:24:01 | INFO  |   ✓ Enrichment complete: 2373 rows
08:24:01 | INFO  |   ✅ Saved: UST10Y_enriched.csv (2373 rows)
08:24:01 | WARNING |   ⚠️  28 rows need manual update
08:24:01 | INFO  | 
──────────────────────────────────────────────────────────────────────
08:24:01 | INFO  | Enriching: COMPQ
08:24:01 | INFO  | ──────────────────────────────────────────────────────────────────────
08:24:01 | INFO  |   Loaded 2346 rows from COMPQ.csv
08:24:01 | INFO  |   Yahoo ticker: ^IXIC
08:24:01 | INFO  |   OHLC prefix: IXIC
08:24:01 | INFO  |   Vol prefix: VIX
08:24:01 | INFO  |   Downloading ^IXIC OHLC...
08:24:02 | INFO  |     Downloaded 2373 days (2017-01-03 to 2026-06-11)
08:24:02 | INFO  |   Downloading ^VIX volatility...
08:24:02 | INFO  |     Downloaded 2375 days (2017-01-03 to 2026-06-12)
08:24:02 | WARNING |   ⚠️  28 trading days missing from original CSV
08:24:02 | INFO  |   ✓ Enrichment complete: 2373 rows
08:24:02 | INFO  |   ✅ Saved: COMPQ_enriched.csv (2373 rows)
08:24:02 | WARNING |   ⚠️  28 rows need manual update
08:24:02 | INFO  | 
──────────────────────────────────────────────────────────────────────
08:24:02 | INFO  | Enriching: RUT
08:24:02 | INFO  | ──────────────────────────────────────────────────────────────────────
08:24:02 | INFO  |   Loaded 2345 rows from RUT.csv
08:24:02 | INFO  |   Yahoo ticker: ^RUT
08:24:02 | INFO  |   OHLC prefix: RUT
08:24:02 | INFO  |   Vol prefix: VIX
08:24:02 | INFO  |   Downloading ^RUT OHLC...
08:24:02 | INFO  |     Downloaded 2373 days (2017-01-03 to 2026-06-11)
08:24:02 | INFO  |   Downloading ^VIX volatility...
08:24:02 | INFO  |     Downloaded 2375 days (2017-01-03 to 2026-06-12)
08:24:02 | WARNING |   ⚠️  29 trading days missing from original CSV
08:24:02 | INFO  |   ✓ Enrichment complete: 2373 rows
08:24:02 | INFO  |   ✅ Saved: RUT_enriched.csv (2373 rows)
08:24:02 | WARNING |   ⚠️  29 rows need manual update
08:24:02 | INFO  | 
──────────────────────────────────────────────────────────────────────
08:24:02 | INFO  | Enriching: VIX
08:24:02 | INFO  | ──────────────────────────────────────────────────────────────────────
08:24:02 | INFO  |   Loaded 2346 rows from VIX.csv
08:24:02 | INFO  |   Yahoo ticker: ^VIX
08:24:02 | INFO  |   OHLC prefix: VIX
08:24:02 | INFO  |   Vol prefix: VIXI
08:24:02 | INFO  |   Downloading ^VIX OHLC...
08:24:02 | INFO  |     Downloaded 2375 days (2017-01-03 to 2026-06-12)
08:24:02 | INFO  |   Downloading ^VIX volatility...
08:24:03 | INFO  |     Downloaded 2375 days (2017-01-03 to 2026-06-12)
08:24:03 | WARNING |   ⚠️  29 trading days missing from original CSV
08:24:03 | INFO  |   ✓ Enrichment complete: 2375 rows
08:24:03 | INFO  |   ✅ Saved: VIX_enriched.csv (2375 rows)
08:24:03 | WARNING |   ⚠️  29 rows need manual update
08:24:03 | INFO  | 
──────────────────────────────────────────────────────────────────────
08:24:03 | INFO  | Enriching: USD
08:24:03 | INFO  | ──────────────────────────────────────────────────────────────────────
08:24:03 | INFO  |   Loaded 2346 rows from USD.csv
08:24:03 | INFO  |   Yahoo ticker: DX-Y.NYB
08:24:03 | INFO  |   OHLC prefix: DX
08:24:03 | INFO  |   Vol prefix: VIX
08:24:03 | INFO  |   Downloading DX-Y.NYB OHLC...
08:24:03 | INFO  |     Downloaded 2376 days (2017-01-03 to 2026-06-12)
08:24:03 | INFO  |   Downloading ^VIX volatility...
08:24:03 | INFO  |     Downloaded 2375 days (2017-01-03 to 2026-06-12)
08:24:03 | WARNING |   ⚠️  30 trading days missing from original CSV
08:24:03 | INFO  |   ✓ Enrichment complete: 2376 rows
08:24:03 | INFO  |   ✅ Saved: USD_enriched.csv (2376 rows)
08:24:03 | WARNING |   ⚠️  30 rows need manual update
08:24:03 | INFO  | 
──────────────────────────────────────────────────────────────────────
08:24:03 | INFO  | Enriching: AAPL
08:24:03 | INFO  | ──────────────────────────────────────────────────────────────────────
08:24:03 | INFO  |   Loaded 2344 rows from AAPL.csv
08:24:03 | INFO  |   Yahoo ticker: AAPL
08:24:03 | INFO  |   OHLC prefix: AAPL
08:24:03 | INFO  |   Vol prefix: VIX
08:24:03 | INFO  |   Downloading AAPL OHLC...
08:24:03 | INFO  |     Downloaded 2373 days (2017-01-03 to 2026-06-11)
08:24:03 | INFO  |   Downloading ^VIX volatility...
08:24:04 | INFO  |     Downloaded 2375 days (2017-01-03 to 2026-06-12)
08:24:04 | WARNING |   ⚠️  30 trading days missing from original CSV
08:24:04 | INFO  |   ✓ Enrichment complete: 2373 rows
08:24:04 | INFO  |   ✅ Saved: AAPL_enriched.csv (2373 rows)
08:24:04 | WARNING |   ⚠️  30 rows need manual update
08:24:04 | INFO  | 
──────────────────────────────────────────────────────────────────────
08:24:04 | INFO  | Enriching: BITCOIN
08:24:04 | INFO  | ──────────────────────────────────────────────────────────────────────
08:24:04 | INFO  |   Loaded 715 rows from BITCOIN.csv
08:24:04 | INFO  |   ⚠️  Row count changed (3448 → 715) - re-enriching
08:24:04 | INFO  |   Yahoo ticker: BTC-USD
08:24:04 | INFO  |   OHLC prefix: BTC
08:24:04 | INFO  |   Vol prefix: VIX
08:24:04 | INFO  |   Downloading BTC-USD OHLC...
08:24:04 | INFO  |     Downloaded 3449 days (2017-01-02 to 2026-06-12)
08:24:04 | INFO  |   Downloading ^VIX volatility...
08:24:04 | INFO  |     Downloaded 2375 days (2017-01-03 to 2026-06-12)
08:24:04 | WARNING |   ⚠️  2734 trading days missing from original CSV
08:24:04 | INFO  |   ✓ Enrichment complete: 3449 rows
08:24:04 | INFO  |   ✅ Saved: BITCOIN_enriched.csv (3449 rows)
08:24:04 | WARNING |   ⚠️  2734 rows need manual update
08:24:04 | INFO  | 
======================================================================
08:24:04 | INFO  | ✅ Enrichment complete:
08:24:04 | INFO  |    Success: 9
08:24:04 | INFO  |    Skipped (up-to-date): 0
08:24:04 | INFO  |    Errors:  0
08:24:04 | INFO  | ======================================================================
08:24:04 | INFO  | 
======================================================================
08:24:04 | INFO  | ✅ PIPELINE COMPLETE
08:24:04 | INFO  | ======================================================================
