09:23:15 | INFO  | ======================================================================
09:23:15 | INFO  | ETL PIPELINE START
09:23:15 | INFO  | ======================================================================
09:23:15 | INFO  | 
📋 PIPELINE PLAN:
09:23:15 | INFO  |    HTML Files: 21 new / 21 total
09:23:15 | INFO  |    Master needs propagation: False
09:23:15 | INFO  | 
======================================================================
09:23:15 | INFO  | STAGE 1: HTML PARSING
09:23:15 | INFO  | ======================================================================
09:23:15 | INFO  | 
Processing: JUNE 22, 2026.html
09:23:15 | INFO  |   ✅ Saved: RR_06-22-2026.csv (37 rows)
09:23:15 | INFO  | 
Processing: JUNE 23, 2026.html
09:23:16 | INFO  |   ✅ Saved: RR_06-23-2026.csv (37 rows)
09:23:16 | INFO  | 
Processing: JUNE 26, 2026.html
09:23:16 | INFO  |   ✅ Saved: RR_06-26-2026.csv (38 rows)
09:23:16 | INFO  | 
Processing: JUNE 5, 2026.html
09:23:16 | INFO  |   ✅ Saved: RR_06-05-2026.csv (37 rows)
09:23:16 | INFO  | 
Processing: JUNE 30, 2026.html
09:23:16 | INFO  |   ✅ Saved: RR_06-30-2026.csv (38 rows)
09:23:16 | INFO  | 
Processing: JUNE 8, 2026.html
09:23:16 | INFO  |   ✅ Saved: RR_06-08-2026.csv (37 rows)
09:23:16 | INFO  | 
Processing: JUNE 15, 2026.html
09:23:16 | INFO  |   ✅ Saved: RR_06-15-2026.csv (36 rows)
09:23:16 | INFO  | 
Processing: JUNE 4, 2026.html
09:23:16 | INFO  |   ✅ Saved: RR_06-04-2026.csv (37 rows)
09:23:16 | INFO  | 
Processing: JUNE 12, 2026.html
09:23:16 | INFO  |   ✅ Saved: RR_06-12-2026.csv (36 rows)
09:23:16 | INFO  | 
Processing: JUNE 11, 2026.html
09:23:16 | INFO  |   ✅ Saved: RR_06-11-2026.csv (36 rows)
09:23:16 | INFO  | 
Processing: JUNE 29, 2026.html
09:23:17 | INFO  |   ✅ Saved: RR_06-29-2026.csv (38 rows)
09:23:17 | INFO  | 
Processing: JULY 2, 2026.html
09:23:17 | INFO  |   ✅ Saved: RR_07-02-2026.csv (38 rows)
09:23:17 | INFO  | 
Processing: JUNE 9, 2026.html
09:23:17 | INFO  |   ✅ Saved: RR_06-09-2026.csv (36 rows)
09:23:17 | INFO  | 
Processing: JUNE 16, 2026.html
09:23:17 | INFO  |   ✅ Saved: RR_06-16-2026.csv (36 rows)
09:23:17 | INFO  | 
Processing: JUNE 10, 2026.html
09:23:17 | INFO  |   ✅ Saved: RR_06-10-2026.csv (36 rows)
09:23:17 | INFO  | 
Processing: JUNE 17, 2026.html
09:23:17 | INFO  |   ✅ Saved: RR_06-17-2026.csv (36 rows)
09:23:17 | INFO  | 
Processing: JULY 6, 2026.html
09:23:17 | INFO  |   ✅ Saved: RR_07-06-2026.csv (37 rows)
09:23:17 | INFO  | 
Processing: JULY 1, 2026.html
09:23:17 | INFO  |   ✅ Saved: RR_07-01-2026.csv (38 rows)
09:23:17 | INFO  | 
Processing: JUNE 25, 2026.html
09:23:17 | INFO  |   ✅ Saved: RR_06-25-2026.csv (38 rows)
09:23:17 | INFO  | 
Processing: JUNE 18, 2026.html
09:23:17 | INFO  |   ✅ Saved: RR_06-18-2026.csv (37 rows)
09:23:17 | INFO  | 
Processing: JUNE 24, 2026.html
09:23:18 | INFO  |   ✅ Saved: RR_06-24-2026.csv (37 rows)
09:23:18 | INFO  | 
✅ HTML parsing complete: 21 success, 0 errors
09:23:18 | INFO  | 
======================================================================
09:23:18 | INFO  | STAGE 2: MASTER AGGREGATION
09:23:18 | INFO  | ======================================================================
09:23:18 | INFO  | ✅ Backed up master to: risk_ranges_master_backup_20260706_092318.csv
09:23:18 | INFO  | Loaded existing master: 73,681 rows
09:23:18 | INFO  |   Loaded: RR_06-22-2026.csv (37 rows)
09:23:18 | INFO  |   Loaded: RR_06-23-2026.csv (37 rows)
09:23:18 | INFO  |   Loaded: RR_06-26-2026.csv (38 rows)
09:23:18 | INFO  |   Loaded: RR_06-05-2026.csv (37 rows)
09:23:18 | INFO  |   Loaded: RR_06-30-2026.csv (38 rows)
09:23:18 | INFO  |   Loaded: RR_06-08-2026.csv (37 rows)
09:23:18 | INFO  |   Loaded: RR_06-15-2026.csv (36 rows)
09:23:18 | INFO  |   Loaded: RR_06-04-2026.csv (37 rows)
09:23:18 | INFO  |   Loaded: RR_06-12-2026.csv (36 rows)
09:23:18 | INFO  |   Loaded: RR_06-11-2026.csv (36 rows)
09:23:18 | INFO  |   Loaded: RR_06-29-2026.csv (38 rows)
09:23:18 | INFO  |   Loaded: RR_07-02-2026.csv (38 rows)
09:23:18 | INFO  |   Loaded: RR_06-09-2026.csv (36 rows)
09:23:18 | INFO  |   Loaded: RR_06-16-2026.csv (36 rows)
09:23:18 | INFO  |   Loaded: RR_06-10-2026.csv (36 rows)
09:23:18 | INFO  |   Loaded: RR_06-17-2026.csv (36 rows)
09:23:18 | INFO  |   Loaded: RR_07-06-2026.csv (37 rows)
09:23:18 | INFO  |   Loaded: RR_07-01-2026.csv (38 rows)
09:23:18 | INFO  |   Loaded: RR_06-25-2026.csv (38 rows)
09:23:18 | INFO  |   Loaded: RR_06-18-2026.csv (37 rows)
09:23:18 | INFO  |   Loaded: RR_06-24-2026.csv (37 rows)
09:23:18 | INFO  | Combined new data: 776 rows
09:23:18 | INFO  | Removed 739 duplicate entries
09:23:18 | INFO  | ✅ Saved master CSV: 73,718 total rows
09:23:18 | INFO  |    Date range: 2017-01-03 to 2026-07-06
09:23:18 | INFO  | 
======================================================================
09:23:18 | INFO  | STAGE 3: TICKER SUBSETTING
09:23:18 | INFO  | ======================================================================
09:23:18 | INFO  | Loaded master: 73,718 rows
09:23:18 | INFO  | Creating subsets for 9 tickers
09:23:18 | INFO  |   ✅ UST10Y: 2360 rows | 2017-01-03 to 2026-07-06
09:23:18 | INFO  |   ✅ SPX: 2360 rows | 2017-01-03 to 2026-07-06
09:23:18 | INFO  |   ✅ COMPQ: 2360 rows | 2017-01-03 to 2026-07-06
09:23:18 | INFO  |   ✅ RUT: 2359 rows | 2017-01-03 to 2026-07-06
09:23:18 | INFO  |   ✅ VIX: 2360 rows | 2017-01-03 to 2026-07-06
09:23:18 | INFO  |   ✅ USD: 2360 rows | 2017-01-03 to 2026-07-06
09:23:18 | INFO  |   ✅ GOLD: 2358 rows | 2017-01-03 to 2026-07-06
09:23:18 | INFO  |   ✅ AAPL: 2358 rows | 2017-01-03 to 2026-07-06
09:23:18 | INFO  |   ✅ BITCOIN: 729 rows | 2023-08-01 to 2026-07-06
09:23:18 | INFO  | ✅ Ticker subsetting complete
09:23:18 | INFO  | 
======================================================================
09:23:18 | INFO  | STAGE 4: ENRICHMENT
09:23:18 | INFO  | ======================================================================
09:23:18 | INFO  | Enriching 9 tickers
09:23:18 | INFO  | 
──────────────────────────────────────────────────────────────────────
09:23:18 | INFO  | Enriching: SPX
09:23:18 | INFO  | ──────────────────────────────────────────────────────────────────────
09:23:18 | INFO  |   Loaded 2360 rows from SPX.csv
09:23:18 | INFO  |   Yahoo ticker: ^GSPC
09:23:18 | INFO  |   OHLC prefix: GSPC
09:23:18 | INFO  |   Vol prefix: VIX
09:23:18 | INFO  |   Downloading ^GSPC OHLC...
09:23:19 | INFO  |     Downloaded 2387 days (2017-01-03 to 2026-07-02)
09:23:19 | INFO  |   Downloading ^VIX volatility...
09:23:19 | INFO  |     Downloaded 2389 days (2017-01-03 to 2026-07-06)
09:23:19 | WARNING |   ⚠️  28 trading days missing from original CSV
09:23:19 | INFO  |   ✓ Enrichment complete: 2387 rows
09:23:19 | INFO  |   ✅ Saved: SPX_enriched.csv (2387 rows)
09:23:19 | WARNING |   ⚠️  28 rows need manual update
09:23:19 | INFO  | 
──────────────────────────────────────────────────────────────────────
09:23:19 | INFO  | Enriching: GOLD
09:23:19 | INFO  | ──────────────────────────────────────────────────────────────────────
09:23:20 | INFO  |   Loaded 2358 rows from GOLD.csv
09:23:20 | INFO  |   Yahoo ticker: GC=F
09:23:20 | INFO  |   OHLC prefix: GC
09:23:20 | INFO  |   Vol prefix: GVZ
09:23:20 | INFO  |   Downloading GC=F OHLC...
09:23:20 | INFO  |     Downloaded 2389 days (2017-01-03 to 2026-07-06)
09:23:20 | INFO  |   Downloading ^GVZ volatility...
09:23:20 | INFO  |     Downloaded 2387 days (2017-01-03 to 2026-07-02)
09:23:20 | WARNING |   ⚠️  32 trading days missing from original CSV
09:23:20 | INFO  |   ✓ Enrichment complete: 2389 rows
09:23:20 | INFO  |   ✅ Saved: GOLD_enriched.csv (2389 rows)
09:23:20 | WARNING |   ⚠️  32 rows need manual update
09:23:20 | INFO  | 
──────────────────────────────────────────────────────────────────────
09:23:20 | INFO  | Enriching: UST10Y
09:23:20 | INFO  | ──────────────────────────────────────────────────────────────────────
09:23:20 | INFO  |   Loaded 2360 rows from UST10Y.csv
09:23:20 | INFO  |   Yahoo ticker: ^TNX
09:23:20 | INFO  |   OHLC prefix: TNX
09:23:20 | INFO  |   Vol prefix: VIX
09:23:20 | INFO  |   Downloading ^TNX OHLC...
09:23:21 | INFO  |     Downloaded 2388 days (2017-01-03 to 2026-07-06)
09:23:21 | INFO  |   Downloading ^VIX volatility...
09:23:21 | INFO  |     Downloaded 2389 days (2017-01-03 to 2026-07-06)
09:23:21 | WARNING |   ⚠️  28 trading days missing from original CSV
09:23:21 | INFO  |   ✓ Enrichment complete: 2388 rows
09:23:21 | INFO  |   ✅ Saved: UST10Y_enriched.csv (2388 rows)
09:23:21 | WARNING |   ⚠️  28 rows need manual update
09:23:21 | INFO  | 
──────────────────────────────────────────────────────────────────────
09:23:21 | INFO  | Enriching: COMPQ
09:23:21 | INFO  | ──────────────────────────────────────────────────────────────────────
09:23:21 | INFO  |   Loaded 2360 rows from COMPQ.csv
09:23:21 | INFO  |   Yahoo ticker: ^IXIC
09:23:21 | INFO  |   OHLC prefix: IXIC
09:23:21 | INFO  |   Vol prefix: VIX
09:23:21 | INFO  |   Downloading ^IXIC OHLC...
09:23:22 | INFO  |     Downloaded 2387 days (2017-01-03 to 2026-07-02)
09:23:22 | INFO  |   Downloading ^VIX volatility...
09:23:22 | INFO  |     Downloaded 2389 days (2017-01-03 to 2026-07-06)
09:23:22 | WARNING |   ⚠️  28 trading days missing from original CSV
09:23:22 | INFO  |   ✓ Enrichment complete: 2387 rows
09:23:22 | INFO  |   ✅ Saved: COMPQ_enriched.csv (2387 rows)
09:23:22 | WARNING |   ⚠️  28 rows need manual update
09:23:22 | INFO  | 
──────────────────────────────────────────────────────────────────────
09:23:22 | INFO  | Enriching: RUT
09:23:22 | INFO  | ──────────────────────────────────────────────────────────────────────
09:23:22 | INFO  |   Loaded 2359 rows from RUT.csv
09:23:22 | INFO  |   Yahoo ticker: ^RUT
09:23:22 | INFO  |   OHLC prefix: RUT
09:23:22 | INFO  |   Vol prefix: VIX
09:23:22 | INFO  |   Downloading ^RUT OHLC...
09:23:22 | INFO  |     Downloaded 2387 days (2017-01-03 to 2026-07-02)
09:23:22 | INFO  |   Downloading ^VIX volatility...
09:23:22 | INFO  |     Downloaded 2389 days (2017-01-03 to 2026-07-06)
09:23:22 | WARNING |   ⚠️  29 trading days missing from original CSV
09:23:22 | INFO  |   ✓ Enrichment complete: 2387 rows
09:23:22 | INFO  |   ✅ Saved: RUT_enriched.csv (2387 rows)
09:23:22 | WARNING |   ⚠️  29 rows need manual update
09:23:22 | INFO  | 
──────────────────────────────────────────────────────────────────────
09:23:22 | INFO  | Enriching: VIX
09:23:22 | INFO  | ──────────────────────────────────────────────────────────────────────
09:23:22 | INFO  |   Loaded 2360 rows from VIX.csv
09:23:22 | INFO  |   Yahoo ticker: ^VIX
09:23:22 | INFO  |   OHLC prefix: VIX
09:23:22 | INFO  |   Vol prefix: VIXI
09:23:22 | INFO  |   Downloading ^VIX OHLC...
09:23:23 | INFO  |     Downloaded 2389 days (2017-01-03 to 2026-07-06)
09:23:23 | INFO  |   Downloading ^VIX volatility...
09:23:23 | INFO  |     Downloaded 2389 days (2017-01-03 to 2026-07-06)
09:23:23 | WARNING |   ⚠️  29 trading days missing from original CSV
09:23:23 | INFO  |   ✓ Enrichment complete: 2389 rows
09:23:23 | INFO  |   ✅ Saved: VIX_enriched.csv (2389 rows)
09:23:23 | WARNING |   ⚠️  29 rows need manual update
09:23:23 | INFO  | 
──────────────────────────────────────────────────────────────────────
09:23:23 | INFO  | Enriching: USD
09:23:23 | INFO  | ──────────────────────────────────────────────────────────────────────
09:23:23 | INFO  |   Loaded 2360 rows from USD.csv
09:23:23 | INFO  |   Yahoo ticker: DX-Y.NYB
09:23:23 | INFO  |   OHLC prefix: DX
09:23:23 | INFO  |   Vol prefix: VIX
09:23:23 | INFO  |   Downloading DX-Y.NYB OHLC...
09:23:23 | INFO  |     Downloaded 2390 days (2017-01-03 to 2026-07-06)
09:23:23 | INFO  |   Downloading ^VIX volatility...
09:23:24 | INFO  |     Downloaded 2389 days (2017-01-03 to 2026-07-06)
09:23:24 | WARNING |   ⚠️  30 trading days missing from original CSV
09:23:24 | INFO  |   ✓ Enrichment complete: 2390 rows
09:23:24 | INFO  |   ✅ Saved: USD_enriched.csv (2390 rows)
09:23:24 | WARNING |   ⚠️  30 rows need manual update
09:23:24 | INFO  | 
──────────────────────────────────────────────────────────────────────
09:23:24 | INFO  | Enriching: AAPL
09:23:24 | INFO  | ──────────────────────────────────────────────────────────────────────
09:23:24 | INFO  |   Loaded 2358 rows from AAPL.csv
09:23:24 | INFO  |   Yahoo ticker: AAPL
09:23:24 | INFO  |   OHLC prefix: AAPL
09:23:24 | INFO  |   Vol prefix: VIX
09:23:24 | INFO  |   Downloading AAPL OHLC...
09:23:24 | INFO  |     Downloaded 2387 days (2017-01-03 to 2026-07-02)
09:23:24 | INFO  |   Downloading ^VIX volatility...
09:23:24 | INFO  |     Downloaded 2389 days (2017-01-03 to 2026-07-06)
09:23:24 | WARNING |   ⚠️  30 trading days missing from original CSV
09:23:24 | INFO  |   ✓ Enrichment complete: 2387 rows
09:23:24 | INFO  |   ✅ Saved: AAPL_enriched.csv (2387 rows)
09:23:24 | WARNING |   ⚠️  30 rows need manual update
09:23:24 | INFO  | 
──────────────────────────────────────────────────────────────────────
09:23:24 | INFO  | Enriching: BITCOIN
09:23:24 | INFO  | ──────────────────────────────────────────────────────────────────────
09:23:24 | INFO  |   Loaded 729 rows from BITCOIN.csv
09:23:24 | INFO  |   ⚠️  Row count changed (3470 → 729) - re-enriching
09:23:24 | INFO  |   Yahoo ticker: BTC-USD
09:23:24 | INFO  |   OHLC prefix: BTC
09:23:24 | INFO  |   Vol prefix: VIX
09:23:24 | INFO  |   Downloading BTC-USD OHLC...
09:23:25 | INFO  |     Downloaded 3473 days (2017-01-02 to 2026-07-06)
09:23:25 | INFO  |   Downloading ^VIX volatility...
09:23:25 | INFO  |     Downloaded 2389 days (2017-01-03 to 2026-07-06)
09:23:25 | WARNING |   ⚠️  2744 trading days missing from original CSV
09:23:25 | INFO  |   ✓ Enrichment complete: 3473 rows
09:23:25 | INFO  |   ✅ Saved: BITCOIN_enriched.csv (3473 rows)
09:23:25 | WARNING |   ⚠️  2744 rows need manual update
09:23:25 | INFO  | 
======================================================================
09:23:25 | INFO  | ✅ Enrichment complete:
09:23:25 | INFO  |    Success: 9
09:23:25 | INFO  |    Skipped (up-to-date): 0
09:23:25 | INFO  |    Errors:  0
09:23:25 | INFO  | ======================================================================
09:23:25 | INFO  | 
======================================================================
09:23:25 | INFO  | ✅ PIPELINE COMPLETE
09:23:25 | INFO  | ======================================================================
