13:43:37 | INFO  | ======================================================================
13:43:37 | INFO  | ETL PIPELINE START
13:43:37 | INFO  | ======================================================================
13:43:37 | INFO  | 
📋 PIPELINE PLAN:
13:43:37 | INFO  |    HTML Files: 4 new / 4 total
13:43:37 | INFO  |    Master needs propagation: False
13:43:37 | INFO  | 
======================================================================
13:43:37 | INFO  | STAGE 1: HTML PARSING
13:43:37 | INFO  | ======================================================================
13:43:37 | INFO  | 
Processing: JUNE 5, 2026.html
13:43:37 | INFO  |   ✅ Saved: RR_06-05-2026.csv (37 rows)
13:43:37 | INFO  | 
Processing: JUNE 9, 2026.html
13:43:37 | INFO  |   ✅ Saved: RR_06-09-2026.csv (36 rows)
13:43:37 | INFO  | 
Processing: JUNE 4, 2026.html
13:43:38 | INFO  |   ✅ Saved: RR_06-04-2026.csv (37 rows)
13:43:38 | INFO  | 
Processing: JUNE 8, 2026.html
13:43:38 | INFO  |   ✅ Saved: RR_06-08-2026.csv (37 rows)
13:43:38 | INFO  | 
✅ HTML parsing complete: 4 success, 0 errors
13:43:38 | INFO  | 
======================================================================
13:43:38 | INFO  | STAGE 2: MASTER AGGREGATION
13:43:38 | INFO  | ======================================================================
13:43:38 | INFO  | ✅ Backed up master to: risk_ranges_master_backup_20260609_134338.csv
13:43:38 | INFO  | Loaded existing master: 72,942 rows
13:43:38 | INFO  |   Loaded: RR_06-05-2026.csv (37 rows)
13:43:38 | INFO  |   Loaded: RR_06-09-2026.csv (36 rows)
13:43:38 | INFO  |   Loaded: RR_06-04-2026.csv (37 rows)
13:43:38 | INFO  |   Loaded: RR_06-08-2026.csv (37 rows)
13:43:38 | INFO  | Combined new data: 147 rows
13:43:38 | INFO  | ✅ Saved master CSV: 73,089 total rows
13:43:38 | INFO  |    Date range: 2017-01-03 to 2026-06-09
13:43:38 | INFO  | 
======================================================================
13:43:38 | INFO  | STAGE 3: TICKER SUBSETTING
13:43:38 | INFO  | ======================================================================
13:43:38 | INFO  | Loaded master: 73,089 rows
13:43:38 | INFO  | Creating subsets for 9 tickers
13:43:38 | INFO  |   ✅ UST10Y: 2343 rows | 2017-01-03 to 2026-06-09
13:43:38 | INFO  |   ✅ SPX: 2343 rows | 2017-01-03 to 2026-06-09
13:43:38 | INFO  |   ✅ COMPQ: 2343 rows | 2017-01-03 to 2026-06-09
13:43:38 | INFO  |   ✅ RUT: 2342 rows | 2017-01-03 to 2026-06-09
13:43:38 | INFO  |   ✅ VIX: 2343 rows | 2017-01-03 to 2026-06-09
13:43:38 | INFO  |   ✅ USD: 2343 rows | 2017-01-03 to 2026-06-09
13:43:38 | INFO  |   ✅ GOLD: 2341 rows | 2017-01-03 to 2026-06-09
13:43:38 | INFO  |   ✅ AAPL: 2341 rows | 2017-01-03 to 2026-06-09
13:43:38 | INFO  |   ✅ BITCOIN: 712 rows | 2023-08-01 to 2026-06-09
13:43:38 | INFO  | ✅ Ticker subsetting complete
13:43:38 | INFO  | 
======================================================================
13:43:38 | INFO  | STAGE 4: ENRICHMENT
13:43:38 | INFO  | ======================================================================
13:43:38 | INFO  | Enriching 9 tickers
13:43:38 | INFO  | 
──────────────────────────────────────────────────────────────────────
13:43:38 | INFO  | Enriching: SPX
13:43:38 | INFO  | ──────────────────────────────────────────────────────────────────────
13:43:38 | INFO  |   Loaded 2343 rows from SPX.csv
13:43:38 | INFO  |   Yahoo ticker: ^GSPC
13:43:38 | INFO  |   OHLC prefix: GSPC
13:43:38 | INFO  |   Vol prefix: VIX
13:43:38 | INFO  |   Downloading ^GSPC OHLC...
13:43:38 | INFO  |     Downloaded 2371 days (2017-01-03 to 2026-06-09)
13:43:38 | INFO  |   Downloading ^VIX volatility...
13:43:39 | INFO  |     Downloaded 2372 days (2017-01-03 to 2026-06-09)
13:43:39 | WARNING |   ⚠️  28 trading days missing from original CSV
13:43:39 | INFO  |   ✓ Enrichment complete: 2371 rows
13:43:39 | INFO  |   ✅ Saved: SPX_enriched.csv (2371 rows)
13:43:39 | WARNING |   ⚠️  28 rows need manual update
13:43:39 | INFO  | 
──────────────────────────────────────────────────────────────────────
13:43:39 | INFO  | Enriching: GOLD
13:43:39 | INFO  | ──────────────────────────────────────────────────────────────────────
13:43:39 | INFO  |   Loaded 2341 rows from GOLD.csv
13:43:39 | INFO  |   Yahoo ticker: GC=F
13:43:39 | INFO  |   OHLC prefix: GC
13:43:39 | INFO  |   Vol prefix: GVZ
13:43:39 | INFO  |   Downloading GC=F OHLC...
13:43:39 | INFO  |     Downloaded 2372 days (2017-01-03 to 2026-06-09)
13:43:39 | INFO  |   Downloading ^GVZ volatility...
13:43:39 | INFO  |     Downloaded 2371 days (2017-01-03 to 2026-06-09)
13:43:39 | WARNING |   ⚠️  32 trading days missing from original CSV
13:43:39 | INFO  |   ✓ Enrichment complete: 2372 rows
13:43:39 | INFO  |   ✅ Saved: GOLD_enriched.csv (2372 rows)
13:43:39 | WARNING |   ⚠️  32 rows need manual update
13:43:39 | INFO  | 
──────────────────────────────────────────────────────────────────────
13:43:39 | INFO  | Enriching: UST10Y
13:43:39 | INFO  | ──────────────────────────────────────────────────────────────────────
13:43:39 | INFO  |   Loaded 2343 rows from UST10Y.csv
13:43:39 | INFO  |   Yahoo ticker: ^TNX
13:43:39 | INFO  |   OHLC prefix: TNX
13:43:39 | INFO  |   Vol prefix: VIX
13:43:39 | INFO  |   Downloading ^TNX OHLC...
13:43:39 | INFO  |     Downloaded 2371 days (2017-01-03 to 2026-06-09)
13:43:39 | INFO  |   Downloading ^VIX volatility...
13:43:39 | INFO  |     Downloaded 2372 days (2017-01-03 to 2026-06-09)
13:43:39 | WARNING |   ⚠️  28 trading days missing from original CSV
13:43:39 | INFO  |   ✓ Enrichment complete: 2371 rows
13:43:39 | INFO  |   ✅ Saved: UST10Y_enriched.csv (2371 rows)
13:43:39 | WARNING |   ⚠️  28 rows need manual update
13:43:39 | INFO  | 
──────────────────────────────────────────────────────────────────────
13:43:39 | INFO  | Enriching: COMPQ
13:43:39 | INFO  | ──────────────────────────────────────────────────────────────────────
13:43:39 | INFO  |   Loaded 2343 rows from COMPQ.csv
13:43:39 | INFO  |   Yahoo ticker: ^IXIC
13:43:39 | INFO  |   OHLC prefix: IXIC
13:43:39 | INFO  |   Vol prefix: VIX
13:43:39 | INFO  |   Downloading ^IXIC OHLC...
13:43:40 | INFO  |     Downloaded 2371 days (2017-01-03 to 2026-06-09)
13:43:40 | INFO  |   Downloading ^VIX volatility...
13:43:40 | INFO  |     Downloaded 2372 days (2017-01-03 to 2026-06-09)
13:43:40 | WARNING |   ⚠️  28 trading days missing from original CSV
13:43:40 | INFO  |   ✓ Enrichment complete: 2371 rows
13:43:40 | INFO  |   ✅ Saved: COMPQ_enriched.csv (2371 rows)
13:43:40 | WARNING |   ⚠️  28 rows need manual update
13:43:40 | INFO  | 
──────────────────────────────────────────────────────────────────────
13:43:40 | INFO  | Enriching: RUT
13:43:40 | INFO  | ──────────────────────────────────────────────────────────────────────
13:43:40 | INFO  |   Loaded 2342 rows from RUT.csv
13:43:40 | INFO  |   Yahoo ticker: ^RUT
13:43:40 | INFO  |   OHLC prefix: RUT
13:43:40 | INFO  |   Vol prefix: VIX
13:43:40 | INFO  |   Downloading ^RUT OHLC...
13:43:40 | INFO  |     Downloaded 2371 days (2017-01-03 to 2026-06-09)
13:43:40 | INFO  |   Downloading ^VIX volatility...
13:43:40 | INFO  |     Downloaded 2372 days (2017-01-03 to 2026-06-09)
13:43:40 | WARNING |   ⚠️  29 trading days missing from original CSV
13:43:40 | INFO  |   ✓ Enrichment complete: 2371 rows
13:43:40 | INFO  |   ✅ Saved: RUT_enriched.csv (2371 rows)
13:43:40 | WARNING |   ⚠️  29 rows need manual update
13:43:40 | INFO  | 
──────────────────────────────────────────────────────────────────────
13:43:40 | INFO  | Enriching: VIX
13:43:40 | INFO  | ──────────────────────────────────────────────────────────────────────
13:43:40 | INFO  |   Loaded 2343 rows from VIX.csv
13:43:40 | INFO  |   Yahoo ticker: ^VIX
13:43:40 | INFO  |   OHLC prefix: VIX
13:43:40 | INFO  |   Vol prefix: VIXI
13:43:40 | INFO  |   Downloading ^VIX OHLC...
13:43:40 | INFO  |     Downloaded 2372 days (2017-01-03 to 2026-06-09)
13:43:40 | INFO  |   Downloading ^VIX volatility...
13:43:40 | INFO  |     Downloaded 2372 days (2017-01-03 to 2026-06-09)
13:43:40 | WARNING |   ⚠️  29 trading days missing from original CSV
13:43:40 | INFO  |   ✓ Enrichment complete: 2372 rows
13:43:40 | INFO  |   ✅ Saved: VIX_enriched.csv (2372 rows)
13:43:40 | WARNING |   ⚠️  29 rows need manual update
13:43:40 | INFO  | 
──────────────────────────────────────────────────────────────────────
13:43:40 | INFO  | Enriching: USD
13:43:40 | INFO  | ──────────────────────────────────────────────────────────────────────
13:43:40 | INFO  |   Loaded 2343 rows from USD.csv
13:43:40 | INFO  |   Yahoo ticker: DX-Y.NYB
13:43:40 | INFO  |   OHLC prefix: DX
13:43:40 | INFO  |   Vol prefix: VIX
13:43:40 | INFO  |   Downloading DX-Y.NYB OHLC...
13:43:41 | INFO  |     Downloaded 2373 days (2017-01-03 to 2026-06-09)
13:43:41 | INFO  |   Downloading ^VIX volatility...
13:43:41 | INFO  |     Downloaded 2372 days (2017-01-03 to 2026-06-09)
13:43:41 | WARNING |   ⚠️  30 trading days missing from original CSV
13:43:41 | INFO  |   ✓ Enrichment complete: 2373 rows
13:43:41 | INFO  |   ✅ Saved: USD_enriched.csv (2373 rows)
13:43:41 | WARNING |   ⚠️  30 rows need manual update
13:43:41 | INFO  | 
──────────────────────────────────────────────────────────────────────
13:43:41 | INFO  | Enriching: AAPL
13:43:41 | INFO  | ──────────────────────────────────────────────────────────────────────
13:43:41 | INFO  |   Loaded 2341 rows from AAPL.csv
13:43:41 | INFO  |   Yahoo ticker: AAPL
13:43:41 | INFO  |   OHLC prefix: AAPL
13:43:41 | INFO  |   Vol prefix: VIX
13:43:41 | INFO  |   Downloading AAPL OHLC...
13:43:41 | INFO  |     Downloaded 2371 days (2017-01-03 to 2026-06-09)
13:43:41 | INFO  |   Downloading ^VIX volatility...
13:43:41 | INFO  |     Downloaded 2372 days (2017-01-03 to 2026-06-09)
13:43:41 | WARNING |   ⚠️  30 trading days missing from original CSV
13:43:41 | INFO  |   ✓ Enrichment complete: 2371 rows
13:43:41 | INFO  |   ✅ Saved: AAPL_enriched.csv (2371 rows)
13:43:41 | WARNING |   ⚠️  30 rows need manual update
13:43:41 | INFO  | 
──────────────────────────────────────────────────────────────────────
13:43:41 | INFO  | Enriching: BITCOIN
13:43:41 | INFO  | ──────────────────────────────────────────────────────────────────────
13:43:41 | INFO  |   Loaded 712 rows from BITCOIN.csv
13:43:41 | INFO  |   ⚠️  Row count changed (3440 → 712) - re-enriching
13:43:41 | INFO  |   Yahoo ticker: BTC-USD
13:43:41 | INFO  |   OHLC prefix: BTC
13:43:41 | INFO  |   Vol prefix: VIX
13:43:41 | INFO  |   Downloading BTC-USD OHLC...
13:43:42 | INFO  |     Downloaded 3446 days (2017-01-02 to 2026-06-09)
13:43:42 | INFO  |   Downloading ^VIX volatility...
13:43:42 | INFO  |     Downloaded 2372 days (2017-01-03 to 2026-06-09)
13:43:42 | WARNING |   ⚠️  2734 trading days missing from original CSV
13:43:42 | INFO  |   ✓ Enrichment complete: 3446 rows
13:43:42 | INFO  |   ✅ Saved: BITCOIN_enriched.csv (3446 rows)
13:43:42 | WARNING |   ⚠️  2734 rows need manual update
13:43:42 | INFO  | 
======================================================================
13:43:42 | INFO  | ✅ Enrichment complete:
13:43:42 | INFO  |    Success: 9
13:43:42 | INFO  |    Skipped (up-to-date): 0
13:43:42 | INFO  |    Errors:  0
13:43:42 | INFO  | ======================================================================
13:43:42 | INFO  | 
======================================================================
13:43:42 | INFO  | ✅ PIPELINE COMPLETE
13:43:42 | INFO  | ======================================================================
