12:15:47 | INFO  | ======================================================================
12:15:47 | INFO  | ETL PIPELINE START
12:15:47 | INFO  | ======================================================================
12:15:47 | INFO  | 
📋 PIPELINE PLAN:
12:15:47 | INFO  |    HTML Files: 21 new / 21 total
12:15:47 | INFO  |    Master needs propagation: False
12:15:47 | INFO  | 
======================================================================
12:15:47 | INFO  | STAGE 1: HTML PARSING
12:15:47 | INFO  | ======================================================================
12:15:47 | INFO  | 
Processing: JUNE 22, 2026.html
12:15:47 | INFO  |   ✅ Saved: RR_06-22-2026.csv (37 rows)
12:15:47 | INFO  | 
Processing: JUNE 23, 2026.html
12:15:47 | INFO  |   ✅ Saved: RR_06-23-2026.csv (37 rows)
12:15:47 | INFO  | 
Processing: JUNE 26, 2026.html
12:15:47 | INFO  |   ✅ Saved: RR_06-26-2026.csv (38 rows)
12:15:47 | INFO  | 
Processing: JUNE 5, 2026.html
12:15:47 | INFO  |   ✅ Saved: RR_06-05-2026.csv (37 rows)
12:15:47 | INFO  | 
Processing: JUNE 30, 2026.html
12:15:47 | INFO  |   ✅ Saved: RR_06-30-2026.csv (38 rows)
12:15:47 | INFO  | 
Processing: JUNE 8, 2026.html
12:15:47 | INFO  |   ✅ Saved: RR_06-08-2026.csv (37 rows)
12:15:47 | INFO  | 
Processing: JUNE 15, 2026.html
12:15:47 | INFO  |   ✅ Saved: RR_06-15-2026.csv (36 rows)
12:15:47 | INFO  | 
Processing: JUNE 4, 2026.html
12:15:47 | INFO  |   ✅ Saved: RR_06-04-2026.csv (37 rows)
12:15:47 | INFO  | 
Processing: JUNE 12, 2026.html
12:15:47 | INFO  |   ✅ Saved: RR_06-12-2026.csv (36 rows)
12:15:47 | INFO  | 
Processing: JUNE 11, 2026.html
12:15:47 | INFO  |   ✅ Saved: RR_06-11-2026.csv (36 rows)
12:15:47 | INFO  | 
Processing: JUNE 29, 2026.html
12:15:48 | INFO  |   ✅ Saved: RR_06-29-2026.csv (38 rows)
12:15:48 | INFO  | 
Processing: JULY 2, 2026.html
12:15:48 | INFO  |   ✅ Saved: RR_07-02-2026.csv (38 rows)
12:15:48 | INFO  | 
Processing: JUNE 9, 2026.html
12:15:48 | INFO  |   ✅ Saved: RR_06-09-2026.csv (36 rows)
12:15:48 | INFO  | 
Processing: JUNE 16, 2026.html
12:15:48 | INFO  |   ✅ Saved: RR_06-16-2026.csv (36 rows)
12:15:48 | INFO  | 
Processing: JUNE 10, 2026.html
12:15:48 | INFO  |   ✅ Saved: RR_06-10-2026.csv (36 rows)
12:15:48 | INFO  | 
Processing: JUNE 17, 2026.html
12:15:48 | INFO  |   ✅ Saved: RR_06-17-2026.csv (36 rows)
12:15:48 | INFO  | 
Processing: JULY 6, 2026.html
12:15:48 | INFO  |   ✅ Saved: RR_07-06-2026.csv (37 rows)
12:15:48 | INFO  | 
Processing: JULY 1, 2026.html
12:15:48 | INFO  |   ✅ Saved: RR_07-01-2026.csv (38 rows)
12:15:48 | INFO  | 
Processing: JUNE 25, 2026.html
12:15:48 | INFO  |   ✅ Saved: RR_06-25-2026.csv (38 rows)
12:15:48 | INFO  | 
Processing: JUNE 18, 2026.html
12:15:48 | INFO  |   ✅ Saved: RR_06-18-2026.csv (37 rows)
12:15:48 | INFO  | 
Processing: JUNE 24, 2026.html
12:15:48 | INFO  |   ✅ Saved: RR_06-24-2026.csv (37 rows)
12:15:48 | INFO  | 
✅ HTML parsing complete: 21 success, 0 errors
12:15:48 | INFO  | 
======================================================================
12:15:48 | INFO  | STAGE 2: MASTER AGGREGATION
12:15:48 | INFO  | ======================================================================
12:15:48 | INFO  | ✅ Backed up master to: risk_ranges_master_backup_20260706_121548.csv
12:15:48 | INFO  | Loaded existing master: 73,718 rows
12:15:48 | INFO  |   Loaded: RR_06-22-2026.csv (37 rows)
12:15:48 | INFO  |   Loaded: RR_06-23-2026.csv (37 rows)
12:15:48 | INFO  |   Loaded: RR_06-26-2026.csv (38 rows)
12:15:48 | INFO  |   Loaded: RR_06-05-2026.csv (37 rows)
12:15:48 | INFO  |   Loaded: RR_06-30-2026.csv (38 rows)
12:15:48 | INFO  |   Loaded: RR_06-08-2026.csv (37 rows)
12:15:48 | INFO  |   Loaded: RR_06-15-2026.csv (36 rows)
12:15:48 | INFO  |   Loaded: RR_06-04-2026.csv (37 rows)
12:15:48 | INFO  |   Loaded: RR_06-12-2026.csv (36 rows)
12:15:48 | INFO  |   Loaded: RR_06-11-2026.csv (36 rows)
12:15:48 | INFO  |   Loaded: RR_06-29-2026.csv (38 rows)
12:15:48 | INFO  |   Loaded: RR_07-02-2026.csv (38 rows)
12:15:48 | INFO  |   Loaded: RR_06-09-2026.csv (36 rows)
12:15:48 | INFO  |   Loaded: RR_06-16-2026.csv (36 rows)
12:15:48 | INFO  |   Loaded: RR_06-10-2026.csv (36 rows)
12:15:48 | INFO  |   Loaded: RR_06-17-2026.csv (36 rows)
12:15:48 | INFO  |   Loaded: RR_07-06-2026.csv (37 rows)
12:15:48 | INFO  |   Loaded: RR_07-01-2026.csv (38 rows)
12:15:48 | INFO  |   Loaded: RR_06-25-2026.csv (38 rows)
12:15:48 | INFO  |   Loaded: RR_06-18-2026.csv (37 rows)
12:15:48 | INFO  |   Loaded: RR_06-24-2026.csv (37 rows)
12:15:48 | INFO  | Combined new data: 776 rows
12:15:48 | INFO  | Removed 776 duplicate entries
12:15:49 | INFO  | ✅ Saved master CSV: 73,718 total rows
12:15:49 | INFO  |    Date range: 2017-01-03 to 2026-07-06
12:15:49 | INFO  | 
======================================================================
12:15:49 | INFO  | STAGE 3: TICKER SUBSETTING
12:15:49 | INFO  | ======================================================================
12:15:49 | INFO  | Loaded master: 73,718 rows
12:15:49 | INFO  | Creating subsets for 9 tickers
12:15:49 | INFO  |   ✅ UST10Y: 2360 rows | 2017-01-03 to 2026-07-06
12:15:49 | INFO  |   ✅ SPX: 2360 rows | 2017-01-03 to 2026-07-06
12:15:49 | INFO  |   ✅ COMPQ: 2360 rows | 2017-01-03 to 2026-07-06
12:15:49 | INFO  |   ✅ RUT: 2359 rows | 2017-01-03 to 2026-07-06
12:15:49 | INFO  |   ✅ VIX: 2360 rows | 2017-01-03 to 2026-07-06
12:15:49 | INFO  |   ✅ USD: 2360 rows | 2017-01-03 to 2026-07-06
12:15:49 | INFO  |   ✅ GOLD: 2358 rows | 2017-01-03 to 2026-07-06
12:15:49 | INFO  |   ✅ AAPL: 2358 rows | 2017-01-03 to 2026-07-06
12:15:49 | INFO  |   ✅ BITCOIN: 729 rows | 2023-08-01 to 2026-07-06
12:15:49 | INFO  | ✅ Ticker subsetting complete
12:15:49 | INFO  | 
======================================================================
12:15:49 | INFO  | STAGE 4: ENRICHMENT
12:15:49 | INFO  | ======================================================================
12:15:49 | INFO  | Enriching 9 tickers
12:15:49 | INFO  | 
──────────────────────────────────────────────────────────────────────
12:15:49 | INFO  | Enriching: SPX
12:15:49 | INFO  | ──────────────────────────────────────────────────────────────────────
12:15:49 | INFO  |   Loaded 2360 rows from SPX.csv
12:15:49 | INFO  |   Yahoo ticker: ^GSPC
12:15:49 | INFO  |   OHLC prefix: GSPC
12:15:49 | INFO  |   Vol prefix: VIX
12:15:49 | INFO  |   Downloading ^GSPC OHLC...
12:15:49 | INFO  |     Downloaded 2388 days (2017-01-03 to 2026-07-06)
12:15:49 | INFO  |   Downloading ^VIX volatility...
12:15:49 | INFO  |     Downloaded 2389 days (2017-01-03 to 2026-07-06)
12:15:49 | WARNING |   ⚠️  28 trading days missing from original CSV
12:15:49 | INFO  |   ✓ Enrichment complete: 2388 rows
12:15:49 | INFO  |   ✅ Saved: SPX_enriched.csv (2388 rows)
12:15:49 | WARNING |   ⚠️  28 rows need manual update
12:15:49 | INFO  | 
──────────────────────────────────────────────────────────────────────
12:15:49 | INFO  | Enriching: GOLD
12:15:49 | INFO  | ──────────────────────────────────────────────────────────────────────
12:15:49 | INFO  |   Loaded 2358 rows from GOLD.csv
12:15:49 | INFO  |   Yahoo ticker: GC=F
12:15:49 | INFO  |   OHLC prefix: GC
12:15:49 | INFO  |   Vol prefix: GVZ
12:15:49 | INFO  |   Downloading GC=F OHLC...
12:15:50 | INFO  |     Downloaded 2389 days (2017-01-03 to 2026-07-06)
12:15:50 | INFO  |   Downloading ^GVZ volatility...
12:15:50 | INFO  |     Downloaded 2388 days (2017-01-03 to 2026-07-06)
12:15:50 | WARNING |   ⚠️  32 trading days missing from original CSV
12:15:50 | INFO  |   ✓ Enrichment complete: 2389 rows
12:15:50 | INFO  |   ✅ Saved: GOLD_enriched.csv (2389 rows)
12:15:50 | WARNING |   ⚠️  32 rows need manual update
12:15:50 | INFO  | 
──────────────────────────────────────────────────────────────────────
12:15:50 | INFO  | Enriching: UST10Y
12:15:50 | INFO  | ──────────────────────────────────────────────────────────────────────
12:15:50 | INFO  |   Loaded 2360 rows from UST10Y.csv
12:15:50 | INFO  |   Yahoo ticker: ^TNX
12:15:50 | INFO  |   OHLC prefix: TNX
12:15:50 | INFO  |   Vol prefix: VIX
12:15:50 | INFO  |   Downloading ^TNX OHLC...
12:15:50 | INFO  |     Downloaded 2388 days (2017-01-03 to 2026-07-06)
12:15:50 | INFO  |   Downloading ^VIX volatility...
12:15:50 | INFO  |     Downloaded 2389 days (2017-01-03 to 2026-07-06)
12:15:50 | WARNING |   ⚠️  28 trading days missing from original CSV
12:15:50 | INFO  |   ✓ Enrichment complete: 2388 rows
12:15:50 | INFO  |   ✅ Saved: UST10Y_enriched.csv (2388 rows)
12:15:50 | WARNING |   ⚠️  28 rows need manual update
12:15:50 | INFO  | 
──────────────────────────────────────────────────────────────────────
12:15:50 | INFO  | Enriching: COMPQ
12:15:50 | INFO  | ──────────────────────────────────────────────────────────────────────
12:15:50 | INFO  |   Loaded 2360 rows from COMPQ.csv
12:15:50 | INFO  |   Yahoo ticker: ^IXIC
12:15:50 | INFO  |   OHLC prefix: IXIC
12:15:50 | INFO  |   Vol prefix: VIX
12:15:50 | INFO  |   Downloading ^IXIC OHLC...
12:15:50 | INFO  |     Downloaded 2388 days (2017-01-03 to 2026-07-06)
12:15:50 | INFO  |   Downloading ^VIX volatility...
12:15:50 | INFO  |     Downloaded 2389 days (2017-01-03 to 2026-07-06)
12:15:50 | WARNING |   ⚠️  28 trading days missing from original CSV
12:15:50 | INFO  |   ✓ Enrichment complete: 2388 rows
12:15:50 | INFO  |   ✅ Saved: COMPQ_enriched.csv (2388 rows)
12:15:50 | WARNING |   ⚠️  28 rows need manual update
12:15:50 | INFO  | 
──────────────────────────────────────────────────────────────────────
12:15:50 | INFO  | Enriching: RUT
12:15:50 | INFO  | ──────────────────────────────────────────────────────────────────────
12:15:50 | INFO  |   Loaded 2359 rows from RUT.csv
12:15:50 | INFO  |   Yahoo ticker: ^RUT
12:15:50 | INFO  |   OHLC prefix: RUT
12:15:50 | INFO  |   Vol prefix: VIX
12:15:50 | INFO  |   Downloading ^RUT OHLC...
12:15:51 | INFO  |     Downloaded 2388 days (2017-01-03 to 2026-07-06)
12:15:51 | INFO  |   Downloading ^VIX volatility...
12:15:51 | INFO  |     Downloaded 2389 days (2017-01-03 to 2026-07-06)
12:15:51 | WARNING |   ⚠️  29 trading days missing from original CSV
12:15:51 | INFO  |   ✓ Enrichment complete: 2388 rows
12:15:51 | INFO  |   ✅ Saved: RUT_enriched.csv (2388 rows)
12:15:51 | WARNING |   ⚠️  29 rows need manual update
12:15:51 | INFO  | 
──────────────────────────────────────────────────────────────────────
12:15:51 | INFO  | Enriching: VIX
12:15:51 | INFO  | ──────────────────────────────────────────────────────────────────────
12:15:51 | INFO  |   Loaded 2360 rows from VIX.csv
12:15:51 | INFO  |   Yahoo ticker: ^VIX
12:15:51 | INFO  |   OHLC prefix: VIX
12:15:51 | INFO  |   Vol prefix: VIXI
12:15:51 | INFO  |   Downloading ^VIX OHLC...
12:15:51 | INFO  |     Downloaded 2389 days (2017-01-03 to 2026-07-06)
12:15:51 | INFO  |   Downloading ^VIX volatility...
12:15:51 | INFO  |     Downloaded 2389 days (2017-01-03 to 2026-07-06)
12:15:51 | WARNING |   ⚠️  29 trading days missing from original CSV
12:15:51 | INFO  |   ✓ Enrichment complete: 2389 rows
12:15:51 | INFO  |   ✅ Saved: VIX_enriched.csv (2389 rows)
12:15:51 | WARNING |   ⚠️  29 rows need manual update
12:15:51 | INFO  | 
──────────────────────────────────────────────────────────────────────
12:15:51 | INFO  | Enriching: USD
12:15:51 | INFO  | ──────────────────────────────────────────────────────────────────────
12:15:51 | INFO  |   Loaded 2360 rows from USD.csv
12:15:51 | INFO  |   Yahoo ticker: DX-Y.NYB
12:15:51 | INFO  |   OHLC prefix: DX
12:15:51 | INFO  |   Vol prefix: VIX
12:15:51 | INFO  |   Downloading DX-Y.NYB OHLC...
12:15:51 | INFO  |     Downloaded 2390 days (2017-01-03 to 2026-07-06)
12:15:51 | INFO  |   Downloading ^VIX volatility...
12:15:51 | INFO  |     Downloaded 2389 days (2017-01-03 to 2026-07-06)
12:15:51 | WARNING |   ⚠️  30 trading days missing from original CSV
12:15:51 | INFO  |   ✓ Enrichment complete: 2390 rows
12:15:51 | INFO  |   ✅ Saved: USD_enriched.csv (2390 rows)
12:15:51 | WARNING |   ⚠️  30 rows need manual update
12:15:51 | INFO  | 
──────────────────────────────────────────────────────────────────────
12:15:51 | INFO  | Enriching: AAPL
12:15:51 | INFO  | ──────────────────────────────────────────────────────────────────────
12:15:51 | INFO  |   Loaded 2358 rows from AAPL.csv
12:15:51 | INFO  |   Yahoo ticker: AAPL
12:15:51 | INFO  |   OHLC prefix: AAPL
12:15:51 | INFO  |   Vol prefix: VIX
12:15:51 | INFO  |   Downloading AAPL OHLC...
12:15:52 | INFO  |     Downloaded 2388 days (2017-01-03 to 2026-07-06)
12:15:52 | INFO  |   Downloading ^VIX volatility...
12:15:52 | INFO  |     Downloaded 2389 days (2017-01-03 to 2026-07-06)
12:15:52 | WARNING |   ⚠️  30 trading days missing from original CSV
12:15:52 | INFO  |   ✓ Enrichment complete: 2388 rows
12:15:52 | INFO  |   ✅ Saved: AAPL_enriched.csv (2388 rows)
12:15:52 | WARNING |   ⚠️  30 rows need manual update
12:15:52 | INFO  | 
──────────────────────────────────────────────────────────────────────
12:15:52 | INFO  | Enriching: BITCOIN
12:15:52 | INFO  | ──────────────────────────────────────────────────────────────────────
12:15:52 | INFO  |   Loaded 729 rows from BITCOIN.csv
12:15:52 | INFO  |   ⚠️  Row count changed (3473 → 729) - re-enriching
12:15:52 | INFO  |   Yahoo ticker: BTC-USD
12:15:52 | INFO  |   OHLC prefix: BTC
12:15:52 | INFO  |   Vol prefix: VIX
12:15:52 | INFO  |   Downloading BTC-USD OHLC...
12:15:52 | INFO  |     Downloaded 3473 days (2017-01-02 to 2026-07-06)
12:15:52 | INFO  |   Downloading ^VIX volatility...
12:15:52 | INFO  |     Downloaded 2389 days (2017-01-03 to 2026-07-06)
12:15:52 | WARNING |   ⚠️  2744 trading days missing from original CSV
12:15:52 | INFO  |   ✓ Enrichment complete: 3473 rows
12:15:52 | INFO  |   ✅ Saved: BITCOIN_enriched.csv (3473 rows)
12:15:52 | WARNING |   ⚠️  2744 rows need manual update
12:15:52 | INFO  | 
======================================================================
12:15:52 | INFO  | ✅ Enrichment complete:
12:15:52 | INFO  |    Success: 9
12:15:52 | INFO  |    Skipped (up-to-date): 0
12:15:52 | INFO  |    Errors:  0
12:15:52 | INFO  | ======================================================================
12:15:52 | INFO  | 
======================================================================
12:15:52 | INFO  | ✅ PIPELINE COMPLETE
12:15:52 | INFO  | ======================================================================
