08:58:44 | INFO  | ======================================================================
08:58:44 | INFO  | ETL PIPELINE START
08:58:44 | INFO  | ======================================================================
08:58:44 | INFO  | 
📋 PIPELINE PLAN:
08:58:44 | INFO  |    HTML Files: 11 new / 11 total
08:58:44 | INFO  |    Master needs propagation: False
08:58:44 | INFO  | 
======================================================================
08:58:44 | INFO  | STAGE 1: HTML PARSING
08:58:44 | INFO  | ======================================================================
08:58:44 | INFO  | 
Processing: JUNE 5, 2026.html
08:58:44 | INFO  |   ✅ Saved: RR_06-05-2026.csv (37 rows)
08:58:44 | INFO  | 
Processing: JUNE 8, 2026.html
08:58:44 | INFO  |   ✅ Saved: RR_06-08-2026.csv (37 rows)
08:58:44 | INFO  | 
Processing: JUNE 15, 2026.html
08:58:44 | INFO  |   ✅ Saved: RR_06-15-2026.csv (36 rows)
08:58:44 | INFO  | 
Processing: JUNE 4, 2026.html
08:58:44 | INFO  |   ✅ Saved: RR_06-04-2026.csv (37 rows)
08:58:44 | INFO  | 
Processing: JUNE 12, 2026.html
08:58:44 | INFO  |   ✅ Saved: RR_06-12-2026.csv (36 rows)
08:58:44 | INFO  | 
Processing: JUNE 11, 2026.html
08:58:45 | INFO  |   ✅ Saved: RR_06-11-2026.csv (36 rows)
08:58:45 | INFO  | 
Processing: JUNE 9, 2026.html
08:58:45 | INFO  |   ✅ Saved: RR_06-09-2026.csv (36 rows)
08:58:45 | INFO  | 
Processing: JUNE 16, 2026.html
08:58:45 | INFO  |   ✅ Saved: RR_06-16-2026.csv (36 rows)
08:58:45 | INFO  | 
Processing: JUNE 10, 2026.html
08:58:45 | INFO  |   ✅ Saved: RR_06-10-2026.csv (36 rows)
08:58:45 | INFO  | 
Processing: JUNE 17, 2026.html
08:58:45 | INFO  |   ✅ Saved: RR_06-17-2026.csv (36 rows)
08:58:45 | INFO  | 
Processing: JUNE 18, 2026.html
08:58:45 | INFO  |   ✅ Saved: RR_06-18-2026.csv (37 rows)
08:58:45 | INFO  | 
✅ HTML parsing complete: 11 success, 0 errors
08:58:45 | INFO  | 
======================================================================
08:58:45 | INFO  | STAGE 2: MASTER AGGREGATION
08:58:45 | INFO  | ======================================================================
08:58:45 | INFO  | ✅ Backed up master to: risk_ranges_master_backup_20260618_085845.csv
08:58:45 | INFO  | Loaded existing master: 73,305 rows
08:58:45 | INFO  |   Loaded: RR_06-05-2026.csv (37 rows)
08:58:45 | INFO  |   Loaded: RR_06-08-2026.csv (37 rows)
08:58:45 | INFO  |   Loaded: RR_06-15-2026.csv (36 rows)
08:58:45 | INFO  |   Loaded: RR_06-04-2026.csv (37 rows)
08:58:45 | INFO  |   Loaded: RR_06-12-2026.csv (36 rows)
08:58:45 | INFO  |   Loaded: RR_06-11-2026.csv (36 rows)
08:58:45 | INFO  |   Loaded: RR_06-09-2026.csv (36 rows)
08:58:45 | INFO  |   Loaded: RR_06-16-2026.csv (36 rows)
08:58:45 | INFO  |   Loaded: RR_06-10-2026.csv (36 rows)
08:58:45 | INFO  |   Loaded: RR_06-17-2026.csv (36 rows)
08:58:45 | INFO  |   Loaded: RR_06-18-2026.csv (37 rows)
08:58:45 | INFO  | Combined new data: 400 rows
08:58:45 | INFO  | Removed 363 duplicate entries
08:58:45 | INFO  | ✅ Saved master CSV: 73,342 total rows
08:58:45 | INFO  |    Date range: 2017-01-03 to 2026-06-18
08:58:45 | INFO  | 
======================================================================
08:58:45 | INFO  | STAGE 3: TICKER SUBSETTING
08:58:45 | INFO  | ======================================================================
08:58:45 | INFO  | Loaded master: 73,342 rows
08:58:45 | INFO  | Creating subsets for 9 tickers
08:58:46 | INFO  |   ✅ UST10Y: 2350 rows | 2017-01-03 to 2026-06-18
08:58:46 | INFO  |   ✅ SPX: 2350 rows | 2017-01-03 to 2026-06-18
08:58:46 | INFO  |   ✅ COMPQ: 2350 rows | 2017-01-03 to 2026-06-18
08:58:46 | INFO  |   ✅ RUT: 2349 rows | 2017-01-03 to 2026-06-18
08:58:46 | INFO  |   ✅ VIX: 2350 rows | 2017-01-03 to 2026-06-18
08:58:46 | INFO  |   ✅ USD: 2350 rows | 2017-01-03 to 2026-06-18
08:58:46 | INFO  |   ✅ GOLD: 2348 rows | 2017-01-03 to 2026-06-18
08:58:46 | INFO  |   ✅ AAPL: 2348 rows | 2017-01-03 to 2026-06-18
08:58:46 | INFO  |   ✅ BITCOIN: 719 rows | 2023-08-01 to 2026-06-18
08:58:46 | INFO  | ✅ Ticker subsetting complete
08:58:46 | INFO  | 
======================================================================
08:58:46 | INFO  | STAGE 4: ENRICHMENT
08:58:46 | INFO  | ======================================================================
08:58:46 | INFO  | Enriching 9 tickers
08:58:46 | INFO  | 
──────────────────────────────────────────────────────────────────────
08:58:46 | INFO  | Enriching: SPX
08:58:46 | INFO  | ──────────────────────────────────────────────────────────────────────
08:58:46 | INFO  |   Loaded 2350 rows from SPX.csv
08:58:46 | INFO  |   Yahoo ticker: ^GSPC
08:58:46 | INFO  |   OHLC prefix: GSPC
08:58:46 | INFO  |   Vol prefix: VIX
08:58:46 | INFO  |   Downloading ^GSPC OHLC...
08:58:46 | INFO  |     Downloaded 2377 days (2017-01-03 to 2026-06-17)
08:58:46 | INFO  |   Downloading ^VIX volatility...
08:58:46 | INFO  |     Downloaded 2379 days (2017-01-03 to 2026-06-18)
08:58:46 | WARNING |   ⚠️  28 trading days missing from original CSV
08:58:46 | INFO  |   ✓ Enrichment complete: 2377 rows
08:58:46 | INFO  |   ✅ Saved: SPX_enriched.csv (2377 rows)
08:58:46 | WARNING |   ⚠️  28 rows need manual update
08:58:46 | INFO  | 
──────────────────────────────────────────────────────────────────────
08:58:46 | INFO  | Enriching: GOLD
08:58:46 | INFO  | ──────────────────────────────────────────────────────────────────────
08:58:46 | INFO  |   Loaded 2348 rows from GOLD.csv
08:58:46 | INFO  |   Yahoo ticker: GC=F
08:58:46 | INFO  |   OHLC prefix: GC
08:58:46 | INFO  |   Vol prefix: GVZ
08:58:46 | INFO  |   Downloading GC=F OHLC...
08:58:46 | INFO  |     Downloaded 2379 days (2017-01-03 to 2026-06-18)
08:58:46 | INFO  |   Downloading ^GVZ volatility...
08:58:47 | INFO  |     Downloaded 2377 days (2017-01-03 to 2026-06-17)
08:58:47 | WARNING |   ⚠️  32 trading days missing from original CSV
08:58:47 | INFO  |   ✓ Enrichment complete: 2379 rows
08:58:47 | INFO  |   ✅ Saved: GOLD_enriched.csv (2379 rows)
08:58:47 | WARNING |   ⚠️  32 rows need manual update
08:58:47 | INFO  | 
──────────────────────────────────────────────────────────────────────
08:58:47 | INFO  | Enriching: UST10Y
08:58:47 | INFO  | ──────────────────────────────────────────────────────────────────────
08:58:47 | INFO  |   Loaded 2350 rows from UST10Y.csv
08:58:47 | INFO  |   Yahoo ticker: ^TNX
08:58:47 | INFO  |   OHLC prefix: TNX
08:58:47 | INFO  |   Vol prefix: VIX
08:58:47 | INFO  |   Downloading ^TNX OHLC...
08:58:47 | INFO  |     Downloaded 2375 days (2017-01-03 to 2026-06-18)
08:58:47 | INFO  |   Downloading ^VIX volatility...
08:58:47 | INFO  |     Downloaded 2379 days (2017-01-03 to 2026-06-18)
08:58:47 | WARNING |   ⚠️  28 trading days missing from original CSV
08:58:47 | INFO  |   ✓ Enrichment complete: 2375 rows
08:58:47 | INFO  |   ✅ Saved: UST10Y_enriched.csv (2375 rows)
08:58:47 | WARNING |   ⚠️  28 rows need manual update
08:58:47 | INFO  | 
──────────────────────────────────────────────────────────────────────
08:58:47 | INFO  | Enriching: COMPQ
08:58:47 | INFO  | ──────────────────────────────────────────────────────────────────────
08:58:47 | INFO  |   Loaded 2350 rows from COMPQ.csv
08:58:47 | INFO  |   Yahoo ticker: ^IXIC
08:58:47 | INFO  |   OHLC prefix: IXIC
08:58:47 | INFO  |   Vol prefix: VIX
08:58:47 | INFO  |   Downloading ^IXIC OHLC...
08:58:48 | INFO  |     Downloaded 2377 days (2017-01-03 to 2026-06-17)
08:58:48 | INFO  |   Downloading ^VIX volatility...
08:58:48 | INFO  |     Downloaded 2379 days (2017-01-03 to 2026-06-18)
08:58:48 | WARNING |   ⚠️  28 trading days missing from original CSV
08:58:48 | INFO  |   ✓ Enrichment complete: 2377 rows
08:58:48 | INFO  |   ✅ Saved: COMPQ_enriched.csv (2377 rows)
08:58:48 | WARNING |   ⚠️  28 rows need manual update
08:58:48 | INFO  | 
──────────────────────────────────────────────────────────────────────
08:58:48 | INFO  | Enriching: RUT
08:58:48 | INFO  | ──────────────────────────────────────────────────────────────────────
08:58:48 | INFO  |   Loaded 2349 rows from RUT.csv
08:58:48 | INFO  |   Yahoo ticker: ^RUT
08:58:48 | INFO  |   OHLC prefix: RUT
08:58:48 | INFO  |   Vol prefix: VIX
08:58:48 | INFO  |   Downloading ^RUT OHLC...
08:58:48 | INFO  |     Downloaded 2377 days (2017-01-03 to 2026-06-17)
08:58:48 | INFO  |   Downloading ^VIX volatility...
08:58:48 | INFO  |     Downloaded 2379 days (2017-01-03 to 2026-06-18)
08:58:48 | WARNING |   ⚠️  29 trading days missing from original CSV
08:58:48 | INFO  |   ✓ Enrichment complete: 2377 rows
08:58:48 | INFO  |   ✅ Saved: RUT_enriched.csv (2377 rows)
08:58:48 | WARNING |   ⚠️  29 rows need manual update
08:58:48 | INFO  | 
──────────────────────────────────────────────────────────────────────
08:58:48 | INFO  | Enriching: VIX
08:58:48 | INFO  | ──────────────────────────────────────────────────────────────────────
08:58:48 | INFO  |   Loaded 2350 rows from VIX.csv
08:58:48 | INFO  |   Yahoo ticker: ^VIX
08:58:48 | INFO  |   OHLC prefix: VIX
08:58:48 | INFO  |   Vol prefix: VIXI
08:58:48 | INFO  |   Downloading ^VIX OHLC...
08:58:48 | INFO  |     Downloaded 2379 days (2017-01-03 to 2026-06-18)
08:58:48 | INFO  |   Downloading ^VIX volatility...
08:58:48 | INFO  |     Downloaded 2379 days (2017-01-03 to 2026-06-18)
08:58:48 | WARNING |   ⚠️  29 trading days missing from original CSV
08:58:48 | INFO  |   ✓ Enrichment complete: 2379 rows
08:58:48 | INFO  |   ✅ Saved: VIX_enriched.csv (2379 rows)
08:58:48 | WARNING |   ⚠️  29 rows need manual update
08:58:48 | INFO  | 
──────────────────────────────────────────────────────────────────────
08:58:48 | INFO  | Enriching: USD
08:58:48 | INFO  | ──────────────────────────────────────────────────────────────────────
08:58:48 | INFO  |   Loaded 2350 rows from USD.csv
08:58:48 | INFO  |   Yahoo ticker: DX-Y.NYB
08:58:48 | INFO  |   OHLC prefix: DX
08:58:48 | INFO  |   Vol prefix: VIX
08:58:48 | INFO  |   Downloading DX-Y.NYB OHLC...
08:58:49 | INFO  |     Downloaded 2380 days (2017-01-03 to 2026-06-18)
08:58:49 | INFO  |   Downloading ^VIX volatility...
08:58:49 | INFO  |     Downloaded 2379 days (2017-01-03 to 2026-06-18)
08:58:49 | WARNING |   ⚠️  30 trading days missing from original CSV
08:58:49 | INFO  |   ✓ Enrichment complete: 2380 rows
08:58:49 | INFO  |   ✅ Saved: USD_enriched.csv (2380 rows)
08:58:49 | WARNING |   ⚠️  30 rows need manual update
08:58:49 | INFO  | 
──────────────────────────────────────────────────────────────────────
08:58:49 | INFO  | Enriching: AAPL
08:58:49 | INFO  | ──────────────────────────────────────────────────────────────────────
08:58:49 | INFO  |   Loaded 2348 rows from AAPL.csv
08:58:49 | INFO  |   Yahoo ticker: AAPL
08:58:49 | INFO  |   OHLC prefix: AAPL
08:58:49 | INFO  |   Vol prefix: VIX
08:58:49 | INFO  |   Downloading AAPL OHLC...
08:58:49 | INFO  |     Downloaded 2377 days (2017-01-03 to 2026-06-17)
08:58:49 | INFO  |   Downloading ^VIX volatility...
08:58:50 | INFO  |     Downloaded 2379 days (2017-01-03 to 2026-06-18)
08:58:50 | WARNING |   ⚠️  30 trading days missing from original CSV
08:58:50 | INFO  |   ✓ Enrichment complete: 2377 rows
08:58:50 | INFO  |   ✅ Saved: AAPL_enriched.csv (2377 rows)
08:58:50 | WARNING |   ⚠️  30 rows need manual update
08:58:50 | INFO  | 
──────────────────────────────────────────────────────────────────────
08:58:50 | INFO  | Enriching: BITCOIN
08:58:50 | INFO  | ──────────────────────────────────────────────────────────────────────
08:58:50 | INFO  |   Loaded 719 rows from BITCOIN.csv
08:58:50 | INFO  |   ⚠️  Row count changed (3454 → 719) - re-enriching
08:58:50 | INFO  |   Yahoo ticker: BTC-USD
08:58:50 | INFO  |   OHLC prefix: BTC
08:58:50 | INFO  |   Vol prefix: VIX
08:58:50 | INFO  |   Downloading BTC-USD OHLC...
08:58:50 | INFO  |     Downloaded 3454 days (2017-01-02 to 2026-06-18)
08:58:50 | INFO  |   Downloading ^VIX volatility...
08:58:50 | INFO  |     Downloaded 2379 days (2017-01-03 to 2026-06-18)
08:58:50 | WARNING |   ⚠️  2736 trading days missing from original CSV
08:58:50 | INFO  |   ✓ Enrichment complete: 3454 rows
08:58:50 | INFO  |   ✅ Saved: BITCOIN_enriched.csv (3454 rows)
08:58:50 | WARNING |   ⚠️  2736 rows need manual update
08:58:50 | INFO  | 
======================================================================
08:58:50 | INFO  | ✅ Enrichment complete:
08:58:50 | INFO  |    Success: 9
08:58:50 | INFO  |    Skipped (up-to-date): 0
08:58:50 | INFO  |    Errors:  0
08:58:50 | INFO  | ======================================================================
08:58:50 | INFO  | 
======================================================================
08:58:50 | INFO  | ✅ PIPELINE COMPLETE
08:58:50 | INFO  | ======================================================================
