10:10:38 | INFO  | ======================================================================
10:10:38 | INFO  | ETL PIPELINE START
10:10:38 | INFO  | ======================================================================
10:10:38 | INFO  | 
📋 PIPELINE PLAN:
10:10:38 | INFO  |    HTML Files: 7 new / 7 total
10:10:38 | INFO  |    Master needs propagation: False
10:10:38 | INFO  | 
======================================================================
10:10:38 | INFO  | STAGE 1: HTML PARSING
10:10:38 | INFO  | ======================================================================
10:10:38 | INFO  | 
Processing: JUNE 5, 2026.html
10:10:38 | INFO  |   ✅ Saved: RR_06-05-2026.csv (37 rows)
10:10:38 | INFO  | 
Processing: JUNE 8, 2026.html
10:10:38 | INFO  |   ✅ Saved: RR_06-08-2026.csv (37 rows)
10:10:38 | INFO  | 
Processing: JUNE 4, 2026.html
10:10:39 | INFO  |   ✅ Saved: RR_06-04-2026.csv (37 rows)
10:10:39 | INFO  | 
Processing: JUNE 12, 2026.html
10:10:39 | INFO  |   ✅ Saved: RR_06-12-2026.csv (36 rows)
10:10:39 | INFO  | 
Processing: JUNE 11, 2026.html
10:10:39 | INFO  |   ✅ Saved: RR_06-11-2026.csv (36 rows)
10:10:39 | INFO  | 
Processing: JUNE 9, 2026.html
10:10:39 | INFO  |   ✅ Saved: RR_06-09-2026.csv (36 rows)
10:10:39 | INFO  | 
Processing: JUNE 10, 2026.html
10:10:39 | INFO  |   ✅ Saved: RR_06-10-2026.csv (36 rows)
10:10:39 | INFO  | 
✅ HTML parsing complete: 7 success, 0 errors
10:10:39 | INFO  | 
======================================================================
10:10:39 | INFO  | STAGE 2: MASTER AGGREGATION
10:10:39 | INFO  | ======================================================================
10:10:39 | INFO  | ✅ Backed up master to: risk_ranges_master_backup_20260612_101039.csv
10:10:39 | INFO  | Loaded existing master: 73,197 rows
10:10:39 | INFO  |   Loaded: RR_06-05-2026.csv (37 rows)
10:10:39 | INFO  |   Loaded: RR_06-08-2026.csv (37 rows)
10:10:39 | INFO  |   Loaded: RR_06-04-2026.csv (37 rows)
10:10:39 | INFO  |   Loaded: RR_06-12-2026.csv (36 rows)
10:10:39 | INFO  |   Loaded: RR_06-11-2026.csv (36 rows)
10:10:39 | INFO  |   Loaded: RR_06-09-2026.csv (36 rows)
10:10:39 | INFO  |   Loaded: RR_06-10-2026.csv (36 rows)
10:10:39 | INFO  | Combined new data: 255 rows
10:10:39 | INFO  | Removed 255 duplicate entries
10:10:39 | INFO  | ✅ Saved master CSV: 73,197 total rows
10:10:39 | INFO  |    Date range: 2017-01-03 to 2026-06-12
10:10:39 | INFO  | 
======================================================================
10:10:39 | INFO  | STAGE 3: TICKER SUBSETTING
10:10:39 | INFO  | ======================================================================
10:10:40 | INFO  | Loaded master: 73,197 rows
10:10:40 | INFO  | Creating subsets for 9 tickers
10:10:40 | INFO  |   ✅ UST10Y: 2346 rows | 2017-01-03 to 2026-06-12
10:10:40 | INFO  |   ✅ SPX: 2346 rows | 2017-01-03 to 2026-06-12
10:10:40 | INFO  |   ✅ COMPQ: 2346 rows | 2017-01-03 to 2026-06-12
10:10:40 | INFO  |   ✅ RUT: 2345 rows | 2017-01-03 to 2026-06-12
10:10:40 | INFO  |   ✅ VIX: 2346 rows | 2017-01-03 to 2026-06-12
10:10:40 | INFO  |   ✅ USD: 2346 rows | 2017-01-03 to 2026-06-12
10:10:40 | INFO  |   ✅ GOLD: 2344 rows | 2017-01-03 to 2026-06-12
10:10:40 | INFO  |   ✅ AAPL: 2344 rows | 2017-01-03 to 2026-06-12
10:10:40 | INFO  |   ✅ BITCOIN: 715 rows | 2023-08-01 to 2026-06-12
10:10:40 | INFO  | ✅ Ticker subsetting complete
10:10:40 | INFO  | 
======================================================================
10:10:40 | INFO  | STAGE 4: ENRICHMENT
10:10:40 | INFO  | ======================================================================
10:10:40 | INFO  | Enriching 9 tickers
10:10:40 | INFO  | 
──────────────────────────────────────────────────────────────────────
10:10:40 | INFO  | Enriching: SPX
10:10:40 | INFO  | ──────────────────────────────────────────────────────────────────────
10:10:40 | INFO  |   Loaded 2346 rows from SPX.csv
10:10:40 | INFO  |   Yahoo ticker: ^GSPC
10:10:40 | INFO  |   OHLC prefix: GSPC
10:10:40 | INFO  |   Vol prefix: VIX
10:10:40 | INFO  |   Downloading ^GSPC OHLC...
10:10:40 | INFO  |     Downloaded 2374 days (2017-01-03 to 2026-06-12)
10:10:40 | INFO  |   Downloading ^VIX volatility...
10:10:40 | INFO  |     Downloaded 2375 days (2017-01-03 to 2026-06-12)
10:10:40 | WARNING |   ⚠️  28 trading days missing from original CSV
10:10:40 | INFO  |   ✓ Enrichment complete: 2374 rows
10:10:40 | INFO  |   ✅ Saved: SPX_enriched.csv (2374 rows)
10:10:40 | WARNING |   ⚠️  28 rows need manual update
10:10:40 | INFO  | 
──────────────────────────────────────────────────────────────────────
10:10:40 | INFO  | Enriching: GOLD
10:10:40 | INFO  | ──────────────────────────────────────────────────────────────────────
10:10:40 | INFO  |   Loaded 2344 rows from GOLD.csv
10:10:40 | INFO  |   Yahoo ticker: GC=F
10:10:40 | INFO  |   OHLC prefix: GC
10:10:40 | INFO  |   Vol prefix: GVZ
10:10:40 | INFO  |   Downloading GC=F OHLC...
10:10:40 | INFO  |     Downloaded 2375 days (2017-01-03 to 2026-06-12)
10:10:40 | INFO  |   Downloading ^GVZ volatility...
10:10:41 | INFO  |     Downloaded 2374 days (2017-01-03 to 2026-06-12)
10:10:41 | WARNING |   ⚠️  32 trading days missing from original CSV
10:10:41 | INFO  |   ✓ Enrichment complete: 2375 rows
10:10:41 | INFO  |   ✅ Saved: GOLD_enriched.csv (2375 rows)
10:10:41 | WARNING |   ⚠️  32 rows need manual update
10:10:41 | INFO  | 
──────────────────────────────────────────────────────────────────────
10:10:41 | INFO  | Enriching: UST10Y
10:10:41 | INFO  | ──────────────────────────────────────────────────────────────────────
10:10:41 | INFO  |   Loaded 2346 rows from UST10Y.csv
10:10:41 | INFO  |   Yahoo ticker: ^TNX
10:10:41 | INFO  |   OHLC prefix: TNX
10:10:41 | INFO  |   Vol prefix: VIX
10:10:41 | INFO  |   Downloading ^TNX OHLC...
10:10:41 | INFO  |     Downloaded 2374 days (2017-01-03 to 2026-06-12)
10:10:41 | INFO  |   Downloading ^VIX volatility...
10:10:41 | INFO  |     Downloaded 2375 days (2017-01-03 to 2026-06-12)
10:10:41 | WARNING |   ⚠️  28 trading days missing from original CSV
10:10:41 | INFO  |   ✓ Enrichment complete: 2374 rows
10:10:41 | INFO  |   ✅ Saved: UST10Y_enriched.csv (2374 rows)
10:10:41 | WARNING |   ⚠️  28 rows need manual update
10:10:41 | INFO  | 
──────────────────────────────────────────────────────────────────────
10:10:41 | INFO  | Enriching: COMPQ
10:10:41 | INFO  | ──────────────────────────────────────────────────────────────────────
10:10:41 | INFO  |   Loaded 2346 rows from COMPQ.csv
10:10:41 | INFO  |   Yahoo ticker: ^IXIC
10:10:41 | INFO  |   OHLC prefix: IXIC
10:10:41 | INFO  |   Vol prefix: VIX
10:10:41 | INFO  |   Downloading ^IXIC OHLC...
10:10:41 | INFO  |     Downloaded 2374 days (2017-01-03 to 2026-06-12)
10:10:41 | INFO  |   Downloading ^VIX volatility...
10:10:42 | INFO  |     Downloaded 2375 days (2017-01-03 to 2026-06-12)
10:10:42 | WARNING |   ⚠️  28 trading days missing from original CSV
10:10:42 | INFO  |   ✓ Enrichment complete: 2374 rows
10:10:42 | INFO  |   ✅ Saved: COMPQ_enriched.csv (2374 rows)
10:10:42 | WARNING |   ⚠️  28 rows need manual update
10:10:42 | INFO  | 
──────────────────────────────────────────────────────────────────────
10:10:42 | INFO  | Enriching: RUT
10:10:42 | INFO  | ──────────────────────────────────────────────────────────────────────
10:10:42 | INFO  |   Loaded 2345 rows from RUT.csv
10:10:42 | INFO  |   Yahoo ticker: ^RUT
10:10:42 | INFO  |   OHLC prefix: RUT
10:10:42 | INFO  |   Vol prefix: VIX
10:10:42 | INFO  |   Downloading ^RUT OHLC...
10:10:42 | INFO  |     Downloaded 2374 days (2017-01-03 to 2026-06-12)
10:10:42 | INFO  |   Downloading ^VIX volatility...
10:10:42 | INFO  |     Downloaded 2375 days (2017-01-03 to 2026-06-12)
10:10:42 | WARNING |   ⚠️  29 trading days missing from original CSV
10:10:42 | INFO  |   ✓ Enrichment complete: 2374 rows
10:10:42 | INFO  |   ✅ Saved: RUT_enriched.csv (2374 rows)
10:10:42 | WARNING |   ⚠️  29 rows need manual update
10:10:42 | INFO  | 
──────────────────────────────────────────────────────────────────────
10:10:42 | INFO  | Enriching: VIX
10:10:42 | INFO  | ──────────────────────────────────────────────────────────────────────
10:10:42 | INFO  |   Loaded 2346 rows from VIX.csv
10:10:42 | INFO  |   Yahoo ticker: ^VIX
10:10:42 | INFO  |   OHLC prefix: VIX
10:10:42 | INFO  |   Vol prefix: VIXI
10:10:42 | INFO  |   Downloading ^VIX OHLC...
10:10:42 | INFO  |     Downloaded 2375 days (2017-01-03 to 2026-06-12)
10:10:42 | INFO  |   Downloading ^VIX volatility...
10:10:42 | INFO  |     Downloaded 2375 days (2017-01-03 to 2026-06-12)
10:10:42 | WARNING |   ⚠️  29 trading days missing from original CSV
10:10:42 | INFO  |   ✓ Enrichment complete: 2375 rows
10:10:42 | INFO  |   ✅ Saved: VIX_enriched.csv (2375 rows)
10:10:42 | WARNING |   ⚠️  29 rows need manual update
10:10:42 | INFO  | 
──────────────────────────────────────────────────────────────────────
10:10:42 | INFO  | Enriching: USD
10:10:42 | INFO  | ──────────────────────────────────────────────────────────────────────
10:10:42 | INFO  |   Loaded 2346 rows from USD.csv
10:10:42 | INFO  |   Yahoo ticker: DX-Y.NYB
10:10:42 | INFO  |   OHLC prefix: DX
10:10:42 | INFO  |   Vol prefix: VIX
10:10:42 | INFO  |   Downloading DX-Y.NYB OHLC...
10:10:42 | INFO  |     Downloaded 2376 days (2017-01-03 to 2026-06-12)
10:10:42 | INFO  |   Downloading ^VIX volatility...
10:10:42 | INFO  |     Downloaded 2375 days (2017-01-03 to 2026-06-12)
10:10:43 | WARNING |   ⚠️  30 trading days missing from original CSV
10:10:43 | INFO  |   ✓ Enrichment complete: 2376 rows
10:10:43 | INFO  |   ✅ Saved: USD_enriched.csv (2376 rows)
10:10:43 | WARNING |   ⚠️  30 rows need manual update
10:10:43 | INFO  | 
──────────────────────────────────────────────────────────────────────
10:10:43 | INFO  | Enriching: AAPL
10:10:43 | INFO  | ──────────────────────────────────────────────────────────────────────
10:10:43 | INFO  |   Loaded 2344 rows from AAPL.csv
10:10:43 | INFO  |   Yahoo ticker: AAPL
10:10:43 | INFO  |   OHLC prefix: AAPL
10:10:43 | INFO  |   Vol prefix: VIX
10:10:43 | INFO  |   Downloading AAPL OHLC...
10:10:43 | INFO  |     Downloaded 2374 days (2017-01-03 to 2026-06-12)
10:10:43 | INFO  |   Downloading ^VIX volatility...
10:10:43 | INFO  |     Downloaded 2375 days (2017-01-03 to 2026-06-12)
10:10:43 | WARNING |   ⚠️  30 trading days missing from original CSV
10:10:43 | INFO  |   ✓ Enrichment complete: 2374 rows
10:10:43 | INFO  |   ✅ Saved: AAPL_enriched.csv (2374 rows)
10:10:43 | WARNING |   ⚠️  30 rows need manual update
10:10:43 | INFO  | 
──────────────────────────────────────────────────────────────────────
10:10:43 | INFO  | Enriching: BITCOIN
10:10:43 | INFO  | ──────────────────────────────────────────────────────────────────────
10:10:43 | INFO  |   Loaded 715 rows from BITCOIN.csv
10:10:43 | INFO  |   ⚠️  Row count changed (3449 → 715) - re-enriching
10:10:43 | INFO  |   Yahoo ticker: BTC-USD
10:10:43 | INFO  |   OHLC prefix: BTC
10:10:43 | INFO  |   Vol prefix: VIX
10:10:43 | INFO  |   Downloading BTC-USD OHLC...
10:10:43 | INFO  |     Downloaded 3449 days (2017-01-02 to 2026-06-12)
10:10:43 | INFO  |   Downloading ^VIX volatility...
10:10:43 | INFO  |     Downloaded 2375 days (2017-01-03 to 2026-06-12)
10:10:43 | WARNING |   ⚠️  2734 trading days missing from original CSV
10:10:43 | INFO  |   ✓ Enrichment complete: 3449 rows
10:10:43 | INFO  |   ✅ Saved: BITCOIN_enriched.csv (3449 rows)
10:10:43 | WARNING |   ⚠️  2734 rows need manual update
10:10:43 | INFO  | 
======================================================================
10:10:43 | INFO  | ✅ Enrichment complete:
10:10:43 | INFO  |    Success: 9
10:10:43 | INFO  |    Skipped (up-to-date): 0
10:10:43 | INFO  |    Errors:  0
10:10:43 | INFO  | ======================================================================
10:10:43 | INFO  | 
======================================================================
10:10:43 | INFO  | ✅ PIPELINE COMPLETE
10:10:43 | INFO  | ======================================================================
